2019-09-23 16:27:53,148 - root - WARNING - connected to Sqlserver.
2019-09-23 16:27:56,183 - root - INFO - Connections to database severed
2019-09-23 16:27:56,235 - root - INFO - database dropped
2019-09-23 16:27:56,241 - root - INFO - user ready
2019-09-23 16:27:56,242 - root - INFO - access granted
2019-09-23 16:27:56,243 - root - INFO - access granted
2019-09-23 16:27:56,244 - root - INFO - password changed
2019-09-23 16:27:56,986 - root - INFO - <_io.TextIOWrapper name='<stderr>' mode='w' encoding='UTF-8'>Child returned, 0
2019-09-23 16:27:56,999 - root - WARNING - connected to Sqlserver.
2019-09-23 16:27:57,028 - root - INFO - repository synced
2019-09-23 16:27:57,034 - root - INFO - repository synced
2019-09-23 16:27:57,039 - root - WARNING - connected to Sqlserver.
2019-09-23 16:27:57,286 - root - WARNING - connected to Sqlserver.
2019-09-23 16:27:57,306 - root - WARNING - creating views.
2019-09-23 16:27:58,296 - root - WARNING - connected to Sqlserver.
2019-09-23 16:27:58,298 - root - WARNING - connected to Sqlserver.
2019-09-23 16:27:58,298 - root - WARNING - starting migration to intermed.
2019-09-23 16:27:58,445 - root - WARNING - Going to insert to table: HN_MARCAS.dbo.VW_IMPORT_AGENT
2019-09-23 16:28:01,256 - root - WARNING - Going to insert to table: HN_MARCAS.dbo.VW_IMPORT_AGENT_PERSONS
2019-09-23 16:28:35,612 - root - WARNING - Going to insert to table: HN_MARCAS.dbo.VW_IMPORT_MARK
2019-09-23 16:30:34,893 - root - WARNING - Going to insert to table: HN_MARCAS.dbo.VW_IMPORT_MARK_ACTIONS
2019-09-23 16:42:31,609 - root - WARNING - Going to insert to table: HN_MARCAS.dbo.VW_IMPORT_MARK_NICE_CLASSES
2019-09-23 16:43:45,324 - root - WARNING - Going to insert to table: HN_MARCAS.dbo.VW_IMPORT_MARK_OWNERS
2019-09-23 16:45:13,481 - root - WARNING - Going to insert to table: HN_MARCAS.dbo.VW_IMPORT_MARK_PRIORITIES
2019-09-23 16:45:15,723 - root - WARNING - Going to insert to table: HN_MARCAS.dbo.VW_IMPORT_MARK_REPRS
2019-09-23 16:46:16,815 - root - WARNING - Going to insert to table: HN_MARCAS.dbo.VW_IMPORT_MARK_VIENNA_CLASSES
2019-09-23 16:46:27,281 - root - WARNING - Going to insert to table: HN_MARCAS.dbo.VW_IMPORT_USERDOC
2019-09-23 16:48:25,255 - root - WARNING - Going to insert to table: HN_MARCAS.dbo.VW_IMPORT_USERDOC_ACTIONS
2019-09-23 16:48:36,887 - root - WARNING - Going to insert to table: HN_MARCAS.dbo.VW_IMPORT_USERDOC_FILES
2019-09-23 16:55:00,101 - root - WARNING - Going to insert to table: HN_MARCAS.dbo.VW_IMPORT_USERDOC_OWNERS
2019-09-23 16:55:39,035 - root - WARNING - Going to insert to table: HN_MARCAS.dbo.VW_IMPORT_USERDOC_REPRS
2019-09-23 16:56:26,085 - root - INFO - changing database to intermed
2019-09-23 16:56:26,087 - root - WARNING - connected to Sqlserver.
2019-09-23 16:56:27,111 - root - INFO - admin user connected
2019-09-23 16:56:27,112 - root - INFO - access granted
2019-09-23 16:56:27,114 - root - INFO - access granted
2019-09-23 16:56:30,366 - root - WARNING - Running initial updates to intermed.
2019-09-23 16:56:30,367 - root - INFO - changing database to intermed
2019-09-23 16:56:33,229 - root - INFO - changing database to ipas
2019-09-23 16:56:33,234 - root - WARNING - connected to Sqlserver.
2019-09-23 16:56:33,235 - root - WARNING - Creating store procedures and wrk tables.
2019-09-23 16:56:33,382 - root - INFO - cleanning manual validation tables
2019-09-23 16:56:33,382 - root - INFO - creating store procedure0-ImportSetPersonNbr
2019-09-23 16:56:33,460 - root - INFO - <_io.TextIOWrapper name='<stderr>' mode='w' encoding='UTF-8'>Child returned, 0
2019-09-23 16:56:33,461 - root - INFO - creating store procedure1-MarkDateValidationPROC
2019-09-23 16:56:33,529 - root - INFO - <_io.TextIOWrapper name='<stderr>' mode='w' encoding='UTF-8'>Child returned, 0
2019-09-23 16:56:33,529 - root - INFO - creating store procedure10-ImportAgentProcessAll
2019-09-23 16:56:33,596 - root - INFO - <_io.TextIOWrapper name='<stderr>' mode='w' encoding='UTF-8'>Child returned, 0
2019-09-23 16:56:33,596 - root - INFO - creating store procedure11-ImportMarkProcess
2019-09-23 16:56:33,685 - root - INFO - <_io.TextIOWrapper name='<stderr>' mode='w' encoding='UTF-8'>Child returned, 0
2019-09-23 16:56:33,685 - root - INFO - creating store procedure12-userdocImport-1
2019-09-23 16:56:33,763 - root - INFO - <_io.TextIOWrapper name='<stderr>' mode='w' encoding='UTF-8'>Child returned, 0
2019-09-23 16:56:33,763 - root - INFO - creating store procedure13-userdocImport-2
2019-09-23 16:56:33,837 - root - INFO - <_io.TextIOWrapper name='<stderr>' mode='w' encoding='UTF-8'>Child returned, 0
2019-09-23 16:56:33,837 - root - INFO - creating store procedure2-PatentDateValidationPROC
2019-09-23 16:56:33,907 - root - INFO - <_io.TextIOWrapper name='<stderr>' mode='w' encoding='UTF-8'>Child returned, 0
2019-09-23 16:56:33,907 - root - INFO - creating store procedure3-UserDocDateValidationPROC
2019-09-23 16:56:33,972 - root - INFO - <_io.TextIOWrapper name='<stderr>' mode='w' encoding='UTF-8'>Child returned, 0
2019-09-23 16:56:33,972 - root - INFO - creating store procedure4-CallToDateValidationPROC
2019-09-23 16:56:34,036 - root - INFO - <_io.TextIOWrapper name='<stderr>' mode='w' encoding='UTF-8'>Child returned, 0
2019-09-23 16:56:34,036 - root - INFO - creating store procedure5-ImportAgentValidate
2019-09-23 16:56:34,109 - root - INFO - <_io.TextIOWrapper name='<stderr>' mode='w' encoding='UTF-8'>Child returned, 0
2019-09-23 16:56:34,109 - root - INFO - creating store procedure6-ImportMarkValidate
2019-09-23 16:56:34,215 - root - INFO - <_io.TextIOWrapper name='<stderr>' mode='w' encoding='UTF-8'>Child returned, 0
2019-09-23 16:56:34,215 - root - INFO - creating store procedure8-ImportUserdocValidate
2019-09-23 16:56:34,315 - root - INFO - <_io.TextIOWrapper name='<stderr>' mode='w' encoding='UTF-8'>Child returned, 0
2019-09-23 16:56:34,315 - root - INFO - creating store procedure9-ImportWorkTablesCreate
2019-09-23 16:56:35,103 - root - INFO - <_io.TextIOWrapper name='<stderr>' mode='w' encoding='UTF-8'>Child returned, 0
2019-09-23 16:56:35,103 - root - WARNING - Running validation and migration.
2019-09-23 16:56:35,276 - root - WARNING - Migrating agents.
2019-09-23 16:56:40,476 - root - WARNING - Validation TM .
2019-09-23 16:57:22,958 - root - WARNING - Validation TM post correction.
2019-09-23 16:57:40,732 - root - WARNING - Migrating trademarks.
2019-09-23 16:59:03,975 - root - INFO - From SQLCMD: b'Msg 3701, Level 11, State 5, Server WS538539, Procedure HNMARCAS.dbo.ImportMarkProcess, Line 1651\r\n'
2019-09-23 16:59:03,975 - root - INFO - From SQLCMD: b"Cannot drop the table 'SYS_SEC_DENOMINACION', because it does not exist or you do not have permission.\r\n"
2019-09-23 16:59:03,975 - root - INFO - From SQLCMD: b'Msg 3701, Level 11, State 5, Server WS538539, Procedure HNMARCAS.dbo.ImportMarkProcess, Line 1652\r\n'
2019-09-23 16:59:03,975 - root - INFO - From SQLCMD: b"Cannot drop the table 'SYS_SEC_BUSQ_DENOMINACION', because it does not exist or you do not have permission.\r\n"
