2019-09-23 17:22:26,007 - root - WARNING - connected to Sqlserver.
2019-09-23 17:22:26,011 - root - INFO - Connections to database severed
2019-09-23 17:22:26,060 - root - INFO - database dropped
2019-09-23 17:22:26,061 - root - INFO - user ready
2019-09-23 17:22:26,062 - root - INFO - access granted
2019-09-23 17:22:26,063 - root - INFO - access granted
2019-09-23 17:22:26,063 - root - INFO - password changed
2019-09-23 17:22:26,779 - root - INFO - <_io.TextIOWrapper name='<stderr>' mode='w' encoding='UTF-8'>Child returned, 0
2019-09-23 17:22:26,793 - root - WARNING - connected to Sqlserver.
2019-09-23 17:22:26,821 - root - INFO - repository synced
2019-09-23 17:22:26,827 - root - INFO - repository synced
2019-09-23 17:22:26,832 - root - WARNING - connected to Sqlserver.
2019-09-23 17:22:26,845 - root - INFO - wrong query:
  
 
  
  delete from cte where rn >1running sql file
2019-09-23 17:22:26,845 - root - ERROR - >>>>>>>>>>>>>>> issue with insert query ('42S02', "[42S02] [Microsoft][ODBC Driver 17 for SQL Server][SQL Server]Invalid object name 'cte'. (208) (SQLExecDirectW)")
2019-09-23 17:22:27,073 - root - INFO - wrong query:

insert into HNMARCAS.HNADMIN.IP_USER(ROW_VERSION,USER_ID,LOGIN,USER_NAME,IND_EXAMINER,IND_ADMINISTRATOR,IND_INACTIVE,OFFICE_DIVISION_CODE,OFFICE_DEPARTMENT_CODE,OFFICE_SECTION_CODE,INITIALS 

)
SELECT 1,[rowNum]
      
      ,[NAME],[CODE_USER],'N','N','S','01',null,null,[CODE_USER]
      
  FROM HN_MARCAS.dbo.VW_ORIGIN_USERS where rowNum not in (select USER_ID from HNMARCAS.HNADMIN.IP_USER)running sql file
2019-09-23 17:22:27,073 - root - ERROR - >>>>>>>>>>>>>>> issue with insert query ('22001', '[22001] [Microsoft][ODBC Driver 17 for SQL Server][SQL Server]String or binary data would be truncated. (8152) (SQLExecDirectW); [22001] [Microsoft][ODBC Driver 17 for SQL Server][SQL Server]The statement has been terminated. (3621)')
2019-09-23 17:22:27,074 - root - INFO - changing database to intermed
2019-09-23 17:22:27,078 - root - WARNING - connected to Sqlserver.
2019-09-23 17:22:27,945 - root - INFO - access granted
2019-09-23 17:22:27,946 - root - INFO - access granted
2019-09-23 17:22:30,318 - root - WARNING - Running initial updates to intermed.
2019-09-23 17:22:30,318 - root - INFO - changing database to intermed
