2019-09-23 17:24:15,838 - root - WARNING - connected to Sqlserver.
2019-09-23 17:24:15,843 - root - INFO - Connections to database severed
2019-09-23 17:24:15,897 - root - INFO - database dropped
2019-09-23 17:24:15,898 - root - INFO - user ready
2019-09-23 17:24:15,899 - root - INFO - access granted
2019-09-23 17:24:15,900 - root - INFO - access granted
2019-09-23 17:24:15,901 - root - INFO - password changed
2019-09-23 17:24:16,727 - root - INFO - <_io.TextIOWrapper name='<stderr>' mode='w' encoding='UTF-8'>Child returned, 0
2019-09-23 17:24:16,742 - root - WARNING - connected to Sqlserver.
2019-09-23 17:24:16,771 - root - INFO - repository synced
2019-09-23 17:24:16,777 - root - INFO - repository synced
2019-09-23 17:24:16,782 - root - WARNING - connected to Sqlserver.
2019-09-23 17:24:17,033 - root - INFO - wrong query:

insert into HNMARCAS.HNADMIN.IP_USER(ROW_VERSION,USER_ID,LOGIN,USER_NAME,IND_EXAMINER,IND_ADMINISTRATOR,IND_INACTIVE,OFFICE_DIVISION_CODE,OFFICE_DEPARTMENT_CODE,OFFICE_SECTION_CODE,INITIALS 

)
SELECT 1,[rowNum]
      ,[CODE_USER]
      ,[NAME],'N','N','S','01',null,null,[CODE_USER]
      
  FROM HN_MARCAS.dbo.VW_ORIGIN_USERS where rowNum not in (select USER_ID from HNMARCAS.HNADMIN.IP_USER)running sql file
2019-09-23 17:24:17,033 - root - ERROR - >>>>>>>>>>>>>>> issue with insert query ('23000', "[23000] [Microsoft][ODBC Driver 17 for SQL Server][SQL Server]Violation of PRIMARY KEY constraint 'DO_USER_PK'. Cannot insert duplicate key in object 'HNADMIN.DO_USER'. The duplicate key value is (80). (2627) (SQLExecDirectW); [23000] [Microsoft][ODBC Driver 17 for SQL Server][SQL Server]The statement has been terminated. (3621)")
2019-09-23 17:24:17,034 - root - INFO - changing database to intermed
2019-09-23 17:24:17,038 - root - WARNING - connected to Sqlserver.
2019-09-23 17:24:17,905 - root - INFO - access granted
2019-09-23 17:24:17,906 - root - INFO - access granted
