2019-09-23 14:28:44,054 - root - WARNING - connected to Sqlserver.
2019-09-23 14:28:44,058 - root - INFO - Connections to database severed
2019-09-23 14:28:44,090 - root - INFO - database dropped
2019-09-23 14:28:44,091 - root - INFO - user ready
2019-09-23 14:28:44,092 - root - INFO - access granted
2019-09-23 14:28:44,092 - root - INFO - access granted
2019-09-23 14:28:44,093 - root - INFO - password changed
2019-09-23 14:28:44,882 - root - INFO - <_io.TextIOWrapper name='<stderr>' mode='w' encoding='UTF-8'>Child returned, 0
2019-09-23 14:28:44,895 - root - WARNING - connected to Sqlserver.
2019-09-23 14:28:44,923 - root - INFO - repository synced
2019-09-23 14:28:44,929 - root - INFO - repository synced
2019-09-23 14:28:44,934 - root - WARNING - connected to Sqlserver.
2019-09-23 14:28:45,057 - root - INFO - wrong query:

UPDATE HNMARCAS.HNADMIN.IP_USER set user_id=1000+user_id,last_update_user_id=null,last_login_date=null,last_update_date=null where user_id<1000 and user_id!=4running sql file
2019-09-23 14:28:45,057 - root - ERROR - >>>>>>>>>>>>>>> issue with insert query ('23000', "[23000] [Microsoft][ODBC Driver 17 for SQL Server][SQL Server]Violation of PRIMARY KEY constraint 'USUARIO_PK'. Cannot insert duplicate key in object 'HNADMIN.IP_USER'. The duplicate key value is (1001). (2627) (SQLExecDirectW); [23000] [Microsoft][ODBC Driver 17 for SQL Server][SQL Server]The statement has been terminated. (3621)")
2019-09-23 14:28:45,096 - root - INFO - wrong query:

update Table_A   
SET
    Table_A.user_id = Table_B.rowNum
FROM
    HNMARCAS.HNADMIN.IP_USER AS Table_A
    INNER JOIN (SELECT rowNum
      ,CODE_USER
      ,NAME

      ,DELETED
  FROM HN_MARCAS.dbo.VW_ORIGIN_USERS where DELETED='N' and rowNum !=4)  AS Table_B
        ON Table_A.login = Table_B.CODE_USER and Table_B.DELETED = 'N' and Table_b.rowNum !=4 
WHERE
    
	 table_a.user_id!=4 running sql file
2019-09-23 14:28:45,096 - root - ERROR - >>>>>>>>>>>>>>> issue with insert query ('23000', "[23000] [Microsoft][ODBC Driver 17 for SQL Server][SQL Server]Violation of PRIMARY KEY constraint 'USUARIO_PK'. Cannot insert duplicate key in object 'HNADMIN.IP_USER'. The duplicate key value is (40). (2627) (SQLExecDirectW); [23000] [Microsoft][ODBC Driver 17 for SQL Server][SQL Server]The statement has been terminated. (3621)")
