2019-09-23 17:25:21,463 - root - WARNING - connected to Sqlserver.
2019-09-23 17:25:21,468 - root - INFO - Connections to database severed
2019-09-23 17:25:21,514 - root - INFO - database dropped
2019-09-23 17:25:21,515 - root - INFO - user ready
2019-09-23 17:25:21,517 - root - INFO - access granted
2019-09-23 17:25:21,517 - root - INFO - access granted
2019-09-23 17:25:21,519 - root - INFO - password changed
2019-09-23 17:25:22,324 - root - INFO - <_io.TextIOWrapper name='<stderr>' mode='w' encoding='UTF-8'>Child returned, 0
2019-09-23 17:25:22,338 - root - WARNING - connected to Sqlserver.
2019-09-23 17:25:22,367 - root - INFO - repository synced
2019-09-23 17:25:22,373 - root - INFO - repository synced
2019-09-23 17:25:22,378 - root - WARNING - connected to Sqlserver.
2019-09-23 17:25:22,628 - root - INFO - wrong query:

insert into HNMARCAS.HNADMIN.IP_USER(ROW_VERSION,USER_ID,LOGIN,USER_NAME,IND_EXAMINER,IND_ADMINISTRATOR,IND_INACTIVE,OFFICE_DIVISION_CODE,OFFICE_DEPARTMENT_CODE,OFFICE_SECTION_CODE,INITIALS 

)
SELECT distinct 1,[rowNum]
      ,[CODE_USER]
      ,[NAME],'N','N','S','01',null,null,[CODE_USER]
      
  FROM HN_MARCAS.dbo.VW_ORIGIN_USERS where rowNum not in (select USER_ID from HNMARCAS.HNADMIN.IP_USER)running sql file
2019-09-23 17:25:22,628 - root - ERROR - >>>>>>>>>>>>>>> issue with insert query ('23000', "[23000] [Microsoft][ODBC Driver 17 for SQL Server][SQL Server]Violation of PRIMARY KEY constraint 'DO_USER_PK'. Cannot insert duplicate key in object 'HNADMIN.DO_USER'. The duplicate key value is (80). (2627) (SQLExecDirectW); [23000] [Microsoft][ODBC Driver 17 for SQL Server][SQL Server]The statement has been terminated. (3621)")
2019-09-23 17:25:22,629 - root - INFO - changing database to intermed
2019-09-23 17:25:22,633 - root - WARNING - connected to Sqlserver.
2019-09-23 17:25:23,509 - root - INFO - access granted
2019-09-23 17:25:23,510 - root - INFO - access granted
