2019-09-23 15:57:09,051 - root - WARNING - connected to Sqlserver.
2019-09-23 15:57:12,086 - root - INFO - Connections to database severed
2019-09-23 15:57:12,212 - root - INFO - database dropped
2019-09-23 15:57:12,217 - root - INFO - user ready
2019-09-23 15:57:12,218 - root - INFO - access granted
2019-09-23 15:57:12,219 - root - INFO - access granted
2019-09-23 15:57:12,220 - root - INFO - password changed
2019-09-23 15:57:13,003 - root - INFO - <_io.TextIOWrapper name='<stderr>' mode='w' encoding='UTF-8'>Child returned, 0
2019-09-23 15:57:13,017 - root - WARNING - connected to Sqlserver.
2019-09-23 15:57:13,046 - root - INFO - repository synced
2019-09-23 15:57:13,052 - root - INFO - repository synced
2019-09-23 15:57:13,056 - root - WARNING - connected to Sqlserver.
2019-09-23 15:57:13,306 - root - WARNING - connected to Sqlserver.
2019-09-23 15:57:13,331 - root - WARNING - creating views.
2019-09-23 15:57:13,351 - root - INFO - wrong query:  CREATE UNIQUE CLUSTERED INDEX     ud_files_ixON dbo.vw_USERDOC_FILES (userdoc_seq,userdoc_series,userdoc_nbr);--with cte as (SELECT  rowNum      ,NRO_SOLICI      ,file_ser      ,file_seq      ,file_nbr      ,NUM_SERIE      ,doc_ser      ,doc_seq      ,doc_nbr      ,Deleted	  ,RN = ROW_NUMBER()OVER(PARTITION BY doc_seq,doc_ser,doc_nbrORDER BY doc_ser,doc_nbr)  FROM dbo.vw_PETIREG)  select jj.USERDOC_SEQ,jj.USERDOC_SERIES,jj.USERDOC_NBR,file_seq      ,file_TYPE,file_series    ,file_nbr from ( select     case when rn=1 then DOC_SEQ else doc_seq +'-'+cast(rn as varchar) end userdoc_seq       ,  cast(doc_ser as numeric) USERDOC_SERIES       ,cast(doc_nbr as numeric) USERDOC_NBR      ,file_seq	  ,'M' FILE_TYPE	  ,cast(file_ser as numeric)  FILE_SERIES   ,cast(file_nbr as numeric) FILE_NBR from cte where num_serie!='0000000000' and isnumeric(file_ser)=1 ) jj running statement  CREATE UNIQUE CLUSTERED INDEX     ud_files_ixON dbo.vw_USERDOC_FILES (userdoc_seq,userdoc_series,userdoc_nbr);--with cte as (SELECT  rowNum      ,NRO_SOLICI      ,file_ser      ,file_seq      ,file_nbr      ,NUM_SERIE      ,doc_ser      ,doc_seq      ,doc_nbr      ,Deleted	  ,RN = ROW_NUMBER()OVER(PARTITION BY doc_seq,doc_ser,doc_nbrORDER BY doc_ser,doc_nbr)  FROM dbo.vw_PETIREG)  select jj.USERDOC_SEQ,jj.USERDOC_SERIES,jj.USERDOC_NBR,file_seq      ,file_TYPE,file_series    ,file_nbr from ( select     case when rn=1 then DOC_SEQ else doc_seq +'-'+cast(rn as varchar) end userdoc_seq       ,  cast(doc_ser as numeric) USERDOC_SERIES       ,cast(doc_nbr as numeric) USERDOC_NBR      ,file_seq	  ,'M' FILE_TYPE	  ,cast(file_ser as numeric)  FILE_SERIES   ,cast(file_nbr as numeric) FILE_NBR from cte where num_serie!='0000000000' and isnumeric(file_ser)=1 ) jj 
2019-09-23 15:57:13,351 - root - ERROR - >>>>>>>>>>>>>>> issue with insert query ('42000', "[42000] [Microsoft][ODBC Driver 17 for SQL Server][SQL Server]Incorrect syntax near 'dbo'. (102) (SQLExecDirectW)")
2019-09-23 15:57:15,292 - root - WARNING - connected to Sqlserver.
2019-09-23 15:57:15,295 - root - WARNING - connected to Sqlserver.
2019-09-23 15:57:15,295 - root - WARNING - starting migration to intermed.
2019-09-23 15:57:15,440 - root - WARNING - Going to insert to table: HN_MARCAS.dbo.VW_IMPORT_AGENT
2019-09-23 15:57:18,295 - root - WARNING - Going to insert to table: HN_MARCAS.dbo.VW_IMPORT_AGENT_PERSONS
2019-09-23 15:57:49,115 - root - WARNING - connected to Sqlserver.
2019-09-23 15:57:49,119 - root - INFO - Connections to database severed
2019-09-23 15:57:49,162 - root - INFO - database dropped
2019-09-23 15:57:49,163 - root - INFO - user ready
2019-09-23 15:57:49,164 - root - INFO - access granted
2019-09-23 15:57:49,165 - root - INFO - access granted
2019-09-23 15:57:49,166 - root - INFO - password changed
2019-09-23 15:57:49,946 - root - INFO - <_io.TextIOWrapper name='<stderr>' mode='w' encoding='UTF-8'>Child returned, 0
2019-09-23 15:57:49,960 - root - WARNING - connected to Sqlserver.
2019-09-23 15:57:49,989 - root - INFO - repository synced
2019-09-23 15:57:49,995 - root - INFO - repository synced
2019-09-23 15:57:49,999 - root - WARNING - connected to Sqlserver.
2019-09-23 15:57:50,250 - root - WARNING - connected to Sqlserver.
2019-09-23 15:57:50,266 - root - WARNING - creating views.
2019-09-23 15:57:50,285 - root - INFO - wrong query:  CREATE UNIQUE CLUSTERED INDEX ud_files_ix ON dbo.vw_USERDOC_FILES (userdoc_seq,userdoc_series,userdoc_nbr)running statement  CREATE UNIQUE CLUSTERED INDEX ud_files_ix ON dbo.vw_USERDOC_FILES (userdoc_seq,userdoc_series,userdoc_nbr)
2019-09-23 15:57:50,286 - root - ERROR - >>>>>>>>>>>>>>> issue with insert query ('42000', "[42000] [Microsoft][ODBC Driver 17 for SQL Server][SQL Server]Cannot create index on view 'vw_userdoc_files' because the view is not schema bound. (1939) (SQLExecDirectW)")
2019-09-23 15:57:51,003 - root - WARNING - connected to Sqlserver.
2019-09-23 15:57:51,006 - root - WARNING - connected to Sqlserver.
2019-09-23 15:57:51,006 - root - WARNING - starting migration to intermed.
2019-09-23 15:57:51,065 - root - WARNING - Going to insert to table: HN_MARCAS.dbo.VW_IMPORT_AGENT
2019-09-23 15:57:53,872 - root - WARNING - Going to insert to table: HN_MARCAS.dbo.VW_IMPORT_AGENT_PERSONS
