2019-09-23 15:59:01,856 - root - WARNING - connected to Sqlserver.
2019-09-23 15:59:01,860 - root - INFO - Connections to database severed
2019-09-23 15:59:01,905 - root - INFO - database dropped
2019-09-23 15:59:01,906 - root - INFO - user ready
2019-09-23 15:59:01,907 - root - INFO - access granted
2019-09-23 15:59:01,908 - root - INFO - access granted
2019-09-23 15:59:01,909 - root - INFO - password changed
2019-09-23 15:59:02,691 - root - INFO - <_io.TextIOWrapper name='<stderr>' mode='w' encoding='UTF-8'>Child returned, 0
2019-09-23 15:59:02,705 - root - WARNING - connected to Sqlserver.
2019-09-23 15:59:02,735 - root - INFO - repository synced
2019-09-23 15:59:02,740 - root - INFO - repository synced
2019-09-23 15:59:02,745 - root - WARNING - connected to Sqlserver.
2019-09-23 15:59:02,996 - root - WARNING - connected to Sqlserver.
2019-09-23 15:59:03,012 - root - WARNING - creating views.
2019-09-23 15:59:03,117 - root - WARNING - connected to Sqlserver.
2019-09-23 15:59:03,120 - root - WARNING - connected to Sqlserver.
2019-09-23 15:59:03,120 - root - WARNING - starting migration to intermed.
2019-09-23 15:59:03,226 - root - WARNING - Going to insert to table: HN_MARCAS.dbo.VW_IMPORT_AGENT
2019-09-23 15:59:05,966 - root - WARNING - Going to insert to table: HN_MARCAS.dbo.VW_IMPORT_AGENT_PERSONS
2019-09-23 15:59:43,881 - root - WARNING - Going to insert to table: HN_MARCAS.dbo.VW_IMPORT_MARK
2019-09-23 16:01:39,255 - root - WARNING - Going to insert to table: HN_MARCAS.dbo.VW_IMPORT_MARK_ACTIONS
2019-09-23 16:13:23,981 - root - WARNING - Going to insert to table: HN_MARCAS.dbo.VW_IMPORT_MARK_NICE_CLASSES
2019-09-23 16:14:35,234 - root - WARNING - Going to insert to table: HN_MARCAS.dbo.VW_IMPORT_MARK_OWNERS
2019-09-23 16:16:04,745 - root - WARNING - Going to insert to table: HN_MARCAS.dbo.VW_IMPORT_MARK_PRIORITIES
2019-09-23 16:16:07,061 - root - WARNING - Going to insert to table: HN_MARCAS.dbo.VW_IMPORT_MARK_REPRS
2019-09-23 16:17:08,865 - root - WARNING - Going to insert to table: HN_MARCAS.dbo.VW_IMPORT_MARK_VIENNA_CLASSES
2019-09-23 16:17:21,549 - root - WARNING - Going to insert to table: HN_MARCAS.dbo.VW_IMPORT_USERDOC
2019-09-23 16:19:02,850 - root - WARNING - Going to insert to table: HN_MARCAS.dbo.VW_IMPORT_USERDOC_ACTIONS
2019-09-23 16:19:14,496 - root - WARNING - Going to insert to table: HN_MARCAS.dbo.VW_IMPORT_USERDOC_FILES
