2019-09-23 17:21:18,378 - root - WARNING - connected to Sqlserver.
2019-09-23 17:21:21,412 - root - INFO - Connections to database severed
2019-09-23 17:21:21,590 - root - INFO - database dropped
2019-09-23 17:21:21,596 - root - INFO - user ready
2019-09-23 17:21:21,597 - root - INFO - access granted
2019-09-23 17:21:21,598 - root - INFO - access granted
2019-09-23 17:21:21,598 - root - INFO - password changed
2019-09-23 17:21:22,442 - root - INFO - <_io.TextIOWrapper name='<stderr>' mode='w' encoding='UTF-8'>Child returned, 0
2019-09-23 17:21:22,457 - root - WARNING - connected to Sqlserver.
2019-09-23 17:21:22,485 - root - INFO - repository synced
2019-09-23 17:21:22,491 - root - INFO - repository synced
2019-09-23 17:21:22,497 - root - WARNING - connected to Sqlserver.
2019-09-23 17:21:22,512 - root - INFO - wrong query:
  
 
  
  delete from cte where rn >1running sql file
2019-09-23 17:21:22,512 - root - ERROR - >>>>>>>>>>>>>>> issue with insert query ('42S02', "[42S02] [Microsoft][ODBC Driver 17 for SQL Server][SQL Server]Invalid object name 'cte'. (208) (SQLExecDirectW)")
2019-09-23 17:21:22,742 - root - INFO - wrong query:

insert into ip_user(ROW_VERSION,USER_ID,LOGIN,USER_NAME,IND_EXAMINER,IND_ADMINISTRATOR,IND_INACTIVE,OFFICE_DIVISION_CODE,OFFICE_DEPARTMENT_CODE,OFFICE_SECTION_CODE,INITIALS 

)
SELECT 1,[rowNum]
      
      ,[NAME],[CODE_USER],'N','N','S','01',null,null,[CODE_USER]
      
  FROM vw_origin_users where rowNum not in (select USER_ID from ip_user)running sql file
2019-09-23 17:21:22,742 - root - ERROR - >>>>>>>>>>>>>>> issue with insert query ('42S02', "[42S02] [Microsoft][ODBC Driver 17 for SQL Server][SQL Server]Invalid object name 'vw_origin_users'. (208) (SQLExecDirectW)")
2019-09-23 17:21:22,743 - root - INFO - changing database to intermed
2019-09-23 17:21:22,747 - root - WARNING - connected to Sqlserver.
2019-09-23 17:21:23,684 - root - INFO - access granted
2019-09-23 17:21:23,685 - root - INFO - access granted
2019-09-23 17:21:26,042 - root - WARNING - Running initial updates to intermed.
2019-09-23 17:21:26,042 - root - INFO - changing database to intermed
2019-09-23 17:21:27,695 - root - INFO - changing database to ipas
2019-09-23 17:21:27,699 - root - WARNING - connected to Sqlserver.
2019-09-23 17:21:27,699 - root - WARNING - Creating store procedures and wrk tables.
2019-09-23 17:21:27,847 - root - INFO - cleanning manual validation tables
2019-09-23 17:21:27,848 - root - INFO - creating store procedure0-ImportSetPersonNbr
2019-09-23 17:21:27,922 - root - INFO - <_io.TextIOWrapper name='<stderr>' mode='w' encoding='UTF-8'>Child returned, 0
2019-09-23 17:21:27,922 - root - INFO - creating store procedure1-MarkDateValidationPROC
2019-09-23 17:21:27,988 - root - INFO - <_io.TextIOWrapper name='<stderr>' mode='w' encoding='UTF-8'>Child returned, 0
2019-09-23 17:21:27,989 - root - INFO - creating store procedure10-ImportAgentProcessAll
