2019-09-23 17:33:49,074 - root - WARNING - connected to Sqlserver.
2019-09-23 17:33:49,079 - root - INFO - Connections to database severed
2019-09-23 17:33:49,151 - root - INFO - database dropped
2019-09-23 17:33:49,152 - root - INFO - user ready
2019-09-23 17:33:49,153 - root - INFO - access granted
2019-09-23 17:33:49,154 - root - INFO - access granted
2019-09-23 17:33:49,155 - root - INFO - password changed
2019-09-23 17:33:49,919 - root - INFO - <_io.TextIOWrapper name='<stderr>' mode='w' encoding='UTF-8'>Child returned, 0
2019-09-23 17:33:49,935 - root - WARNING - connected to Sqlserver.
2019-09-23 17:33:49,967 - root - INFO - repository synced
2019-09-23 17:33:49,973 - root - INFO - repository synced
2019-09-23 17:33:49,978 - root - WARNING - connected to Sqlserver.
2019-09-23 17:33:50,267 - root - INFO - changing database to intermed
2019-09-23 17:33:50,271 - root - WARNING - connected to Sqlserver.
2019-09-23 17:33:51,258 - root - INFO - access granted
2019-09-23 17:33:51,259 - root - INFO - access granted
2019-09-23 17:33:53,597 - root - WARNING - Running initial updates to intermed.
2019-09-23 17:33:53,597 - root - INFO - changing database to intermed
2019-09-23 17:33:55,277 - root - INFO - changing database to ipas
2019-09-23 17:33:55,281 - root - WARNING - connected to Sqlserver.
2019-09-23 17:33:55,282 - root - WARNING - Creating store procedures and wrk tables.
2019-09-23 17:33:55,426 - root - INFO - cleanning manual validation tables
2019-09-23 17:33:55,427 - root - INFO - creating store procedure0-ImportSetPersonNbr
2019-09-23 17:33:55,506 - root - INFO - <_io.TextIOWrapper name='<stderr>' mode='w' encoding='UTF-8'>Child returned, 0
2019-09-23 17:33:55,506 - root - INFO - creating store procedure1-MarkDateValidationPROC
2019-09-23 17:33:55,573 - root - INFO - <_io.TextIOWrapper name='<stderr>' mode='w' encoding='UTF-8'>Child returned, 0
2019-09-23 17:33:55,573 - root - INFO - creating store procedure10-ImportAgentProcessAll
2019-09-23 17:33:55,642 - root - INFO - <_io.TextIOWrapper name='<stderr>' mode='w' encoding='UTF-8'>Child returned, 0
2019-09-23 17:33:55,642 - root - INFO - creating store procedure11-ImportMarkProcess
2019-09-23 17:33:55,733 - root - INFO - <_io.TextIOWrapper name='<stderr>' mode='w' encoding='UTF-8'>Child returned, 0
2019-09-23 17:33:55,733 - root - INFO - creating store procedure12-userdocImport-1
2019-09-23 17:33:55,805 - root - INFO - <_io.TextIOWrapper name='<stderr>' mode='w' encoding='UTF-8'>Child returned, 0
2019-09-23 17:33:55,806 - root - INFO - creating store procedure13-userdocImport-2
2019-09-23 17:33:55,877 - root - INFO - <_io.TextIOWrapper name='<stderr>' mode='w' encoding='UTF-8'>Child returned, 0
2019-09-23 17:33:55,878 - root - INFO - creating store procedure2-PatentDateValidationPROC
2019-09-23 17:33:55,949 - root - INFO - <_io.TextIOWrapper name='<stderr>' mode='w' encoding='UTF-8'>Child returned, 0
2019-09-23 17:33:55,949 - root - INFO - creating store procedure3-UserDocDateValidationPROC
2019-09-23 17:33:56,014 - root - INFO - <_io.TextIOWrapper name='<stderr>' mode='w' encoding='UTF-8'>Child returned, 0
2019-09-23 17:33:56,015 - root - INFO - creating store procedure4-CallToDateValidationPROC
2019-09-23 17:33:56,080 - root - INFO - <_io.TextIOWrapper name='<stderr>' mode='w' encoding='UTF-8'>Child returned, 0
2019-09-23 17:33:56,080 - root - INFO - creating store procedure5-ImportAgentValidate
2019-09-23 17:33:56,156 - root - INFO - <_io.TextIOWrapper name='<stderr>' mode='w' encoding='UTF-8'>Child returned, 0
2019-09-23 17:33:56,157 - root - INFO - creating store procedure6-ImportMarkValidate
2019-09-23 17:33:56,263 - root - INFO - <_io.TextIOWrapper name='<stderr>' mode='w' encoding='UTF-8'>Child returned, 0
2019-09-23 17:33:56,264 - root - INFO - creating store procedure8-ImportUserdocValidate
2019-09-23 17:33:56,361 - root - INFO - <_io.TextIOWrapper name='<stderr>' mode='w' encoding='UTF-8'>Child returned, 0
2019-09-23 17:33:56,361 - root - INFO - creating store procedure9-ImportWorkTablesCreate
2019-09-23 17:33:56,760 - root - INFO - <_io.TextIOWrapper name='<stderr>' mode='w' encoding='UTF-8'>Child returned, 0
2019-09-23 17:33:56,760 - root - WARNING - Running validation and migration.
2019-09-23 17:33:56,882 - root - WARNING - Migrating agents.
2019-09-23 17:34:01,900 - root - WARNING - Validation TM .
2019-09-23 17:34:39,295 - root - WARNING - Validation TM post correction.
2019-09-23 17:34:55,904 - root - WARNING - Migrating trademarks.
