2019-09-23 17:28:00,741 - root - WARNING - connected to Sqlserver.
2019-09-23 17:28:00,745 - root - INFO - Connections to database severed
2019-09-23 17:28:00,794 - root - INFO - database dropped
2019-09-23 17:28:00,795 - root - INFO - user ready
2019-09-23 17:28:00,796 - root - INFO - access granted
2019-09-23 17:28:00,797 - root - INFO - access granted
2019-09-23 17:28:00,797 - root - INFO - password changed
2019-09-23 17:28:01,558 - root - INFO - <_io.TextIOWrapper name='<stderr>' mode='w' encoding='UTF-8'>Child returned, 0
2019-09-23 17:28:01,572 - root - WARNING - connected to Sqlserver.
2019-09-23 17:28:01,601 - root - INFO - repository synced
2019-09-23 17:28:01,607 - root - INFO - repository synced
2019-09-23 17:28:01,611 - root - WARNING - connected to Sqlserver.
2019-09-23 17:28:01,854 - root - INFO - changing database to intermed
2019-09-23 17:28:01,858 - root - WARNING - connected to Sqlserver.
2019-09-23 17:28:02,725 - root - INFO - access granted
2019-09-23 17:28:02,726 - root - INFO - access granted
2019-09-23 17:28:05,046 - root - WARNING - Running initial updates to intermed.
2019-09-23 17:28:05,046 - root - INFO - changing database to intermed
2019-09-23 17:28:06,686 - root - INFO - changing database to ipas
2019-09-23 17:28:06,690 - root - WARNING - connected to Sqlserver.
2019-09-23 17:28:06,690 - root - WARNING - Creating store procedures and wrk tables.
2019-09-23 17:28:06,833 - root - INFO - cleanning manual validation tables
2019-09-23 17:28:06,833 - root - INFO - creating store procedure0-ImportSetPersonNbr
2019-09-23 17:28:06,908 - root - INFO - <_io.TextIOWrapper name='<stderr>' mode='w' encoding='UTF-8'>Child returned, 0
2019-09-23 17:28:06,908 - root - INFO - creating store procedure1-MarkDateValidationPROC
2019-09-23 17:28:06,974 - root - INFO - <_io.TextIOWrapper name='<stderr>' mode='w' encoding='UTF-8'>Child returned, 0
2019-09-23 17:28:06,974 - root - INFO - creating store procedure10-ImportAgentProcessAll
2019-09-23 17:28:07,042 - root - INFO - <_io.TextIOWrapper name='<stderr>' mode='w' encoding='UTF-8'>Child returned, 0
2019-09-23 17:28:07,042 - root - INFO - creating store procedure11-ImportMarkProcess
2019-09-23 17:28:07,135 - root - INFO - <_io.TextIOWrapper name='<stderr>' mode='w' encoding='UTF-8'>Child returned, 0
2019-09-23 17:28:07,136 - root - INFO - creating store procedure12-userdocImport-1
2019-09-23 17:28:07,214 - root - INFO - <_io.TextIOWrapper name='<stderr>' mode='w' encoding='UTF-8'>Child returned, 0
2019-09-23 17:28:07,214 - root - INFO - creating store procedure13-userdocImport-2
2019-09-23 17:28:07,287 - root - INFO - <_io.TextIOWrapper name='<stderr>' mode='w' encoding='UTF-8'>Child returned, 0
2019-09-23 17:28:07,287 - root - INFO - creating store procedure2-PatentDateValidationPROC
2019-09-23 17:28:07,356 - root - INFO - <_io.TextIOWrapper name='<stderr>' mode='w' encoding='UTF-8'>Child returned, 0
2019-09-23 17:28:07,356 - root - INFO - creating store procedure3-UserDocDateValidationPROC
2019-09-23 17:28:07,421 - root - INFO - <_io.TextIOWrapper name='<stderr>' mode='w' encoding='UTF-8'>Child returned, 0
2019-09-23 17:28:07,421 - root - INFO - creating store procedure4-CallToDateValidationPROC
2019-09-23 17:28:07,486 - root - INFO - <_io.TextIOWrapper name='<stderr>' mode='w' encoding='UTF-8'>Child returned, 0
2019-09-23 17:28:07,487 - root - INFO - creating store procedure5-ImportAgentValidate
2019-09-23 17:28:07,559 - root - INFO - <_io.TextIOWrapper name='<stderr>' mode='w' encoding='UTF-8'>Child returned, 0
2019-09-23 17:28:07,560 - root - INFO - creating store procedure6-ImportMarkValidate
2019-09-23 17:28:07,665 - root - INFO - <_io.TextIOWrapper name='<stderr>' mode='w' encoding='UTF-8'>Child returned, 0
2019-09-23 17:28:07,666 - root - INFO - creating store procedure8-ImportUserdocValidate
2019-09-23 17:28:07,761 - root - INFO - <_io.TextIOWrapper name='<stderr>' mode='w' encoding='UTF-8'>Child returned, 0
2019-09-23 17:28:07,762 - root - INFO - creating store procedure9-ImportWorkTablesCreate
2019-09-23 17:28:08,180 - root - INFO - <_io.TextIOWrapper name='<stderr>' mode='w' encoding='UTF-8'>Child returned, 0
2019-09-23 17:28:08,180 - root - WARNING - Running validation and migration.
2019-09-23 17:28:08,303 - root - WARNING - Migrating agents.
2019-09-23 17:28:13,323 - root - WARNING - Validation TM .
2019-09-23 17:28:50,267 - root - WARNING - Validation TM post correction.
2019-09-23 17:29:06,312 - root - WARNING - Migrating trademarks.
2019-09-23 17:31:06,605 - root - INFO - From SQLCMD: b'Msg 3701, Level 11, State 5, Server WS538539, Procedure HNMARCAS.dbo.ImportMarkProcess, Line 1651\r\n'
2019-09-23 17:31:06,605 - root - INFO - From SQLCMD: b"Cannot drop the table 'SYS_SEC_DENOMINACION', because it does not exist or you do not have permission.\r\n"
2019-09-23 17:31:06,605 - root - INFO - From SQLCMD: b'Msg 3701, Level 11, State 5, Server WS538539, Procedure HNMARCAS.dbo.ImportMarkProcess, Line 1652\r\n'
2019-09-23 17:31:06,605 - root - INFO - From SQLCMD: b"Cannot drop the table 'SYS_SEC_BUSQ_DENOMINACION', because it does not exist or you do not have permission.\r\n"
