2019-09-23 17:26:56,084 - root - WARNING - connected to Sqlserver.
2019-09-23 17:26:59,090 - root - INFO - Connections to database severed
2019-09-23 17:26:59,142 - root - INFO - database dropped
2019-09-23 17:26:59,144 - root - INFO - user ready
2019-09-23 17:26:59,144 - root - INFO - access granted
2019-09-23 17:26:59,145 - root - INFO - access granted
2019-09-23 17:26:59,146 - root - INFO - password changed
2019-09-23 17:26:59,910 - root - INFO - <_io.TextIOWrapper name='<stderr>' mode='w' encoding='UTF-8'>Child returned, 0
2019-09-23 17:26:59,924 - root - WARNING - connected to Sqlserver.
2019-09-23 17:26:59,953 - root - INFO - repository synced
2019-09-23 17:26:59,959 - root - INFO - repository synced
2019-09-23 17:26:59,964 - root - WARNING - connected to Sqlserver.
2019-09-23 17:27:00,232 - root - INFO - wrong query:
delete from DO_USER where user_id not in (select USER_ID from HNMARCAS.HNADMIN.IP_USER)running sql file
2019-09-23 17:27:00,232 - root - ERROR - >>>>>>>>>>>>>>> issue with insert query ('42S02', "[42S02] [Microsoft][ODBC Driver 17 for SQL Server][SQL Server]Invalid object name 'DO_USER'. (208) (SQLExecDirectW)")
2019-09-23 17:27:00,241 - root - INFO - wrong query:

insert into HNMARCAS.HNADMIN.IP_USER(ROW_VERSION,USER_ID,LOGIN,USER_NAME,IND_EXAMINER,IND_ADMINISTRATOR,IND_INACTIVE,OFFICE_DIVISION_CODE,OFFICE_DEPARTMENT_CODE,OFFICE_SECTION_CODE,INITIALS 

)
SELECT distinct 1,[rowNum]
      ,[CODE_USER]
      ,[NAME],'N','N','S','01',null,null,[CODE_USER]
      
  FROM HN_MARCAS.dbo.VW_ORIGIN_USERS where rowNum not in (select USER_ID from HNMARCAS.HNADMIN.IP_USER)running sql file
2019-09-23 17:27:00,241 - root - ERROR - >>>>>>>>>>>>>>> issue with insert query ('23000', "[23000] [Microsoft][ODBC Driver 17 for SQL Server][SQL Server]Violation of PRIMARY KEY constraint 'DO_USER_PK'. Cannot insert duplicate key in object 'HNADMIN.DO_USER'. The duplicate key value is (80). (2627) (SQLExecDirectW); [23000] [Microsoft][ODBC Driver 17 for SQL Server][SQL Server]The statement has been terminated. (3621)")
2019-09-23 17:27:00,242 - root - INFO - changing database to intermed
2019-09-23 17:27:00,246 - root - WARNING - connected to Sqlserver.
2019-09-23 17:27:01,116 - root - INFO - access granted
2019-09-23 17:27:01,116 - root - INFO - access granted
2019-09-23 17:27:03,443 - root - WARNING - Running initial updates to intermed.
2019-09-23 17:27:03,443 - root - INFO - changing database to intermed
2019-09-23 17:27:05,090 - root - INFO - changing database to ipas
2019-09-23 17:27:05,094 - root - WARNING - connected to Sqlserver.
2019-09-23 17:27:05,095 - root - WARNING - Creating store procedures and wrk tables.
2019-09-23 17:27:05,254 - root - INFO - cleanning manual validation tables
2019-09-23 17:27:05,255 - root - INFO - creating store procedure0-ImportSetPersonNbr
2019-09-23 17:27:05,333 - root - INFO - <_io.TextIOWrapper name='<stderr>' mode='w' encoding='UTF-8'>Child returned, 0
2019-09-23 17:27:05,334 - root - INFO - creating store procedure1-MarkDateValidationPROC
2019-09-23 17:27:05,401 - root - INFO - <_io.TextIOWrapper name='<stderr>' mode='w' encoding='UTF-8'>Child returned, 0
2019-09-23 17:27:05,402 - root - INFO - creating store procedure10-ImportAgentProcessAll
2019-09-23 17:27:05,472 - root - INFO - <_io.TextIOWrapper name='<stderr>' mode='w' encoding='UTF-8'>Child returned, 0
2019-09-23 17:27:05,472 - root - INFO - creating store procedure11-ImportMarkProcess
2019-09-23 17:27:05,565 - root - INFO - <_io.TextIOWrapper name='<stderr>' mode='w' encoding='UTF-8'>Child returned, 0
2019-09-23 17:27:05,566 - root - INFO - creating store procedure12-userdocImport-1
2019-09-23 17:27:05,639 - root - INFO - <_io.TextIOWrapper name='<stderr>' mode='w' encoding='UTF-8'>Child returned, 0
2019-09-23 17:27:05,639 - root - INFO - creating store procedure13-userdocImport-2
2019-09-23 17:27:05,712 - root - INFO - <_io.TextIOWrapper name='<stderr>' mode='w' encoding='UTF-8'>Child returned, 0
2019-09-23 17:27:05,713 - root - INFO - creating store procedure2-PatentDateValidationPROC
2019-09-23 17:27:05,784 - root - INFO - <_io.TextIOWrapper name='<stderr>' mode='w' encoding='UTF-8'>Child returned, 0
2019-09-23 17:27:05,784 - root - INFO - creating store procedure3-UserDocDateValidationPROC
2019-09-23 17:27:05,849 - root - INFO - <_io.TextIOWrapper name='<stderr>' mode='w' encoding='UTF-8'>Child returned, 0
2019-09-23 17:27:05,849 - root - INFO - creating store procedure4-CallToDateValidationPROC
2019-09-23 17:27:05,913 - root - INFO - <_io.TextIOWrapper name='<stderr>' mode='w' encoding='UTF-8'>Child returned, 0
2019-09-23 17:27:05,913 - root - INFO - creating store procedure5-ImportAgentValidate
2019-09-23 17:27:05,985 - root - INFO - <_io.TextIOWrapper name='<stderr>' mode='w' encoding='UTF-8'>Child returned, 0
2019-09-23 17:27:05,985 - root - INFO - creating store procedure6-ImportMarkValidate
2019-09-23 17:27:06,094 - root - INFO - <_io.TextIOWrapper name='<stderr>' mode='w' encoding='UTF-8'>Child returned, 0
2019-09-23 17:27:06,094 - root - INFO - creating store procedure8-ImportUserdocValidate
