2019-04-10 15:51:22,728 - root - WARNING - connected to Sqlserver.
2019-04-10 15:51:25,734 - root - INFO - Connections to database severed
2019-04-10 15:51:25,757 - root - INFO - database dropped
2019-04-10 15:51:25,994 - root - INFO - New Intermediate databas created
2019-04-10 15:51:26,011 - root - WARNING - connected to Sqlserver.
2019-04-10 15:51:26,011 - root - INFO - Processing: agentes.DBF
2019-04-10 15:51:26,013 - root - INFO - new table to create: "create table HN1.dbo.vw_origin_agentes (rowNum numeric (20), "AGENTE" varchar(max), "NOMBRE" varchar(max), "DIRECCION" varchar(max), "CONTACTO" varchar(max), "CALIDAD" varchar(max), DELETED varchar (5))"
2019-04-10 15:51:26,015 - root - WARNING - Going to insert to table: agentes
2019-04-10 15:51:28,105 - root - WARNING - insert finished
2019-04-10 15:51:28,107 - root - WARNING - connected to Sqlserver.
2019-04-10 15:51:28,108 - root - INFO - Processing: ccvs.DBF
2019-04-10 15:51:28,109 - root - INFO - new table to create: "create table HN1.dbo.vw_origin_ccvs (rowNum numeric (20), "CCV" varchar(max), "NRO_SOLICI" varchar(max), DELETED varchar (5))"
2019-04-10 15:51:28,110 - root - WARNING - Going to insert to table: ccvs
2019-04-10 15:51:38,486 - root - WARNING - insert finished
2019-04-10 15:51:38,486 - root - WARNING - connected to Sqlserver.
2019-04-10 15:51:38,486 - root - INFO - Processing: codigos.dbf
2019-04-10 15:51:38,487 - root - INFO - new table to create: "create table HN1.dbo.vw_origin_codigos (rowNum numeric (20), "ID_CODIGO" varchar(max), "CODIGO" varchar(max), "DESCRIPCOD" varchar(max), DELETED varchar (5))"
2019-04-10 15:51:38,488 - root - WARNING - Going to insert to table: codigos
2019-04-10 15:51:38,498 - root - WARNING - insert finished
2019-04-10 15:51:38,499 - root - WARNING - connected to Sqlserver.
2019-04-10 15:51:38,499 - root - INFO - Processing: eventab.dbf
2019-04-10 15:51:38,500 - root - INFO - new table to create: "create table HN1.dbo.vw_origin_eventab (rowNum numeric (20), "EVENTO" varchar(max), "DESCRIP" varchar(max), "TIPO_EVENT" varchar(max), "INFO_ADI" varchar(max), "ETI_COMENT" varchar(max), "ETI_NUMERO" varchar(max), DELETED varchar (5))"
2019-04-10 15:51:38,501 - root - WARNING - Going to insert to table: eventab
2019-04-10 15:51:38,530 - root - WARNING - insert finished
2019-04-10 15:51:38,530 - root - WARNING - connected to Sqlserver.
2019-04-10 15:51:38,530 - root - INFO - Processing: marca.DBF
2019-04-10 15:51:38,532 - root - INFO - new table to create: "create table HN1.dbo.vw_origin_marca (rowNum numeric (20), "NRO_SOLICI" varchar(max), "SOLICITADA" date, "TIPO_MARCA" varchar(max), "SIGNO" varchar(max), "NOM_MARCA" varchar(max), "REGISTRO" varchar(max), "REGISTRADA" date, "RENUEVA" date, "EXPIRA" date, "AGENTE" varchar(max), "STATUS" varchar(max), "STAT_DESDE" date, "PESO_RASGO" real, "LARFON" real, "PESO_R" real, "PUBLICADA" date, "DIARIO" varchar(max), "LIMITACION" varchar(max), "HORA" varchar(max), "RTOMO" real, "RFOLIO" real, "RESERVA" varchar(max), "NRO_PODER" varchar(max), "MODIFICA" varchar(max), "NRO_GACETA" real, "QUIEN" varchar(max), "CALIDAD" varchar(max), "CLASE" real, "MODIFICADO" varchar(max), "ANUALIDAD" real, "NRO_RESOL" varchar(max), "LEY" varchar(max), "CLASES_TXT" varchar(max), DELETED varchar (5))"
2019-04-10 15:51:38,534 - root - WARNING - Going to insert to table: marca
2019-04-10 15:51:38,543 - root - ERROR - >>>>>>>>>>>>>>> issue with table creation:type object 'datetime.datetime' has no attribute 'datetime'
2019-04-10 15:51:38,544 - root - WARNING - insert finished
2019-04-10 15:51:38,544 - root - WARNING - connected to Sqlserver.
2019-04-10 15:51:38,544 - root - INFO - Processing: migracio.dbf
2019-04-10 15:51:38,545 - root - INFO - new table to create: "create table HN1.dbo.vw_origin_migracio (rowNum numeric (20), "STATUS_INI" varchar(max), "EVENTO" varchar(max), "STATUS_FIN" varchar(max), "TRAMITE" varchar(max), DELETED varchar (5))"
2019-04-10 15:51:38,546 - root - WARNING - Going to insert to table: migracio
2019-04-10 15:51:38,572 - root - WARNING - insert finished
2019-04-10 15:51:38,573 - root - WARNING - connected to Sqlserver.
2019-04-10 15:51:38,573 - root - INFO - Processing: movimi.DBF
2019-04-10 15:51:38,575 - root - INFO - new table to create: "create table HN1.dbo.vw_origin_movimi (rowNum numeric (20), "NRO_SOLICI" varchar(max), "COMENTARIO" varchar(max), "F_EVENTO" date, "F_VENCIM" date, "F_TRANS" date, "NRO_MOV" varchar(max), "EVENTO" varchar(max), "STATUS" varchar(max), "HORA" varchar(max), "DOCUMENTO" varchar(max), "USUARIO" varchar(max), "N_ENTRADA" varchar(max), DELETED varchar (5))"
2019-04-10 15:51:38,576 - root - WARNING - Going to insert to table: movimi
2019-04-10 15:51:40,956 - root - ERROR - >>>>>>>>>>>>>>> issue with table creation:type object 'datetime.datetime' has no attribute 'datetime'
2019-04-10 15:51:40,956 - root - WARNING - insert finished
2019-04-10 15:51:40,957 - root - WARNING - connected to Sqlserver.
2019-04-10 15:51:40,957 - root - INFO - Processing: nuenoms.DBF
2019-04-10 15:51:40,958 - root - INFO - new table to create: "create table HN1.dbo.vw_origin_nuenoms (rowNum numeric (20), "NUM_SERIE" varchar(max), "TITULAR" varchar(max), DELETED varchar (5))"
2019-04-10 15:51:40,959 - root - WARNING - Going to insert to table: nuenoms
