2019-04-12 17:49:36,392 - root - WARNING - connected to Sqlserver.
2019-04-12 17:49:36,424 - root - INFO - Connections to database severed
2019-04-12 17:49:36,462 - root - INFO - database dropped
2019-04-12 17:49:36,480 - root - INFO - user ready
2019-04-12 17:49:36,484 - root - INFO - access granted
2019-04-12 17:49:36,485 - root - INFO - access granted
2019-04-12 17:49:36,486 - root - INFO - password changed
2019-04-12 17:49:37,242 - root - INFO - <_io.TextIOWrapper name='<stderr>' mode='w' encoding='UTF-8'>Child returned, 0
2019-04-12 17:49:37,256 - root - WARNING - connected to Sqlserver.
2019-04-12 17:49:37,283 - root - INFO - repository synced
2019-04-12 17:49:37,283 - root - INFO - repository synced
2019-04-12 17:49:37,298 - root - WARNING - connected to Sqlserver.
2019-04-12 17:49:37,418 - root - INFO - changing database to intermed
2019-04-12 17:49:37,432 - root - WARNING - connected to Sqlserver.
2019-04-12 17:49:38,324 - root - INFO - access granted
2019-04-12 17:49:38,325 - root - INFO - access granted
2019-04-12 17:49:40,651 - root - WARNING - Running initial updates to intermed.
2019-04-12 17:49:40,651 - root - INFO - changing database to intermed
2019-04-12 17:49:42,084 - root - INFO - changing database to ipas
2019-04-12 17:49:42,084 - root - WARNING - connected to Sqlserver.
2019-04-12 17:49:42,084 - root - WARNING - Creating store procedures and wrk tables.
2019-04-12 17:49:42,249 - root - INFO - cleanning manual validation tables
2019-04-12 17:49:42,249 - root - INFO - creating store procedure0-ImportSetPersonNbr
2019-04-12 17:49:42,325 - root - INFO - <_io.TextIOWrapper name='<stderr>' mode='w' encoding='UTF-8'>Child returned, 0
2019-04-12 17:49:42,325 - root - INFO - creating store procedure1-MarkDateValidationPROC
2019-04-12 17:49:42,385 - root - INFO - <_io.TextIOWrapper name='<stderr>' mode='w' encoding='UTF-8'>Child returned, 0
2019-04-12 17:49:42,385 - root - INFO - creating store procedure10-ImportAgentProcessAll
2019-04-12 17:49:42,453 - root - INFO - <_io.TextIOWrapper name='<stderr>' mode='w' encoding='UTF-8'>Child returned, 0
2019-04-12 17:49:42,453 - root - INFO - creating store procedure11-ImportMarkProcess
2019-04-12 17:49:42,562 - root - INFO - <_io.TextIOWrapper name='<stderr>' mode='w' encoding='UTF-8'>Child returned, 0
2019-04-12 17:49:42,563 - root - INFO - creating store procedure12-userdocImport-1
2019-04-12 17:49:42,646 - root - INFO - <_io.TextIOWrapper name='<stderr>' mode='w' encoding='UTF-8'>Child returned, 0
2019-04-12 17:49:42,646 - root - INFO - creating store procedure13-userdocImport-2
2019-04-12 17:49:42,726 - root - INFO - <_io.TextIOWrapper name='<stderr>' mode='w' encoding='UTF-8'>Child returned, 0
2019-04-12 17:49:42,726 - root - INFO - creating store procedure2-PatentDateValidationPROC
2019-04-12 17:49:42,801 - root - INFO - <_io.TextIOWrapper name='<stderr>' mode='w' encoding='UTF-8'>Child returned, 0
2019-04-12 17:49:42,801 - root - INFO - creating store procedure3-UserDocDateValidationPROC
2019-04-12 17:49:42,855 - root - INFO - <_io.TextIOWrapper name='<stderr>' mode='w' encoding='UTF-8'>Child returned, 0
2019-04-12 17:49:42,855 - root - INFO - creating store procedure4-CallToDateValidationPROC
2019-04-12 17:49:42,932 - root - INFO - <_io.TextIOWrapper name='<stderr>' mode='w' encoding='UTF-8'>Child returned, 0
2019-04-12 17:49:42,932 - root - INFO - creating store procedure5-ImportAgentValidate
2019-04-12 17:49:42,986 - root - INFO - <_io.TextIOWrapper name='<stderr>' mode='w' encoding='UTF-8'>Child returned, 0
2019-04-12 17:49:43,002 - root - INFO - creating store procedure6-ImportMarkValidate
2019-04-12 17:49:43,102 - root - INFO - <_io.TextIOWrapper name='<stderr>' mode='w' encoding='UTF-8'>Child returned, 0
2019-04-12 17:49:43,102 - root - INFO - creating store procedure8-ImportUserdocValidate
2019-04-12 17:49:43,202 - root - INFO - <_io.TextIOWrapper name='<stderr>' mode='w' encoding='UTF-8'>Child returned, 0
2019-04-12 17:49:43,202 - root - INFO - creating store procedure9-ImportWorkTablesCreate
2019-04-12 17:49:43,595 - root - INFO - <_io.TextIOWrapper name='<stderr>' mode='w' encoding='UTF-8'>Child returned, 0
2019-04-12 17:49:43,595 - root - WARNING - Running validation and migration.
2019-04-12 17:49:43,702 - root - WARNING - Migrating agents.
2019-04-12 17:49:48,405 - root - WARNING - Validation TM .
2019-04-12 17:50:21,338 - root - WARNING - Validation TM post correction.
