2019-04-12 17:19:13,614 - root - WARNING - connected to Sqlserver.
2019-04-12 17:19:13,618 - root - INFO - Connections to database severed
2019-04-12 17:19:13,665 - root - INFO - database dropped
2019-04-12 17:19:13,667 - root - INFO - user ready
2019-04-12 17:19:13,668 - root - INFO - access granted
2019-04-12 17:19:13,668 - root - INFO - access granted
2019-04-12 17:19:13,669 - root - INFO - password changed
2019-04-12 17:19:14,413 - root - INFO - <_io.TextIOWrapper name='<stderr>' mode='w' encoding='UTF-8'>Child returned, 0
2019-04-12 17:19:14,428 - root - WARNING - connected to Sqlserver.
2019-04-12 17:19:14,458 - root - INFO - repository synced
2019-04-12 17:19:14,463 - root - INFO - repository synced
2019-04-12 17:19:14,467 - root - WARNING - connected to Sqlserver.
2019-04-12 17:19:14,585 - root - INFO - changing database to intermed
2019-04-12 17:19:14,589 - root - WARNING - connected to Sqlserver.
2019-04-12 17:19:15,488 - root - INFO - access granted
2019-04-12 17:19:15,489 - root - INFO - access granted
2019-04-12 17:19:17,841 - root - WARNING - Running initial updates to intermed.
2019-04-12 17:19:17,841 - root - INFO - changing database to intermed
2019-04-12 17:19:19,359 - root - INFO - changing database to ipas
2019-04-12 17:19:19,363 - root - WARNING - connected to Sqlserver.
2019-04-12 17:19:19,363 - root - WARNING - Creating store procedures and wrk tables.
2019-04-12 17:19:19,513 - root - INFO - cleanning manual validation tables
2019-04-12 17:19:19,514 - root - INFO - creating store procedure0-ImportSetPersonNbr
2019-04-12 17:19:19,592 - root - INFO - <_io.TextIOWrapper name='<stderr>' mode='w' encoding='UTF-8'>Child returned, 0
2019-04-12 17:19:19,592 - root - INFO - creating store procedure1-MarkDateValidationPROC
2019-04-12 17:19:19,663 - root - INFO - <_io.TextIOWrapper name='<stderr>' mode='w' encoding='UTF-8'>Child returned, 0
2019-04-12 17:19:19,663 - root - INFO - creating store procedure10-ImportAgentProcessAll
2019-04-12 17:19:19,733 - root - INFO - <_io.TextIOWrapper name='<stderr>' mode='w' encoding='UTF-8'>Child returned, 0
2019-04-12 17:19:19,733 - root - INFO - creating store procedure11-ImportMarkProcess
2019-04-12 17:19:19,834 - root - INFO - <_io.TextIOWrapper name='<stderr>' mode='w' encoding='UTF-8'>Child returned, 0
2019-04-12 17:19:19,835 - root - INFO - creating store procedure12-userdocImport-1
2019-04-12 17:19:19,916 - root - INFO - <_io.TextIOWrapper name='<stderr>' mode='w' encoding='UTF-8'>Child returned, 0
2019-04-12 17:19:19,917 - root - INFO - creating store procedure13-userdocImport-2
2019-04-12 17:19:19,998 - root - INFO - <_io.TextIOWrapper name='<stderr>' mode='w' encoding='UTF-8'>Child returned, 0
2019-04-12 17:19:19,998 - root - INFO - creating store procedure2-PatentDateValidationPROC
2019-04-12 17:19:20,075 - root - INFO - <_io.TextIOWrapper name='<stderr>' mode='w' encoding='UTF-8'>Child returned, 0
2019-04-12 17:19:20,075 - root - INFO - creating store procedure3-UserDocDateValidationPROC
2019-04-12 17:19:20,142 - root - INFO - <_io.TextIOWrapper name='<stderr>' mode='w' encoding='UTF-8'>Child returned, 0
2019-04-12 17:19:20,143 - root - INFO - creating store procedure4-CallToDateValidationPROC
2019-04-12 17:19:20,210 - root - INFO - <_io.TextIOWrapper name='<stderr>' mode='w' encoding='UTF-8'>Child returned, 0
2019-04-12 17:19:20,210 - root - INFO - creating store procedure5-ImportAgentValidate
2019-04-12 17:19:20,285 - root - INFO - <_io.TextIOWrapper name='<stderr>' mode='w' encoding='UTF-8'>Child returned, 0
2019-04-12 17:19:20,286 - root - INFO - creating store procedure6-ImportMarkValidate
2019-04-12 17:19:20,397 - root - INFO - <_io.TextIOWrapper name='<stderr>' mode='w' encoding='UTF-8'>Child returned, 0
2019-04-12 17:19:20,398 - root - INFO - creating store procedure8-ImportUserdocValidate
2019-04-12 17:19:20,496 - root - INFO - <_io.TextIOWrapper name='<stderr>' mode='w' encoding='UTF-8'>Child returned, 0
2019-04-12 17:19:20,497 - root - INFO - creating store procedure9-ImportWorkTablesCreate
2019-04-12 17:19:20,897 - root - INFO - <_io.TextIOWrapper name='<stderr>' mode='w' encoding='UTF-8'>Child returned, 0
2019-04-12 17:19:20,897 - root - WARNING - Running validation and migration.
2019-04-12 17:19:21,021 - root - WARNING - Migrating agents.
2019-04-12 17:19:26,053 - root - WARNING - Validation TM .
2019-04-12 17:19:57,515 - root - WARNING - Validation TM post correction.
