2019-04-10 16:46:18,446 - root - WARNING - connected to Sqlserver.
2019-04-10 16:46:18,452 - root - INFO - Connections to database severed
2019-04-10 16:46:18,500 - root - INFO - database dropped
2019-04-10 16:46:18,729 - root - INFO - New Intermediate databas created
2019-04-10 16:46:18,746 - root - WARNING - connected to Sqlserver.
2019-04-10 16:46:18,746 - root - INFO - Processing: agentes.DBF
2019-04-10 16:46:18,748 - root - INFO - new table to create: "create table HN1.dbo.vw_origin_agentes (rowNum numeric (20), "AGENTE" varchar(max), "NOMBRE" varchar(max), "DIRECCION" varchar(max), "CONTACTO" varchar(max), "CALIDAD" varchar(max), DELETED varchar (5))"
2019-04-10 16:46:18,750 - root - WARNING - Going to insert to table: agentes
2019-04-10 16:46:20,803 - root - WARNING - insert finished
2019-04-10 16:46:20,805 - root - WARNING - connected to Sqlserver.
2019-04-10 16:46:20,805 - root - INFO - Processing: ccvs.DBF
2019-04-10 16:46:20,807 - root - INFO - new table to create: "create table HN1.dbo.vw_origin_ccvs (rowNum numeric (20), "CCV" varchar(max), "NRO_SOLICI" varchar(max), DELETED varchar (5))"
2019-04-10 16:46:20,808 - root - WARNING - Going to insert to table: ccvs
2019-04-10 16:46:31,058 - root - WARNING - insert finished
2019-04-10 16:46:31,058 - root - WARNING - connected to Sqlserver.
2019-04-10 16:46:31,059 - root - INFO - Processing: codigos.dbf
2019-04-10 16:46:31,060 - root - INFO - new table to create: "create table HN1.dbo.vw_origin_codigos (rowNum numeric (20), "ID_CODIGO" varchar(max), "CODIGO" varchar(max), "DESCRIPCOD" varchar(max), DELETED varchar (5))"
2019-04-10 16:46:31,061 - root - WARNING - Going to insert to table: codigos
2019-04-10 16:46:31,069 - root - WARNING - insert finished
2019-04-10 16:46:31,070 - root - WARNING - connected to Sqlserver.
2019-04-10 16:46:31,070 - root - INFO - Processing: eventab.dbf
2019-04-10 16:46:31,071 - root - INFO - new table to create: "create table HN1.dbo.vw_origin_eventab (rowNum numeric (20), "EVENTO" varchar(max), "DESCRIP" varchar(max), "TIPO_EVENT" varchar(max), "INFO_ADI" varchar(max), "ETI_COMENT" varchar(max), "ETI_NUMERO" varchar(max), DELETED varchar (5))"
2019-04-10 16:46:31,072 - root - WARNING - Going to insert to table: eventab
2019-04-10 16:46:31,102 - root - WARNING - insert finished
2019-04-10 16:46:31,102 - root - WARNING - connected to Sqlserver.
2019-04-10 16:46:31,102 - root - INFO - Processing: marca.DBF
2019-04-10 16:46:31,104 - root - INFO - new table to create: "create table HN1.dbo.vw_origin_marca (rowNum numeric (20), "NRO_SOLICI" varchar(max), "SOLICITADA" date, "TIPO_MARCA" varchar(max), "SIGNO" varchar(max), "NOM_MARCA" varchar(max), "REGISTRO" varchar(max), "REGISTRADA" date, "RENUEVA" date, "EXPIRA" date, "AGENTE" varchar(max), "STATUS" varchar(max), "STAT_DESDE" date, "PESO_RASGO" real, "LARFON" real, "PESO_R" real, "PUBLICADA" date, "DIARIO" varchar(max), "LIMITACION" varchar(max), "HORA" varchar(max), "RTOMO" real, "RFOLIO" real, "RESERVA" varchar(max), "NRO_PODER" varchar(max), "MODIFICA" varchar(max), "NRO_GACETA" real, "QUIEN" varchar(max), "CALIDAD" varchar(max), "CLASE" real, "MODIFICADO" varchar(max), "ANUALIDAD" real, "NRO_RESOL" varchar(max), "LEY" varchar(max), "CLASES_TXT" varchar(max), DELETED varchar (5))"
2019-04-10 16:46:31,106 - root - WARNING - Going to insert to table: marca
2019-04-10 16:46:53,487 - root - INFO - records[79523]['STAT_DESDE'] == InvalidValue(b'00001228')
2019-04-10 16:46:54,337 - root - INFO - records[82440]['REGISTRADA'] == InvalidValue(b'00001229')
2019-04-10 16:46:54,337 - root - INFO - records[82440]['STAT_DESDE'] == InvalidValue(b'00001229')
2019-04-10 16:47:31,677 - root - WARNING - insert finished
2019-04-10 16:47:31,677 - root - WARNING - connected to Sqlserver.
2019-04-10 16:47:31,677 - root - INFO - Processing: migracio.dbf
2019-04-10 16:47:31,678 - root - INFO - new table to create: "create table HN1.dbo.vw_origin_migracio (rowNum numeric (20), "STATUS_INI" varchar(max), "EVENTO" varchar(max), "STATUS_FIN" varchar(max), "TRAMITE" varchar(max), DELETED varchar (5))"
2019-04-10 16:47:31,680 - root - WARNING - Going to insert to table: migracio
2019-04-10 16:47:31,710 - root - WARNING - insert finished
2019-04-10 16:47:31,710 - root - WARNING - connected to Sqlserver.
2019-04-10 16:47:31,710 - root - INFO - Processing: movimi.DBF
2019-04-10 16:47:31,712 - root - INFO - new table to create: "create table HN1.dbo.vw_origin_movimi (rowNum numeric (20), "NRO_SOLICI" varchar(max), "COMENTARIO" varchar(max), "F_EVENTO" date, "F_VENCIM" date, "F_TRANS" date, "NRO_MOV" varchar(max), "EVENTO" varchar(max), "STATUS" varchar(max), "HORA" varchar(max), "DOCUMENTO" varchar(max), "USUARIO" varchar(max), "N_ENTRADA" varchar(max), DELETED varchar (5))"
2019-04-10 16:47:31,714 - root - WARNING - Going to insert to table: movimi
2019-04-10 16:47:58,136 - root - INFO - records[121364]['F_EVENTO'] == InvalidValue(b'00001228')
2019-04-10 16:47:58,148 - root - INFO - records[121654]['F_EVENTO'] == InvalidValue(b'00001229')
2019-04-10 16:48:10,209 - root - INFO - records[178956]['F_EVENTO'] == InvalidValue(b'\x00\x00\x00\x00\x00\x00\x00\x00')
2019-04-10 16:48:10,209 - root - INFO - records[178956]['F_VENCIM'] == InvalidValue(b'\x00\x00\x00\x00\x00\x00\x00\x00')
2019-04-10 16:48:10,209 - root - INFO - records[178956]['F_TRANS'] == InvalidValue(b'\x00\x00\x00\x00\x00\x00\x00\x00')
2019-04-10 16:48:17,953 - root - INFO - records[215740]['F_EVENTO'] == InvalidValue(b'\x00\x00\x00\x00\x00\x00\x00\x00')
2019-04-10 16:48:17,953 - root - INFO - records[215740]['F_VENCIM'] == InvalidValue(b'\x00\x00\x00\x00\x00\x00\x00\x00')
2019-04-10 16:48:17,953 - root - INFO - records[215740]['F_TRANS'] == InvalidValue(b'\x00\x00\x00\x00\x00\x00\x00\x00')
2019-04-10 16:48:17,954 - root - INFO - records[215741]['F_EVENTO'] == InvalidValue(b'\x00\x00\x00\x00\x00\x00\x00\x00')
2019-04-10 16:48:17,954 - root - INFO - records[215741]['F_VENCIM'] == InvalidValue(b'\x00\x00\x00\x00\x00\x00\x00\x00')
2019-04-10 16:48:17,954 - root - INFO - records[215741]['F_TRANS'] == InvalidValue(b'\x00\x00\x00\x00\x00\x00\x00\x00')
2019-04-10 16:48:19,370 - root - INFO - records[222679]['F_EVENTO'] == InvalidValue(b'\x00\x00\x00\x00\x00\x00\x00\x00')
2019-04-10 16:48:19,370 - root - INFO - records[222679]['F_VENCIM'] == InvalidValue(b'\x00\x00\x00\x00\x00\x00\x00\x00')
2019-04-10 16:48:19,370 - root - INFO - records[222679]['F_TRANS'] == InvalidValue(b'\x00\x00\x00\x00\x00\x00\x00\x00')
2019-04-10 16:48:19,370 - root - INFO - records[222680]['F_EVENTO'] == InvalidValue(b'\x00\x00\x00\x00\x00\x00\x00\x00')
2019-04-10 16:48:19,370 - root - INFO - records[222680]['F_VENCIM'] == InvalidValue(b'\x00\x00\x00\x00\x00\x00\x00\x00')
2019-04-10 16:48:19,370 - root - INFO - records[222680]['F_TRANS'] == InvalidValue(b'\x00\x00\x00\x00\x00\x00\x00\x00')
2019-04-10 16:48:19,370 - root - INFO - records[222681]['F_EVENTO'] == InvalidValue(b'\x00\x00\x00\x00\x00\x00\x00\x00')
2019-04-10 16:48:19,370 - root - INFO - records[222681]['F_VENCIM'] == InvalidValue(b'\x00\x00\x00\x00\x00\x00\x00\x00')
2019-04-10 16:48:19,371 - root - INFO - records[222681]['F_TRANS'] == InvalidValue(b'\x00\x00\x00\x00\x00\x00\x00\x00')
2019-04-10 16:56:43,964 - root - ERROR - >>>>>>>>>>>>>>> issue with table creation:day is out of range for month
2019-04-10 16:56:43,964 - root - WARNING - insert finished
2019-04-10 16:56:43,967 - root - WARNING - connected to Sqlserver.
2019-04-10 16:56:43,967 - root - INFO - Processing: nuenoms.DBF
2019-04-10 16:56:43,968 - root - INFO - new table to create: "create table HN1.dbo.vw_origin_nuenoms (rowNum numeric (20), "NUM_SERIE" varchar(max), "TITULAR" varchar(max), DELETED varchar (5))"
2019-04-10 16:56:43,970 - root - WARNING - Going to insert to table: nuenoms
2019-04-10 16:56:53,035 - root - WARNING - insert finished
2019-04-10 16:56:53,035 - root - WARNING - connected to Sqlserver.
2019-04-10 16:56:53,035 - root - INFO - Processing: orinoms.DBF
2019-04-10 16:56:53,036 - root - INFO - new table to create: "create table HN1.dbo.vw_origin_orinoms (rowNum numeric (20), "NUM_SERIE" varchar(max), "TITULAR" varchar(max), DELETED varchar (5))"
2019-04-10 16:56:53,038 - root - WARNING - Going to insert to table: orinoms
