2019-04-10 14:21:50,133 - root - WARNING - connected to Sqlserver.
2019-04-10 14:21:53,191 - root - INFO - Connections to database severed
2019-04-10 14:21:53,235 - root - INFO - database dropped
2019-04-10 14:21:53,417 - root - INFO - New Intermediate databas created
2019-04-10 14:21:53,433 - root - WARNING - connected to Sqlserver.
2019-04-10 14:21:53,433 - root - INFO - Processing: agentes.DBF
2019-04-10 14:21:53,436 - root - INFO - new table to create: "create table HN1.dbo.vw_origin_agentes (rowNum numeric (20), "AGENTE" varchar(max), "NOMBRE" varchar(max), "DIRECCION" varchar(max), "CONTACTO" varchar(max), "CALIDAD" varchar(max), DELETED varchar (5))"
2019-04-10 14:21:53,438 - root - WARNING - Going to insert to table: agentes
2019-04-10 14:21:55,466 - root - WARNING - insert finished
2019-04-10 14:21:55,468 - root - WARNING - connected to Sqlserver.
2019-04-10 14:21:55,469 - root - INFO - Processing: ccvs.DBF
2019-04-10 14:21:55,470 - root - INFO - new table to create: "create table HN1.dbo.vw_origin_ccvs (rowNum numeric (20), "CCV" varchar(max), "NRO_SOLICI" varchar(max), DELETED varchar (5))"
2019-04-10 14:21:55,471 - root - WARNING - Going to insert to table: ccvs
2019-04-10 14:22:05,512 - root - WARNING - insert finished
2019-04-10 14:22:05,512 - root - WARNING - connected to Sqlserver.
2019-04-10 14:22:05,512 - root - INFO - Processing: codigos.dbf
2019-04-10 14:22:05,513 - root - INFO - new table to create: "create table HN1.dbo.vw_origin_codigos (rowNum numeric (20), "ID_CODIGO" varchar(max), "CODIGO" varchar(max), "DESCRIPCOD" varchar(max), DELETED varchar (5))"
2019-04-10 14:22:05,514 - root - WARNING - Going to insert to table: codigos
2019-04-10 14:22:05,524 - root - WARNING - insert finished
2019-04-10 14:22:05,524 - root - WARNING - connected to Sqlserver.
2019-04-10 14:22:05,524 - root - INFO - Processing: eventab.dbf
2019-04-10 14:22:05,525 - root - INFO - new table to create: "create table HN1.dbo.vw_origin_eventab (rowNum numeric (20), "EVENTO" varchar(max), "DESCRIP" varchar(max), "TIPO_EVENT" varchar(max), "INFO_ADI" varchar(max), "ETI_COMENT" varchar(max), "ETI_NUMERO" varchar(max), DELETED varchar (5))"
2019-04-10 14:22:05,526 - root - WARNING - Going to insert to table: eventab
2019-04-10 14:22:05,554 - root - WARNING - insert finished
2019-04-10 14:22:05,554 - root - WARNING - connected to Sqlserver.
2019-04-10 14:22:05,554 - root - INFO - Processing: marca.DBF
2019-04-10 14:22:05,556 - root - INFO - new table to create: "create table HN1.dbo.vw_origin_marca (rowNum numeric (20), "NRO_SOLICI" varchar(max), "SOLICITADA" date, "TIPO_MARCA" varchar(max), "SIGNO" varchar(max), "NOM_MARCA" varchar(max), "REGISTRO" varchar(max), "REGISTRADA" date, "RENUEVA" date, "EXPIRA" date, "AGENTE" varchar(max), "STATUS" varchar(max), "STAT_DESDE" date, "PESO_RASGO" real, "LARFON" real, "PESO_R" real, "PUBLICADA" date, "DIARIO" varchar(max), "LIMITACION" varchar(max), "HORA" varchar(max), "RTOMO" real, "RFOLIO" real, "RESERVA" varchar(max), "NRO_PODER" varchar(max), "MODIFICA" varchar(max), "NRO_GACETA" real, "QUIEN" varchar(max), "CALIDAD" varchar(max), "CLASE" real, "MODIFICADO" varchar(max), "ANUALIDAD" real, "NRO_RESOL" varchar(max), "LEY" varchar(max), "CLASES_TXT" varchar(max), DELETED varchar (5))"
2019-04-10 14:22:05,557 - root - WARNING - Going to insert to table: marca
2019-04-10 14:22:28,025 - root - ERROR - records[79523]['STAT_DESDE'] == InvalidValue(b'00001228')
2019-04-10 14:22:29,007 - root - ERROR - records[82440]['REGISTRADA'] == InvalidValue(b'00001229')
2019-04-10 14:22:29,008 - root - ERROR - records[82440]['STAT_DESDE'] == InvalidValue(b'00001229')
