2019-04-12 16:32:05,289 - root - WARNING - connected to Sqlserver.
2019-04-12 16:32:05,293 - root - INFO - Connections to database severed
2019-04-12 16:32:05,328 - root - INFO - database dropped
2019-04-12 16:32:05,329 - root - INFO - user ready
2019-04-12 16:32:05,329 - root - INFO - access granted
2019-04-12 16:32:05,330 - root - INFO - access granted
2019-04-12 16:32:05,331 - root - INFO - password changed
2019-04-12 16:32:06,049 - root - INFO - <_io.TextIOWrapper name='<stderr>' mode='w' encoding='UTF-8'>Child returned, 0
2019-04-12 16:32:06,063 - root - WARNING - connected to Sqlserver.
2019-04-12 16:32:06,093 - root - INFO - repository synced
2019-04-12 16:32:06,098 - root - INFO - repository synced
2019-04-12 16:32:06,102 - root - WARNING - connected to Sqlserver.
2019-04-12 16:32:06,108 - root - INFO - wrong query:insert into HNMARCAS.HNADMIN.[CF_GEO_COUNTRY] ([ROW_VERSION]
      ,[COUNTRY_CODE]      ,[COUNTRY_NAME]      ,[NATIONALITY]      ,[IND_WIPO_STATISTICS]) values
	  (1,'XX','pais desconocido','XX','N'),(1,'EA','Eurasian patent offi','EA','N' )corr pais
2019-04-12 16:32:06,108 - root - ERROR - >>>>>>>>>>>>>>> issue with insert query ('23000', "[23000] [Microsoft][ODBC Driver 17 for SQL Server][SQL Server]Violation of PRIMARY KEY constraint 'PAIS_PK'. Cannot insert duplicate key in object 'HNADMIN.CF_GEO_COUNTRY'. The duplicate key value is (XX). (2627) (SQLExecDirectW); [23000] [Microsoft][ODBC Driver 17 for SQL Server][SQL Server]The statement has been terminated. (3621)")
2019-04-12 16:32:06,113 - root - INFO - wrong query:insert into HNMARCAS.HNADMIN.[CF_CLASS_NICE] ([ROW_VERSION]      ,[NICE_CLASS_CODE]      ,[NICE_CLASS_NAME]      ,[XML_DESIGNER]
      ,[CLASS_DETAIL]      ,[NICE_CLASS_EDITION]      ,[NICE_CLASS_VERSION]) values
    	  (1,	46,	'CLASS 46',	'<PARAMS></PARAMS>','',11,0),(1,	46,	'CLASS 46',	'<PARAMS></PARAMS>','',11,2017.01)corr nice class nombres
2019-04-12 16:32:06,113 - root - ERROR - >>>>>>>>>>>>>>> issue with insert query ('23000', "[23000] [Microsoft][ODBC Driver 17 for SQL Server][SQL Server]Violation of PRIMARY KEY constraint 'CLASE_INTERNACIONAL_PK'. Cannot insert duplicate key in object 'HNADMIN.CF_CLASS_NICE'. The duplicate key value is (11, 0.00, 46). (2627) (SQLExecDirectW); [23000] [Microsoft][ODBC Driver 17 for SQL Server][SQL Server]The statement has been terminated. (3621)")
2019-04-12 16:32:06,226 - root - INFO - changing database to intermed
2019-04-12 16:32:06,230 - root - WARNING - connected to Sqlserver.
2019-04-12 16:32:07,050 - root - INFO - wrong query:CREATE LOGIN HNADMIN with PASSWORD HNADMIN;trying to connect ipas admin user
2019-04-12 16:32:07,050 - root - ERROR - >>>>>>>>>>>>>>> issue with insert query ('42000', "[42000] [Microsoft][ODBC Driver 17 for SQL Server][SQL Server]Incorrect syntax near 'HNADMIN'. (102) (SQLExecDirectW)")
2019-04-12 16:32:07,051 - root - INFO - wrong query:EXEC sp_addrolemember N'db_datareader', N'HNADMIN';read access for ipas admin
2019-04-12 16:32:07,051 - root - ERROR - >>>>>>>>>>>>>>> issue with insert query ('42000', "[42000] [Microsoft][ODBC Driver 17 for SQL Server][SQL Server]User or role 'HNADMIN' does not exist in this database. (15410) (SQLExecDirectW)")
2019-04-12 16:32:07,051 - root - INFO - wrong query:EXEC sp_addrolemember N'db_datawriter', N'HNADMIN';write access for ipas admin
2019-04-12 16:32:07,051 - root - ERROR - >>>>>>>>>>>>>>> issue with insert query ('42000', "[42000] [Microsoft][ODBC Driver 17 for SQL Server][SQL Server]User or role 'HNADMIN' does not exist in this database. (15410) (SQLExecDirectW)")
