2019-04-12 17:15:18,248 - root - WARNING - connected to Sqlserver.
2019-04-12 17:15:18,252 - root - INFO - Connections to database severed
2019-04-12 17:15:18,295 - root - INFO - database dropped
2019-04-12 17:15:18,297 - root - INFO - user ready
2019-04-12 17:15:18,298 - root - INFO - access granted
2019-04-12 17:15:18,298 - root - INFO - access granted
2019-04-12 17:15:18,299 - root - INFO - password changed
2019-04-12 17:15:19,016 - root - INFO - <_io.TextIOWrapper name='<stderr>' mode='w' encoding='UTF-8'>Child returned, 0
2019-04-12 17:15:19,031 - root - WARNING - connected to Sqlserver.
2019-04-12 17:15:19,059 - root - INFO - repository synced
2019-04-12 17:15:19,064 - root - INFO - repository synced
2019-04-12 17:15:19,068 - root - WARNING - connected to Sqlserver.
2019-04-12 17:15:19,179 - root - INFO - changing database to intermed
2019-04-12 17:15:19,183 - root - WARNING - connected to Sqlserver.
2019-04-12 17:15:20,059 - root - INFO - access granted
2019-04-12 17:15:20,060 - root - INFO - access granted
2019-04-12 17:15:22,337 - root - WARNING - Running initial updates to intermed.
2019-04-12 17:15:22,337 - root - INFO - changing database to intermed
2019-04-12 17:15:23,828 - root - INFO - changing database to ipas
2019-04-12 17:15:23,832 - root - WARNING - connected to Sqlserver.
2019-04-12 17:15:23,832 - root - WARNING - Creating store procedures and wrk tables.
2019-04-12 17:15:23,982 - root - INFO - cleanning manual validation tables
2019-04-12 17:15:23,982 - root - INFO - creating store procedure0-ImportSetPersonNbr
2019-04-12 17:15:24,059 - root - INFO - <_io.TextIOWrapper name='<stderr>' mode='w' encoding='UTF-8'>Child returned, 0
2019-04-12 17:15:24,059 - root - INFO - creating store procedure1-MarkDateValidationPROC
2019-04-12 17:15:24,127 - root - INFO - <_io.TextIOWrapper name='<stderr>' mode='w' encoding='UTF-8'>Child returned, 0
2019-04-12 17:15:24,127 - root - INFO - creating store procedure10-ImportAgentProcessAll
2019-04-12 17:15:24,197 - root - INFO - <_io.TextIOWrapper name='<stderr>' mode='w' encoding='UTF-8'>Child returned, 0
2019-04-12 17:15:24,197 - root - INFO - creating store procedure11-ImportMarkProcess
2019-04-12 17:15:24,287 - root - INFO - <_io.TextIOWrapper name='<stderr>' mode='w' encoding='UTF-8'>Child returned, 0
2019-04-12 17:15:24,287 - root - INFO - creating store procedure12-userdocImport-1
2019-04-12 17:15:24,361 - root - INFO - <_io.TextIOWrapper name='<stderr>' mode='w' encoding='UTF-8'>Child returned, 0
2019-04-12 17:15:24,361 - root - INFO - creating store procedure13-userdocImport-2
2019-04-12 17:15:24,436 - root - INFO - <_io.TextIOWrapper name='<stderr>' mode='w' encoding='UTF-8'>Child returned, 0
2019-04-12 17:15:24,436 - root - INFO - creating store procedure2-PatentDateValidationPROC
2019-04-12 17:15:24,511 - root - INFO - <_io.TextIOWrapper name='<stderr>' mode='w' encoding='UTF-8'>Child returned, 0
2019-04-12 17:15:24,511 - root - INFO - creating store procedure3-UserDocDateValidationPROC
2019-04-12 17:15:24,578 - root - INFO - <_io.TextIOWrapper name='<stderr>' mode='w' encoding='UTF-8'>Child returned, 0
2019-04-12 17:15:24,578 - root - INFO - creating store procedure4-CallToDateValidationPROC
2019-04-12 17:15:24,645 - root - INFO - <_io.TextIOWrapper name='<stderr>' mode='w' encoding='UTF-8'>Child returned, 0
2019-04-12 17:15:24,645 - root - INFO - creating store procedure5-ImportAgentValidate
2019-04-12 17:15:24,718 - root - INFO - <_io.TextIOWrapper name='<stderr>' mode='w' encoding='UTF-8'>Child returned, 0
2019-04-12 17:15:24,719 - root - INFO - creating store procedure6-ImportMarkValidate
2019-04-12 17:15:24,829 - root - INFO - <_io.TextIOWrapper name='<stderr>' mode='w' encoding='UTF-8'>Child returned, 0
2019-04-12 17:15:24,830 - root - INFO - creating store procedure8-ImportUserdocValidate
2019-04-12 17:15:24,927 - root - INFO - <_io.TextIOWrapper name='<stderr>' mode='w' encoding='UTF-8'>Child returned, 0
2019-04-12 17:15:24,928 - root - INFO - creating store procedure9-ImportWorkTablesCreate
2019-04-12 17:15:25,322 - root - INFO - <_io.TextIOWrapper name='<stderr>' mode='w' encoding='UTF-8'>Child returned, 0
2019-04-12 17:15:25,322 - root - WARNING - Running validation and migration.
2019-04-12 17:15:25,441 - root - WARNING - Migrating agents.
2019-04-12 17:15:30,376 - root - WARNING - Validation TM .
2019-04-12 17:15:44,141 - root - INFO - wrong query:TH CTE AS (SELECT FILE_SEQ      ,FILE_TYPE      ,FILE_SERIES      ,FILE_NBR      ,NICE_CLASS_NBR,RN=ROW_NUMBER()OVER(PARTITION BY  FILE_SEQ      ,FILE_TYPE      ,FILE_SERIES      ,FILE_NBR      ,NICE_CLASS_NBR ORDER BY FILE_SEQ      ,FILE_TYPE      ,FILE_SERIES      ,FILE_NBR      ,NICE_CLASS_NBR) FROM HN1.dbo.VW_IMPORT_MARK_NICE_CLASSES )DELETE FROM CTE WHERE RN >1running TM updates
2019-04-12 17:15:44,141 - root - ERROR - >>>>>>>>>>>>>>> issue with insert query ('42000', "[42000] [Microsoft][ODBC Driver 17 for SQL Server][SQL Server]Incorrect syntax near the keyword 'AS'. (156) (SQLExecDirectW)")
