2019-04-10 10:48:32,780 - root - WARNING - connected to Sqlserver.
2019-04-10 10:48:32,784 - root - INFO - Connections to database severed
2019-04-10 10:48:32,804 - root - INFO - database dropped
2019-04-10 10:48:33,006 - root - INFO - New Intermediate databas created
2019-04-10 10:48:33,023 - root - WARNING - connected to Sqlserver.
2019-04-10 10:48:33,023 - root - INFO - Processing: agentes.DBF
2019-04-10 10:48:33,026 - root - INFO - new table to create: "create table HN1.dbo.vw_origin_agentes (rowNum numeric (20), "AGENTE" varchar(max), "NOMBRE" varchar(max), "DIRECCION" varchar(max), "CONTACTO" varchar(max), "CALIDAD" varchar(max), DELETED varchar (5))"
2019-04-10 10:48:33,028 - root - WARNING - Going to insert to table: agentes
2019-04-10 10:48:33,054 - root - INFO - wrong query:insert into "HN1.dbo.vw_origin_agentes" values (rowNum,:AGENTE, :NOMBRE, :DIRECCION, :CONTACTO, :CALIDAD, DELETED)inserting data
2019-04-10 10:48:33,055 - root - ERROR - >>>>>>>>>>>>>>> issue with insert query ('The SQL contains 0 parameter markers, but 5000 parameters were supplied', 'HY000')
2019-04-10 10:48:33,080 - root - INFO - wrong query:insert into "HN1.dbo.vw_origin_agentes" values (rowNum,:AGENTE, :NOMBRE, :DIRECCION, :CONTACTO, :CALIDAD, DELETED)inserting data
2019-04-10 10:48:33,080 - root - ERROR - >>>>>>>>>>>>>>> issue with insert query ('The SQL contains 0 parameter markers, but 4995 parameters were supplied', 'HY000')
2019-04-10 10:48:33,105 - root - INFO - wrong query:insert into "HN1.dbo.vw_origin_agentes" values (rowNum,:AGENTE, :NOMBRE, :DIRECCION, :CONTACTO, :CALIDAD, DELETED)inserting data
2019-04-10 10:48:33,106 - root - ERROR - >>>>>>>>>>>>>>> issue with insert query ('The SQL contains 0 parameter markers, but 4995 parameters were supplied', 'HY000')
2019-04-10 10:48:33,127 - root - INFO - wrong query:insert into "HN1.dbo.vw_origin_agentes" values (rowNum,:AGENTE, :NOMBRE, :DIRECCION, :CONTACTO, :CALIDAD, DELETED)inserting data
2019-04-10 10:48:33,127 - root - ERROR - >>>>>>>>>>>>>>> issue with insert query ('The SQL contains 0 parameter markers, but 4995 parameters were supplied', 'HY000')
2019-04-10 10:48:33,148 - root - INFO - wrong query:insert into "HN1.dbo.vw_origin_agentes" values (rowNum,:AGENTE, :NOMBRE, :DIRECCION, :CONTACTO, :CALIDAD, DELETED)inserting data
2019-04-10 10:48:33,148 - root - ERROR - >>>>>>>>>>>>>>> issue with insert query ('The SQL contains 0 parameter markers, but 4995 parameters were supplied', 'HY000')
2019-04-10 10:48:33,170 - root - INFO - wrong query:insert into "HN1.dbo.vw_origin_agentes" values (rowNum,:AGENTE, :NOMBRE, :DIRECCION, :CONTACTO, :CALIDAD, DELETED)inserting data
2019-04-10 10:48:33,170 - root - ERROR - >>>>>>>>>>>>>>> issue with insert query ('The SQL contains 0 parameter markers, but 4995 parameters were supplied', 'HY000')
2019-04-10 10:48:33,196 - root - INFO - wrong query:insert into "HN1.dbo.vw_origin_agentes" values (rowNum,:AGENTE, :NOMBRE, :DIRECCION, :CONTACTO, :CALIDAD, DELETED)inserting data
2019-04-10 10:48:33,196 - root - ERROR - >>>>>>>>>>>>>>> issue with insert query ('The SQL contains 0 parameter markers, but 4995 parameters were supplied', 'HY000')
2019-04-10 10:48:33,221 - root - INFO - wrong query:insert into "HN1.dbo.vw_origin_agentes" values (rowNum,:AGENTE, :NOMBRE, :DIRECCION, :CONTACTO, :CALIDAD, DELETED)inserting data
2019-04-10 10:48:33,221 - root - ERROR - >>>>>>>>>>>>>>> issue with insert query ('The SQL contains 0 parameter markers, but 4995 parameters were supplied', 'HY000')
2019-04-10 10:48:33,247 - root - INFO - wrong query:insert into "HN1.dbo.vw_origin_agentes" values (rowNum,:AGENTE, :NOMBRE, :DIRECCION, :CONTACTO, :CALIDAD, DELETED)inserting data
2019-04-10 10:48:33,247 - root - ERROR - >>>>>>>>>>>>>>> issue with insert query ('The SQL contains 0 parameter markers, but 4995 parameters were supplied', 'HY000')
2019-04-10 10:48:33,272 - root - INFO - wrong query:insert into "HN1.dbo.vw_origin_agentes" values (rowNum,:AGENTE, :NOMBRE, :DIRECCION, :CONTACTO, :CALIDAD, DELETED)inserting data
2019-04-10 10:48:33,272 - root - ERROR - >>>>>>>>>>>>>>> issue with insert query ('The SQL contains 0 parameter markers, but 4995 parameters were supplied', 'HY000')
2019-04-10 10:48:33,297 - root - INFO - wrong query:insert into "HN1.dbo.vw_origin_agentes" values (rowNum,:AGENTE, :NOMBRE, :DIRECCION, :CONTACTO, :CALIDAD, DELETED)inserting data
2019-04-10 10:48:33,297 - root - ERROR - >>>>>>>>>>>>>>> issue with insert query ('The SQL contains 0 parameter markers, but 4995 parameters were supplied', 'HY000')
2019-04-10 10:48:33,299 - root - ERROR - >>>>>>>>>>>>>>> issue with table creation:can only concatenate str (not "tuple") to str
2019-04-10 10:48:33,299 - root - WARNING - insert finished
2019-04-10 10:48:33,302 - root - WARNING - connected to Sqlserver.
2019-04-10 10:48:33,302 - root - INFO - Processing: ccvs.DBF
2019-04-10 10:48:33,303 - root - INFO - new table to create: "create table HN1.dbo.vw_origin_ccvs (rowNum numeric (20), "CCV" varchar(max), "NRO_SOLICI" varchar(max), DELETED varchar (5))"
2019-04-10 10:48:33,305 - root - WARNING - Going to insert to table: ccvs
2019-04-10 10:48:33,314 - root - INFO - wrong query:insert into "HN1.dbo.vw_origin_ccvs" values (rowNum,:CCV, :NRO_SOLICI, DELETED)inserting data
2019-04-10 10:48:33,315 - root - ERROR - >>>>>>>>>>>>>>> issue with insert query ('The SQL contains 0 parameter markers, but 2000 parameters were supplied', 'HY000')
2019-04-10 10:48:33,324 - root - INFO - wrong query:insert into "HN1.dbo.vw_origin_ccvs" values (rowNum,:CCV, :NRO_SOLICI, DELETED)inserting data
2019-04-10 10:48:33,324 - root - ERROR - >>>>>>>>>>>>>>> issue with insert query ('The SQL contains 0 parameter markers, but 1998 parameters were supplied', 'HY000')
2019-04-10 10:48:33,333 - root - INFO - wrong query:insert into "HN1.dbo.vw_origin_ccvs" values (rowNum,:CCV, :NRO_SOLICI, DELETED)inserting data
2019-04-10 10:48:33,333 - root - ERROR - >>>>>>>>>>>>>>> issue with insert query ('The SQL contains 0 parameter markers, but 1998 parameters were supplied', 'HY000')
2019-04-10 10:48:33,341 - root - INFO - wrong query:insert into "HN1.dbo.vw_origin_ccvs" values (rowNum,:CCV, :NRO_SOLICI, DELETED)inserting data
2019-04-10 10:48:33,341 - root - ERROR - >>>>>>>>>>>>>>> issue with insert query ('The SQL contains 0 parameter markers, but 1998 parameters were supplied', 'HY000')
2019-04-10 10:48:33,349 - root - INFO - wrong query:insert into "HN1.dbo.vw_origin_ccvs" values (rowNum,:CCV, :NRO_SOLICI, DELETED)inserting data
2019-04-10 10:48:33,349 - root - ERROR - >>>>>>>>>>>>>>> issue with insert query ('The SQL contains 0 parameter markers, but 1998 parameters were supplied', 'HY000')
2019-04-10 10:48:33,362 - root - INFO - wrong query:insert into "HN1.dbo.vw_origin_ccvs" values (rowNum,:CCV, :NRO_SOLICI, DELETED)inserting data
2019-04-10 10:48:33,362 - root - ERROR - >>>>>>>>>>>>>>> issue with insert query ('The SQL contains 0 parameter markers, but 1998 parameters were supplied', 'HY000')
2019-04-10 10:48:33,370 - root - INFO - wrong query:insert into "HN1.dbo.vw_origin_ccvs" values (rowNum,:CCV, :NRO_SOLICI, DELETED)inserting data
2019-04-10 10:48:33,370 - root - ERROR - >>>>>>>>>>>>>>> issue with insert query ('The SQL contains 0 parameter markers, but 1998 parameters were supplied', 'HY000')
2019-04-10 10:48:33,378 - root - INFO - wrong query:insert into "HN1.dbo.vw_origin_ccvs" values (rowNum,:CCV, :NRO_SOLICI, DELETED)inserting data
2019-04-10 10:48:33,378 - root - ERROR - >>>>>>>>>>>>>>> issue with insert query ('The SQL contains 0 parameter markers, but 1998 parameters were supplied', 'HY000')
2019-04-10 10:48:33,386 - root - INFO - wrong query:insert into "HN1.dbo.vw_origin_ccvs" values (rowNum,:CCV, :NRO_SOLICI, DELETED)inserting data
2019-04-10 10:48:33,386 - root - ERROR - >>>>>>>>>>>>>>> issue with insert query ('The SQL contains 0 parameter markers, but 1998 parameters were supplied', 'HY000')
2019-04-10 10:48:33,395 - root - INFO - wrong query:insert into "HN1.dbo.vw_origin_ccvs" values (rowNum,:CCV, :NRO_SOLICI, DELETED)inserting data
2019-04-10 10:48:33,395 - root - ERROR - >>>>>>>>>>>>>>> issue with insert query ('The SQL contains 0 parameter markers, but 1998 parameters were supplied', 'HY000')
2019-04-10 10:48:33,403 - root - INFO - wrong query:insert into "HN1.dbo.vw_origin_ccvs" values (rowNum,:CCV, :NRO_SOLICI, DELETED)inserting data
2019-04-10 10:48:33,403 - root - ERROR - >>>>>>>>>>>>>>> issue with insert query ('The SQL contains 0 parameter markers, but 1998 parameters were supplied', 'HY000')
2019-04-10 10:48:33,412 - root - INFO - wrong query:insert into "HN1.dbo.vw_origin_ccvs" values (rowNum,:CCV, :NRO_SOLICI, DELETED)inserting data
2019-04-10 10:48:33,412 - root - ERROR - >>>>>>>>>>>>>>> issue with insert query ('The SQL contains 0 parameter markers, but 1998 parameters were supplied', 'HY000')
2019-04-10 10:48:33,425 - root - INFO - wrong query:insert into "HN1.dbo.vw_origin_ccvs" values (rowNum,:CCV, :NRO_SOLICI, DELETED)inserting data
2019-04-10 10:48:33,425 - root - ERROR - >>>>>>>>>>>>>>> issue with insert query ('The SQL contains 0 parameter markers, but 1998 parameters were supplied', 'HY000')
2019-04-10 10:48:33,433 - root - INFO - wrong query:insert into "HN1.dbo.vw_origin_ccvs" values (rowNum,:CCV, :NRO_SOLICI, DELETED)inserting data
2019-04-10 10:48:33,433 - root - ERROR - >>>>>>>>>>>>>>> issue with insert query ('The SQL contains 0 parameter markers, but 1998 parameters were supplied', 'HY000')
2019-04-10 10:48:33,441 - root - INFO - wrong query:insert into "HN1.dbo.vw_origin_ccvs" values (rowNum,:CCV, :NRO_SOLICI, DELETED)inserting data
2019-04-10 10:48:33,441 - root - ERROR - >>>>>>>>>>>>>>> issue with insert query ('The SQL contains 0 parameter markers, but 1998 parameters were supplied', 'HY000')
2019-04-10 10:48:33,449 - root - INFO - wrong query:insert into "HN1.dbo.vw_origin_ccvs" values (rowNum,:CCV, :NRO_SOLICI, DELETED)inserting data
2019-04-10 10:48:33,449 - root - ERROR - >>>>>>>>>>>>>>> issue with insert query ('The SQL contains 0 parameter markers, but 1998 parameters were supplied', 'HY000')
2019-04-10 10:48:33,463 - root - INFO - wrong query:insert into "HN1.dbo.vw_origin_ccvs" values (rowNum,:CCV, :NRO_SOLICI, DELETED)inserting data
2019-04-10 10:48:33,463 - root - ERROR - >>>>>>>>>>>>>>> issue with insert query ('The SQL contains 0 parameter markers, but 1998 parameters were supplied', 'HY000')
2019-04-10 10:48:33,472 - root - INFO - wrong query:insert into "HN1.dbo.vw_origin_ccvs" values (rowNum,:CCV, :NRO_SOLICI, DELETED)inserting data
2019-04-10 10:48:33,472 - root - ERROR - >>>>>>>>>>>>>>> issue with insert query ('The SQL contains 0 parameter markers, but 1998 parameters were supplied', 'HY000')
2019-04-10 10:48:33,481 - root - INFO - wrong query:insert into "HN1.dbo.vw_origin_ccvs" values (rowNum,:CCV, :NRO_SOLICI, DELETED)inserting data
2019-04-10 10:48:33,481 - root - ERROR - >>>>>>>>>>>>>>> issue with insert query ('The SQL contains 0 parameter markers, but 1998 parameters were supplied', 'HY000')
2019-04-10 10:48:33,494 - root - INFO - wrong query:insert into "HN1.dbo.vw_origin_ccvs" values (rowNum,:CCV, :NRO_SOLICI, DELETED)inserting data
2019-04-10 10:48:33,494 - root - ERROR - >>>>>>>>>>>>>>> issue with insert query ('The SQL contains 0 parameter markers, but 1998 parameters were supplied', 'HY000')
2019-04-10 10:48:33,507 - root - INFO - wrong query:insert into "HN1.dbo.vw_origin_ccvs" values (rowNum,:CCV, :NRO_SOLICI, DELETED)inserting data
2019-04-10 10:48:33,507 - root - ERROR - >>>>>>>>>>>>>>> issue with insert query ('The SQL contains 0 parameter markers, but 1998 parameters were supplied', 'HY000')
2019-04-10 10:48:33,515 - root - INFO - wrong query:insert into "HN1.dbo.vw_origin_ccvs" values (rowNum,:CCV, :NRO_SOLICI, DELETED)inserting data
2019-04-10 10:48:33,515 - root - ERROR - >>>>>>>>>>>>>>> issue with insert query ('The SQL contains 0 parameter markers, but 1998 parameters were supplied', 'HY000')
2019-04-10 10:48:33,523 - root - INFO - wrong query:insert into "HN1.dbo.vw_origin_ccvs" values (rowNum,:CCV, :NRO_SOLICI, DELETED)inserting data
2019-04-10 10:48:33,523 - root - ERROR - >>>>>>>>>>>>>>> issue with insert query ('The SQL contains 0 parameter markers, but 1998 parameters were supplied', 'HY000')
2019-04-10 10:48:33,532 - root - INFO - wrong query:insert into "HN1.dbo.vw_origin_ccvs" values (rowNum,:CCV, :NRO_SOLICI, DELETED)inserting data
2019-04-10 10:48:33,532 - root - ERROR - >>>>>>>>>>>>>>> issue with insert query ('The SQL contains 0 parameter markers, but 1998 parameters were supplied', 'HY000')
2019-04-10 10:48:33,540 - root - INFO - wrong query:insert into "HN1.dbo.vw_origin_ccvs" values (rowNum,:CCV, :NRO_SOLICI, DELETED)inserting data
2019-04-10 10:48:33,540 - root - ERROR - >>>>>>>>>>>>>>> issue with insert query ('The SQL contains 0 parameter markers, but 1998 parameters were supplied', 'HY000')
2019-04-10 10:48:33,548 - root - INFO - wrong query:insert into "HN1.dbo.vw_origin_ccvs" values (rowNum,:CCV, :NRO_SOLICI, DELETED)inserting data
2019-04-10 10:48:33,548 - root - ERROR - >>>>>>>>>>>>>>> issue with insert query ('The SQL contains 0 parameter markers, but 1998 parameters were supplied', 'HY000')
2019-04-10 10:48:33,556 - root - INFO - wrong query:insert into "HN1.dbo.vw_origin_ccvs" values (rowNum,:CCV, :NRO_SOLICI, DELETED)inserting data
2019-04-10 10:48:33,556 - root - ERROR - >>>>>>>>>>>>>>> issue with insert query ('The SQL contains 0 parameter markers, but 1998 parameters were supplied', 'HY000')
2019-04-10 10:48:33,565 - root - INFO - wrong query:insert into "HN1.dbo.vw_origin_ccvs" values (rowNum,:CCV, :NRO_SOLICI, DELETED)inserting data
2019-04-10 10:48:33,565 - root - ERROR - >>>>>>>>>>>>>>> issue with insert query ('The SQL contains 0 parameter markers, but 1998 parameters were supplied', 'HY000')
2019-04-10 10:48:33,574 - root - INFO - wrong query:insert into "HN1.dbo.vw_origin_ccvs" values (rowNum,:CCV, :NRO_SOLICI, DELETED)inserting data
2019-04-10 10:48:33,574 - root - ERROR - >>>>>>>>>>>>>>> issue with insert query ('The SQL contains 0 parameter markers, but 1998 parameters were supplied', 'HY000')
2019-04-10 10:48:33,583 - root - INFO - wrong query:insert into "HN1.dbo.vw_origin_ccvs" values (rowNum,:CCV, :NRO_SOLICI, DELETED)inserting data
2019-04-10 10:48:33,584 - root - ERROR - >>>>>>>>>>>>>>> issue with insert query ('The SQL contains 0 parameter markers, but 1998 parameters were supplied', 'HY000')
2019-04-10 10:48:33,597 - root - INFO - wrong query:insert into "HN1.dbo.vw_origin_ccvs" values (rowNum,:CCV, :NRO_SOLICI, DELETED)inserting data
2019-04-10 10:48:33,597 - root - ERROR - >>>>>>>>>>>>>>> issue with insert query ('The SQL contains 0 parameter markers, but 1998 parameters were supplied', 'HY000')
2019-04-10 10:48:33,606 - root - INFO - wrong query:insert into "HN1.dbo.vw_origin_ccvs" values (rowNum,:CCV, :NRO_SOLICI, DELETED)inserting data
2019-04-10 10:48:33,606 - root - ERROR - >>>>>>>>>>>>>>> issue with insert query ('The SQL contains 0 parameter markers, but 1998 parameters were supplied', 'HY000')
2019-04-10 10:48:33,614 - root - INFO - wrong query:insert into "HN1.dbo.vw_origin_ccvs" values (rowNum,:CCV, :NRO_SOLICI, DELETED)inserting data
2019-04-10 10:48:33,614 - root - ERROR - >>>>>>>>>>>>>>> issue with insert query ('The SQL contains 0 parameter markers, but 1998 parameters were supplied', 'HY000')
2019-04-10 10:48:33,623 - root - INFO - wrong query:insert into "HN1.dbo.vw_origin_ccvs" values (rowNum,:CCV, :NRO_SOLICI, DELETED)inserting data
2019-04-10 10:48:33,623 - root - ERROR - >>>>>>>>>>>>>>> issue with insert query ('The SQL contains 0 parameter markers, but 1998 parameters were supplied', 'HY000')
2019-04-10 10:48:33,631 - root - INFO - wrong query:insert into "HN1.dbo.vw_origin_ccvs" values (rowNum,:CCV, :NRO_SOLICI, DELETED)inserting data
2019-04-10 10:48:33,631 - root - ERROR - >>>>>>>>>>>>>>> issue with insert query ('The SQL contains 0 parameter markers, but 1998 parameters were supplied', 'HY000')
2019-04-10 10:48:33,640 - root - INFO - wrong query:insert into "HN1.dbo.vw_origin_ccvs" values (rowNum,:CCV, :NRO_SOLICI, DELETED)inserting data
2019-04-10 10:48:33,640 - root - ERROR - >>>>>>>>>>>>>>> issue with insert query ('The SQL contains 0 parameter markers, but 1998 parameters were supplied', 'HY000')
2019-04-10 10:48:33,648 - root - INFO - wrong query:insert into "HN1.dbo.vw_origin_ccvs" values (rowNum,:CCV, :NRO_SOLICI, DELETED)inserting data
2019-04-10 10:48:33,648 - root - ERROR - >>>>>>>>>>>>>>> issue with insert query ('The SQL contains 0 parameter markers, but 1998 parameters were supplied', 'HY000')
2019-04-10 10:48:33,661 - root - INFO - wrong query:insert into "HN1.dbo.vw_origin_ccvs" values (rowNum,:CCV, :NRO_SOLICI, DELETED)inserting data
2019-04-10 10:48:33,661 - root - ERROR - >>>>>>>>>>>>>>> issue with insert query ('The SQL contains 0 parameter markers, but 1998 parameters were supplied', 'HY000')
2019-04-10 10:48:33,669 - root - INFO - wrong query:insert into "HN1.dbo.vw_origin_ccvs" values (rowNum,:CCV, :NRO_SOLICI, DELETED)inserting data
2019-04-10 10:48:33,669 - root - ERROR - >>>>>>>>>>>>>>> issue with insert query ('The SQL contains 0 parameter markers, but 1998 parameters were supplied', 'HY000')
2019-04-10 10:48:33,678 - root - INFO - wrong query:insert into "HN1.dbo.vw_origin_ccvs" values (rowNum,:CCV, :NRO_SOLICI, DELETED)inserting data
2019-04-10 10:48:33,678 - root - ERROR - >>>>>>>>>>>>>>> issue with insert query ('The SQL contains 0 parameter markers, but 1998 parameters were supplied', 'HY000')
2019-04-10 10:48:33,687 - root - INFO - wrong query:insert into "HN1.dbo.vw_origin_ccvs" values (rowNum,:CCV, :NRO_SOLICI, DELETED)inserting data
2019-04-10 10:48:33,687 - root - ERROR - >>>>>>>>>>>>>>> issue with insert query ('The SQL contains 0 parameter markers, but 1998 parameters were supplied', 'HY000')
2019-04-10 10:48:33,696 - root - INFO - wrong query:insert into "HN1.dbo.vw_origin_ccvs" values (rowNum,:CCV, :NRO_SOLICI, DELETED)inserting data
2019-04-10 10:48:33,696 - root - ERROR - >>>>>>>>>>>>>>> issue with insert query ('The SQL contains 0 parameter markers, but 1998 parameters were supplied', 'HY000')
2019-04-10 10:48:33,705 - root - INFO - wrong query:insert into "HN1.dbo.vw_origin_ccvs" values (rowNum,:CCV, :NRO_SOLICI, DELETED)inserting data
2019-04-10 10:48:33,705 - root - ERROR - >>>>>>>>>>>>>>> issue with insert query ('The SQL contains 0 parameter markers, but 1998 parameters were supplied', 'HY000')
2019-04-10 10:48:33,713 - root - INFO - wrong query:insert into "HN1.dbo.vw_origin_ccvs" values (rowNum,:CCV, :NRO_SOLICI, DELETED)inserting data
2019-04-10 10:48:33,713 - root - ERROR - >>>>>>>>>>>>>>> issue with insert query ('The SQL contains 0 parameter markers, but 1998 parameters were supplied', 'HY000')
2019-04-10 10:48:33,721 - root - INFO - wrong query:insert into "HN1.dbo.vw_origin_ccvs" values (rowNum,:CCV, :NRO_SOLICI, DELETED)inserting data
2019-04-10 10:48:33,721 - root - ERROR - >>>>>>>>>>>>>>> issue with insert query ('The SQL contains 0 parameter markers, but 1998 parameters were supplied', 'HY000')
2019-04-10 10:48:33,735 - root - INFO - wrong query:insert into "HN1.dbo.vw_origin_ccvs" values (rowNum,:CCV, :NRO_SOLICI, DELETED)inserting data
2019-04-10 10:48:33,735 - root - ERROR - >>>>>>>>>>>>>>> issue with insert query ('The SQL contains 0 parameter markers, but 1998 parameters were supplied', 'HY000')
2019-04-10 10:48:33,745 - root - INFO - wrong query:insert into "HN1.dbo.vw_origin_ccvs" values (rowNum,:CCV, :NRO_SOLICI, DELETED)inserting data
2019-04-10 10:48:33,745 - root - ERROR - >>>>>>>>>>>>>>> issue with insert query ('The SQL contains 0 parameter markers, but 1998 parameters were supplied', 'HY000')
2019-04-10 10:48:33,758 - root - INFO - wrong query:insert into "HN1.dbo.vw_origin_ccvs" values (rowNum,:CCV, :NRO_SOLICI, DELETED)inserting data
2019-04-10 10:48:33,758 - root - ERROR - >>>>>>>>>>>>>>> issue with insert query ('The SQL contains 0 parameter markers, but 1998 parameters were supplied', 'HY000')
2019-04-10 10:48:33,767 - root - INFO - wrong query:insert into "HN1.dbo.vw_origin_ccvs" values (rowNum,:CCV, :NRO_SOLICI, DELETED)inserting data
2019-04-10 10:48:33,767 - root - ERROR - >>>>>>>>>>>>>>> issue with insert query ('The SQL contains 0 parameter markers, but 1998 parameters were supplied', 'HY000')
2019-04-10 10:48:33,775 - root - INFO - wrong query:insert into "HN1.dbo.vw_origin_ccvs" values (rowNum,:CCV, :NRO_SOLICI, DELETED)inserting data
2019-04-10 10:48:33,775 - root - ERROR - >>>>>>>>>>>>>>> issue with insert query ('The SQL contains 0 parameter markers, but 1998 parameters were supplied', 'HY000')
2019-04-10 10:48:33,784 - root - INFO - wrong query:insert into "HN1.dbo.vw_origin_ccvs" values (rowNum,:CCV, :NRO_SOLICI, DELETED)inserting data
2019-04-10 10:48:33,784 - root - ERROR - >>>>>>>>>>>>>>> issue with insert query ('The SQL contains 0 parameter markers, but 1998 parameters were supplied', 'HY000')
2019-04-10 10:48:33,793 - root - INFO - wrong query:insert into "HN1.dbo.vw_origin_ccvs" values (rowNum,:CCV, :NRO_SOLICI, DELETED)inserting data
2019-04-10 10:48:33,793 - root - ERROR - >>>>>>>>>>>>>>> issue with insert query ('The SQL contains 0 parameter markers, but 1998 parameters were supplied', 'HY000')
2019-04-10 10:48:33,801 - root - INFO - wrong query:insert into "HN1.dbo.vw_origin_ccvs" values (rowNum,:CCV, :NRO_SOLICI, DELETED)inserting data
2019-04-10 10:48:33,801 - root - ERROR - >>>>>>>>>>>>>>> issue with insert query ('The SQL contains 0 parameter markers, but 1998 parameters were supplied', 'HY000')
2019-04-10 10:48:33,810 - root - INFO - wrong query:insert into "HN1.dbo.vw_origin_ccvs" values (rowNum,:CCV, :NRO_SOLICI, DELETED)inserting data
2019-04-10 10:48:33,810 - root - ERROR - >>>>>>>>>>>>>>> issue with insert query ('The SQL contains 0 parameter markers, but 1998 parameters were supplied', 'HY000')
2019-04-10 10:48:33,818 - root - INFO - wrong query:insert into "HN1.dbo.vw_origin_ccvs" values (rowNum,:CCV, :NRO_SOLICI, DELETED)inserting data
2019-04-10 10:48:33,818 - root - ERROR - >>>>>>>>>>>>>>> issue with insert query ('The SQL contains 0 parameter markers, but 1998 parameters were supplied', 'HY000')
2019-04-10 10:48:33,827 - root - INFO - wrong query:insert into "HN1.dbo.vw_origin_ccvs" values (rowNum,:CCV, :NRO_SOLICI, DELETED)inserting data
2019-04-10 10:48:33,827 - root - ERROR - >>>>>>>>>>>>>>> issue with insert query ('The SQL contains 0 parameter markers, but 1998 parameters were supplied', 'HY000')
2019-04-10 10:48:33,836 - root - INFO - wrong query:insert into "HN1.dbo.vw_origin_ccvs" values (rowNum,:CCV, :NRO_SOLICI, DELETED)inserting data
2019-04-10 10:48:33,836 - root - ERROR - >>>>>>>>>>>>>>> issue with insert query ('The SQL contains 0 parameter markers, but 1998 parameters were supplied', 'HY000')
2019-04-10 10:48:33,845 - root - INFO - wrong query:insert into "HN1.dbo.vw_origin_ccvs" values (rowNum,:CCV, :NRO_SOLICI, DELETED)inserting data
2019-04-10 10:48:33,845 - root - ERROR - >>>>>>>>>>>>>>> issue with insert query ('The SQL contains 0 parameter markers, but 1998 parameters were supplied', 'HY000')
2019-04-10 10:48:33,853 - root - INFO - wrong query:insert into "HN1.dbo.vw_origin_ccvs" values (rowNum,:CCV, :NRO_SOLICI, DELETED)inserting data
2019-04-10 10:48:33,853 - root - ERROR - >>>>>>>>>>>>>>> issue with insert query ('The SQL contains 0 parameter markers, but 1998 parameters were supplied', 'HY000')
2019-04-10 10:48:33,862 - root - INFO - wrong query:insert into "HN1.dbo.vw_origin_ccvs" values (rowNum,:CCV, :NRO_SOLICI, DELETED)inserting data
2019-04-10 10:48:33,862 - root - ERROR - >>>>>>>>>>>>>>> issue with insert query ('The SQL contains 0 parameter markers, but 1998 parameters were supplied', 'HY000')
2019-04-10 10:48:33,871 - root - INFO - wrong query:insert into "HN1.dbo.vw_origin_ccvs" values (rowNum,:CCV, :NRO_SOLICI, DELETED)inserting data
2019-04-10 10:48:33,872 - root - ERROR - >>>>>>>>>>>>>>> issue with insert query ('The SQL contains 0 parameter markers, but 1998 parameters were supplied', 'HY000')
2019-04-10 10:48:33,887 - root - INFO - wrong query:insert into "HN1.dbo.vw_origin_ccvs" values (rowNum,:CCV, :NRO_SOLICI, DELETED)inserting data
2019-04-10 10:48:33,887 - root - ERROR - >>>>>>>>>>>>>>> issue with insert query ('The SQL contains 0 parameter markers, but 1998 parameters were supplied', 'HY000')
2019-04-10 10:48:33,896 - root - INFO - wrong query:insert into "HN1.dbo.vw_origin_ccvs" values (rowNum,:CCV, :NRO_SOLICI, DELETED)inserting data
2019-04-10 10:48:33,896 - root - ERROR - >>>>>>>>>>>>>>> issue with insert query ('The SQL contains 0 parameter markers, but 1998 parameters were supplied', 'HY000')
2019-04-10 10:48:33,900 - root - ERROR - >>>>>>>>>>>>>>> issue with table creation:can only concatenate str (not "tuple") to str
2019-04-10 10:48:33,900 - root - WARNING - insert finished
2019-04-10 10:48:33,901 - root - WARNING - connected to Sqlserver.
2019-04-10 10:48:33,901 - root - INFO - Processing: codigos.dbf
2019-04-10 10:48:33,902 - root - INFO - new table to create: "create table HN1.dbo.vw_origin_codigos (rowNum numeric (20), "ID_CODIGO" varchar(max), "CODIGO" varchar(max), "DESCRIPCOD" varchar(max), DELETED varchar (5))"
2019-04-10 10:48:33,905 - root - WARNING - Going to insert to table: codigos
2019-04-10 10:48:33,906 - root - ERROR - >>>>>>>>>>>>>>> issue with table creation:can only concatenate str (not "tuple") to str
2019-04-10 10:48:33,906 - root - WARNING - insert finished
2019-04-10 10:48:33,906 - root - WARNING - connected to Sqlserver.
2019-04-10 10:48:33,906 - root - INFO - Processing: eventab.dbf
2019-04-10 10:48:33,907 - root - INFO - new table to create: "create table HN1.dbo.vw_origin_eventab (rowNum numeric (20), "EVENTO" varchar(max), "DESCRIP" varchar(max), "TIPO_EVENT" varchar(max), "INFO_ADI" varchar(max), "ETI_COMENT" varchar(max), "ETI_NUMERO" varchar(max), DELETED varchar (5))"
2019-04-10 10:48:33,909 - root - WARNING - Going to insert to table: eventab
2019-04-10 10:48:33,912 - root - ERROR - >>>>>>>>>>>>>>> issue with table creation:can only concatenate str (not "tuple") to str
2019-04-10 10:48:33,912 - root - WARNING - insert finished
2019-04-10 10:48:33,912 - root - WARNING - connected to Sqlserver.
2019-04-10 10:48:33,912 - root - INFO - Processing: marca.DBF
2019-04-10 10:48:33,914 - root - INFO - new table to create: "create table HN1.dbo.vw_origin_marca (rowNum numeric (20), "NRO_SOLICI" varchar(max), "SOLICITADA" varchar(max), "TIPO_MARCA" varchar(max), "SIGNO" varchar(max), "NOM_MARCA" varchar(max), "REGISTRO" varchar(max), "REGISTRADA" varchar(max), "RENUEVA" varchar(max), "EXPIRA" varchar(max), "AGENTE" varchar(max), "STATUS" varchar(max), "STAT_DESDE" varchar(max), "PESO_RASGO" varchar(max), "LARFON" varchar(max), "PESO_R" varchar(max), "PUBLICADA" varchar(max), "DIARIO" varchar(max), "LIMITACION" varchar(max), "HORA" varchar(max), "RTOMO" varchar(max), "RFOLIO" varchar(max), "RESERVA" varchar(max), "NRO_PODER" varchar(max), "MODIFICA" varchar(max), "NRO_GACETA" varchar(max), "QUIEN" varchar(max), "CALIDAD" varchar(max), "CLASE" varchar(max), "MODIFICADO" varchar(max), "ANUALIDAD" varchar(max), "NRO_RESOL" varchar(max), "LEY" varchar(max), "CLASES_TXT" varchar(max), DELETED varchar (5))"
2019-04-10 10:48:33,916 - root - WARNING - Going to insert to table: marca
2019-04-10 10:48:34,331 - root - INFO - wrong query:insert into "HN1.dbo.vw_origin_marca" values (rowNum,:NRO_SOLICI, :SOLICITADA, :TIPO_MARCA, :SIGNO, :NOM_MARCA, :REGISTRO, :REGISTRADA, :RENUEVA, :EXPIRA, :AGENTE, :STATUS, :STAT_DESDE, :PESO_RASGO, :LARFON, :PESO_R, :PUBLICADA, :DIARIO, :LIMITACION, :HORA, :RTOMO, :RFOLIO, :RESERVA, :NRO_PODER, :MODIFICA, :NRO_GACETA, :QUIEN, :CALIDAD, :CLASE, :MODIFICADO, :ANUALIDAD, :NRO_RESOL, :LEY, :CLASES_TXT, DELETED)inserting data
2019-04-10 10:48:34,331 - root - ERROR - >>>>>>>>>>>>>>> issue with insert query ('The SQL contains 0 parameter markers, but 33000 parameters were supplied', 'HY000')
2019-04-10 10:48:34,731 - root - INFO - wrong query:insert into "HN1.dbo.vw_origin_marca" values (rowNum,:NRO_SOLICI, :SOLICITADA, :TIPO_MARCA, :SIGNO, :NOM_MARCA, :REGISTRO, :REGISTRADA, :RENUEVA, :EXPIRA, :AGENTE, :STATUS, :STAT_DESDE, :PESO_RASGO, :LARFON, :PESO_R, :PUBLICADA, :DIARIO, :LIMITACION, :HORA, :RTOMO, :RFOLIO, :RESERVA, :NRO_PODER, :MODIFICA, :NRO_GACETA, :QUIEN, :CALIDAD, :CLASE, :MODIFICADO, :ANUALIDAD, :NRO_RESOL, :LEY, :CLASES_TXT, DELETED)inserting data
2019-04-10 10:48:34,731 - root - ERROR - >>>>>>>>>>>>>>> issue with insert query ('The SQL contains 0 parameter markers, but 32967 parameters were supplied', 'HY000')
2019-04-10 10:48:35,149 - root - INFO - wrong query:insert into "HN1.dbo.vw_origin_marca" values (rowNum,:NRO_SOLICI, :SOLICITADA, :TIPO_MARCA, :SIGNO, :NOM_MARCA, :REGISTRO, :REGISTRADA, :RENUEVA, :EXPIRA, :AGENTE, :STATUS, :STAT_DESDE, :PESO_RASGO, :LARFON, :PESO_R, :PUBLICADA, :DIARIO, :LIMITACION, :HORA, :RTOMO, :RFOLIO, :RESERVA, :NRO_PODER, :MODIFICA, :NRO_GACETA, :QUIEN, :CALIDAD, :CLASE, :MODIFICADO, :ANUALIDAD, :NRO_RESOL, :LEY, :CLASES_TXT, DELETED)inserting data
2019-04-10 10:48:35,149 - root - ERROR - >>>>>>>>>>>>>>> issue with insert query ('The SQL contains 0 parameter markers, but 32967 parameters were supplied', 'HY000')
2019-04-10 10:48:35,571 - root - INFO - wrong query:insert into "HN1.dbo.vw_origin_marca" values (rowNum,:NRO_SOLICI, :SOLICITADA, :TIPO_MARCA, :SIGNO, :NOM_MARCA, :REGISTRO, :REGISTRADA, :RENUEVA, :EXPIRA, :AGENTE, :STATUS, :STAT_DESDE, :PESO_RASGO, :LARFON, :PESO_R, :PUBLICADA, :DIARIO, :LIMITACION, :HORA, :RTOMO, :RFOLIO, :RESERVA, :NRO_PODER, :MODIFICA, :NRO_GACETA, :QUIEN, :CALIDAD, :CLASE, :MODIFICADO, :ANUALIDAD, :NRO_RESOL, :LEY, :CLASES_TXT, DELETED)inserting data
2019-04-10 10:48:35,571 - root - ERROR - >>>>>>>>>>>>>>> issue with insert query ('The SQL contains 0 parameter markers, but 32967 parameters were supplied', 'HY000')
2019-04-10 10:48:36,016 - root - INFO - wrong query:insert into "HN1.dbo.vw_origin_marca" values (rowNum,:NRO_SOLICI, :SOLICITADA, :TIPO_MARCA, :SIGNO, :NOM_MARCA, :REGISTRO, :REGISTRADA, :RENUEVA, :EXPIRA, :AGENTE, :STATUS, :STAT_DESDE, :PESO_RASGO, :LARFON, :PESO_R, :PUBLICADA, :DIARIO, :LIMITACION, :HORA, :RTOMO, :RFOLIO, :RESERVA, :NRO_PODER, :MODIFICA, :NRO_GACETA, :QUIEN, :CALIDAD, :CLASE, :MODIFICADO, :ANUALIDAD, :NRO_RESOL, :LEY, :CLASES_TXT, DELETED)inserting data
2019-04-10 10:48:36,016 - root - ERROR - >>>>>>>>>>>>>>> issue with insert query ('The SQL contains 0 parameter markers, but 32967 parameters were supplied', 'HY000')
2019-04-10 10:48:36,424 - root - INFO - wrong query:insert into "HN1.dbo.vw_origin_marca" values (rowNum,:NRO_SOLICI, :SOLICITADA, :TIPO_MARCA, :SIGNO, :NOM_MARCA, :REGISTRO, :REGISTRADA, :RENUEVA, :EXPIRA, :AGENTE, :STATUS, :STAT_DESDE, :PESO_RASGO, :LARFON, :PESO_R, :PUBLICADA, :DIARIO, :LIMITACION, :HORA, :RTOMO, :RFOLIO, :RESERVA, :NRO_PODER, :MODIFICA, :NRO_GACETA, :QUIEN, :CALIDAD, :CLASE, :MODIFICADO, :ANUALIDAD, :NRO_RESOL, :LEY, :CLASES_TXT, DELETED)inserting data
2019-04-10 10:48:36,425 - root - ERROR - >>>>>>>>>>>>>>> issue with insert query ('The SQL contains 0 parameter markers, but 32967 parameters were supplied', 'HY000')
2019-04-10 10:48:36,852 - root - INFO - wrong query:insert into "HN1.dbo.vw_origin_marca" values (rowNum,:NRO_SOLICI, :SOLICITADA, :TIPO_MARCA, :SIGNO, :NOM_MARCA, :REGISTRO, :REGISTRADA, :RENUEVA, :EXPIRA, :AGENTE, :STATUS, :STAT_DESDE, :PESO_RASGO, :LARFON, :PESO_R, :PUBLICADA, :DIARIO, :LIMITACION, :HORA, :RTOMO, :RFOLIO, :RESERVA, :NRO_PODER, :MODIFICA, :NRO_GACETA, :QUIEN, :CALIDAD, :CLASE, :MODIFICADO, :ANUALIDAD, :NRO_RESOL, :LEY, :CLASES_TXT, DELETED)inserting data
2019-04-10 10:48:36,852 - root - ERROR - >>>>>>>>>>>>>>> issue with insert query ('The SQL contains 0 parameter markers, but 32967 parameters were supplied', 'HY000')
2019-04-10 10:48:37,255 - root - INFO - wrong query:insert into "HN1.dbo.vw_origin_marca" values (rowNum,:NRO_SOLICI, :SOLICITADA, :TIPO_MARCA, :SIGNO, :NOM_MARCA, :REGISTRO, :REGISTRADA, :RENUEVA, :EXPIRA, :AGENTE, :STATUS, :STAT_DESDE, :PESO_RASGO, :LARFON, :PESO_R, :PUBLICADA, :DIARIO, :LIMITACION, :HORA, :RTOMO, :RFOLIO, :RESERVA, :NRO_PODER, :MODIFICA, :NRO_GACETA, :QUIEN, :CALIDAD, :CLASE, :MODIFICADO, :ANUALIDAD, :NRO_RESOL, :LEY, :CLASES_TXT, DELETED)inserting data
2019-04-10 10:48:37,255 - root - ERROR - >>>>>>>>>>>>>>> issue with insert query ('The SQL contains 0 parameter markers, but 32967 parameters were supplied', 'HY000')
2019-04-10 10:48:37,648 - root - INFO - wrong query:insert into "HN1.dbo.vw_origin_marca" values (rowNum,:NRO_SOLICI, :SOLICITADA, :TIPO_MARCA, :SIGNO, :NOM_MARCA, :REGISTRO, :REGISTRADA, :RENUEVA, :EXPIRA, :AGENTE, :STATUS, :STAT_DESDE, :PESO_RASGO, :LARFON, :PESO_R, :PUBLICADA, :DIARIO, :LIMITACION, :HORA, :RTOMO, :RFOLIO, :RESERVA, :NRO_PODER, :MODIFICA, :NRO_GACETA, :QUIEN, :CALIDAD, :CLASE, :MODIFICADO, :ANUALIDAD, :NRO_RESOL, :LEY, :CLASES_TXT, DELETED)inserting data
2019-04-10 10:48:37,648 - root - ERROR - >>>>>>>>>>>>>>> issue with insert query ('The SQL contains 0 parameter markers, but 32967 parameters were supplied', 'HY000')
2019-04-10 10:48:48,620 - root - WARNING - connected to Sqlserver.
2019-04-10 10:48:48,624 - root - INFO - Connections to database severed
2019-04-10 10:48:48,644 - root - INFO - database dropped
2019-04-10 10:48:48,845 - root - INFO - New Intermediate databas created
2019-04-10 10:48:48,861 - root - WARNING - connected to Sqlserver.
2019-04-10 10:48:48,861 - root - INFO - Processing: agentes.DBF
2019-04-10 10:48:48,863 - root - INFO - new table to create: "create table HN1.dbo.vw_origin_agentes (rowNum numeric (20), "AGENTE" varchar(max), "NOMBRE" varchar(max), "DIRECCION" varchar(max), "CONTACTO" varchar(max), "CALIDAD" varchar(max), DELETED varchar (5))"
2019-04-10 10:48:48,865 - root - WARNING - Going to insert to table: agentes
2019-04-10 10:48:48,890 - root - INFO - wrong query:insert into "HN1.dbo.vw_origin_agentes" values (rowNum,:AGENTE, :NOMBRE, :DIRECCION, :CONTACTO, :CALIDAD, DELETED)inserting data
2019-04-10 10:48:48,890 - root - ERROR - >>>>>>>>>>>>>>> issue with insert query ('The SQL contains 0 parameter markers, but 5000 parameters were supplied', 'HY000')
2019-04-10 10:48:48,917 - root - INFO - wrong query:insert into "HN1.dbo.vw_origin_agentes" values (rowNum,:AGENTE, :NOMBRE, :DIRECCION, :CONTACTO, :CALIDAD, DELETED)inserting data
2019-04-10 10:48:48,917 - root - ERROR - >>>>>>>>>>>>>>> issue with insert query ('The SQL contains 0 parameter markers, but 4995 parameters were supplied', 'HY000')
2019-04-10 10:48:48,942 - root - INFO - wrong query:insert into "HN1.dbo.vw_origin_agentes" values (rowNum,:AGENTE, :NOMBRE, :DIRECCION, :CONTACTO, :CALIDAD, DELETED)inserting data
2019-04-10 10:48:48,942 - root - ERROR - >>>>>>>>>>>>>>> issue with insert query ('The SQL contains 0 parameter markers, but 4995 parameters were supplied', 'HY000')
2019-04-10 10:48:48,964 - root - INFO - wrong query:insert into "HN1.dbo.vw_origin_agentes" values (rowNum,:AGENTE, :NOMBRE, :DIRECCION, :CONTACTO, :CALIDAD, DELETED)inserting data
2019-04-10 10:48:48,964 - root - ERROR - >>>>>>>>>>>>>>> issue with insert query ('The SQL contains 0 parameter markers, but 4995 parameters were supplied', 'HY000')
2019-04-10 10:48:48,989 - root - INFO - wrong query:insert into "HN1.dbo.vw_origin_agentes" values (rowNum,:AGENTE, :NOMBRE, :DIRECCION, :CONTACTO, :CALIDAD, DELETED)inserting data
2019-04-10 10:48:48,989 - root - ERROR - >>>>>>>>>>>>>>> issue with insert query ('The SQL contains 0 parameter markers, but 4995 parameters were supplied', 'HY000')
2019-04-10 10:48:49,011 - root - INFO - wrong query:insert into "HN1.dbo.vw_origin_agentes" values (rowNum,:AGENTE, :NOMBRE, :DIRECCION, :CONTACTO, :CALIDAD, DELETED)inserting data
2019-04-10 10:48:49,011 - root - ERROR - >>>>>>>>>>>>>>> issue with insert query ('The SQL contains 0 parameter markers, but 4995 parameters were supplied', 'HY000')
2019-04-10 10:48:49,033 - root - INFO - wrong query:insert into "HN1.dbo.vw_origin_agentes" values (rowNum,:AGENTE, :NOMBRE, :DIRECCION, :CONTACTO, :CALIDAD, DELETED)inserting data
2019-04-10 10:48:49,033 - root - ERROR - >>>>>>>>>>>>>>> issue with insert query ('The SQL contains 0 parameter markers, but 4995 parameters were supplied', 'HY000')
2019-04-10 10:48:49,053 - root - INFO - wrong query:insert into "HN1.dbo.vw_origin_agentes" values (rowNum,:AGENTE, :NOMBRE, :DIRECCION, :CONTACTO, :CALIDAD, DELETED)inserting data
2019-04-10 10:48:49,053 - root - ERROR - >>>>>>>>>>>>>>> issue with insert query ('The SQL contains 0 parameter markers, but 4995 parameters were supplied', 'HY000')
2019-04-10 10:48:49,079 - root - INFO - wrong query:insert into "HN1.dbo.vw_origin_agentes" values (rowNum,:AGENTE, :NOMBRE, :DIRECCION, :CONTACTO, :CALIDAD, DELETED)inserting data
2019-04-10 10:48:49,080 - root - ERROR - >>>>>>>>>>>>>>> issue with insert query ('The SQL contains 0 parameter markers, but 4995 parameters were supplied', 'HY000')
2019-04-10 10:48:49,108 - root - INFO - wrong query:insert into "HN1.dbo.vw_origin_agentes" values (rowNum,:AGENTE, :NOMBRE, :DIRECCION, :CONTACTO, :CALIDAD, DELETED)inserting data
2019-04-10 10:48:49,108 - root - ERROR - >>>>>>>>>>>>>>> issue with insert query ('The SQL contains 0 parameter markers, but 4995 parameters were supplied', 'HY000')
2019-04-10 10:48:49,136 - root - INFO - wrong query:insert into "HN1.dbo.vw_origin_agentes" values (rowNum,:AGENTE, :NOMBRE, :DIRECCION, :CONTACTO, :CALIDAD, DELETED)inserting data
2019-04-10 10:48:49,136 - root - ERROR - >>>>>>>>>>>>>>> issue with insert query ('The SQL contains 0 parameter markers, but 4995 parameters were supplied', 'HY000')
2019-04-10 10:48:49,138 - root - ERROR - >>>>>>>>>>>>>>> issue with table creation:can only concatenate str (not "tuple") to str
2019-04-10 10:48:49,138 - root - WARNING - insert finished
2019-04-10 10:48:49,140 - root - WARNING - connected to Sqlserver.
2019-04-10 10:48:49,140 - root - INFO - Processing: ccvs.DBF
2019-04-10 10:48:49,142 - root - INFO - new table to create: "create table HN1.dbo.vw_origin_ccvs (rowNum numeric (20), "CCV" varchar(max), "NRO_SOLICI" varchar(max), DELETED varchar (5))"
2019-04-10 10:48:49,143 - root - WARNING - Going to insert to table: ccvs
2019-04-10 10:48:49,151 - root - INFO - wrong query:insert into "HN1.dbo.vw_origin_ccvs" values (rowNum,:CCV, :NRO_SOLICI, DELETED)inserting data
2019-04-10 10:48:49,151 - root - ERROR - >>>>>>>>>>>>>>> issue with insert query ('The SQL contains 0 parameter markers, but 2000 parameters were supplied', 'HY000')
2019-04-10 10:48:49,160 - root - INFO - wrong query:insert into "HN1.dbo.vw_origin_ccvs" values (rowNum,:CCV, :NRO_SOLICI, DELETED)inserting data
2019-04-10 10:48:49,160 - root - ERROR - >>>>>>>>>>>>>>> issue with insert query ('The SQL contains 0 parameter markers, but 1998 parameters were supplied', 'HY000')
2019-04-10 10:48:49,168 - root - INFO - wrong query:insert into "HN1.dbo.vw_origin_ccvs" values (rowNum,:CCV, :NRO_SOLICI, DELETED)inserting data
2019-04-10 10:48:49,168 - root - ERROR - >>>>>>>>>>>>>>> issue with insert query ('The SQL contains 0 parameter markers, but 1998 parameters were supplied', 'HY000')
2019-04-10 10:48:49,177 - root - INFO - wrong query:insert into "HN1.dbo.vw_origin_ccvs" values (rowNum,:CCV, :NRO_SOLICI, DELETED)inserting data
2019-04-10 10:48:49,177 - root - ERROR - >>>>>>>>>>>>>>> issue with insert query ('The SQL contains 0 parameter markers, but 1998 parameters were supplied', 'HY000')
2019-04-10 10:48:49,185 - root - INFO - wrong query:insert into "HN1.dbo.vw_origin_ccvs" values (rowNum,:CCV, :NRO_SOLICI, DELETED)inserting data
2019-04-10 10:48:49,185 - root - ERROR - >>>>>>>>>>>>>>> issue with insert query ('The SQL contains 0 parameter markers, but 1998 parameters were supplied', 'HY000')
2019-04-10 10:48:49,193 - root - INFO - wrong query:insert into "HN1.dbo.vw_origin_ccvs" values (rowNum,:CCV, :NRO_SOLICI, DELETED)inserting data
2019-04-10 10:48:49,193 - root - ERROR - >>>>>>>>>>>>>>> issue with insert query ('The SQL contains 0 parameter markers, but 1998 parameters were supplied', 'HY000')
2019-04-10 10:48:49,202 - root - INFO - wrong query:insert into "HN1.dbo.vw_origin_ccvs" values (rowNum,:CCV, :NRO_SOLICI, DELETED)inserting data
2019-04-10 10:48:49,202 - root - ERROR - >>>>>>>>>>>>>>> issue with insert query ('The SQL contains 0 parameter markers, but 1998 parameters were supplied', 'HY000')
2019-04-10 10:48:49,210 - root - INFO - wrong query:insert into "HN1.dbo.vw_origin_ccvs" values (rowNum,:CCV, :NRO_SOLICI, DELETED)inserting data
2019-04-10 10:48:49,210 - root - ERROR - >>>>>>>>>>>>>>> issue with insert query ('The SQL contains 0 parameter markers, but 1998 parameters were supplied', 'HY000')
2019-04-10 10:48:49,218 - root - INFO - wrong query:insert into "HN1.dbo.vw_origin_ccvs" values (rowNum,:CCV, :NRO_SOLICI, DELETED)inserting data
2019-04-10 10:48:49,218 - root - ERROR - >>>>>>>>>>>>>>> issue with insert query ('The SQL contains 0 parameter markers, but 1998 parameters were supplied', 'HY000')
2019-04-10 10:48:49,226 - root - INFO - wrong query:insert into "HN1.dbo.vw_origin_ccvs" values (rowNum,:CCV, :NRO_SOLICI, DELETED)inserting data
2019-04-10 10:48:49,226 - root - ERROR - >>>>>>>>>>>>>>> issue with insert query ('The SQL contains 0 parameter markers, but 1998 parameters were supplied', 'HY000')
2019-04-10 10:48:49,235 - root - INFO - wrong query:insert into "HN1.dbo.vw_origin_ccvs" values (rowNum,:CCV, :NRO_SOLICI, DELETED)inserting data
2019-04-10 10:48:49,235 - root - ERROR - >>>>>>>>>>>>>>> issue with insert query ('The SQL contains 0 parameter markers, but 1998 parameters were supplied', 'HY000')
2019-04-10 10:48:49,244 - root - INFO - wrong query:insert into "HN1.dbo.vw_origin_ccvs" values (rowNum,:CCV, :NRO_SOLICI, DELETED)inserting data
2019-04-10 10:48:49,244 - root - ERROR - >>>>>>>>>>>>>>> issue with insert query ('The SQL contains 0 parameter markers, but 1998 parameters were supplied', 'HY000')
2019-04-10 10:48:49,252 - root - INFO - wrong query:insert into "HN1.dbo.vw_origin_ccvs" values (rowNum,:CCV, :NRO_SOLICI, DELETED)inserting data
2019-04-10 10:48:49,252 - root - ERROR - >>>>>>>>>>>>>>> issue with insert query ('The SQL contains 0 parameter markers, but 1998 parameters were supplied', 'HY000')
2019-04-10 10:48:49,260 - root - INFO - wrong query:insert into "HN1.dbo.vw_origin_ccvs" values (rowNum,:CCV, :NRO_SOLICI, DELETED)inserting data
2019-04-10 10:48:49,260 - root - ERROR - >>>>>>>>>>>>>>> issue with insert query ('The SQL contains 0 parameter markers, but 1998 parameters were supplied', 'HY000')
2019-04-10 10:48:49,269 - root - INFO - wrong query:insert into "HN1.dbo.vw_origin_ccvs" values (rowNum,:CCV, :NRO_SOLICI, DELETED)inserting data
2019-04-10 10:48:49,269 - root - ERROR - >>>>>>>>>>>>>>> issue with insert query ('The SQL contains 0 parameter markers, but 1998 parameters were supplied', 'HY000')
2019-04-10 10:48:49,277 - root - INFO - wrong query:insert into "HN1.dbo.vw_origin_ccvs" values (rowNum,:CCV, :NRO_SOLICI, DELETED)inserting data
2019-04-10 10:48:49,277 - root - ERROR - >>>>>>>>>>>>>>> issue with insert query ('The SQL contains 0 parameter markers, but 1998 parameters were supplied', 'HY000')
2019-04-10 10:48:49,286 - root - INFO - wrong query:insert into "HN1.dbo.vw_origin_ccvs" values (rowNum,:CCV, :NRO_SOLICI, DELETED)inserting data
2019-04-10 10:48:49,286 - root - ERROR - >>>>>>>>>>>>>>> issue with insert query ('The SQL contains 0 parameter markers, but 1998 parameters were supplied', 'HY000')
2019-04-10 10:48:49,294 - root - INFO - wrong query:insert into "HN1.dbo.vw_origin_ccvs" values (rowNum,:CCV, :NRO_SOLICI, DELETED)inserting data
2019-04-10 10:48:49,294 - root - ERROR - >>>>>>>>>>>>>>> issue with insert query ('The SQL contains 0 parameter markers, but 1998 parameters were supplied', 'HY000')
2019-04-10 10:48:49,303 - root - INFO - wrong query:insert into "HN1.dbo.vw_origin_ccvs" values (rowNum,:CCV, :NRO_SOLICI, DELETED)inserting data
2019-04-10 10:48:49,303 - root - ERROR - >>>>>>>>>>>>>>> issue with insert query ('The SQL contains 0 parameter markers, but 1998 parameters were supplied', 'HY000')
2019-04-10 10:48:49,312 - root - INFO - wrong query:insert into "HN1.dbo.vw_origin_ccvs" values (rowNum,:CCV, :NRO_SOLICI, DELETED)inserting data
2019-04-10 10:48:49,312 - root - ERROR - >>>>>>>>>>>>>>> issue with insert query ('The SQL contains 0 parameter markers, but 1998 parameters were supplied', 'HY000')
2019-04-10 10:48:49,320 - root - INFO - wrong query:insert into "HN1.dbo.vw_origin_ccvs" values (rowNum,:CCV, :NRO_SOLICI, DELETED)inserting data
2019-04-10 10:48:49,320 - root - ERROR - >>>>>>>>>>>>>>> issue with insert query ('The SQL contains 0 parameter markers, but 1998 parameters were supplied', 'HY000')
2019-04-10 10:48:49,329 - root - INFO - wrong query:insert into "HN1.dbo.vw_origin_ccvs" values (rowNum,:CCV, :NRO_SOLICI, DELETED)inserting data
2019-04-10 10:48:49,329 - root - ERROR - >>>>>>>>>>>>>>> issue with insert query ('The SQL contains 0 parameter markers, but 1998 parameters were supplied', 'HY000')
2019-04-10 10:48:49,338 - root - INFO - wrong query:insert into "HN1.dbo.vw_origin_ccvs" values (rowNum,:CCV, :NRO_SOLICI, DELETED)inserting data
2019-04-10 10:48:49,338 - root - ERROR - >>>>>>>>>>>>>>> issue with insert query ('The SQL contains 0 parameter markers, but 1998 parameters were supplied', 'HY000')
2019-04-10 10:48:49,350 - root - INFO - wrong query:insert into "HN1.dbo.vw_origin_ccvs" values (rowNum,:CCV, :NRO_SOLICI, DELETED)inserting data
2019-04-10 10:48:49,351 - root - ERROR - >>>>>>>>>>>>>>> issue with insert query ('The SQL contains 0 parameter markers, but 1998 parameters were supplied', 'HY000')
2019-04-10 10:48:49,359 - root - INFO - wrong query:insert into "HN1.dbo.vw_origin_ccvs" values (rowNum,:CCV, :NRO_SOLICI, DELETED)inserting data
2019-04-10 10:48:49,359 - root - ERROR - >>>>>>>>>>>>>>> issue with insert query ('The SQL contains 0 parameter markers, but 1998 parameters were supplied', 'HY000')
2019-04-10 10:48:49,367 - root - INFO - wrong query:insert into "HN1.dbo.vw_origin_ccvs" values (rowNum,:CCV, :NRO_SOLICI, DELETED)inserting data
2019-04-10 10:48:49,367 - root - ERROR - >>>>>>>>>>>>>>> issue with insert query ('The SQL contains 0 parameter markers, but 1998 parameters were supplied', 'HY000')
2019-04-10 10:48:49,376 - root - INFO - wrong query:insert into "HN1.dbo.vw_origin_ccvs" values (rowNum,:CCV, :NRO_SOLICI, DELETED)inserting data
2019-04-10 10:48:49,376 - root - ERROR - >>>>>>>>>>>>>>> issue with insert query ('The SQL contains 0 parameter markers, but 1998 parameters were supplied', 'HY000')
2019-04-10 10:48:49,385 - root - INFO - wrong query:insert into "HN1.dbo.vw_origin_ccvs" values (rowNum,:CCV, :NRO_SOLICI, DELETED)inserting data
2019-04-10 10:48:49,385 - root - ERROR - >>>>>>>>>>>>>>> issue with insert query ('The SQL contains 0 parameter markers, but 1998 parameters were supplied', 'HY000')
2019-04-10 10:48:49,393 - root - INFO - wrong query:insert into "HN1.dbo.vw_origin_ccvs" values (rowNum,:CCV, :NRO_SOLICI, DELETED)inserting data
2019-04-10 10:48:49,393 - root - ERROR - >>>>>>>>>>>>>>> issue with insert query ('The SQL contains 0 parameter markers, but 1998 parameters were supplied', 'HY000')
2019-04-10 10:48:49,402 - root - INFO - wrong query:insert into "HN1.dbo.vw_origin_ccvs" values (rowNum,:CCV, :NRO_SOLICI, DELETED)inserting data
2019-04-10 10:48:49,402 - root - ERROR - >>>>>>>>>>>>>>> issue with insert query ('The SQL contains 0 parameter markers, but 1998 parameters were supplied', 'HY000')
2019-04-10 10:48:49,410 - root - INFO - wrong query:insert into "HN1.dbo.vw_origin_ccvs" values (rowNum,:CCV, :NRO_SOLICI, DELETED)inserting data
2019-04-10 10:48:49,410 - root - ERROR - >>>>>>>>>>>>>>> issue with insert query ('The SQL contains 0 parameter markers, but 1998 parameters were supplied', 'HY000')
2019-04-10 10:48:49,419 - root - INFO - wrong query:insert into "HN1.dbo.vw_origin_ccvs" values (rowNum,:CCV, :NRO_SOLICI, DELETED)inserting data
2019-04-10 10:48:49,419 - root - ERROR - >>>>>>>>>>>>>>> issue with insert query ('The SQL contains 0 parameter markers, but 1998 parameters were supplied', 'HY000')
2019-04-10 10:48:49,428 - root - INFO - wrong query:insert into "HN1.dbo.vw_origin_ccvs" values (rowNum,:CCV, :NRO_SOLICI, DELETED)inserting data
2019-04-10 10:48:49,428 - root - ERROR - >>>>>>>>>>>>>>> issue with insert query ('The SQL contains 0 parameter markers, but 1998 parameters were supplied', 'HY000')
2019-04-10 10:48:49,441 - root - INFO - wrong query:insert into "HN1.dbo.vw_origin_ccvs" values (rowNum,:CCV, :NRO_SOLICI, DELETED)inserting data
2019-04-10 10:48:49,441 - root - ERROR - >>>>>>>>>>>>>>> issue with insert query ('The SQL contains 0 parameter markers, but 1998 parameters were supplied', 'HY000')
2019-04-10 10:48:49,449 - root - INFO - wrong query:insert into "HN1.dbo.vw_origin_ccvs" values (rowNum,:CCV, :NRO_SOLICI, DELETED)inserting data
2019-04-10 10:48:49,449 - root - ERROR - >>>>>>>>>>>>>>> issue with insert query ('The SQL contains 0 parameter markers, but 1998 parameters were supplied', 'HY000')
2019-04-10 10:48:49,457 - root - INFO - wrong query:insert into "HN1.dbo.vw_origin_ccvs" values (rowNum,:CCV, :NRO_SOLICI, DELETED)inserting data
2019-04-10 10:48:49,457 - root - ERROR - >>>>>>>>>>>>>>> issue with insert query ('The SQL contains 0 parameter markers, but 1998 parameters were supplied', 'HY000')
2019-04-10 10:48:49,465 - root - INFO - wrong query:insert into "HN1.dbo.vw_origin_ccvs" values (rowNum,:CCV, :NRO_SOLICI, DELETED)inserting data
2019-04-10 10:48:49,465 - root - ERROR - >>>>>>>>>>>>>>> issue with insert query ('The SQL contains 0 parameter markers, but 1998 parameters were supplied', 'HY000')
2019-04-10 10:48:49,473 - root - INFO - wrong query:insert into "HN1.dbo.vw_origin_ccvs" values (rowNum,:CCV, :NRO_SOLICI, DELETED)inserting data
2019-04-10 10:48:49,473 - root - ERROR - >>>>>>>>>>>>>>> issue with insert query ('The SQL contains 0 parameter markers, but 1998 parameters were supplied', 'HY000')
2019-04-10 10:48:49,481 - root - INFO - wrong query:insert into "HN1.dbo.vw_origin_ccvs" values (rowNum,:CCV, :NRO_SOLICI, DELETED)inserting data
2019-04-10 10:48:49,481 - root - ERROR - >>>>>>>>>>>>>>> issue with insert query ('The SQL contains 0 parameter markers, but 1998 parameters were supplied', 'HY000')
2019-04-10 10:48:49,490 - root - INFO - wrong query:insert into "HN1.dbo.vw_origin_ccvs" values (rowNum,:CCV, :NRO_SOLICI, DELETED)inserting data
2019-04-10 10:48:49,490 - root - ERROR - >>>>>>>>>>>>>>> issue with insert query ('The SQL contains 0 parameter markers, but 1998 parameters were supplied', 'HY000')
2019-04-10 10:48:49,499 - root - INFO - wrong query:insert into "HN1.dbo.vw_origin_ccvs" values (rowNum,:CCV, :NRO_SOLICI, DELETED)inserting data
2019-04-10 10:48:49,499 - root - ERROR - >>>>>>>>>>>>>>> issue with insert query ('The SQL contains 0 parameter markers, but 1998 parameters were supplied', 'HY000')
2019-04-10 10:48:49,508 - root - INFO - wrong query:insert into "HN1.dbo.vw_origin_ccvs" values (rowNum,:CCV, :NRO_SOLICI, DELETED)inserting data
2019-04-10 10:48:49,508 - root - ERROR - >>>>>>>>>>>>>>> issue with insert query ('The SQL contains 0 parameter markers, but 1998 parameters were supplied', 'HY000')
2019-04-10 10:48:49,517 - root - INFO - wrong query:insert into "HN1.dbo.vw_origin_ccvs" values (rowNum,:CCV, :NRO_SOLICI, DELETED)inserting data
2019-04-10 10:48:49,517 - root - ERROR - >>>>>>>>>>>>>>> issue with insert query ('The SQL contains 0 parameter markers, but 1998 parameters were supplied', 'HY000')
2019-04-10 10:48:49,525 - root - INFO - wrong query:insert into "HN1.dbo.vw_origin_ccvs" values (rowNum,:CCV, :NRO_SOLICI, DELETED)inserting data
2019-04-10 10:48:49,525 - root - ERROR - >>>>>>>>>>>>>>> issue with insert query ('The SQL contains 0 parameter markers, but 1998 parameters were supplied', 'HY000')
2019-04-10 10:48:49,533 - root - INFO - wrong query:insert into "HN1.dbo.vw_origin_ccvs" values (rowNum,:CCV, :NRO_SOLICI, DELETED)inserting data
2019-04-10 10:48:49,533 - root - ERROR - >>>>>>>>>>>>>>> issue with insert query ('The SQL contains 0 parameter markers, but 1998 parameters were supplied', 'HY000')
2019-04-10 10:48:49,546 - root - INFO - wrong query:insert into "HN1.dbo.vw_origin_ccvs" values (rowNum,:CCV, :NRO_SOLICI, DELETED)inserting data
2019-04-10 10:48:49,546 - root - ERROR - >>>>>>>>>>>>>>> issue with insert query ('The SQL contains 0 parameter markers, but 1998 parameters were supplied', 'HY000')
2019-04-10 10:48:49,555 - root - INFO - wrong query:insert into "HN1.dbo.vw_origin_ccvs" values (rowNum,:CCV, :NRO_SOLICI, DELETED)inserting data
2019-04-10 10:48:49,555 - root - ERROR - >>>>>>>>>>>>>>> issue with insert query ('The SQL contains 0 parameter markers, but 1998 parameters were supplied', 'HY000')
2019-04-10 10:48:49,563 - root - INFO - wrong query:insert into "HN1.dbo.vw_origin_ccvs" values (rowNum,:CCV, :NRO_SOLICI, DELETED)inserting data
2019-04-10 10:48:49,563 - root - ERROR - >>>>>>>>>>>>>>> issue with insert query ('The SQL contains 0 parameter markers, but 1998 parameters were supplied', 'HY000')
2019-04-10 10:48:49,576 - root - INFO - wrong query:insert into "HN1.dbo.vw_origin_ccvs" values (rowNum,:CCV, :NRO_SOLICI, DELETED)inserting data
2019-04-10 10:48:49,576 - root - ERROR - >>>>>>>>>>>>>>> issue with insert query ('The SQL contains 0 parameter markers, but 1998 parameters were supplied', 'HY000')
2019-04-10 10:48:49,585 - root - INFO - wrong query:insert into "HN1.dbo.vw_origin_ccvs" values (rowNum,:CCV, :NRO_SOLICI, DELETED)inserting data
2019-04-10 10:48:49,585 - root - ERROR - >>>>>>>>>>>>>>> issue with insert query ('The SQL contains 0 parameter markers, but 1998 parameters were supplied', 'HY000')
2019-04-10 10:48:49,593 - root - INFO - wrong query:insert into "HN1.dbo.vw_origin_ccvs" values (rowNum,:CCV, :NRO_SOLICI, DELETED)inserting data
2019-04-10 10:48:49,593 - root - ERROR - >>>>>>>>>>>>>>> issue with insert query ('The SQL contains 0 parameter markers, but 1998 parameters were supplied', 'HY000')
2019-04-10 10:48:49,601 - root - INFO - wrong query:insert into "HN1.dbo.vw_origin_ccvs" values (rowNum,:CCV, :NRO_SOLICI, DELETED)inserting data
2019-04-10 10:48:49,601 - root - ERROR - >>>>>>>>>>>>>>> issue with insert query ('The SQL contains 0 parameter markers, but 1998 parameters were supplied', 'HY000')
2019-04-10 10:48:49,610 - root - INFO - wrong query:insert into "HN1.dbo.vw_origin_ccvs" values (rowNum,:CCV, :NRO_SOLICI, DELETED)inserting data
2019-04-10 10:48:49,610 - root - ERROR - >>>>>>>>>>>>>>> issue with insert query ('The SQL contains 0 parameter markers, but 1998 parameters were supplied', 'HY000')
2019-04-10 10:48:49,618 - root - INFO - wrong query:insert into "HN1.dbo.vw_origin_ccvs" values (rowNum,:CCV, :NRO_SOLICI, DELETED)inserting data
2019-04-10 10:48:49,618 - root - ERROR - >>>>>>>>>>>>>>> issue with insert query ('The SQL contains 0 parameter markers, but 1998 parameters were supplied', 'HY000')
2019-04-10 10:48:49,627 - root - INFO - wrong query:insert into "HN1.dbo.vw_origin_ccvs" values (rowNum,:CCV, :NRO_SOLICI, DELETED)inserting data
2019-04-10 10:48:49,627 - root - ERROR - >>>>>>>>>>>>>>> issue with insert query ('The SQL contains 0 parameter markers, but 1998 parameters were supplied', 'HY000')
2019-04-10 10:48:49,636 - root - INFO - wrong query:insert into "HN1.dbo.vw_origin_ccvs" values (rowNum,:CCV, :NRO_SOLICI, DELETED)inserting data
2019-04-10 10:48:49,636 - root - ERROR - >>>>>>>>>>>>>>> issue with insert query ('The SQL contains 0 parameter markers, but 1998 parameters were supplied', 'HY000')
2019-04-10 10:48:49,644 - root - INFO - wrong query:insert into "HN1.dbo.vw_origin_ccvs" values (rowNum,:CCV, :NRO_SOLICI, DELETED)inserting data
2019-04-10 10:48:49,644 - root - ERROR - >>>>>>>>>>>>>>> issue with insert query ('The SQL contains 0 parameter markers, but 1998 parameters were supplied', 'HY000')
2019-04-10 10:48:49,653 - root - INFO - wrong query:insert into "HN1.dbo.vw_origin_ccvs" values (rowNum,:CCV, :NRO_SOLICI, DELETED)inserting data
2019-04-10 10:48:49,653 - root - ERROR - >>>>>>>>>>>>>>> issue with insert query ('The SQL contains 0 parameter markers, but 1998 parameters were supplied', 'HY000')
2019-04-10 10:48:49,661 - root - INFO - wrong query:insert into "HN1.dbo.vw_origin_ccvs" values (rowNum,:CCV, :NRO_SOLICI, DELETED)inserting data
2019-04-10 10:48:49,661 - root - ERROR - >>>>>>>>>>>>>>> issue with insert query ('The SQL contains 0 parameter markers, but 1998 parameters were supplied', 'HY000')
2019-04-10 10:48:49,670 - root - INFO - wrong query:insert into "HN1.dbo.vw_origin_ccvs" values (rowNum,:CCV, :NRO_SOLICI, DELETED)inserting data
2019-04-10 10:48:49,670 - root - ERROR - >>>>>>>>>>>>>>> issue with insert query ('The SQL contains 0 parameter markers, but 1998 parameters were supplied', 'HY000')
2019-04-10 10:48:49,678 - root - INFO - wrong query:insert into "HN1.dbo.vw_origin_ccvs" values (rowNum,:CCV, :NRO_SOLICI, DELETED)inserting data
2019-04-10 10:48:49,678 - root - ERROR - >>>>>>>>>>>>>>> issue with insert query ('The SQL contains 0 parameter markers, but 1998 parameters were supplied', 'HY000')
2019-04-10 10:48:49,686 - root - INFO - wrong query:insert into "HN1.dbo.vw_origin_ccvs" values (rowNum,:CCV, :NRO_SOLICI, DELETED)inserting data
2019-04-10 10:48:49,686 - root - ERROR - >>>>>>>>>>>>>>> issue with insert query ('The SQL contains 0 parameter markers, but 1998 parameters were supplied', 'HY000')
2019-04-10 10:48:49,701 - root - INFO - wrong query:insert into "HN1.dbo.vw_origin_ccvs" values (rowNum,:CCV, :NRO_SOLICI, DELETED)inserting data
2019-04-10 10:48:49,701 - root - ERROR - >>>>>>>>>>>>>>> issue with insert query ('The SQL contains 0 parameter markers, but 1998 parameters were supplied', 'HY000')
2019-04-10 10:48:49,705 - root - ERROR - >>>>>>>>>>>>>>> issue with table creation:can only concatenate str (not "tuple") to str
2019-04-10 10:48:49,706 - root - WARNING - insert finished
2019-04-10 10:48:49,706 - root - WARNING - connected to Sqlserver.
2019-04-10 10:48:49,706 - root - INFO - Processing: codigos.dbf
2019-04-10 10:48:49,707 - root - INFO - new table to create: "create table HN1.dbo.vw_origin_codigos (rowNum numeric (20), "ID_CODIGO" varchar(max), "CODIGO" varchar(max), "DESCRIPCOD" varchar(max), DELETED varchar (5))"
2019-04-10 10:48:49,710 - root - WARNING - Going to insert to table: codigos
2019-04-10 10:48:49,710 - root - ERROR - >>>>>>>>>>>>>>> issue with table creation:can only concatenate str (not "tuple") to str
2019-04-10 10:48:49,710 - root - WARNING - insert finished
2019-04-10 10:48:49,711 - root - WARNING - connected to Sqlserver.
2019-04-10 10:48:49,711 - root - INFO - Processing: eventab.dbf
2019-04-10 10:48:49,712 - root - INFO - new table to create: "create table HN1.dbo.vw_origin_eventab (rowNum numeric (20), "EVENTO" varchar(max), "DESCRIP" varchar(max), "TIPO_EVENT" varchar(max), "INFO_ADI" varchar(max), "ETI_COMENT" varchar(max), "ETI_NUMERO" varchar(max), DELETED varchar (5))"
2019-04-10 10:48:49,713 - root - WARNING - Going to insert to table: eventab
2019-04-10 10:48:49,716 - root - ERROR - >>>>>>>>>>>>>>> issue with table creation:can only concatenate str (not "tuple") to str
2019-04-10 10:48:49,716 - root - WARNING - insert finished
2019-04-10 10:48:49,716 - root - WARNING - connected to Sqlserver.
2019-04-10 10:48:49,716 - root - INFO - Processing: marca.DBF
2019-04-10 10:48:49,718 - root - INFO - new table to create: "create table HN1.dbo.vw_origin_marca (rowNum numeric (20), "NRO_SOLICI" varchar(max), "SOLICITADA" varchar(max), "TIPO_MARCA" varchar(max), "SIGNO" varchar(max), "NOM_MARCA" varchar(max), "REGISTRO" varchar(max), "REGISTRADA" varchar(max), "RENUEVA" varchar(max), "EXPIRA" varchar(max), "AGENTE" varchar(max), "STATUS" varchar(max), "STAT_DESDE" varchar(max), "PESO_RASGO" varchar(max), "LARFON" varchar(max), "PESO_R" varchar(max), "PUBLICADA" varchar(max), "DIARIO" varchar(max), "LIMITACION" varchar(max), "HORA" varchar(max), "RTOMO" varchar(max), "RFOLIO" varchar(max), "RESERVA" varchar(max), "NRO_PODER" varchar(max), "MODIFICA" varchar(max), "NRO_GACETA" varchar(max), "QUIEN" varchar(max), "CALIDAD" varchar(max), "CLASE" varchar(max), "MODIFICADO" varchar(max), "ANUALIDAD" varchar(max), "NRO_RESOL" varchar(max), "LEY" varchar(max), "CLASES_TXT" varchar(max), DELETED varchar (5))"
2019-04-10 10:48:49,720 - root - WARNING - Going to insert to table: marca
