2019-04-12 16:40:04,119 - root - WARNING - connected to Sqlserver.
2019-04-12 16:40:04,124 - root - INFO - Connections to database severed
2019-04-12 16:40:04,183 - root - INFO - database dropped
2019-04-12 16:40:04,184 - root - INFO - user ready
2019-04-12 16:40:04,185 - root - INFO - access granted
2019-04-12 16:40:04,186 - root - INFO - access granted
2019-04-12 16:40:04,186 - root - INFO - password changed
2019-04-12 16:40:04,905 - root - INFO - <_io.TextIOWrapper name='<stderr>' mode='w' encoding='UTF-8'>Child returned, 0
2019-04-12 16:40:04,919 - root - WARNING - connected to Sqlserver.
2019-04-12 16:40:04,948 - root - INFO - repository synced
2019-04-12 16:40:04,954 - root - INFO - repository synced
2019-04-12 16:40:04,958 - root - WARNING - connected to Sqlserver.
2019-04-12 16:40:20,437 - root - WARNING - connected to Sqlserver.
2019-04-12 16:40:20,441 - root - INFO - Connections to database severed
2019-04-12 16:40:20,475 - root - INFO - database dropped
2019-04-12 16:40:20,476 - root - INFO - user ready
2019-04-12 16:40:20,477 - root - INFO - access granted
2019-04-12 16:40:20,478 - root - INFO - access granted
2019-04-12 16:40:20,478 - root - INFO - password changed
2019-04-12 16:40:21,222 - root - INFO - <_io.TextIOWrapper name='<stderr>' mode='w' encoding='UTF-8'>Child returned, 0
2019-04-12 16:40:21,238 - root - WARNING - connected to Sqlserver.
2019-04-12 16:40:21,267 - root - INFO - repository synced
2019-04-12 16:40:21,273 - root - INFO - repository synced
2019-04-12 16:40:21,277 - root - WARNING - connected to Sqlserver.
2019-04-12 16:40:21,383 - root - INFO - changing database to intermed
2019-04-12 16:40:21,387 - root - WARNING - connected to Sqlserver.
2019-04-12 16:40:22,522 - root - INFO - access granted
2019-04-12 16:40:22,523 - root - INFO - access granted
2019-04-12 16:40:24,794 - root - WARNING - Running initial updates to intermed.
2019-04-12 16:40:24,794 - root - INFO - changing database to intermed
2019-04-12 16:40:26,319 - root - INFO - changing database to ipas
2019-04-12 16:40:26,323 - root - WARNING - connected to Sqlserver.
2019-04-12 16:40:26,324 - root - WARNING - Creating store procedures and wrk tables.
2019-04-12 16:40:26,474 - root - INFO - cleanning manual validation tables
2019-04-12 16:40:26,475 - root - INFO - creating store procedure0-ImportSetPersonNbr
2019-04-12 16:40:26,553 - root - INFO - <_io.TextIOWrapper name='<stderr>' mode='w' encoding='UTF-8'>Child returned, 0
2019-04-12 16:40:26,553 - root - INFO - creating store procedure1-MarkDateValidationPROC
2019-04-12 16:40:26,622 - root - INFO - <_io.TextIOWrapper name='<stderr>' mode='w' encoding='UTF-8'>Child returned, 0
2019-04-12 16:40:26,622 - root - INFO - creating store procedure10-ImportAgentProcessAll
2019-04-12 16:40:26,692 - root - INFO - <_io.TextIOWrapper name='<stderr>' mode='w' encoding='UTF-8'>Child returned, 0
2019-04-12 16:40:26,692 - root - INFO - creating store procedure11-ImportMarkProcess
2019-04-12 16:40:26,772 - root - INFO - <_io.TextIOWrapper name='<stderr>' mode='w' encoding='UTF-8'>Child returned, 0
2019-04-12 16:40:26,772 - root - INFO - creating store procedure12-userdocImport-1
2019-04-12 16:40:26,845 - root - INFO - <_io.TextIOWrapper name='<stderr>' mode='w' encoding='UTF-8'>Child returned, 0
2019-04-12 16:40:26,845 - root - INFO - creating store procedure13-userdocImport-2
2019-04-12 16:40:26,918 - root - INFO - <_io.TextIOWrapper name='<stderr>' mode='w' encoding='UTF-8'>Child returned, 0
2019-04-12 16:40:26,919 - root - INFO - creating store procedure2-PatentDateValidationPROC
2019-04-12 16:40:26,993 - root - INFO - <_io.TextIOWrapper name='<stderr>' mode='w' encoding='UTF-8'>Child returned, 0
2019-04-12 16:40:26,993 - root - INFO - creating store procedure3-UserDocDateValidationPROC
2019-04-12 16:40:27,063 - root - INFO - <_io.TextIOWrapper name='<stderr>' mode='w' encoding='UTF-8'>Child returned, 0
2019-04-12 16:40:27,063 - root - INFO - creating store procedure4-CallToDateValidationPROC
2019-04-12 16:40:27,130 - root - INFO - <_io.TextIOWrapper name='<stderr>' mode='w' encoding='UTF-8'>Child returned, 0
2019-04-12 16:40:27,130 - root - INFO - creating store procedure5-ImportAgentValidate
2019-04-12 16:40:27,203 - root - INFO - <_io.TextIOWrapper name='<stderr>' mode='w' encoding='UTF-8'>Child returned, 0
2019-04-12 16:40:27,203 - root - INFO - creating store procedure6-ImportMarkValidate
2019-04-12 16:40:27,313 - root - INFO - <_io.TextIOWrapper name='<stderr>' mode='w' encoding='UTF-8'>Child returned, 0
2019-04-12 16:40:27,314 - root - INFO - creating store procedure8-ImportUserdocValidate
2019-04-12 16:40:27,412 - root - INFO - <_io.TextIOWrapper name='<stderr>' mode='w' encoding='UTF-8'>Child returned, 0
2019-04-12 16:40:27,412 - root - INFO - creating store procedure9-ImportWorkTablesCreate
2019-04-12 16:40:27,801 - root - INFO - <_io.TextIOWrapper name='<stderr>' mode='w' encoding='UTF-8'>Child returned, 0
2019-04-12 16:40:27,801 - root - WARNING - Running validation and migration.
2019-04-12 16:40:27,925 - root - WARNING - Migrating agents.
