2019-05-03 15:52:34,358 - root - WARNING - connected to Sqlserver.
2019-05-03 15:52:34,669 - root - INFO - New Intermediate databas created
2019-05-03 15:52:34,686 - root - WARNING - connected to Sqlserver.
2019-05-03 15:52:34,686 - root - INFO - Processing: agentes.dbf
2019-05-03 15:52:34,688 - root - INFO - new table to create: "create table NI_MARCAS.dbo.vw_origin_agentes (rowNum numeric (20), "AGENTE" varchar(max), "NOMBRE" varchar(max), "DIRECCION" varchar(max), "ABREVIA" varchar(max), "SEXO" varchar(max), DELETED varchar (5))"
2019-05-03 15:52:34,690 - root - WARNING - Going to insert to table: agentes
2019-05-03 15:52:36,184 - root - WARNING - insert finished
2019-05-03 15:52:36,187 - root - WARNING - connected to Sqlserver.
2019-05-03 15:52:36,187 - root - INFO - Processing: ccvs.dbf
2019-05-03 15:52:36,189 - root - INFO - new table to create: "create table NI_MARCAS.dbo.vw_origin_ccvs (rowNum numeric (20), "CCV" varchar(max), "NRO_SOLICI" varchar(max), "USUARIO" varchar(max), "FECHA" varchar(max), DELETED varchar (5))"
2019-05-03 15:52:36,190 - root - WARNING - Going to insert to table: ccvs
2019-05-03 15:52:50,419 - root - WARNING - insert finished
2019-05-03 15:52:50,419 - root - WARNING - connected to Sqlserver.
2019-05-03 15:52:50,419 - root - INFO - Processing: codigos.dbf
2019-05-03 15:52:50,420 - root - INFO - new table to create: "create table NI_MARCAS.dbo.vw_origin_codigos (rowNum numeric (20), "ID_CODIGO" varchar(max), "CODIGO" varchar(max), "DESCRIPCOD" varchar(max), "PRURAL" varchar(max), DELETED varchar (5))"
2019-05-03 15:52:50,422 - root - WARNING - Going to insert to table: codigos
2019-05-03 15:52:50,461 - root - WARNING - insert finished
2019-05-03 15:52:50,461 - root - WARNING - connected to Sqlserver.
2019-05-03 15:52:50,461 - root - INFO - Processing: eventab.dbf
2019-05-03 15:52:50,463 - root - INFO - new table to create: "create table NI_MARCAS.dbo.vw_origin_eventab (rowNum numeric (20), "EVENTO" varchar(max), "DESCRIP" varchar(max), "TIPO_EVENT" varchar(max), "INFO_ADI" varchar(max), "ETI_COMENT" varchar(max), "ETI_NUMERO" varchar(max), DELETED varchar (5))"
2019-05-03 15:52:50,464 - root - WARNING - Going to insert to table: eventab
2019-05-03 15:52:50,549 - root - WARNING - insert finished
2019-05-03 15:52:50,550 - root - WARNING - connected to Sqlserver.
2019-05-03 15:52:50,550 - root - INFO - Processing: marca.dbf
2019-05-03 15:52:50,552 - root - INFO - new table to create: "create table NI_MARCAS.dbo.vw_origin_marca (rowNum numeric (20), "NRO_SOLICI" varchar(max), "SOLICITADA" date, "TIPO_MARCA" varchar(max), "MULTICLASE" varchar(max), "SIGNO" varchar(max), "NOM_MARCA" varchar(max), "REGISTRO" varchar(max), "REGISTRADA" date, "EXPIRA" date, "AGENTE" varchar(max), "STATUS" varchar(max), "STAT_DESDE" date, "PESO_RASGO" real, "LARFON" real, "PESO_R" real, "PUBLICADA" date, "DIARIO" varchar(max), "LIMITACION" varchar(max), "HORA" varchar(max), "RTOMO" varchar(max), "RFOLIO" varchar(max), "RESERVA" varchar(max), "NRO_PODER" varchar(max), "MODIFICA" varchar(max), "NRO_GACETA" real, "QUIEN" varchar(max), "CALIDAD" varchar(max), "CLASE" real, "MODIFICADO" varchar(max), "ANUALIDAD" real, "NRO_RESOL" varchar(max), "LEY" varchar(max), "LIBRO" varchar(max), "FECHAINI" date, "FECHAPAG" date, "GRUPO" varchar(max), "REVISADA" bit, "SONIDO" varchar(max), "FOLIOTEMP" varchar(max), "NRO_GACE2" real, "PUBLI2" date, "TOMOFIN" varchar(max), "FOLIOFIN" varchar(max), "LIBROFIN" varchar(max), "NOMBREMAR2" TEXT, "USUARIO" varchar(max), "RECIBIDA" date, "HORAREC" varchar(max), DELETED varchar (5))"
2019-05-03 15:52:50,554 - root - WARNING - Going to insert to table: marca
2019-05-03 15:52:50,555 - root - INFO - records[2]['PESO_RASGO'] == InvalidValue(b'\x00\x108\x00')
2019-05-03 15:52:50,555 - root - INFO - records[2]['PUBLICADA'] == InvalidValue(b'\xfe\x18\x00\x00\x08\x00\x00\x00')
2019-05-03 15:52:51,874 - root - INFO - wrong query:insert into NI_MARCAS.dbo.vw_origin_marca (rownum, NRO_SOLICI, SOLICITADA, TIPO_MARCA, MULTICLASE, SIGNO, NOM_MARCA, REGISTRO, REGISTRADA, EXPIRA, AGENTE, STATUS, STAT_DESDE, PESO_RASGO, LARFON, PESO_R, PUBLICADA, DIARIO, LIMITACION, HORA, RTOMO, RFOLIO, RESERVA, NRO_PODER, MODIFICA, NRO_GACETA, QUIEN, CALIDAD, CLASE, MODIFICADO, ANUALIDAD, NRO_RESOL, LEY, LIBRO, FECHAINI, FECHAPAG, GRUPO, REVISADA, SONIDO, FOLIOTEMP, NRO_GACE2, PUBLI2, TOMOFIN, FOLIOFIN, LIBROFIN, NOMBREMAR2, USUARIO, RECIBIDA, HORAREC,deleted) values (?,?, ?, ?, ?, ?, ?, ?, ?, ?, ?, ?, ?, ?, ?, ?, ?, ?, ?, ?, ?, ?, ?, ?, ?, ?, ?, ?, ?, ?, ?, ?, ?, ?, ?, ?, ?, ?, ?, ?, ?, ?, ?, ?, ?, ?, ?, ?, ?, ?)inserting data
2019-05-03 15:52:51,874 - root - ERROR - >>>>>>>>>>>>>>> issue with insert query 
2019-05-03 15:52:53,316 - root - INFO - wrong query:insert into NI_MARCAS.dbo.vw_origin_marca (rownum, NRO_SOLICI, SOLICITADA, TIPO_MARCA, MULTICLASE, SIGNO, NOM_MARCA, REGISTRO, REGISTRADA, EXPIRA, AGENTE, STATUS, STAT_DESDE, PESO_RASGO, LARFON, PESO_R, PUBLICADA, DIARIO, LIMITACION, HORA, RTOMO, RFOLIO, RESERVA, NRO_PODER, MODIFICA, NRO_GACETA, QUIEN, CALIDAD, CLASE, MODIFICADO, ANUALIDAD, NRO_RESOL, LEY, LIBRO, FECHAINI, FECHAPAG, GRUPO, REVISADA, SONIDO, FOLIOTEMP, NRO_GACE2, PUBLI2, TOMOFIN, FOLIOFIN, LIBROFIN, NOMBREMAR2, USUARIO, RECIBIDA, HORAREC,deleted) values (?,?, ?, ?, ?, ?, ?, ?, ?, ?, ?, ?, ?, ?, ?, ?, ?, ?, ?, ?, ?, ?, ?, ?, ?, ?, ?, ?, ?, ?, ?, ?, ?, ?, ?, ?, ?, ?, ?, ?, ?, ?, ?, ?, ?, ?, ?, ?, ?, ?)inserting data
2019-05-03 15:52:53,316 - root - ERROR - >>>>>>>>>>>>>>> issue with insert query 
2019-05-03 15:52:54,634 - root - INFO - wrong query:insert into NI_MARCAS.dbo.vw_origin_marca (rownum, NRO_SOLICI, SOLICITADA, TIPO_MARCA, MULTICLASE, SIGNO, NOM_MARCA, REGISTRO, REGISTRADA, EXPIRA, AGENTE, STATUS, STAT_DESDE, PESO_RASGO, LARFON, PESO_R, PUBLICADA, DIARIO, LIMITACION, HORA, RTOMO, RFOLIO, RESERVA, NRO_PODER, MODIFICA, NRO_GACETA, QUIEN, CALIDAD, CLASE, MODIFICADO, ANUALIDAD, NRO_RESOL, LEY, LIBRO, FECHAINI, FECHAPAG, GRUPO, REVISADA, SONIDO, FOLIOTEMP, NRO_GACE2, PUBLI2, TOMOFIN, FOLIOFIN, LIBROFIN, NOMBREMAR2, USUARIO, RECIBIDA, HORAREC,deleted) values (?,?, ?, ?, ?, ?, ?, ?, ?, ?, ?, ?, ?, ?, ?, ?, ?, ?, ?, ?, ?, ?, ?, ?, ?, ?, ?, ?, ?, ?, ?, ?, ?, ?, ?, ?, ?, ?, ?, ?, ?, ?, ?, ?, ?, ?, ?, ?, ?, ?)inserting data
2019-05-03 15:52:54,634 - root - ERROR - >>>>>>>>>>>>>>> issue with insert query 
2019-05-03 15:52:55,993 - root - INFO - wrong query:insert into NI_MARCAS.dbo.vw_origin_marca (rownum, NRO_SOLICI, SOLICITADA, TIPO_MARCA, MULTICLASE, SIGNO, NOM_MARCA, REGISTRO, REGISTRADA, EXPIRA, AGENTE, STATUS, STAT_DESDE, PESO_RASGO, LARFON, PESO_R, PUBLICADA, DIARIO, LIMITACION, HORA, RTOMO, RFOLIO, RESERVA, NRO_PODER, MODIFICA, NRO_GACETA, QUIEN, CALIDAD, CLASE, MODIFICADO, ANUALIDAD, NRO_RESOL, LEY, LIBRO, FECHAINI, FECHAPAG, GRUPO, REVISADA, SONIDO, FOLIOTEMP, NRO_GACE2, PUBLI2, TOMOFIN, FOLIOFIN, LIBROFIN, NOMBREMAR2, USUARIO, RECIBIDA, HORAREC,deleted) values (?,?, ?, ?, ?, ?, ?, ?, ?, ?, ?, ?, ?, ?, ?, ?, ?, ?, ?, ?, ?, ?, ?, ?, ?, ?, ?, ?, ?, ?, ?, ?, ?, ?, ?, ?, ?, ?, ?, ?, ?, ?, ?, ?, ?, ?, ?, ?, ?, ?)inserting data
2019-05-03 15:52:55,993 - root - ERROR - >>>>>>>>>>>>>>> issue with insert query 
2019-05-03 15:52:57,347 - root - INFO - wrong query:insert into NI_MARCAS.dbo.vw_origin_marca (rownum, NRO_SOLICI, SOLICITADA, TIPO_MARCA, MULTICLASE, SIGNO, NOM_MARCA, REGISTRO, REGISTRADA, EXPIRA, AGENTE, STATUS, STAT_DESDE, PESO_RASGO, LARFON, PESO_R, PUBLICADA, DIARIO, LIMITACION, HORA, RTOMO, RFOLIO, RESERVA, NRO_PODER, MODIFICA, NRO_GACETA, QUIEN, CALIDAD, CLASE, MODIFICADO, ANUALIDAD, NRO_RESOL, LEY, LIBRO, FECHAINI, FECHAPAG, GRUPO, REVISADA, SONIDO, FOLIOTEMP, NRO_GACE2, PUBLI2, TOMOFIN, FOLIOFIN, LIBROFIN, NOMBREMAR2, USUARIO, RECIBIDA, HORAREC,deleted) values (?,?, ?, ?, ?, ?, ?, ?, ?, ?, ?, ?, ?, ?, ?, ?, ?, ?, ?, ?, ?, ?, ?, ?, ?, ?, ?, ?, ?, ?, ?, ?, ?, ?, ?, ?, ?, ?, ?, ?, ?, ?, ?, ?, ?, ?, ?, ?, ?, ?)inserting data
2019-05-03 15:52:57,347 - root - ERROR - >>>>>>>>>>>>>>> issue with insert query 
2019-05-03 15:52:58,727 - root - INFO - wrong query:insert into NI_MARCAS.dbo.vw_origin_marca (rownum, NRO_SOLICI, SOLICITADA, TIPO_MARCA, MULTICLASE, SIGNO, NOM_MARCA, REGISTRO, REGISTRADA, EXPIRA, AGENTE, STATUS, STAT_DESDE, PESO_RASGO, LARFON, PESO_R, PUBLICADA, DIARIO, LIMITACION, HORA, RTOMO, RFOLIO, RESERVA, NRO_PODER, MODIFICA, NRO_GACETA, QUIEN, CALIDAD, CLASE, MODIFICADO, ANUALIDAD, NRO_RESOL, LEY, LIBRO, FECHAINI, FECHAPAG, GRUPO, REVISADA, SONIDO, FOLIOTEMP, NRO_GACE2, PUBLI2, TOMOFIN, FOLIOFIN, LIBROFIN, NOMBREMAR2, USUARIO, RECIBIDA, HORAREC,deleted) values (?,?, ?, ?, ?, ?, ?, ?, ?, ?, ?, ?, ?, ?, ?, ?, ?, ?, ?, ?, ?, ?, ?, ?, ?, ?, ?, ?, ?, ?, ?, ?, ?, ?, ?, ?, ?, ?, ?, ?, ?, ?, ?, ?, ?, ?, ?, ?, ?, ?)inserting data
2019-05-03 15:52:58,728 - root - ERROR - >>>>>>>>>>>>>>> issue with insert query 
2019-05-03 15:53:00,101 - root - INFO - wrong query:insert into NI_MARCAS.dbo.vw_origin_marca (rownum, NRO_SOLICI, SOLICITADA, TIPO_MARCA, MULTICLASE, SIGNO, NOM_MARCA, REGISTRO, REGISTRADA, EXPIRA, AGENTE, STATUS, STAT_DESDE, PESO_RASGO, LARFON, PESO_R, PUBLICADA, DIARIO, LIMITACION, HORA, RTOMO, RFOLIO, RESERVA, NRO_PODER, MODIFICA, NRO_GACETA, QUIEN, CALIDAD, CLASE, MODIFICADO, ANUALIDAD, NRO_RESOL, LEY, LIBRO, FECHAINI, FECHAPAG, GRUPO, REVISADA, SONIDO, FOLIOTEMP, NRO_GACE2, PUBLI2, TOMOFIN, FOLIOFIN, LIBROFIN, NOMBREMAR2, USUARIO, RECIBIDA, HORAREC,deleted) values (?,?, ?, ?, ?, ?, ?, ?, ?, ?, ?, ?, ?, ?, ?, ?, ?, ?, ?, ?, ?, ?, ?, ?, ?, ?, ?, ?, ?, ?, ?, ?, ?, ?, ?, ?, ?, ?, ?, ?, ?, ?, ?, ?, ?, ?, ?, ?, ?, ?)inserting data
2019-05-03 15:53:00,101 - root - ERROR - >>>>>>>>>>>>>>> issue with insert query 
2019-05-03 15:53:01,531 - root - INFO - wrong query:insert into NI_MARCAS.dbo.vw_origin_marca (rownum, NRO_SOLICI, SOLICITADA, TIPO_MARCA, MULTICLASE, SIGNO, NOM_MARCA, REGISTRO, REGISTRADA, EXPIRA, AGENTE, STATUS, STAT_DESDE, PESO_RASGO, LARFON, PESO_R, PUBLICADA, DIARIO, LIMITACION, HORA, RTOMO, RFOLIO, RESERVA, NRO_PODER, MODIFICA, NRO_GACETA, QUIEN, CALIDAD, CLASE, MODIFICADO, ANUALIDAD, NRO_RESOL, LEY, LIBRO, FECHAINI, FECHAPAG, GRUPO, REVISADA, SONIDO, FOLIOTEMP, NRO_GACE2, PUBLI2, TOMOFIN, FOLIOFIN, LIBROFIN, NOMBREMAR2, USUARIO, RECIBIDA, HORAREC,deleted) values (?,?, ?, ?, ?, ?, ?, ?, ?, ?, ?, ?, ?, ?, ?, ?, ?, ?, ?, ?, ?, ?, ?, ?, ?, ?, ?, ?, ?, ?, ?, ?, ?, ?, ?, ?, ?, ?, ?, ?, ?, ?, ?, ?, ?, ?, ?, ?, ?, ?)inserting data
2019-05-03 15:53:01,531 - root - ERROR - >>>>>>>>>>>>>>> issue with insert query 
2019-05-03 15:53:02,911 - root - INFO - wrong query:insert into NI_MARCAS.dbo.vw_origin_marca (rownum, NRO_SOLICI, SOLICITADA, TIPO_MARCA, MULTICLASE, SIGNO, NOM_MARCA, REGISTRO, REGISTRADA, EXPIRA, AGENTE, STATUS, STAT_DESDE, PESO_RASGO, LARFON, PESO_R, PUBLICADA, DIARIO, LIMITACION, HORA, RTOMO, RFOLIO, RESERVA, NRO_PODER, MODIFICA, NRO_GACETA, QUIEN, CALIDAD, CLASE, MODIFICADO, ANUALIDAD, NRO_RESOL, LEY, LIBRO, FECHAINI, FECHAPAG, GRUPO, REVISADA, SONIDO, FOLIOTEMP, NRO_GACE2, PUBLI2, TOMOFIN, FOLIOFIN, LIBROFIN, NOMBREMAR2, USUARIO, RECIBIDA, HORAREC,deleted) values (?,?, ?, ?, ?, ?, ?, ?, ?, ?, ?, ?, ?, ?, ?, ?, ?, ?, ?, ?, ?, ?, ?, ?, ?, ?, ?, ?, ?, ?, ?, ?, ?, ?, ?, ?, ?, ?, ?, ?, ?, ?, ?, ?, ?, ?, ?, ?, ?, ?)inserting data
2019-05-03 15:53:02,911 - root - ERROR - >>>>>>>>>>>>>>> issue with insert query 
2019-05-03 15:53:04,343 - root - INFO - wrong query:insert into NI_MARCAS.dbo.vw_origin_marca (rownum, NRO_SOLICI, SOLICITADA, TIPO_MARCA, MULTICLASE, SIGNO, NOM_MARCA, REGISTRO, REGISTRADA, EXPIRA, AGENTE, STATUS, STAT_DESDE, PESO_RASGO, LARFON, PESO_R, PUBLICADA, DIARIO, LIMITACION, HORA, RTOMO, RFOLIO, RESERVA, NRO_PODER, MODIFICA, NRO_GACETA, QUIEN, CALIDAD, CLASE, MODIFICADO, ANUALIDAD, NRO_RESOL, LEY, LIBRO, FECHAINI, FECHAPAG, GRUPO, REVISADA, SONIDO, FOLIOTEMP, NRO_GACE2, PUBLI2, TOMOFIN, FOLIOFIN, LIBROFIN, NOMBREMAR2, USUARIO, RECIBIDA, HORAREC,deleted) values (?,?, ?, ?, ?, ?, ?, ?, ?, ?, ?, ?, ?, ?, ?, ?, ?, ?, ?, ?, ?, ?, ?, ?, ?, ?, ?, ?, ?, ?, ?, ?, ?, ?, ?, ?, ?, ?, ?, ?, ?, ?, ?, ?, ?, ?, ?, ?, ?, ?)inserting data
2019-05-03 15:53:04,343 - root - ERROR - >>>>>>>>>>>>>>> issue with insert query 
2019-05-03 15:53:04,487 - root - INFO - records[101069]['NRO_GACETA'] == InvalidValue(b'\x00\x00\x00\x00\x00 ')
2019-05-03 15:53:04,488 - root - INFO - records[101069]['ANUALIDAD'] == InvalidValue(b'AD')
2019-05-03 15:53:05,704 - root - INFO - wrong query:insert into NI_MARCAS.dbo.vw_origin_marca (rownum, NRO_SOLICI, SOLICITADA, TIPO_MARCA, MULTICLASE, SIGNO, NOM_MARCA, REGISTRO, REGISTRADA, EXPIRA, AGENTE, STATUS, STAT_DESDE, PESO_RASGO, LARFON, PESO_R, PUBLICADA, DIARIO, LIMITACION, HORA, RTOMO, RFOLIO, RESERVA, NRO_PODER, MODIFICA, NRO_GACETA, QUIEN, CALIDAD, CLASE, MODIFICADO, ANUALIDAD, NRO_RESOL, LEY, LIBRO, FECHAINI, FECHAPAG, GRUPO, REVISADA, SONIDO, FOLIOTEMP, NRO_GACE2, PUBLI2, TOMOFIN, FOLIOFIN, LIBROFIN, NOMBREMAR2, USUARIO, RECIBIDA, HORAREC,deleted) values (?,?, ?, ?, ?, ?, ?, ?, ?, ?, ?, ?, ?, ?, ?, ?, ?, ?, ?, ?, ?, ?, ?, ?, ?, ?, ?, ?, ?, ?, ?, ?, ?, ?, ?, ?, ?, ?, ?, ?, ?, ?, ?, ?, ?, ?, ?, ?, ?, ?)inserting data
2019-05-03 15:53:05,704 - root - ERROR - >>>>>>>>>>>>>>> issue with insert query 
2019-05-03 15:53:07,064 - root - INFO - wrong query:insert into NI_MARCAS.dbo.vw_origin_marca (rownum, NRO_SOLICI, SOLICITADA, TIPO_MARCA, MULTICLASE, SIGNO, NOM_MARCA, REGISTRO, REGISTRADA, EXPIRA, AGENTE, STATUS, STAT_DESDE, PESO_RASGO, LARFON, PESO_R, PUBLICADA, DIARIO, LIMITACION, HORA, RTOMO, RFOLIO, RESERVA, NRO_PODER, MODIFICA, NRO_GACETA, QUIEN, CALIDAD, CLASE, MODIFICADO, ANUALIDAD, NRO_RESOL, LEY, LIBRO, FECHAINI, FECHAPAG, GRUPO, REVISADA, SONIDO, FOLIOTEMP, NRO_GACE2, PUBLI2, TOMOFIN, FOLIOFIN, LIBROFIN, NOMBREMAR2, USUARIO, RECIBIDA, HORAREC,deleted) values (?,?, ?, ?, ?, ?, ?, ?, ?, ?, ?, ?, ?, ?, ?, ?, ?, ?, ?, ?, ?, ?, ?, ?, ?, ?, ?, ?, ?, ?, ?, ?, ?, ?, ?, ?, ?, ?, ?, ?, ?, ?, ?, ?, ?, ?, ?, ?, ?, ?)inserting data
2019-05-03 15:53:07,064 - root - ERROR - >>>>>>>>>>>>>>> issue with insert query 
2019-05-03 15:53:08,469 - root - INFO - wrong query:insert into NI_MARCAS.dbo.vw_origin_marca (rownum, NRO_SOLICI, SOLICITADA, TIPO_MARCA, MULTICLASE, SIGNO, NOM_MARCA, REGISTRO, REGISTRADA, EXPIRA, AGENTE, STATUS, STAT_DESDE, PESO_RASGO, LARFON, PESO_R, PUBLICADA, DIARIO, LIMITACION, HORA, RTOMO, RFOLIO, RESERVA, NRO_PODER, MODIFICA, NRO_GACETA, QUIEN, CALIDAD, CLASE, MODIFICADO, ANUALIDAD, NRO_RESOL, LEY, LIBRO, FECHAINI, FECHAPAG, GRUPO, REVISADA, SONIDO, FOLIOTEMP, NRO_GACE2, PUBLI2, TOMOFIN, FOLIOFIN, LIBROFIN, NOMBREMAR2, USUARIO, RECIBIDA, HORAREC,deleted) values (?,?, ?, ?, ?, ?, ?, ?, ?, ?, ?, ?, ?, ?, ?, ?, ?, ?, ?, ?, ?, ?, ?, ?, ?, ?, ?, ?, ?, ?, ?, ?, ?, ?, ?, ?, ?, ?, ?, ?, ?, ?, ?, ?, ?, ?, ?, ?, ?, ?)inserting data
2019-05-03 15:53:08,469 - root - ERROR - >>>>>>>>>>>>>>> issue with insert query 
2019-05-03 15:53:09,774 - root - INFO - wrong query:insert into NI_MARCAS.dbo.vw_origin_marca (rownum, NRO_SOLICI, SOLICITADA, TIPO_MARCA, MULTICLASE, SIGNO, NOM_MARCA, REGISTRO, REGISTRADA, EXPIRA, AGENTE, STATUS, STAT_DESDE, PESO_RASGO, LARFON, PESO_R, PUBLICADA, DIARIO, LIMITACION, HORA, RTOMO, RFOLIO, RESERVA, NRO_PODER, MODIFICA, NRO_GACETA, QUIEN, CALIDAD, CLASE, MODIFICADO, ANUALIDAD, NRO_RESOL, LEY, LIBRO, FECHAINI, FECHAPAG, GRUPO, REVISADA, SONIDO, FOLIOTEMP, NRO_GACE2, PUBLI2, TOMOFIN, FOLIOFIN, LIBROFIN, NOMBREMAR2, USUARIO, RECIBIDA, HORAREC,deleted) values (?,?, ?, ?, ?, ?, ?, ?, ?, ?, ?, ?, ?, ?, ?, ?, ?, ?, ?, ?, ?, ?, ?, ?, ?, ?, ?, ?, ?, ?, ?, ?, ?, ?, ?, ?, ?, ?, ?, ?, ?, ?, ?, ?, ?, ?, ?, ?, ?, ?)inserting data
2019-05-03 15:53:09,774 - root - ERROR - >>>>>>>>>>>>>>> issue with insert query 
2019-05-03 15:53:10,744 - root - INFO - wrong query:insert into NI_MARCAS.dbo.vw_origin_marca (rownum, NRO_SOLICI, SOLICITADA, TIPO_MARCA, MULTICLASE, SIGNO, NOM_MARCA, REGISTRO, REGISTRADA, EXPIRA, AGENTE, STATUS, STAT_DESDE, PESO_RASGO, LARFON, PESO_R, PUBLICADA, DIARIO, LIMITACION, HORA, RTOMO, RFOLIO, RESERVA, NRO_PODER, MODIFICA, NRO_GACETA, QUIEN, CALIDAD, CLASE, MODIFICADO, ANUALIDAD, NRO_RESOL, LEY, LIBRO, FECHAINI, FECHAPAG, GRUPO, REVISADA, SONIDO, FOLIOTEMP, NRO_GACE2, PUBLI2, TOMOFIN, FOLIOFIN, LIBROFIN, NOMBREMAR2, USUARIO, RECIBIDA, HORAREC,deleted) values (?,?, ?, ?, ?, ?, ?, ?, ?, ?, ?, ?, ?, ?, ?, ?, ?, ?, ?, ?, ?, ?, ?, ?, ?, ?, ?, ?, ?, ?, ?, ?, ?, ?, ?, ?, ?, ?, ?, ?, ?, ?, ?, ?, ?, ?, ?, ?, ?, ?)inserting data
2019-05-03 15:53:10,745 - root - ERROR - >>>>>>>>>>>>>>> issue with insert query 
2019-05-03 15:53:10,941 - root - INFO - wrong query:insert into NI_MARCAS.dbo.vw_origin_marca (rownum, NRO_SOLICI, SOLICITADA, TIPO_MARCA, MULTICLASE, SIGNO, NOM_MARCA, REGISTRO, REGISTRADA, EXPIRA, AGENTE, STATUS, STAT_DESDE, PESO_RASGO, LARFON, PESO_R, PUBLICADA, DIARIO, LIMITACION, HORA, RTOMO, RFOLIO, RESERVA, NRO_PODER, MODIFICA, NRO_GACETA, QUIEN, CALIDAD, CLASE, MODIFICADO, ANUALIDAD, NRO_RESOL, LEY, LIBRO, FECHAINI, FECHAPAG, GRUPO, REVISADA, SONIDO, FOLIOTEMP, NRO_GACE2, PUBLI2, TOMOFIN, FOLIOFIN, LIBROFIN, NOMBREMAR2, USUARIO, RECIBIDA, HORAREC,deleted) values (?,?, ?, ?, ?, ?, ?, ?, ?, ?, ?, ?, ?, ?, ?, ?, ?, ?, ?, ?, ?, ?, ?, ?, ?, ?, ?, ?, ?, ?, ?, ?, ?, ?, ?, ?, ?, ?, ?, ?, ?, ?, ?, ?, ?, ?, ?, ?, ?, ?)inserting data
2019-05-03 15:53:10,941 - root - ERROR - >>>>>>>>>>>>>>> issue with insert query 
2019-05-03 15:53:10,941 - root - WARNING - insert finished
2019-05-03 15:53:10,942 - root - WARNING - connected to Sqlserver.
2019-05-03 15:53:10,942 - root - INFO - Processing: migracio.dbf
2019-05-03 15:53:10,944 - root - INFO - new table to create: "create table NI_MARCAS.dbo.vw_origin_migracio (rowNum numeric (20), "STATUS_INI" varchar(max), "EVENTO" varchar(max), "STATUS_FIN" varchar(max), "TRAMITE" varchar(max), DELETED varchar (5))"
2019-05-03 15:53:10,945 - root - WARNING - Going to insert to table: migracio
2019-05-03 15:53:11,080 - root - WARNING - insert finished
2019-05-03 15:53:11,081 - root - WARNING - connected to Sqlserver.
2019-05-03 15:53:11,081 - root - INFO - Processing: movimi.dbf
2019-05-03 15:53:11,083 - root - INFO - new table to create: "create table NI_MARCAS.dbo.vw_origin_movimi (rowNum numeric (20), "NRO_SOLICI" varchar(max), "COMENTARIO" varchar(max), "F_EVENTO" date, "F_VENCIM" date, "F_TRANS" date, "NRO_MOV" varchar(max), "EVENTO" varchar(max), "STATUS" varchar(max), "HORA" varchar(max), "CALIDAD" varchar(max), "USUARIO" varchar(max), "TITULAR" varchar(max), "AGENTE" varchar(max), "T_OPO" varchar(max), "NUMEROES" real, "CAMPO1" varchar(max), "CAMPO2" varchar(max), DELETED varchar (5))"
2019-05-03 15:53:11,085 - root - WARNING - Going to insert to table: movimi
2019-05-03 15:59:43,255 - root - ERROR - >>>>>>>>>>>>>>> issue with table creation:EOF reached while reading memo
2019-05-03 15:59:43,258 - root - WARNING - insert finished
2019-05-03 15:59:43,261 - root - WARNING - connected to Sqlserver.
2019-05-03 15:59:43,261 - root - INFO - Processing: nuenoms.dbf
2019-05-03 15:59:43,263 - root - INFO - new table to create: "create table NI_MARCAS.dbo.vw_origin_nuenoms (rowNum numeric (20), "NUM_SERIE" varchar(max), "TITULAR" varchar(max), DELETED varchar (5))"
2019-05-03 15:59:43,265 - root - WARNING - Going to insert to table: nuenoms
2019-05-03 15:59:46,336 - root - WARNING - insert finished
2019-05-03 15:59:46,336 - root - WARNING - connected to Sqlserver.
2019-05-03 15:59:46,336 - root - INFO - Processing: oms.dbf
2019-05-03 15:59:46,339 - root - INFO - new table to create: "create table NI_MARCAS.dbo.vw_origin_oms (rowNum numeric (20), "LISTA" varchar(max), "DENOMINA" varchar(max), "RESUMEN" varchar(max), "LOGO" varchar(max), "FORMULA" varchar(max), "NUMFOR" varchar(max), DELETED varchar (5))"
2019-05-03 15:59:46,340 - root - WARNING - Going to insert to table: oms
2019-05-03 15:59:46,476 - root - WARNING - insert finished
2019-05-03 15:59:46,476 - root - WARNING - connected to Sqlserver.
2019-05-03 15:59:46,477 - root - INFO - Processing: orinoms.dbf
2019-05-03 15:59:46,479 - root - INFO - new table to create: "create table NI_MARCAS.dbo.vw_origin_orinoms (rowNum numeric (20), "NUM_SERIE" varchar(max), "TITULAR" varchar(max), DELETED varchar (5))"
2019-05-03 15:59:46,480 - root - WARNING - Going to insert to table: orinoms
2019-05-03 15:59:49,782 - root - WARNING - insert finished
2019-05-03 15:59:49,783 - root - WARNING - connected to Sqlserver.
2019-05-03 15:59:49,783 - root - INFO - Processing: peticion.dbf
2019-05-03 15:59:49,785 - root - INFO - new table to create: "create table NI_MARCAS.dbo.vw_origin_peticion (rowNum numeric (20), "NUM_SERIE" varchar(max), "SOLICITADA" date, "HORA" varchar(max), "TIPO_PETI" varchar(max), "STATUS_RES" varchar(max), "STAT_DESDE" date, "AGENTE" varchar(max), "CALIDAD" varchar(max), "QUIEN" varchar(max), "CUAL" varchar(max), "NRO_RESOL" varchar(max), "OBSERVACIO" varchar(max), "LEY" varchar(max), "USUARIO" varchar(max), "GRUPO" varchar(max), "PASE" varchar(max), "ATOMO" real, "AFOLIO" real, "LIBRO" varchar(max), "RECIBIDA" date, "HORAREC" varchar(max), "USUARIOREC" varchar(max), DELETED varchar (5))"
2019-05-03 15:59:49,787 - root - WARNING - Going to insert to table: peticion
2019-05-03 15:59:52,928 - root - WARNING - insert finished
2019-05-03 15:59:52,928 - root - WARNING - connected to Sqlserver.
2019-05-03 15:59:52,928 - root - INFO - Processing: petireg.dbf
2019-05-03 15:59:52,930 - root - INFO - new table to create: "create table NI_MARCAS.dbo.vw_origin_petireg (rowNum numeric (20), "NRO_SOLICI" varchar(max), "NUM_SERIE" varchar(max), "TIPO_PETI" varchar(max), DELETED varchar (5))"
2019-05-03 15:59:52,931 - root - WARNING - Going to insert to table: petireg
2019-05-03 16:00:06,853 - root - WARNING - insert finished
2019-05-03 16:00:06,854 - root - WARNING - connected to Sqlserver.
2019-05-03 16:00:06,854 - root - INFO - Processing: poderes.dbf
2019-05-03 16:00:06,857 - root - INFO - new table to create: "create table NI_MARCAS.dbo.vw_origin_poderes (rowNum numeric (20), "NUM_PODER" varchar(max), "NOMBRE" varchar(max), "DOMICILIO" varchar(max), "APODERADOS" varchar(max), "TIPO_REF" varchar(max), "REFERENCIA" varchar(max), "DENOMINA" varchar(max), "TIPO_PODER" varchar(max), "PRESENTA" date, "FECHA_PO" date, "ARCHIVO" varchar(max), "OBSERVACIO" varchar(max), "EXPIRA" date, DELETED varchar (5))"
2019-05-03 16:00:06,858 - root - WARNING - Going to insert to table: poderes
2019-05-03 16:00:07,174 - root - WARNING - insert finished
2019-05-03 16:00:07,174 - root - WARNING - connected to Sqlserver.
2019-05-03 16:00:07,174 - root - INFO - Processing: priorida.dbf
2019-05-03 16:00:07,177 - root - INFO - new table to create: "create table NI_MARCAS.dbo.vw_origin_priorida (rowNum numeric (20), "NRO_SOLICI" varchar(max), "FECHA" date, "NUMERO" varchar(max), "PAIS" varchar(max), "TIPO" varchar(max), "OBSERVACIO" varchar(max), DELETED varchar (5))"
2019-05-03 16:00:07,178 - root - WARNING - Going to insert to table: priorida
2019-05-03 16:00:07,918 - root - WARNING - insert finished
2019-05-03 16:00:07,918 - root - WARNING - connected to Sqlserver.
2019-05-03 16:00:07,918 - root - INFO - Processing: producto.dbf
2019-05-03 16:00:07,920 - root - INFO - new table to create: "create table NI_MARCAS.dbo.vw_origin_producto (rowNum numeric (20), "NRO_SOLICI" varchar(max), "CLASE" real, "ESTADO" varchar(max), "PROD_SERV" varchar(max), DELETED varchar (5))"
2019-05-03 16:00:07,922 - root - WARNING - Going to insert to table: producto
2019-05-03 16:00:40,423 - root - WARNING - insert finished
2019-05-03 16:00:40,423 - root - WARNING - connected to Sqlserver.
2019-05-03 16:00:40,423 - root - INFO - Processing: status.dbf
2019-05-03 16:00:40,424 - root - INFO - new table to create: "create table NI_MARCAS.dbo.vw_origin_status (rowNum numeric (20), "STATUS" varchar(max), "DESC_STAT" varchar(max), "PLAZO" real, "TIPO_PLAZO" varchar(max), "NOTIFIC" varchar(max), "TRAMITE" varchar(max), DELETED varchar (5))"
2019-05-03 16:00:40,425 - root - WARNING - Going to insert to table: status
2019-05-03 16:00:40,451 - root - WARNING - insert finished
2019-05-03 16:00:40,451 - root - WARNING - connected to Sqlserver.
2019-05-03 16:00:40,451 - root - INFO - Processing: titular.DBF
2019-05-03 16:00:40,453 - root - INFO - new table to create: "create table NI_MARCAS.dbo.vw_origin_titular (rowNum numeric (20), "TITULAR" varchar(max), "NOMBRE" varchar(max), "DIRECCION" varchar(max), "PAIS" varchar(max), "LUGAR" varchar(max), "ESTADO" varchar(max), "MUNICIPIO" varchar(max), "DEPARTAMEN" varchar(max), DELETED varchar (5))"
2019-05-03 16:00:40,454 - root - WARNING - Going to insert to table: titular
2019-05-03 16:00:51,057 - root - WARNING - insert finished
2019-05-03 16:00:51,057 - root - WARNING - connected to Sqlserver.
2019-05-03 16:00:51,057 - root - INFO - Processing: titumar.dbf
2019-05-03 16:00:51,059 - root - INFO - new table to create: "create table NI_MARCAS.dbo.vw_origin_titumar (rowNum numeric (20), "NRO_SOLICI" varchar(max), "TITULAR" varchar(max), DELETED varchar (5))"
2019-05-03 16:00:51,060 - root - WARNING - Going to insert to table: titumar
2019-05-03 16:01:31,299 - root - WARNING - insert finished
2019-05-03 16:01:31,300 - root - WARNING - connected to Sqlserver.
2019-05-03 16:01:31,300 - root - INFO - Processing: users.dbf
2019-05-03 16:01:31,301 - root - INFO - new table to create: "create table NI_MARCAS.dbo.vw_origin_users (rowNum numeric (20), "CODE_USER" varchar(max), "NAME" varchar(max), "CAPACITY" varchar(max), "PASSW" varchar(max), "SIGLAS" varchar(max), "VLOGIN" varchar(max), DELETED varchar (5))"
2019-05-03 16:01:31,303 - root - WARNING - Going to insert to table: users
2019-05-03 16:01:31,328 - root - WARNING - insert finished
