2019-04-09 17:49:24,043 - root - WARNING - connected to Sqlserver.
2019-04-09 17:49:24,047 - root - INFO - Connections to database severed
2019-04-09 17:49:24,142 - root - INFO - database dropped
2019-04-09 17:49:24,349 - root - INFO - New Intermediate databas created
2019-04-09 17:49:24,366 - root - WARNING - connected to Sqlserver.
2019-04-09 17:49:24,366 - root - INFO - Processing: agentes.DBF
2019-04-09 17:49:24,368 - root - INFO - new table to create: "create table HN1.dbo.vw_origin_agentes (rowNum numeric (20), "AGENTE" varchar(max), "NOMBRE" varchar(max), "DIRECCION" varchar(max), "CONTACTO" varchar(max), "CALIDAD" varchar(max), DELETED varchar (5))"
2019-04-09 17:49:24,370 - root - WARNING - Going to insert to table: agentes
2019-04-09 17:49:26,225 - root - WARNING - insert finished
2019-04-09 17:49:26,228 - root - WARNING - connected to Sqlserver.
2019-04-09 17:49:26,228 - root - INFO - Processing: ccvs.DBF
2019-04-09 17:49:26,229 - root - INFO - new table to create: "create table HN1.dbo.vw_origin_ccvs (rowNum numeric (20), "CCV" varchar(max), "NRO_SOLICI" varchar(max), DELETED varchar (5))"
2019-04-09 17:49:26,230 - root - WARNING - Going to insert to table: ccvs
2019-04-09 17:49:31,637 - root - WARNING - insert finished
2019-04-09 17:49:31,637 - root - WARNING - connected to Sqlserver.
2019-04-09 17:49:31,637 - root - INFO - Processing: codigos.dbf
2019-04-09 17:49:31,639 - root - INFO - new table to create: "create table HN1.dbo.vw_origin_codigos (rowNum numeric (20), "ID_CODIGO" varchar(max), "CODIGO" varchar(max), "DESCRIPCOD" varchar(max), DELETED varchar (5))"
2019-04-09 17:49:31,640 - root - WARNING - Going to insert to table: codigos
2019-04-09 17:49:31,645 - root - WARNING - insert finished
2019-04-09 17:49:31,645 - root - WARNING - connected to Sqlserver.
2019-04-09 17:49:31,645 - root - INFO - Processing: eventab.dbf
2019-04-09 17:49:31,646 - root - INFO - new table to create: "create table HN1.dbo.vw_origin_eventab (rowNum numeric (20), "EVENTO" varchar(max), "DESCRIP" varchar(max), "TIPO_EVENT" varchar(max), "INFO_ADI" varchar(max), "ETI_COMENT" varchar(max), "ETI_NUMERO" varchar(max), DELETED varchar (5))"
2019-04-09 17:49:31,647 - root - WARNING - Going to insert to table: eventab
2019-04-09 17:49:31,677 - root - WARNING - insert finished
2019-04-09 17:49:31,677 - root - WARNING - connected to Sqlserver.
2019-04-09 17:49:31,677 - root - INFO - Processing: marca.DBF
2019-04-09 17:49:31,680 - root - INFO - new table to create: "create table HN1.dbo.vw_origin_marca (rowNum numeric (20), "NRO_SOLICI" varchar(max), "SOLICITADA" varchar(max), "TIPO_MARCA" varchar(max), "SIGNO" varchar(max), "NOM_MARCA" varchar(max), "REGISTRO" varchar(max), "REGISTRADA" varchar(max), "RENUEVA" varchar(max), "EXPIRA" varchar(max), "AGENTE" varchar(max), "STATUS" varchar(max), "STAT_DESDE" varchar(max), "PESO_RASGO" varchar(max), "LARFON" varchar(max), "PESO_R" varchar(max), "PUBLICADA" varchar(max), "DIARIO" varchar(max), "LIMITACION" varchar(max), "HORA" varchar(max), "RTOMO" varchar(max), "RFOLIO" varchar(max), "RESERVA" varchar(max), "NRO_PODER" varchar(max), "MODIFICA" varchar(max), "NRO_GACETA" varchar(max), "QUIEN" varchar(max), "CALIDAD" varchar(max), "CLASE" varchar(max), "MODIFICADO" varchar(max), "ANUALIDAD" varchar(max), "NRO_RESOL" varchar(max), "LEY" varchar(max), "CLASES_TXT" varchar(max), DELETED varchar (5))"
2019-04-09 17:49:31,681 - root - WARNING - Going to insert to table: marca
2019-04-09 17:51:05,041 - root - ERROR - records[79523]['STAT_DESDE'] == InvalidValue(b'00001228')
2019-04-09 17:51:08,568 - root - ERROR - records[82440]['REGISTRADA'] == InvalidValue(b'00001229')
2019-04-09 17:51:08,569 - root - ERROR - records[82440]['STAT_DESDE'] == InvalidValue(b'00001229')
