2019-04-10 14:29:02,329 - root - WARNING - connected to Sqlserver.
2019-04-10 14:29:02,368 - root - INFO - Connections to database severed
2019-04-10 14:29:02,389 - root - INFO - database dropped
2019-04-10 14:29:02,617 - root - INFO - New Intermediate databas created
2019-04-10 14:29:02,633 - root - WARNING - connected to Sqlserver.
2019-04-10 14:29:02,634 - root - INFO - Processing: marca.DBF
2019-04-10 14:29:02,636 - root - INFO - new table to create: "create table HN1.dbo.vw_origin_marca (rowNum numeric (20), "NRO_SOLICI" varchar(max), "SOLICITADA" date, "TIPO_MARCA" varchar(max), "SIGNO" varchar(max), "NOM_MARCA" varchar(max), "REGISTRO" varchar(max), "REGISTRADA" date, "RENUEVA" date, "EXPIRA" date, "AGENTE" varchar(max), "STATUS" varchar(max), "STAT_DESDE" date, "PESO_RASGO" real, "LARFON" real, "PESO_R" real, "PUBLICADA" date, "DIARIO" varchar(max), "LIMITACION" varchar(max), "HORA" varchar(max), "RTOMO" real, "RFOLIO" real, "RESERVA" varchar(max), "NRO_PODER" varchar(max), "MODIFICA" varchar(max), "NRO_GACETA" real, "QUIEN" varchar(max), "CALIDAD" varchar(max), "CLASE" real, "MODIFICADO" varchar(max), "ANUALIDAD" real, "NRO_RESOL" varchar(max), "LEY" varchar(max), "CLASES_TXT" varchar(max), DELETED varchar (5))"
2019-04-10 14:29:02,639 - root - WARNING - Going to insert to table: marca
2019-04-10 14:29:23,317 - root - ERROR - records[79523]['STAT_DESDE'] == InvalidValue(b'00001228')
2019-04-10 14:29:24,099 - root - ERROR - records[82440]['REGISTRADA'] == InvalidValue(b'00001229')
2019-04-10 14:29:24,099 - root - ERROR - records[82440]['STAT_DESDE'] == InvalidValue(b'00001229')
2019-04-10 14:29:45,470 - root - WARNING - connected to Sqlserver.
2019-04-10 14:29:48,476 - root - INFO - Connections to database severed
2019-04-10 14:29:48,500 - root - INFO - database dropped
2019-04-10 14:29:48,719 - root - INFO - New Intermediate databas created
2019-04-10 14:29:48,735 - root - WARNING - connected to Sqlserver.
2019-04-10 14:29:48,736 - root - INFO - Processing: marca.DBF
2019-04-10 14:29:48,738 - root - INFO - new table to create: "create table HN1.dbo.vw_origin_marca (rowNum numeric (20), "NRO_SOLICI" varchar(max), "SOLICITADA" date, "TIPO_MARCA" varchar(max), "SIGNO" varchar(max), "NOM_MARCA" varchar(max), "REGISTRO" varchar(max), "REGISTRADA" date, "RENUEVA" date, "EXPIRA" date, "AGENTE" varchar(max), "STATUS" varchar(max), "STAT_DESDE" date, "PESO_RASGO" real, "LARFON" real, "PESO_R" real, "PUBLICADA" date, "DIARIO" varchar(max), "LIMITACION" varchar(max), "HORA" varchar(max), "RTOMO" real, "RFOLIO" real, "RESERVA" varchar(max), "NRO_PODER" varchar(max), "MODIFICA" varchar(max), "NRO_GACETA" real, "QUIEN" varchar(max), "CALIDAD" varchar(max), "CLASE" real, "MODIFICADO" varchar(max), "ANUALIDAD" real, "NRO_RESOL" varchar(max), "LEY" varchar(max), "CLASES_TXT" varchar(max), DELETED varchar (5))"
2019-04-10 14:29:48,740 - root - WARNING - Going to insert to table: marca
2019-04-10 14:30:11,020 - root - ERROR - records[79523]['STAT_DESDE'] == InvalidValue(b'00001228')
2019-04-10 14:30:11,783 - root - ERROR - records[82440]['REGISTRADA'] == InvalidValue(b'00001229')
2019-04-10 14:30:11,783 - root - ERROR - records[82440]['STAT_DESDE'] == InvalidValue(b'00001229')
2019-04-10 14:30:47,176 - root - WARNING - insert finished
2019-04-10 14:30:47,179 - root - WARNING - connected to Sqlserver.
2019-04-10 14:30:47,179 - root - INFO - Processing: migracio.dbf
2019-04-10 14:30:47,180 - root - INFO - new table to create: "create table HN1.dbo.vw_origin_migracio (rowNum numeric (20), "STATUS_INI" varchar(max), "EVENTO" varchar(max), "STATUS_FIN" varchar(max), "TRAMITE" varchar(max), DELETED varchar (5))"
2019-04-10 14:30:47,181 - root - WARNING - Going to insert to table: migracio
2019-04-10 14:30:47,206 - root - WARNING - insert finished
2019-04-10 14:30:47,206 - root - WARNING - connected to Sqlserver.
2019-04-10 14:30:47,206 - root - INFO - Processing: movimi.DBF
2019-04-10 14:30:47,209 - root - INFO - new table to create: "create table HN1.dbo.vw_origin_movimi (rowNum numeric (20), "NRO_SOLICI" varchar(max), "COMENTARIO" varchar(max), "F_EVENTO" date, "F_VENCIM" date, "F_TRANS" date, "NRO_MOV" varchar(max), "EVENTO" varchar(max), "STATUS" varchar(max), "HORA" varchar(max), "DOCUMENTO" varchar(max), "USUARIO" varchar(max), "N_ENTRADA" varchar(max), DELETED varchar (5))"
2019-04-10 14:30:47,210 - root - WARNING - Going to insert to table: movimi
