2019-04-10 14:23:31,620 - root - WARNING - connected to Sqlserver.
2019-04-10 14:23:34,672 - root - INFO - Connections to database severed
2019-04-10 14:23:34,717 - root - INFO - database dropped
2019-04-10 14:23:34,968 - root - INFO - New Intermediate databas created
2019-04-10 14:23:34,986 - root - WARNING - connected to Sqlserver.
2019-04-10 14:23:34,986 - root - INFO - Processing: agentes.DBF
2019-04-10 14:23:34,989 - root - INFO - new table to create: "create table HN1.dbo.vw_origin_agentes (rowNum numeric (20), "AGENTE" varchar(max), "NOMBRE" varchar(max), "DIRECCION" varchar(max), "CONTACTO" varchar(max), "CALIDAD" varchar(max), DELETED varchar (5))"
2019-04-10 14:23:34,991 - root - WARNING - Going to insert to table: agentes
2019-04-10 14:23:34,991 - root - ERROR - >>>>>>>>>>>>>>> issue with table creation:can only concatenate str (not "NoneType") to str
2019-04-10 14:23:34,991 - root - WARNING - insert finished
2019-04-10 14:23:34,994 - root - WARNING - connected to Sqlserver.
2019-04-10 14:23:34,994 - root - INFO - Processing: ccvs.DBF
2019-04-10 14:23:34,995 - root - INFO - new table to create: "create table HN1.dbo.vw_origin_ccvs (rowNum numeric (20), "CCV" varchar(max), "NRO_SOLICI" varchar(max), DELETED varchar (5))"
2019-04-10 14:23:34,997 - root - WARNING - Going to insert to table: ccvs
2019-04-10 14:23:46,031 - root - WARNING - insert finished
2019-04-10 14:23:46,031 - root - WARNING - connected to Sqlserver.
2019-04-10 14:23:46,031 - root - INFO - Processing: codigos.dbf
2019-04-10 14:23:46,032 - root - INFO - new table to create: "create table HN1.dbo.vw_origin_codigos (rowNum numeric (20), "ID_CODIGO" varchar(max), "CODIGO" varchar(max), "DESCRIPCOD" varchar(max), DELETED varchar (5))"
2019-04-10 14:23:46,033 - root - WARNING - Going to insert to table: codigos
2019-04-10 14:23:46,044 - root - WARNING - insert finished
2019-04-10 14:23:46,045 - root - WARNING - connected to Sqlserver.
2019-04-10 14:23:46,045 - root - INFO - Processing: eventab.dbf
2019-04-10 14:23:46,046 - root - INFO - new table to create: "create table HN1.dbo.vw_origin_eventab (rowNum numeric (20), "EVENTO" varchar(max), "DESCRIP" varchar(max), "TIPO_EVENT" varchar(max), "INFO_ADI" varchar(max), "ETI_COMENT" varchar(max), "ETI_NUMERO" varchar(max), DELETED varchar (5))"
2019-04-10 14:23:46,047 - root - WARNING - Going to insert to table: eventab
2019-04-10 14:23:46,081 - root - WARNING - insert finished
2019-04-10 14:23:46,082 - root - WARNING - connected to Sqlserver.
2019-04-10 14:23:46,082 - root - INFO - Processing: marca.DBF
2019-04-10 14:23:46,084 - root - INFO - new table to create: "create table HN1.dbo.vw_origin_marca (rowNum numeric (20), "NRO_SOLICI" varchar(max), "SOLICITADA" date, "TIPO_MARCA" varchar(max), "SIGNO" varchar(max), "NOM_MARCA" varchar(max), "REGISTRO" varchar(max), "REGISTRADA" date, "RENUEVA" date, "EXPIRA" date, "AGENTE" varchar(max), "STATUS" varchar(max), "STAT_DESDE" date, "PESO_RASGO" real, "LARFON" real, "PESO_R" real, "PUBLICADA" date, "DIARIO" varchar(max), "LIMITACION" varchar(max), "HORA" varchar(max), "RTOMO" real, "RFOLIO" real, "RESERVA" varchar(max), "NRO_PODER" varchar(max), "MODIFICA" varchar(max), "NRO_GACETA" real, "QUIEN" varchar(max), "CALIDAD" varchar(max), "CLASE" real, "MODIFICADO" varchar(max), "ANUALIDAD" real, "NRO_RESOL" varchar(max), "LEY" varchar(max), "CLASES_TXT" varchar(max), DELETED varchar (5))"
2019-04-10 14:23:46,085 - root - WARNING - Going to insert to table: marca
2019-04-10 14:23:46,086 - root - ERROR - >>>>>>>>>>>>>>> issue with table creation:can only concatenate str (not "datetime.date") to str
2019-04-10 14:23:46,086 - root - WARNING - insert finished
2019-04-10 14:23:46,086 - root - WARNING - connected to Sqlserver.
2019-04-10 14:23:46,086 - root - INFO - Processing: migracio.dbf
2019-04-10 14:23:46,088 - root - INFO - new table to create: "create table HN1.dbo.vw_origin_migracio (rowNum numeric (20), "STATUS_INI" varchar(max), "EVENTO" varchar(max), "STATUS_FIN" varchar(max), "TRAMITE" varchar(max), DELETED varchar (5))"
2019-04-10 14:23:46,089 - root - WARNING - Going to insert to table: migracio
2019-04-10 14:23:46,120 - root - WARNING - insert finished
2019-04-10 14:23:46,120 - root - WARNING - connected to Sqlserver.
2019-04-10 14:23:46,120 - root - INFO - Processing: movimi.DBF
2019-04-10 14:23:46,122 - root - INFO - new table to create: "create table HN1.dbo.vw_origin_movimi (rowNum numeric (20), "NRO_SOLICI" varchar(max), "COMENTARIO" varchar(max), "F_EVENTO" date, "F_VENCIM" date, "F_TRANS" date, "NRO_MOV" varchar(max), "EVENTO" varchar(max), "STATUS" varchar(max), "HORA" varchar(max), "DOCUMENTO" varchar(max), "USUARIO" varchar(max), "N_ENTRADA" varchar(max), DELETED varchar (5))"
2019-04-10 14:23:46,123 - root - WARNING - Going to insert to table: movimi
2019-04-10 14:23:46,124 - root - ERROR - >>>>>>>>>>>>>>> issue with table creation:can only concatenate str (not "datetime.date") to str
2019-04-10 14:23:46,124 - root - WARNING - insert finished
2019-04-10 14:23:46,124 - root - WARNING - connected to Sqlserver.
2019-04-10 14:23:46,124 - root - INFO - Processing: nuenoms.DBF
2019-04-10 14:23:46,125 - root - INFO - new table to create: "create table HN1.dbo.vw_origin_nuenoms (rowNum numeric (20), "NUM_SERIE" varchar(max), "TITULAR" varchar(max), DELETED varchar (5))"
2019-04-10 14:23:46,126 - root - WARNING - Going to insert to table: nuenoms
2019-04-10 14:23:55,840 - root - WARNING - insert finished
2019-04-10 14:23:55,840 - root - WARNING - connected to Sqlserver.
2019-04-10 14:23:55,840 - root - INFO - Processing: orinoms.DBF
2019-04-10 14:23:55,842 - root - INFO - new table to create: "create table HN1.dbo.vw_origin_orinoms (rowNum numeric (20), "NUM_SERIE" varchar(max), "TITULAR" varchar(max), DELETED varchar (5))"
2019-04-10 14:23:55,843 - root - WARNING - Going to insert to table: orinoms
