2019-04-10 11:58:06,553 - root - WARNING - connected to Sqlserver.
2019-04-10 11:58:09,589 - root - INFO - Connections to database severed
2019-04-10 11:58:09,615 - root - INFO - database dropped
2019-04-10 11:58:09,826 - root - INFO - New Intermediate databas created
2019-04-10 11:58:09,846 - root - WARNING - connected to Sqlserver.
2019-04-10 11:58:09,847 - root - INFO - Processing: agentes.DBF
2019-04-10 11:58:09,849 - root - INFO - new table to create: "create table HN1.dbo.vw_origin_agentes (rowNum numeric (20), "AGENTE" varchar(max), "NOMBRE" varchar(max), "DIRECCION" varchar(max), "CONTACTO" varchar(max), "CALIDAD" varchar(max), DELETED varchar (5))"
2019-04-10 11:58:09,851 - root - WARNING - Going to insert to table: agentes
2019-04-10 11:58:11,840 - root - WARNING - insert finished
2019-04-10 11:58:11,842 - root - WARNING - connected to Sqlserver.
2019-04-10 11:58:11,842 - root - INFO - Processing: ccvs.DBF
2019-04-10 11:58:11,844 - root - INFO - new table to create: "create table HN1.dbo.vw_origin_ccvs (rowNum numeric (20), "CCV" varchar(max), "NRO_SOLICI" varchar(max), DELETED varchar (5))"
2019-04-10 11:58:11,845 - root - WARNING - Going to insert to table: ccvs
2019-04-10 11:58:21,630 - root - WARNING - insert finished
2019-04-10 11:58:21,631 - root - WARNING - connected to Sqlserver.
2019-04-10 11:58:21,631 - root - INFO - Processing: codigos.dbf
2019-04-10 11:58:21,632 - root - INFO - new table to create: "create table HN1.dbo.vw_origin_codigos (rowNum numeric (20), "ID_CODIGO" varchar(max), "CODIGO" varchar(max), "DESCRIPCOD" varchar(max), DELETED varchar (5))"
2019-04-10 11:58:21,633 - root - WARNING - Going to insert to table: codigos
2019-04-10 11:58:21,641 - root - WARNING - insert finished
2019-04-10 11:58:21,641 - root - WARNING - connected to Sqlserver.
2019-04-10 11:58:21,641 - root - INFO - Processing: eventab.dbf
2019-04-10 11:58:21,643 - root - INFO - new table to create: "create table HN1.dbo.vw_origin_eventab (rowNum numeric (20), "EVENTO" varchar(max), "DESCRIP" varchar(max), "TIPO_EVENT" varchar(max), "INFO_ADI" varchar(max), "ETI_COMENT" varchar(max), "ETI_NUMERO" varchar(max), DELETED varchar (5))"
2019-04-10 11:58:21,644 - root - WARNING - Going to insert to table: eventab
2019-04-10 11:58:21,670 - root - WARNING - insert finished
2019-04-10 11:58:21,671 - root - WARNING - connected to Sqlserver.
2019-04-10 11:58:21,671 - root - INFO - Processing: marca.DBF
2019-04-10 11:58:21,673 - root - INFO - new table to create: "create table HN1.dbo.vw_origin_marca (rowNum numeric (20), "NRO_SOLICI" varchar(max), "SOLICITADA" varchar(max), "TIPO_MARCA" varchar(max), "SIGNO" varchar(max), "NOM_MARCA" varchar(max), "REGISTRO" varchar(max), "REGISTRADA" varchar(max), "RENUEVA" varchar(max), "EXPIRA" varchar(max), "AGENTE" varchar(max), "STATUS" varchar(max), "STAT_DESDE" varchar(max), "PESO_RASGO" varchar(max), "LARFON" varchar(max), "PESO_R" varchar(max), "PUBLICADA" varchar(max), "DIARIO" varchar(max), "LIMITACION" varchar(max), "HORA" varchar(max), "RTOMO" varchar(max), "RFOLIO" varchar(max), "RESERVA" varchar(max), "NRO_PODER" varchar(max), "MODIFICA" varchar(max), "NRO_GACETA" varchar(max), "QUIEN" varchar(max), "CALIDAD" varchar(max), "CLASE" varchar(max), "MODIFICADO" varchar(max), "ANUALIDAD" varchar(max), "NRO_RESOL" varchar(max), "LEY" varchar(max), "CLASES_TXT" varchar(max), DELETED varchar (5))"
2019-04-10 11:58:21,675 - root - WARNING - Going to insert to table: marca
2019-04-10 11:58:45,043 - root - ERROR - records[79523]['STAT_DESDE'] == InvalidValue(b'00001228')
2019-04-10 11:58:45,881 - root - ERROR - records[82440]['REGISTRADA'] == InvalidValue(b'00001229')
2019-04-10 11:58:45,881 - root - ERROR - records[82440]['STAT_DESDE'] == InvalidValue(b'00001229')
2019-04-10 11:59:23,983 - root - WARNING - insert finished
2019-04-10 11:59:23,985 - root - WARNING - connected to Sqlserver.
2019-04-10 11:59:23,986 - root - INFO - Processing: migracio.dbf
2019-04-10 11:59:23,987 - root - INFO - new table to create: "create table HN1.dbo.vw_origin_migracio (rowNum numeric (20), "STATUS_INI" varchar(max), "EVENTO" varchar(max), "STATUS_FIN" varchar(max), "TRAMITE" varchar(max), DELETED varchar (5))"
2019-04-10 11:59:23,988 - root - WARNING - Going to insert to table: migracio
2019-04-10 11:59:24,014 - root - WARNING - insert finished
2019-04-10 11:59:24,015 - root - WARNING - connected to Sqlserver.
2019-04-10 11:59:24,015 - root - INFO - Processing: movimi.DBF
2019-04-10 11:59:24,017 - root - INFO - new table to create: "create table HN1.dbo.vw_origin_movimi (rowNum numeric (20), "NRO_SOLICI" varchar(max), "COMENTARIO" varchar(max), "F_EVENTO" varchar(max), "F_VENCIM" varchar(max), "F_TRANS" varchar(max), "NRO_MOV" varchar(max), "EVENTO" varchar(max), "STATUS" varchar(max), "HORA" varchar(max), "DOCUMENTO" varchar(max), "USUARIO" varchar(max), "N_ENTRADA" varchar(max), DELETED varchar (5))"
2019-04-10 11:59:24,019 - root - WARNING - Going to insert to table: movimi
2019-04-10 11:59:47,781 - root - ERROR - records[121364]['F_EVENTO'] == InvalidValue(b'00001228')
2019-04-10 11:59:47,791 - root - ERROR - records[121654]['F_EVENTO'] == InvalidValue(b'00001229')
2019-04-10 11:59:59,419 - root - ERROR - records[178956]['F_EVENTO'] == InvalidValue(b'\x00\x00\x00\x00\x00\x00\x00\x00')
2019-04-10 11:59:59,420 - root - ERROR - records[178956]['F_VENCIM'] == InvalidValue(b'\x00\x00\x00\x00\x00\x00\x00\x00')
2019-04-10 11:59:59,420 - root - ERROR - records[178956]['F_TRANS'] == InvalidValue(b'\x00\x00\x00\x00\x00\x00\x00\x00')
2019-04-10 12:00:06,626 - root - ERROR - records[215740]['F_EVENTO'] == InvalidValue(b'\x00\x00\x00\x00\x00\x00\x00\x00')
2019-04-10 12:00:06,626 - root - ERROR - records[215740]['F_VENCIM'] == InvalidValue(b'\x00\x00\x00\x00\x00\x00\x00\x00')
2019-04-10 12:00:06,626 - root - ERROR - records[215740]['F_TRANS'] == InvalidValue(b'\x00\x00\x00\x00\x00\x00\x00\x00')
2019-04-10 12:00:06,626 - root - ERROR - records[215741]['F_EVENTO'] == InvalidValue(b'\x00\x00\x00\x00\x00\x00\x00\x00')
2019-04-10 12:00:06,626 - root - ERROR - records[215741]['F_VENCIM'] == InvalidValue(b'\x00\x00\x00\x00\x00\x00\x00\x00')
2019-04-10 12:00:06,626 - root - ERROR - records[215741]['F_TRANS'] == InvalidValue(b'\x00\x00\x00\x00\x00\x00\x00\x00')
2019-04-10 12:00:07,985 - root - ERROR - records[222679]['F_EVENTO'] == InvalidValue(b'\x00\x00\x00\x00\x00\x00\x00\x00')
2019-04-10 12:00:07,985 - root - ERROR - records[222679]['F_VENCIM'] == InvalidValue(b'\x00\x00\x00\x00\x00\x00\x00\x00')
2019-04-10 12:00:07,985 - root - ERROR - records[222679]['F_TRANS'] == InvalidValue(b'\x00\x00\x00\x00\x00\x00\x00\x00')
2019-04-10 12:00:07,985 - root - ERROR - records[222680]['F_EVENTO'] == InvalidValue(b'\x00\x00\x00\x00\x00\x00\x00\x00')
2019-04-10 12:00:07,985 - root - ERROR - records[222680]['F_VENCIM'] == InvalidValue(b'\x00\x00\x00\x00\x00\x00\x00\x00')
2019-04-10 12:00:07,985 - root - ERROR - records[222680]['F_TRANS'] == InvalidValue(b'\x00\x00\x00\x00\x00\x00\x00\x00')
2019-04-10 12:00:07,985 - root - ERROR - records[222681]['F_EVENTO'] == InvalidValue(b'\x00\x00\x00\x00\x00\x00\x00\x00')
2019-04-10 12:00:07,985 - root - ERROR - records[222681]['F_VENCIM'] == InvalidValue(b'\x00\x00\x00\x00\x00\x00\x00\x00')
2019-04-10 12:00:07,985 - root - ERROR - records[222681]['F_TRANS'] == InvalidValue(b'\x00\x00\x00\x00\x00\x00\x00\x00')
