2019-04-12 17:03:18,082 - root - WARNING - connected to Sqlserver.
2019-04-12 17:03:21,087 - root - INFO - Connections to database severed
2019-04-12 17:03:21,139 - root - INFO - database dropped
2019-04-12 17:03:21,141 - root - INFO - user ready
2019-04-12 17:03:21,141 - root - INFO - access granted
2019-04-12 17:03:21,142 - root - INFO - access granted
2019-04-12 17:03:21,143 - root - INFO - password changed
2019-04-12 17:03:21,867 - root - INFO - <_io.TextIOWrapper name='<stderr>' mode='w' encoding='UTF-8'>Child returned, 0
2019-04-12 17:03:21,881 - root - WARNING - connected to Sqlserver.
2019-04-12 17:03:21,911 - root - INFO - repository synced
2019-04-12 17:03:21,916 - root - INFO - repository synced
2019-04-12 17:03:21,920 - root - WARNING - connected to Sqlserver.
2019-04-12 17:03:22,033 - root - INFO - changing database to intermed
2019-04-12 17:03:22,037 - root - WARNING - connected to Sqlserver.
2019-04-12 17:03:22,972 - root - INFO - access granted
2019-04-12 17:03:22,972 - root - INFO - access granted
2019-04-12 17:03:25,302 - root - WARNING - Running initial updates to intermed.
2019-04-12 17:03:25,302 - root - INFO - changing database to intermed
2019-04-12 17:03:26,808 - root - INFO - changing database to ipas
2019-04-12 17:03:26,813 - root - WARNING - connected to Sqlserver.
2019-04-12 17:03:26,813 - root - WARNING - Creating store procedures and wrk tables.
2019-04-12 17:03:26,973 - root - INFO - cleanning manual validation tables
2019-04-12 17:03:26,974 - root - INFO - creating store procedure0-ImportSetPersonNbr
2019-04-12 17:03:27,055 - root - INFO - <_io.TextIOWrapper name='<stderr>' mode='w' encoding='UTF-8'>Child returned, 0
2019-04-12 17:03:27,055 - root - INFO - creating store procedure1-MarkDateValidationPROC
2019-04-12 17:03:27,126 - root - INFO - <_io.TextIOWrapper name='<stderr>' mode='w' encoding='UTF-8'>Child returned, 0
2019-04-12 17:03:27,127 - root - INFO - creating store procedure10-ImportAgentProcessAll
2019-04-12 17:03:27,199 - root - INFO - <_io.TextIOWrapper name='<stderr>' mode='w' encoding='UTF-8'>Child returned, 0
2019-04-12 17:03:27,199 - root - INFO - creating store procedure11-ImportMarkProcess
2019-04-12 17:03:27,293 - root - INFO - <_io.TextIOWrapper name='<stderr>' mode='w' encoding='UTF-8'>Child returned, 0
2019-04-12 17:03:27,293 - root - INFO - creating store procedure12-userdocImport-1
2019-04-12 17:03:27,366 - root - INFO - <_io.TextIOWrapper name='<stderr>' mode='w' encoding='UTF-8'>Child returned, 0
2019-04-12 17:03:27,367 - root - INFO - creating store procedure13-userdocImport-2
2019-04-12 17:03:27,441 - root - INFO - <_io.TextIOWrapper name='<stderr>' mode='w' encoding='UTF-8'>Child returned, 0
2019-04-12 17:03:27,441 - root - INFO - creating store procedure2-PatentDateValidationPROC
2019-04-12 17:03:27,511 - root - INFO - <_io.TextIOWrapper name='<stderr>' mode='w' encoding='UTF-8'>Child returned, 0
2019-04-12 17:03:27,512 - root - INFO - creating store procedure3-UserDocDateValidationPROC
2019-04-12 17:03:27,577 - root - INFO - <_io.TextIOWrapper name='<stderr>' mode='w' encoding='UTF-8'>Child returned, 0
2019-04-12 17:03:27,578 - root - INFO - creating store procedure4-CallToDateValidationPROC
2019-04-12 17:03:27,646 - root - INFO - <_io.TextIOWrapper name='<stderr>' mode='w' encoding='UTF-8'>Child returned, 0
2019-04-12 17:03:27,646 - root - INFO - creating store procedure5-ImportAgentValidate
2019-04-12 17:03:27,720 - root - INFO - <_io.TextIOWrapper name='<stderr>' mode='w' encoding='UTF-8'>Child returned, 0
2019-04-12 17:03:27,720 - root - INFO - creating store procedure6-ImportMarkValidate
2019-04-12 17:03:27,829 - root - INFO - <_io.TextIOWrapper name='<stderr>' mode='w' encoding='UTF-8'>Child returned, 0
2019-04-12 17:03:27,830 - root - INFO - creating store procedure8-ImportUserdocValidate
2019-04-12 17:03:27,928 - root - INFO - <_io.TextIOWrapper name='<stderr>' mode='w' encoding='UTF-8'>Child returned, 0
2019-04-12 17:03:27,928 - root - INFO - creating store procedure9-ImportWorkTablesCreate
2019-04-12 17:03:28,332 - root - INFO - <_io.TextIOWrapper name='<stderr>' mode='w' encoding='UTF-8'>Child returned, 0
2019-04-12 17:03:28,332 - root - WARNING - Running validation and migration.
2019-04-12 17:03:28,452 - root - WARNING - Migrating agents.
2019-04-12 17:03:33,890 - root - WARNING - Validation TM .
2019-04-12 17:04:06,929 - root - INFO - wrong query:/*INSERT INTO HNMARCAS.HNADMIN.CF_DOC_SEQUENCE (ROW_VERSION  ,DOC_SEQ_TYP   ,DOC_SEQ_NAME     ,IND_ANNUAL_SERIES   ,FIXED_SERIES    ,IND_CONT_NBR_FOR_FILE) SELECT DISTINCT 1,USERDOC_SEQ,'SEQ ALTERNATIVA USERDOCS'+USERDOC_SEQ,'S',NULL,'N' FROM HN1.dbo.VW_IMPORT_USERDOC WHERE USERDOC_SEQ!='M'running TM updates
2019-04-12 17:04:06,929 - root - ERROR - >>>>>>>>>>>>>>> issue with insert query ('42000', "[42000] [Microsoft][ODBC Driver 17 for SQL Server][SQL Server]Missing end comment mark '*/'. (113) (SQLExecDirectW)")
2019-04-12 17:04:06,931 - root - INFO - wrong query:INSERT INTO HNMARCAS.HNADMIN.CF_DOC_SEQUENCE (ROW_VERSION  ,DOC_SEQ_TYP   ,DOC_SEQ_NAME     ,IND_ANNUAL_SERIES   ,FIXED_SERIES    ,IND_CONT_NBR_FOR_FILE) VALUES(1,'M-A', 'SEQ ALTERNATIVA OVERLAP','S',NULL,'N')running TM updates
2019-04-12 17:04:06,932 - root - ERROR - >>>>>>>>>>>>>>> issue with insert query ('23000', "[23000] [Microsoft][ODBC Driver 17 for SQL Server][SQL Server]Violation of PRIMARY KEY constraint 'SECUENCIA_PROMOCION_PK'. Cannot insert duplicate key in object 'HNADMIN.CF_DOC_SEQUENCE'. The duplicate key value is (M-A). (2627) (SQLExecDirectW); [23000] [Microsoft][ODBC Driver 17 for SQL Server][SQL Server]The statement has been terminated. (3621)")
2019-04-12 17:04:06,932 - root - INFO - wrong query:*/running TM updates
2019-04-12 17:04:06,932 - root - ERROR - >>>>>>>>>>>>>>> issue with insert query ('42000', "[42000] [Microsoft][ODBC Driver 17 for SQL Server][SQL Server]Incorrect syntax near '*'. (102) (SQLExecDirectW)")
2019-04-12 17:04:06,932 - root - WARNING - Validation TM post correction.
2019-04-12 17:04:22,152 - root - WARNING - Migrating trademarks.
2019-04-12 17:04:22,406 - root - INFO - From SQLCMD: b'Msg 208, Level 16, State 1, Server WS538539, Procedure HNMARCAS.dbo.ImportMarkProcess, Line 117\r\n'
2019-04-12 17:04:22,406 - root - INFO - From SQLCMD: b'Invalid object name \'"+ context.intermediateDB + ".dbo.VW_IMPORT_MARK\'.\r\n'
2019-04-12 17:04:22,406 - root - INFO - From SQLCMD: b'Msg 266, Level 16, State 2, Server WS538539, Procedure HNMARCAS.dbo.ImportMarkProcess, Line 117\r\n'
2019-04-12 17:04:22,406 - root - INFO - From SQLCMD: b'Transaction count after EXECUTE indicates a mismatching number of BEGIN and COMMIT statements. Previous count = 0, current count = 1.\r\n'
2019-04-12 17:04:22,506 - root - INFO - From SQLCMD: b'Msg 208, Level 16, State 1, Server WS538539, Procedure HNMARCAS.dbo.ImportMarkProcess, Line 117\r\n'
2019-04-12 17:04:22,506 - root - INFO - From SQLCMD: b'Invalid object name \'"+ context.intermediateDB + ".dbo.VW_IMPORT_MARK\'.\r\n'
2019-04-12 17:04:22,506 - root - INFO - From SQLCMD: b'Msg 266, Level 16, State 2, Server WS538539, Procedure HNMARCAS.dbo.ImportMarkProcess, Line 117\r\n'
2019-04-12 17:04:22,506 - root - INFO - From SQLCMD: b'Transaction count after EXECUTE indicates a mismatching number of BEGIN and COMMIT statements. Previous count = 0, current count = 1.\r\n'
2019-04-12 17:04:22,611 - root - INFO - From SQLCMD: b'Msg 208, Level 16, State 1, Server WS538539, Procedure HNMARCAS.dbo.ImportMarkProcess, Line 117\r\n'
2019-04-12 17:04:22,611 - root - INFO - From SQLCMD: b'Invalid object name \'"+ context.intermediateDB + ".dbo.VW_IMPORT_MARK\'.\r\n'
2019-04-12 17:04:22,611 - root - INFO - From SQLCMD: b'Msg 266, Level 16, State 2, Server WS538539, Procedure HNMARCAS.dbo.ImportMarkProcess, Line 117\r\n'
2019-04-12 17:04:22,611 - root - INFO - From SQLCMD: b'Transaction count after EXECUTE indicates a mismatching number of BEGIN and COMMIT statements. Previous count = 0, current count = 1.\r\n'
2019-04-12 17:04:22,718 - root - INFO - From SQLCMD: b'Msg 208, Level 16, State 1, Server WS538539, Procedure HNMARCAS.dbo.ImportMarkProcess, Line 117\r\n'
2019-04-12 17:04:22,718 - root - INFO - From SQLCMD: b'Invalid object name \'"+ context.intermediateDB + ".dbo.VW_IMPORT_MARK\'.\r\n'
2019-04-12 17:04:22,718 - root - INFO - From SQLCMD: b'Msg 266, Level 16, State 2, Server WS538539, Procedure HNMARCAS.dbo.ImportMarkProcess, Line 117\r\n'
2019-04-12 17:04:22,719 - root - INFO - From SQLCMD: b'Transaction count after EXECUTE indicates a mismatching number of BEGIN and COMMIT statements. Previous count = 0, current count = 1.\r\n'
2019-04-12 17:04:22,854 - root - INFO - From SQLCMD: b'Msg 208, Level 16, State 1, Server WS538539, Procedure HNMARCAS.dbo.ImportMarkProcess, Line 117\r\n'
2019-04-12 17:04:22,854 - root - INFO - From SQLCMD: b'Invalid object name \'"+ context.intermediateDB + ".dbo.VW_IMPORT_MARK\'.\r\n'
2019-04-12 17:04:22,855 - root - INFO - From SQLCMD: b'Msg 266, Level 16, State 2, Server WS538539, Procedure HNMARCAS.dbo.ImportMarkProcess, Line 117\r\n'
2019-04-12 17:04:22,855 - root - INFO - From SQLCMD: b'Transaction count after EXECUTE indicates a mismatching number of BEGIN and COMMIT statements. Previous count = 0, current count = 1.\r\n'
2019-04-12 17:04:22,973 - root - INFO - From SQLCMD: b'Msg 208, Level 16, State 1, Server WS538539, Procedure HNMARCAS.dbo.ImportMarkProcess, Line 117\r\n'
2019-04-12 17:04:22,973 - root - INFO - From SQLCMD: b'Invalid object name \'"+ context.intermediateDB + ".dbo.VW_IMPORT_MARK\'.\r\n'
2019-04-12 17:04:22,973 - root - INFO - From SQLCMD: b'Msg 266, Level 16, State 2, Server WS538539, Procedure HNMARCAS.dbo.ImportMarkProcess, Line 117\r\n'
2019-04-12 17:04:22,974 - root - INFO - From SQLCMD: b'Transaction count after EXECUTE indicates a mismatching number of BEGIN and COMMIT statements. Previous count = 0, current count = 1.\r\n'
2019-04-12 17:04:23,096 - root - INFO - From SQLCMD: b'Msg 208, Level 16, State 1, Server WS538539, Procedure HNMARCAS.dbo.ImportMarkProcess, Line 117\r\n'
2019-04-12 17:04:23,096 - root - INFO - From SQLCMD: b'Invalid object name \'"+ context.intermediateDB + ".dbo.VW_IMPORT_MARK\'.\r\n'
2019-04-12 17:04:23,096 - root - INFO - From SQLCMD: b'Msg 266, Level 16, State 2, Server WS538539, Procedure HNMARCAS.dbo.ImportMarkProcess, Line 117\r\n'
2019-04-12 17:04:23,096 - root - INFO - From SQLCMD: b'Transaction count after EXECUTE indicates a mismatching number of BEGIN and COMMIT statements. Previous count = 0, current count = 1.\r\n'
2019-04-12 17:04:23,250 - root - INFO - From SQLCMD: b'Msg 208, Level 16, State 1, Server WS538539, Procedure HNMARCAS.dbo.ImportMarkProcess, Line 117\r\n'
2019-04-12 17:04:23,251 - root - INFO - From SQLCMD: b'Invalid object name \'"+ context.intermediateDB + ".dbo.VW_IMPORT_MARK\'.\r\n'
2019-04-12 17:04:23,251 - root - INFO - From SQLCMD: b'Msg 266, Level 16, State 2, Server WS538539, Procedure HNMARCAS.dbo.ImportMarkProcess, Line 117\r\n'
2019-04-12 17:04:23,251 - root - INFO - From SQLCMD: b'Transaction count after EXECUTE indicates a mismatching number of BEGIN and COMMIT statements. Previous count = 0, current count = 1.\r\n'
2019-04-12 17:04:23,401 - root - INFO - From SQLCMD: b'Msg 208, Level 16, State 1, Server WS538539, Procedure HNMARCAS.dbo.ImportMarkProcess, Line 117\r\n'
2019-04-12 17:04:23,402 - root - INFO - From SQLCMD: b'Invalid object name \'"+ context.intermediateDB + ".dbo.VW_IMPORT_MARK\'.\r\n'
2019-04-12 17:04:23,402 - root - INFO - From SQLCMD: b'Msg 266, Level 16, State 2, Server WS538539, Procedure HNMARCAS.dbo.ImportMarkProcess, Line 117\r\n'
2019-04-12 17:04:23,402 - root - INFO - From SQLCMD: b'Transaction count after EXECUTE indicates a mismatching number of BEGIN and COMMIT statements. Previous count = 0, current count = 1.\r\n'
2019-04-12 17:04:23,547 - root - INFO - From SQLCMD: b'Msg 208, Level 16, State 1, Server WS538539, Procedure HNMARCAS.dbo.ImportMarkProcess, Line 117\r\n'
2019-04-12 17:04:23,547 - root - INFO - From SQLCMD: b'Invalid object name \'"+ context.intermediateDB + ".dbo.VW_IMPORT_MARK\'.\r\n'
2019-04-12 17:04:23,547 - root - INFO - From SQLCMD: b'Msg 266, Level 16, State 2, Server WS538539, Procedure HNMARCAS.dbo.ImportMarkProcess, Line 117\r\n'
2019-04-12 17:04:23,547 - root - INFO - From SQLCMD: b'Transaction count after EXECUTE indicates a mismatching number of BEGIN and COMMIT statements. Previous count = 0, current count = 1.\r\n'
2019-04-12 17:04:23,685 - root - INFO - From SQLCMD: b'Msg 208, Level 16, State 1, Server WS538539, Procedure HNMARCAS.dbo.ImportMarkProcess, Line 117\r\n'
2019-04-12 17:04:23,685 - root - INFO - From SQLCMD: b'Invalid object name \'"+ context.intermediateDB + ".dbo.VW_IMPORT_MARK\'.\r\n'
2019-04-12 17:04:23,685 - root - INFO - From SQLCMD: b'Msg 266, Level 16, State 2, Server WS538539, Procedure HNMARCAS.dbo.ImportMarkProcess, Line 117\r\n'
2019-04-12 17:04:23,686 - root - INFO - From SQLCMD: b'Transaction count after EXECUTE indicates a mismatching number of BEGIN and COMMIT statements. Previous count = 0, current count = 1.\r\n'
2019-04-12 17:04:23,832 - root - INFO - From SQLCMD: b'Msg 208, Level 16, State 1, Server WS538539, Procedure HNMARCAS.dbo.ImportMarkProcess, Line 117\r\n'
2019-04-12 17:04:23,832 - root - INFO - From SQLCMD: b'Invalid object name \'"+ context.intermediateDB + ".dbo.VW_IMPORT_MARK\'.\r\n'
2019-04-12 17:04:23,832 - root - INFO - From SQLCMD: b'Msg 266, Level 16, State 2, Server WS538539, Procedure HNMARCAS.dbo.ImportMarkProcess, Line 117\r\n'
2019-04-12 17:04:23,832 - root - INFO - From SQLCMD: b'Transaction count after EXECUTE indicates a mismatching number of BEGIN and COMMIT statements. Previous count = 0, current count = 1.\r\n'
2019-04-12 17:04:24,002 - root - INFO - From SQLCMD: b'Msg 208, Level 16, State 1, Server WS538539, Procedure HNMARCAS.dbo.ImportMarkProcess, Line 117\r\n'
2019-04-12 17:04:24,002 - root - INFO - From SQLCMD: b'Invalid object name \'"+ context.intermediateDB + ".dbo.VW_IMPORT_MARK\'.\r\n'
2019-04-12 17:04:24,002 - root - INFO - From SQLCMD: b'Msg 266, Level 16, State 2, Server WS538539, Procedure HNMARCAS.dbo.ImportMarkProcess, Line 117\r\n'
2019-04-12 17:04:24,002 - root - INFO - From SQLCMD: b'Transaction count after EXECUTE indicates a mismatching number of BEGIN and COMMIT statements. Previous count = 0, current count = 1.\r\n'
2019-04-12 17:04:24,159 - root - INFO - From SQLCMD: b'Msg 208, Level 16, State 1, Server WS538539, Procedure HNMARCAS.dbo.ImportMarkProcess, Line 117\r\n'
2019-04-12 17:04:24,159 - root - INFO - From SQLCMD: b'Invalid object name \'"+ context.intermediateDB + ".dbo.VW_IMPORT_MARK\'.\r\n'
2019-04-12 17:04:24,159 - root - INFO - From SQLCMD: b'Msg 266, Level 16, State 2, Server WS538539, Procedure HNMARCAS.dbo.ImportMarkProcess, Line 117\r\n'
2019-04-12 17:04:24,160 - root - INFO - From SQLCMD: b'Transaction count after EXECUTE indicates a mismatching number of BEGIN and COMMIT statements. Previous count = 0, current count = 1.\r\n'
2019-04-12 17:04:24,318 - root - INFO - From SQLCMD: b'Msg 208, Level 16, State 1, Server WS538539, Procedure HNMARCAS.dbo.ImportMarkProcess, Line 117\r\n'
2019-04-12 17:04:24,318 - root - INFO - From SQLCMD: b'Invalid object name \'"+ context.intermediateDB + ".dbo.VW_IMPORT_MARK\'.\r\n'
2019-04-12 17:04:24,318 - root - INFO - From SQLCMD: b'Msg 266, Level 16, State 2, Server WS538539, Procedure HNMARCAS.dbo.ImportMarkProcess, Line 117\r\n'
2019-04-12 17:04:24,318 - root - INFO - From SQLCMD: b'Transaction count after EXECUTE indicates a mismatching number of BEGIN and COMMIT statements. Previous count = 0, current count = 1.\r\n'
2019-04-12 17:04:24,482 - root - INFO - From SQLCMD: b'Msg 208, Level 16, State 1, Server WS538539, Procedure HNMARCAS.dbo.ImportMarkProcess, Line 117\r\n'
2019-04-12 17:04:24,482 - root - INFO - From SQLCMD: b'Invalid object name \'"+ context.intermediateDB + ".dbo.VW_IMPORT_MARK\'.\r\n'
2019-04-12 17:04:24,482 - root - INFO - From SQLCMD: b'Msg 266, Level 16, State 2, Server WS538539, Procedure HNMARCAS.dbo.ImportMarkProcess, Line 117\r\n'
2019-04-12 17:04:24,482 - root - INFO - From SQLCMD: b'Transaction count after EXECUTE indicates a mismatching number of BEGIN and COMMIT statements. Previous count = 0, current count = 1.\r\n'
2019-04-12 17:04:24,673 - root - INFO - From SQLCMD: b'Msg 208, Level 16, State 1, Server WS538539, Procedure HNMARCAS.dbo.ImportMarkProcess, Line 117\r\n'
2019-04-12 17:04:24,673 - root - INFO - From SQLCMD: b'Invalid object name \'"+ context.intermediateDB + ".dbo.VW_IMPORT_MARK\'.\r\n'
2019-04-12 17:04:24,673 - root - INFO - From SQLCMD: b'Msg 266, Level 16, State 2, Server WS538539, Procedure HNMARCAS.dbo.ImportMarkProcess, Line 117\r\n'
2019-04-12 17:04:24,673 - root - INFO - From SQLCMD: b'Transaction count after EXECUTE indicates a mismatching number of BEGIN and COMMIT statements. Previous count = 0, current count = 1.\r\n'
2019-04-12 17:04:24,840 - root - INFO - From SQLCMD: b'Msg 208, Level 16, State 1, Server WS538539, Procedure HNMARCAS.dbo.ImportMarkProcess, Line 117\r\n'
2019-04-12 17:04:24,840 - root - INFO - From SQLCMD: b'Invalid object name \'"+ context.intermediateDB + ".dbo.VW_IMPORT_MARK\'.\r\n'
2019-04-12 17:04:24,840 - root - INFO - From SQLCMD: b'Msg 266, Level 16, State 2, Server WS538539, Procedure HNMARCAS.dbo.ImportMarkProcess, Line 117\r\n'
2019-04-12 17:04:24,840 - root - INFO - From SQLCMD: b'Transaction count after EXECUTE indicates a mismatching number of BEGIN and COMMIT statements. Previous count = 0, current count = 1.\r\n'
2019-04-12 17:04:25,015 - root - INFO - From SQLCMD: b'Msg 208, Level 16, State 1, Server WS538539, Procedure HNMARCAS.dbo.ImportMarkProcess, Line 117\r\n'
2019-04-12 17:04:25,015 - root - INFO - From SQLCMD: b'Invalid object name \'"+ context.intermediateDB + ".dbo.VW_IMPORT_MARK\'.\r\n'
2019-04-12 17:04:25,015 - root - INFO - From SQLCMD: b'Msg 266, Level 16, State 2, Server WS538539, Procedure HNMARCAS.dbo.ImportMarkProcess, Line 117\r\n'
2019-04-12 17:04:25,015 - root - INFO - From SQLCMD: b'Transaction count after EXECUTE indicates a mismatching number of BEGIN and COMMIT statements. Previous count = 0, current count = 1.\r\n'
2019-04-12 17:04:25,167 - root - INFO - From SQLCMD: b'Msg 208, Level 16, State 1, Server WS538539, Procedure HNMARCAS.dbo.ImportMarkProcess, Line 117\r\n'
2019-04-12 17:04:25,168 - root - INFO - From SQLCMD: b'Invalid object name \'"+ context.intermediateDB + ".dbo.VW_IMPORT_MARK\'.\r\n'
2019-04-12 17:04:25,168 - root - INFO - From SQLCMD: b'Msg 266, Level 16, State 2, Server WS538539, Procedure HNMARCAS.dbo.ImportMarkProcess, Line 117\r\n'
2019-04-12 17:04:25,168 - root - INFO - From SQLCMD: b'Transaction count after EXECUTE indicates a mismatching number of BEGIN and COMMIT statements. Previous count = 0, current count = 1.\r\n'
2019-04-12 17:04:25,177 - root - INFO - changing database to intermed
2019-04-12 17:04:25,177 - root - WARNING - connected to Sqlserver.
2019-04-12 17:04:25,177 - root - WARNING - 

2019-04-12 17:04:25,177 - root - WARNING - Validation UD post correction.
2019-04-12 17:04:37,493 - root - WARNING - Validation UD post correction.
2019-04-12 17:04:46,522 - root - WARNING - importing UD.
2019-04-12 17:04:48,964 - root - INFO - From SQLCMD: b'\r\n'
2019-04-12 17:04:48,964 - root - INFO - From SQLCMD: b'(0 rows affected)\r\n'
2019-04-12 17:04:48,964 - root - INFO - From SQLCMD: b'\r\n'
2019-04-12 17:04:48,965 - root - INFO - From SQLCMD: b'(9029 rows affected)\r\n'
2019-04-12 17:04:48,965 - root - INFO - From SQLCMD: b'\r\n'
2019-04-12 17:04:48,965 - root - INFO - From SQLCMD: b'(0 rows affected)\r\n'
2019-04-12 17:04:48,965 - root - INFO - From SQLCMD: b'\r\n'
2019-04-12 17:04:48,965 - root - INFO - From SQLCMD: b'(0 rows affected)\r\n'
2019-04-12 17:04:48,965 - root - INFO - From SQLCMD: b'\r\n'
2019-04-12 17:04:48,965 - root - INFO - From SQLCMD: b'(0 rows affected)\r\n'
2019-04-12 17:04:48,965 - root - INFO - From SQLCMD: b'\r\n'
2019-04-12 17:04:48,965 - root - INFO - From SQLCMD: b'(7260 rows affected)\r\n'
2019-04-12 17:04:48,965 - root - INFO - From SQLCMD: b'\r\n'
2019-04-12 17:04:48,965 - root - INFO - From SQLCMD: b'(0 rows affected)\r\n'
2019-04-12 17:04:48,965 - root - INFO - From SQLCMD: b'\r\n'
2019-04-12 17:04:48,965 - root - INFO - From SQLCMD: b'(2348 rows affected)\r\n'
2019-04-12 17:04:48,965 - root - INFO - From SQLCMD: b'\r\n'
2019-04-12 17:04:48,965 - root - INFO - From SQLCMD: b'(0 rows affected)\r\n'
2019-04-12 17:04:48,965 - root - INFO - From SQLCMD: b'\r\n'
2019-04-12 17:04:48,966 - root - INFO - From SQLCMD: b'(0 rows affected)\r\n'
2019-04-12 17:04:48,966 - root - INFO - From SQLCMD: b'\r\n'
2019-04-12 17:04:48,966 - root - INFO - From SQLCMD: b'(0 rows affected)\r\n'
2019-04-12 17:04:48,966 - root - INFO - From SQLCMD: b'\r\n'
2019-04-12 17:04:48,966 - root - INFO - From SQLCMD: b'(0 rows affected)\r\n'
2019-04-12 17:04:48,966 - root - INFO - From SQLCMD: b'\r\n'
2019-04-12 17:04:48,966 - root - INFO - From SQLCMD: b'(11500 rows affected)\r\n'
2019-04-12 17:04:48,966 - root - INFO - From SQLCMD: b'\r\n'
2019-04-12 17:04:48,966 - root - INFO - From SQLCMD: b'(7260 rows affected)\r\n'
2019-04-12 17:04:48,966 - root - INFO - From SQLCMD: b'\r\n'
2019-04-12 17:04:48,966 - root - INFO - From SQLCMD: b'(7260 rows affected)\r\n'
2019-04-12 17:04:48,966 - root - INFO - From SQLCMD: b'\r\n'
2019-04-12 17:04:48,966 - root - INFO - From SQLCMD: b'(7260 rows affected)\r\n'
2019-04-12 17:04:48,966 - root - INFO - From SQLCMD: b'\r\n'
2019-04-12 17:04:48,966 - root - INFO - From SQLCMD: b'(2348 rows affected)\r\n'
2019-04-12 17:04:48,966 - root - INFO - From SQLCMD: b'\r\n'
2019-04-12 17:04:48,966 - root - INFO - From SQLCMD: b'(2348 rows affected)\r\n'
2019-04-12 17:04:48,967 - root - INFO - From SQLCMD: b'USERDOC_SEQ  USERDOC_SERIES USERDOC_NBR       PROCESS_FILE_SEQ PROCESS_FILE_TYPE PROCESS_FILE_SERIES PROCESS_FILE_NBR ACTION_TYPE ACTION_DATE             MANUAL_DUE_DATE         RESPONSIBLE_USER ACTION_NOTES1                                                                                                                                                                                                                                                    ACTION_NOTES2                                                                                                                                                                                                                                                  ACTION_NOTES3                                                                                                                                                                                                                                                  ACTION_NOTES4                                                                                                                                                                                                                                                  ACTION_NOTES5                                                                                                                                                                                                                                                  GENERAL_NOTES                                                                                                                                                                                                                                                  SELECTED_OPTIONS_TEXT                                                                                                                                                                                                                                            ACTION_USER ACTION_CATEGORY SPECIAL_FINAL_STATUS JOURNAL_CODE PUBLICATION_DATE        IPAS_PROC_TYP IPAS_PROC_NBR IPAS_ACTION_NBR ACTION_NBR  \r\n'
2019-04-12 17:04:48,967 - root - INFO - From SQLCMD: b'------------ -------------- ----------------- ---------------- ----------------- ------------------- ---------------- ----------- ----------------------- ----------------------- ---------------- ---------------------------------------------------------------------------------------------------------------------------------------------------------------------------------------------------------------------------------------------------------------- -------------------------------------------------------------------------------------------------------------------------------------------------------------------------------------------------------------------------------------------------------------- -------------------------------------------------------------------------------------------------------------------------------------------------------------------------------------------------------------------------------------------------------------- -------------------------------------------------------------------------------------------------------------------------------------------------------------------------------------------------------------------------------------------------------------- -------------------------------------------------------------------------------------------------------------------------------------------------------------------------------------------------------------------------------------------------------------- -------------------------------------------------------------------------------------------------------------------------------------------------------------------------------------------------------------------------------------------------------------- ---------------------------------------------------------------------------------------------------------------------------------------------------------------------------------------------------------------------------------------------------------------- ----------- --------------- -------------------- ------------ ----------------------- ------------- ------------- --------------- ------------\r\n'
2019-04-12 17:04:48,967 - root - INFO - From SQLCMD: b'\r\n'
2019-04-12 17:04:48,967 - root - INFO - From SQLCMD: b'(0 rows affected)\r\n'
2019-04-12 17:04:48,967 - root - INFO - From SQLCMD: b'\r\n'
2019-04-12 17:04:48,967 - root - INFO - From SQLCMD: b'(0 rows affected)\r\n'
2019-04-12 17:04:48,967 - root - INFO - From SQLCMD: b'\r\n'
2019-04-12 17:04:48,967 - root - INFO - From SQLCMD: b'(0 rows affected)\r\n'
2019-04-12 17:04:48,967 - root - INFO - From SQLCMD: b'\r\n'
2019-04-12 17:04:48,967 - root - INFO - From SQLCMD: b'(0 rows affected)\r\n'
2019-04-12 17:04:48,967 - root - INFO - From SQLCMD: b'\r\n'
2019-04-12 17:04:48,968 - root - INFO - From SQLCMD: b'(2348 rows affected)\r\n'
2019-04-12 17:04:48,968 - root - INFO - From SQLCMD: b'\r\n'
2019-04-12 17:04:48,968 - root - INFO - From SQLCMD: b'(9029 rows affected)\r\n'
2019-04-12 17:04:48,968 - root - INFO - From SQLCMD: b'\r\n'
2019-04-12 17:04:48,968 - root - INFO - From SQLCMD: b'(9029 rows affected)\r\n'
2019-04-12 17:04:48,968 - root - INFO - From SQLCMD: b'\r\n'
2019-04-12 17:04:48,968 - root - INFO - From SQLCMD: b'(9029 rows affected)\r\n'
2019-04-12 17:04:48,968 - root - INFO - From SQLCMD: b'\r\n'
2019-04-12 17:04:48,968 - root - INFO - From SQLCMD: b'(0 rows affected)\r\n'
2019-04-12 17:04:48,968 - root - INFO - From SQLCMD: b'Warning: Null value is eliminated by an aggregate or other SET operation.\r\n'
2019-04-12 17:04:48,968 - root - INFO - From SQLCMD: b'\r\n'
2019-04-12 17:04:48,968 - root - INFO - From SQLCMD: b'(0 rows affected)\r\n'
2019-04-12 17:04:50,059 - root - INFO - From SQLCMD: b'\r\n'
2019-04-12 17:04:50,059 - root - INFO - From SQLCMD: b'(22 rows affected)\r\n'
2019-04-12 17:04:50,059 - root - INFO - From SQLCMD: b'\r\n'
2019-04-12 17:04:50,059 - root - INFO - From SQLCMD: b'(1 rows affected)\r\n'
2019-04-12 17:04:50,059 - root - INFO - From SQLCMD: b'\r\n'
2019-04-12 17:04:50,059 - root - INFO - From SQLCMD: b'(1719 rows affected)\r\n'
2019-04-12 17:04:50,059 - root - INFO - From SQLCMD: b'\r\n'
2019-04-12 17:04:50,059 - root - INFO - From SQLCMD: b'(1719 rows affected)\r\n'
2019-04-12 17:04:50,059 - root - INFO - From SQLCMD: b'\r\n'
2019-04-12 17:04:50,059 - root - INFO - From SQLCMD: b'(9029 rows affected)\r\n'
2019-04-12 17:04:50,060 - root - INFO - From SQLCMD: b'\r\n'
2019-04-12 17:04:50,060 - root - INFO - From SQLCMD: b'(0 rows affected)\r\n'
2019-04-12 17:04:50,060 - root - INFO - From SQLCMD: b'\r\n'
2019-04-12 17:04:50,060 - root - INFO - From SQLCMD: b'(9029 rows affected)\r\n'
2019-04-12 17:04:50,060 - root - INFO - From SQLCMD: b'\r\n'
2019-04-12 17:04:50,060 - root - INFO - From SQLCMD: b'(9029 rows affected)\r\n'
2019-04-12 17:04:50,060 - root - INFO - From SQLCMD: b'\r\n'
2019-04-12 17:04:50,060 - root - INFO - From SQLCMD: b'(7260 rows affected)\r\n'
2019-04-12 17:04:50,060 - root - INFO - From SQLCMD: b'\r\n'
2019-04-12 17:04:50,060 - root - INFO - From SQLCMD: b'(2348 rows affected)\r\n'
2019-04-12 17:04:50,060 - root - INFO - From SQLCMD: b'\r\n'
2019-04-12 17:04:50,060 - root - INFO - From SQLCMD: b'(0 rows affected)\r\n'
2019-04-12 17:04:50,060 - root - INFO - From SQLCMD: b'\r\n'
2019-04-12 17:04:50,060 - root - INFO - From SQLCMD: b'(0 rows affected)\r\n'
2019-04-12 17:04:50,060 - root - INFO - From SQLCMD: b'\r\n'
2019-04-12 17:04:50,060 - root - INFO - From SQLCMD: b'(0 rows affected)\r\n'
2019-04-12 17:04:50,060 - root - INFO - From SQLCMD: b'\r\n'
2019-04-12 17:04:50,061 - root - INFO - From SQLCMD: b'(0 rows affected)\r\n'
2019-04-12 17:04:50,061 - root - INFO - From SQLCMD: b'\r\n'
2019-04-12 17:04:50,061 - root - INFO - From SQLCMD: b'(0 rows affected)\r\n'
2019-04-12 17:04:50,061 - root - INFO - From SQLCMD: b'\r\n'
2019-04-12 17:04:50,061 - root - INFO - From SQLCMD: b'(0 rows affected)\r\n'
2019-04-12 17:04:50,061 - root - INFO - From SQLCMD: b'\r\n'
2019-04-12 17:04:50,061 - root - INFO - From SQLCMD: b'(0 rows affected)\r\n'
2019-04-12 17:04:50,061 - root - INFO - From SQLCMD: b'\r\n'
2019-04-12 17:04:50,061 - root - INFO - From SQLCMD: b'(0 rows affected)\r\n'
2019-04-12 17:04:50,061 - root - INFO - From SQLCMD: b'\r\n'
2019-04-12 17:04:50,061 - root - INFO - From SQLCMD: b'(0 rows affected)\r\n'
2019-04-12 17:04:50,061 - root - INFO - From SQLCMD: b'\r\n'
2019-04-12 17:04:50,061 - root - INFO - From SQLCMD: b'(0 rows affected)\r\n'
2019-04-12 17:04:50,061 - root - INFO - From SQLCMD: b'\r\n'
2019-04-12 17:04:50,061 - root - INFO - From SQLCMD: b'(0 rows affected)\r\n'
2019-04-12 17:04:50,627 - root - INFO - From SQLCMD: b'\r\n'
2019-04-12 17:04:50,627 - root - INFO - From SQLCMD: b'(9029 rows affected)\r\n'
2019-04-12 17:04:50,627 - root - INFO - From SQLCMD: b'\r\n'
2019-04-12 17:04:50,627 - root - INFO - From SQLCMD: b'(0 rows affected)\r\n'
2019-04-12 17:04:50,627 - root - INFO - From SQLCMD: b'\r\n'
2019-04-12 17:04:50,627 - root - INFO - From SQLCMD: b'(0 rows affected)\r\n'
2019-04-12 17:04:50,627 - root - INFO - From SQLCMD: b'\r\n'
2019-04-12 17:04:50,627 - root - INFO - From SQLCMD: b'(0 rows affected)\r\n'
2019-04-12 17:04:50,627 - root - INFO - From SQLCMD: b'\r\n'
2019-04-12 17:04:50,628 - root - INFO - From SQLCMD: b'(7260 rows affected)\r\n'
2019-04-12 17:04:50,628 - root - INFO - From SQLCMD: b'\r\n'
2019-04-12 17:04:50,628 - root - INFO - From SQLCMD: b'(0 rows affected)\r\n'
2019-04-12 17:04:50,628 - root - INFO - From SQLCMD: b'\r\n'
2019-04-12 17:04:50,628 - root - INFO - From SQLCMD: b'(2348 rows affected)\r\n'
2019-04-12 17:04:50,628 - root - INFO - From SQLCMD: b'\r\n'
2019-04-12 17:04:50,628 - root - INFO - From SQLCMD: b'(0 rows affected)\r\n'
2019-04-12 17:04:50,628 - root - INFO - From SQLCMD: b'\r\n'
2019-04-12 17:04:50,628 - root - INFO - From SQLCMD: b'(0 rows affected)\r\n'
2019-04-12 17:04:50,628 - root - INFO - From SQLCMD: b'\r\n'
2019-04-12 17:04:50,628 - root - INFO - From SQLCMD: b'(0 rows affected)\r\n'
2019-04-12 17:04:50,629 - root - INFO - From SQLCMD: b'\r\n'
2019-04-12 17:04:50,629 - root - INFO - From SQLCMD: b'(0 rows affected)\r\n'
2019-04-12 17:04:50,629 - root - INFO - From SQLCMD: b'\r\n'
2019-04-12 17:04:50,629 - root - INFO - From SQLCMD: b'(0 rows affected)\r\n'
2019-04-12 17:04:50,629 - root - INFO - From SQLCMD: b'\r\n'
2019-04-12 17:04:50,629 - root - INFO - From SQLCMD: b'(9029 rows affected)\r\n'
2019-04-12 17:04:50,629 - root - INFO - From SQLCMD: b'\r\n'
2019-04-12 17:04:50,629 - root - INFO - From SQLCMD: b'(0 rows affected)\r\n'
2019-04-12 17:04:50,629 - root - INFO - From SQLCMD: b'\r\n'
2019-04-12 17:04:50,629 - root - INFO - From SQLCMD: b'(0 rows affected)\r\n'
2019-04-12 17:04:50,629 - root - INFO - From SQLCMD: b'\r\n'
2019-04-12 17:04:50,629 - root - INFO - From SQLCMD: b'(0 rows affected)\r\n'
2019-04-12 17:04:50,629 - root - INFO - From SQLCMD: b'\r\n'
2019-04-12 17:04:50,629 - root - INFO - From SQLCMD: b'(0 rows affected)\r\n'
2019-04-12 17:04:50,629 - root - INFO - From SQLCMD: b'\r\n'
2019-04-12 17:04:50,630 - root - INFO - From SQLCMD: b'(0 rows affected)\r\n'
2019-04-12 17:04:50,630 - root - INFO - From SQLCMD: b'USERDOC_SEQ  USERDOC_SERIES USERDOC_NBR       PROCESS_FILE_SEQ PROCESS_FILE_TYPE PROCESS_FILE_SERIES PROCESS_FILE_NBR ACTION_TYPE ACTION_DATE             MANUAL_DUE_DATE         RESPONSIBLE_USER ACTION_NOTES1                                                                                                                                                                                                                                                    ACTION_NOTES2                                                                                                                                                                                                                                                  ACTION_NOTES3                                                                                                                                                                                                                                                  ACTION_NOTES4                                                                                                                                                                                                                                                  ACTION_NOTES5                                                                                                                                                                                                                                                  GENERAL_NOTES                                                                                                                                                                                                                                                  SELECTED_OPTIONS_TEXT                                                                                                                                                                                                                                            ACTION_USER ACTION_CATEGORY SPECIAL_FINAL_STATUS JOURNAL_CODE PUBLICATION_DATE        IPAS_PROC_TYP IPAS_PROC_NBR IPAS_ACTION_NBR ACTION_NBR  \r\n'
2019-04-12 17:04:50,630 - root - INFO - From SQLCMD: b'------------ -------------- ----------------- ---------------- ----------------- ------------------- ---------------- ----------- ----------------------- ----------------------- ---------------- ---------------------------------------------------------------------------------------------------------------------------------------------------------------------------------------------------------------------------------------------------------------- -------------------------------------------------------------------------------------------------------------------------------------------------------------------------------------------------------------------------------------------------------------- -------------------------------------------------------------------------------------------------------------------------------------------------------------------------------------------------------------------------------------------------------------- -------------------------------------------------------------------------------------------------------------------------------------------------------------------------------------------------------------------------------------------------------------- -------------------------------------------------------------------------------------------------------------------------------------------------------------------------------------------------------------------------------------------------------------- -------------------------------------------------------------------------------------------------------------------------------------------------------------------------------------------------------------------------------------------------------------- ---------------------------------------------------------------------------------------------------------------------------------------------------------------------------------------------------------------------------------------------------------------- ----------- --------------- -------------------- ------------ ----------------------- ------------- ------------- --------------- ------------\r\n'
2019-04-12 17:04:50,630 - root - INFO - From SQLCMD: b'\r\n'
2019-04-12 17:04:50,630 - root - INFO - From SQLCMD: b'(0 rows affected)\r\n'
2019-04-12 17:04:50,630 - root - INFO - From SQLCMD: b'\r\n'
2019-04-12 17:04:50,630 - root - INFO - From SQLCMD: b'(0 rows affected)\r\n'
2019-04-12 17:04:50,630 - root - INFO - From SQLCMD: b'\r\n'
2019-04-12 17:04:50,630 - root - INFO - From SQLCMD: b'(0 rows affected)\r\n'
2019-04-12 17:04:50,630 - root - INFO - From SQLCMD: b'\r\n'
2019-04-12 17:04:50,630 - root - INFO - From SQLCMD: b'(0 rows affected)\r\n'
2019-04-12 17:04:50,630 - root - INFO - From SQLCMD: b'\r\n'
2019-04-12 17:04:50,630 - root - INFO - From SQLCMD: b'(0 rows affected)\r\n'
2019-04-12 17:04:50,630 - root - INFO - From SQLCMD: b'\r\n'
2019-04-12 17:04:50,630 - root - INFO - From SQLCMD: b'(0 rows affected)\r\n'
2019-04-12 17:04:50,631 - root - INFO - From SQLCMD: b'\r\n'
2019-04-12 17:04:50,631 - root - INFO - From SQLCMD: b'(0 rows affected)\r\n'
2019-04-12 17:04:50,631 - root - INFO - From SQLCMD: b'\r\n'
2019-04-12 17:04:50,631 - root - INFO - From SQLCMD: b'(0 rows affected)\r\n'
2019-04-12 17:04:50,631 - root - INFO - From SQLCMD: b'\r\n'
2019-04-12 17:04:50,631 - root - INFO - From SQLCMD: b'(0 rows affected)\r\n'
2019-04-12 17:04:50,631 - root - INFO - From SQLCMD: b'\r\n'
2019-04-12 17:04:50,631 - root - INFO - From SQLCMD: b'(0 rows affected)\r\n'
2019-04-12 17:04:50,852 - root - INFO - From SQLCMD: b'\r\n'
2019-04-12 17:04:50,852 - root - INFO - From SQLCMD: b'(0 rows affected)\r\n'
2019-04-12 17:04:50,852 - root - INFO - From SQLCMD: b'\r\n'
2019-04-12 17:04:50,852 - root - INFO - From SQLCMD: b'(0 rows affected)\r\n'
2019-04-12 17:04:50,852 - root - INFO - From SQLCMD: b'\r\n'
2019-04-12 17:04:50,852 - root - INFO - From SQLCMD: b'(0 rows affected)\r\n'
2019-04-12 17:04:50,853 - root - INFO - From SQLCMD: b'\r\n'
2019-04-12 17:04:50,853 - root - INFO - From SQLCMD: b'(0 rows affected)\r\n'
2019-04-12 17:04:50,853 - root - INFO - From SQLCMD: b'\r\n'
2019-04-12 17:04:50,853 - root - INFO - From SQLCMD: b'(0 rows affected)\r\n'
2019-04-12 17:04:50,853 - root - INFO - From SQLCMD: b'\r\n'
2019-04-12 17:04:50,853 - root - INFO - From SQLCMD: b'(0 rows affected)\r\n'
2019-04-12 17:04:50,853 - root - INFO - From SQLCMD: b'\r\n'
2019-04-12 17:04:50,853 - root - INFO - From SQLCMD: b'(0 rows affected)\r\n'
2019-04-12 17:04:50,853 - root - INFO - From SQLCMD: b'\r\n'
2019-04-12 17:04:50,853 - root - INFO - From SQLCMD: b'(0 rows affected)\r\n'
2019-04-12 17:04:50,853 - root - INFO - From SQLCMD: b'\r\n'
2019-04-12 17:04:50,853 - root - INFO - From SQLCMD: b'(0 rows affected)\r\n'
2019-04-12 17:04:50,853 - root - INFO - From SQLCMD: b'\r\n'
2019-04-12 17:04:50,853 - root - INFO - From SQLCMD: b'(0 rows affected)\r\n'
2019-04-12 17:04:50,854 - root - INFO - From SQLCMD: b'\r\n'
2019-04-12 17:04:50,854 - root - INFO - From SQLCMD: b'(0 rows affected)\r\n'
2019-04-12 17:04:50,854 - root - INFO - From SQLCMD: b'\r\n'
2019-04-12 17:04:50,854 - root - INFO - From SQLCMD: b'(0 rows affected)\r\n'
2019-04-12 17:04:50,854 - root - INFO - From SQLCMD: b'\r\n'
2019-04-12 17:04:50,854 - root - INFO - From SQLCMD: b'(0 rows affected)\r\n'
2019-04-12 17:04:50,854 - root - INFO - From SQLCMD: b'\r\n'
2019-04-12 17:04:50,854 - root - INFO - From SQLCMD: b'(0 rows affected)\r\n'
2019-04-12 17:04:50,854 - root - INFO - From SQLCMD: b'\r\n'
2019-04-12 17:04:50,854 - root - INFO - From SQLCMD: b'(0 rows affected)\r\n'
2019-04-12 17:04:50,854 - root - INFO - From SQLCMD: b'\r\n'
2019-04-12 17:04:50,854 - root - INFO - From SQLCMD: b'(0 rows affected)\r\n'
2019-04-12 17:04:50,854 - root - INFO - From SQLCMD: b'\r\n'
2019-04-12 17:04:50,854 - root - INFO - From SQLCMD: b'(0 rows affected)\r\n'
2019-04-12 17:04:50,854 - root - INFO - From SQLCMD: b'\r\n'
2019-04-12 17:04:50,854 - root - INFO - From SQLCMD: b'(0 rows affected)\r\n'
2019-04-12 17:04:50,855 - root - INFO - From SQLCMD: b'\r\n'
2019-04-12 17:04:50,855 - root - INFO - From SQLCMD: b'(0 rows affected)\r\n'
2019-04-12 17:04:50,855 - root - INFO - From SQLCMD: b'\r\n'
2019-04-12 17:04:50,855 - root - INFO - From SQLCMD: b'(0 rows affected)\r\n'
2019-04-12 17:04:50,855 - root - INFO - From SQLCMD: b'\r\n'
2019-04-12 17:04:50,855 - root - INFO - From SQLCMD: b'(0 rows affected)\r\n'
2019-04-12 17:04:51,044 - root - INFO - From SQLCMD: b'\r\n'
2019-04-12 17:04:51,044 - root - INFO - From SQLCMD: b'(0 rows affected)\r\n'
2019-04-12 17:04:51,044 - root - INFO - From SQLCMD: b'\r\n'
2019-04-12 17:04:51,044 - root - INFO - From SQLCMD: b'(0 rows affected)\r\n'
2019-04-12 17:04:51,044 - root - INFO - From SQLCMD: b'\r\n'
2019-04-12 17:04:51,044 - root - INFO - From SQLCMD: b'(0 rows affected)\r\n'
2019-04-12 17:04:51,044 - root - INFO - From SQLCMD: b'\r\n'
2019-04-12 17:04:51,045 - root - INFO - From SQLCMD: b'(0 rows affected)\r\n'
2019-04-12 17:04:51,045 - root - INFO - From SQLCMD: b'\r\n'
2019-04-12 17:04:51,045 - root - INFO - From SQLCMD: b'(0 rows affected)\r\n'
2019-04-12 17:04:51,045 - root - INFO - From SQLCMD: b'\r\n'
2019-04-12 17:04:51,045 - root - INFO - From SQLCMD: b'(0 rows affected)\r\n'
2019-04-12 17:04:51,045 - root - INFO - From SQLCMD: b'\r\n'
2019-04-12 17:04:51,045 - root - INFO - From SQLCMD: b'(0 rows affected)\r\n'
2019-04-12 17:04:51,045 - root - INFO - From SQLCMD: b'\r\n'
2019-04-12 17:04:51,045 - root - INFO - From SQLCMD: b'(0 rows affected)\r\n'
2019-04-12 17:04:51,045 - root - INFO - From SQLCMD: b'\r\n'
2019-04-12 17:04:51,045 - root - INFO - From SQLCMD: b'(0 rows affected)\r\n'
2019-04-12 17:04:51,045 - root - INFO - From SQLCMD: b'\r\n'
2019-04-12 17:04:51,045 - root - INFO - From SQLCMD: b'(0 rows affected)\r\n'
2019-04-12 17:04:51,045 - root - INFO - From SQLCMD: b'\r\n'
2019-04-12 17:04:51,045 - root - INFO - From SQLCMD: b'(0 rows affected)\r\n'
2019-04-12 17:04:51,045 - root - INFO - From SQLCMD: b'\r\n'
2019-04-12 17:04:51,045 - root - INFO - From SQLCMD: b'(0 rows affected)\r\n'
2019-04-12 17:04:51,046 - root - INFO - From SQLCMD: b'\r\n'
2019-04-12 17:04:51,046 - root - INFO - From SQLCMD: b'(0 rows affected)\r\n'
2019-04-12 17:04:51,046 - root - INFO - From SQLCMD: b'\r\n'
2019-04-12 17:04:51,046 - root - INFO - From SQLCMD: b'(0 rows affected)\r\n'
2019-04-12 17:04:51,046 - root - INFO - From SQLCMD: b'\r\n'
2019-04-12 17:04:51,046 - root - INFO - From SQLCMD: b'(0 rows affected)\r\n'
2019-04-12 17:04:51,046 - root - INFO - From SQLCMD: b'\r\n'
2019-04-12 17:04:51,046 - root - INFO - From SQLCMD: b'(0 rows affected)\r\n'
2019-04-12 17:04:51,046 - root - INFO - From SQLCMD: b'\r\n'
2019-04-12 17:04:51,046 - root - INFO - From SQLCMD: b'(0 rows affected)\r\n'
2019-04-12 17:04:51,046 - root - INFO - From SQLCMD: b'\r\n'
2019-04-12 17:04:51,046 - root - INFO - From SQLCMD: b'(0 rows affected)\r\n'
2019-04-12 17:04:51,046 - root - INFO - From SQLCMD: b'USERDOC_SEQ  USERDOC_SERIES USERDOC_NBR       PROCESS_FILE_SEQ PROCESS_FILE_TYPE PROCESS_FILE_SERIES PROCESS_FILE_NBR ACTION_TYPE ACTION_DATE             MANUAL_DUE_DATE         RESPONSIBLE_USER ACTION_NOTES1                                                                                                                                                                                                                                                    ACTION_NOTES2                                                                                                                                                                                                                                                  ACTION_NOTES3                                                                                                                                                                                                                                                  ACTION_NOTES4                                                                                                                                                                                                                                                  ACTION_NOTES5                                                                                                                                                                                                                                                  GENERAL_NOTES                                                                                                                                                                                                                                                  SELECTED_OPTIONS_TEXT                                                                                                                                                                                                                                            ACTION_USER ACTION_CATEGORY SPECIAL_FINAL_STATUS JOURNAL_CODE PUBLICATION_DATE        IPAS_PROC_TYP IPAS_PROC_NBR IPAS_ACTION_NBR ACTION_NBR  \r\n'
2019-04-12 17:04:51,046 - root - INFO - From SQLCMD: b'------------ -------------- ----------------- ---------------- ----------------- ------------------- ---------------- ----------- ----------------------- ----------------------- ---------------- ---------------------------------------------------------------------------------------------------------------------------------------------------------------------------------------------------------------------------------------------------------------- -------------------------------------------------------------------------------------------------------------------------------------------------------------------------------------------------------------------------------------------------------------- -------------------------------------------------------------------------------------------------------------------------------------------------------------------------------------------------------------------------------------------------------------- -------------------------------------------------------------------------------------------------------------------------------------------------------------------------------------------------------------------------------------------------------------- -------------------------------------------------------------------------------------------------------------------------------------------------------------------------------------------------------------------------------------------------------------- -------------------------------------------------------------------------------------------------------------------------------------------------------------------------------------------------------------------------------------------------------------- ---------------------------------------------------------------------------------------------------------------------------------------------------------------------------------------------------------------------------------------------------------------- ----------- --------------- -------------------- ------------ ----------------------- ------------- ------------- --------------- ------------\r\n'
2019-04-12 17:04:51,047 - root - INFO - From SQLCMD: b'\r\n'
2019-04-12 17:04:51,047 - root - INFO - From SQLCMD: b'(0 rows affected)\r\n'
2019-04-12 17:04:51,047 - root - INFO - From SQLCMD: b'\r\n'
2019-04-12 17:04:51,047 - root - INFO - From SQLCMD: b'(0 rows affected)\r\n'
2019-04-12 17:04:51,047 - root - INFO - From SQLCMD: b'\r\n'
2019-04-12 17:04:51,047 - root - INFO - From SQLCMD: b'(0 rows affected)\r\n'
2019-04-12 17:04:51,047 - root - INFO - From SQLCMD: b'\r\n'
2019-04-12 17:04:51,047 - root - INFO - From SQLCMD: b'(0 rows affected)\r\n'
2019-04-12 17:04:51,047 - root - INFO - From SQLCMD: b'\r\n'
2019-04-12 17:04:51,047 - root - INFO - From SQLCMD: b'(0 rows affected)\r\n'
2019-04-12 17:04:51,047 - root - INFO - From SQLCMD: b'\r\n'
2019-04-12 17:04:51,047 - root - INFO - From SQLCMD: b'(0 rows affected)\r\n'
2019-04-12 17:04:51,047 - root - INFO - From SQLCMD: b'\r\n'
2019-04-12 17:04:51,047 - root - INFO - From SQLCMD: b'(0 rows affected)\r\n'
2019-04-12 17:04:51,047 - root - INFO - From SQLCMD: b'\r\n'
2019-04-12 17:04:51,048 - root - INFO - From SQLCMD: b'(0 rows affected)\r\n'
2019-04-12 17:04:51,048 - root - INFO - From SQLCMD: b'\r\n'
2019-04-12 17:04:51,048 - root - INFO - From SQLCMD: b'(0 rows affected)\r\n'
2019-04-12 17:04:51,048 - root - INFO - From SQLCMD: b'\r\n'
2019-04-12 17:04:51,048 - root - INFO - From SQLCMD: b'(0 rows affected)\r\n'
2019-04-12 17:04:51,211 - root - INFO - From SQLCMD: b'\r\n'
2019-04-12 17:04:51,211 - root - INFO - From SQLCMD: b'(0 rows affected)\r\n'
2019-04-12 17:04:51,211 - root - INFO - From SQLCMD: b'\r\n'
2019-04-12 17:04:51,211 - root - INFO - From SQLCMD: b'(0 rows affected)\r\n'
2019-04-12 17:04:51,211 - root - INFO - From SQLCMD: b'\r\n'
2019-04-12 17:04:51,211 - root - INFO - From SQLCMD: b'(0 rows affected)\r\n'
2019-04-12 17:04:51,211 - root - INFO - From SQLCMD: b'\r\n'
2019-04-12 17:04:51,211 - root - INFO - From SQLCMD: b'(0 rows affected)\r\n'
2019-04-12 17:04:51,211 - root - INFO - From SQLCMD: b'\r\n'
2019-04-12 17:04:51,211 - root - INFO - From SQLCMD: b'(0 rows affected)\r\n'
2019-04-12 17:04:51,212 - root - INFO - From SQLCMD: b'\r\n'
2019-04-12 17:04:51,212 - root - INFO - From SQLCMD: b'(0 rows affected)\r\n'
2019-04-12 17:04:51,212 - root - INFO - From SQLCMD: b'\r\n'
2019-04-12 17:04:51,212 - root - INFO - From SQLCMD: b'(0 rows affected)\r\n'
2019-04-12 17:04:51,212 - root - INFO - From SQLCMD: b'\r\n'
2019-04-12 17:04:51,212 - root - INFO - From SQLCMD: b'(0 rows affected)\r\n'
2019-04-12 17:04:51,212 - root - INFO - From SQLCMD: b'\r\n'
2019-04-12 17:04:51,212 - root - INFO - From SQLCMD: b'(0 rows affected)\r\n'
2019-04-12 17:04:51,212 - root - INFO - From SQLCMD: b'\r\n'
2019-04-12 17:04:51,212 - root - INFO - From SQLCMD: b'(0 rows affected)\r\n'
2019-04-12 17:04:51,212 - root - INFO - From SQLCMD: b'\r\n'
2019-04-12 17:04:51,212 - root - INFO - From SQLCMD: b'(0 rows affected)\r\n'
2019-04-12 17:04:51,212 - root - INFO - From SQLCMD: b'\r\n'
2019-04-12 17:04:51,212 - root - INFO - From SQLCMD: b'(0 rows affected)\r\n'
2019-04-12 17:04:51,212 - root - INFO - From SQLCMD: b'\r\n'
2019-04-12 17:04:51,212 - root - INFO - From SQLCMD: b'(0 rows affected)\r\n'
2019-04-12 17:04:51,212 - root - INFO - From SQLCMD: b'\r\n'
2019-04-12 17:04:51,213 - root - INFO - From SQLCMD: b'(0 rows affected)\r\n'
2019-04-12 17:04:51,213 - root - INFO - From SQLCMD: b'\r\n'
2019-04-12 17:04:51,213 - root - INFO - From SQLCMD: b'(0 rows affected)\r\n'
2019-04-12 17:04:51,213 - root - INFO - From SQLCMD: b'\r\n'
2019-04-12 17:04:51,213 - root - INFO - From SQLCMD: b'(0 rows affected)\r\n'
2019-04-12 17:04:51,213 - root - INFO - From SQLCMD: b'\r\n'
2019-04-12 17:04:51,213 - root - INFO - From SQLCMD: b'(0 rows affected)\r\n'
2019-04-12 17:04:51,213 - root - INFO - From SQLCMD: b'\r\n'
2019-04-12 17:04:51,213 - root - INFO - From SQLCMD: b'(0 rows affected)\r\n'
2019-04-12 17:04:51,213 - root - INFO - From SQLCMD: b'\r\n'
2019-04-12 17:04:51,213 - root - INFO - From SQLCMD: b'(0 rows affected)\r\n'
2019-04-12 17:04:51,213 - root - INFO - From SQLCMD: b'\r\n'
2019-04-12 17:04:51,213 - root - INFO - From SQLCMD: b'(0 rows affected)\r\n'
2019-04-12 17:04:51,213 - root - INFO - From SQLCMD: b'\r\n'
2019-04-12 17:04:51,213 - root - INFO - From SQLCMD: b'(0 rows affected)\r\n'
