2019-04-10 13:47:47,848 - root - WARNING - connected to Sqlserver.
2019-04-10 13:47:47,887 - root - INFO - Connections to database severed
2019-04-10 13:47:47,909 - root - INFO - database dropped
2019-04-10 13:47:48,105 - root - INFO - New Intermediate databas created
2019-04-10 13:47:48,121 - root - WARNING - connected to Sqlserver.
2019-04-10 13:47:48,121 - root - INFO - Processing: agentes.DBF
2019-04-10 13:47:48,123 - root - INFO - new table to create: "create table HN1.dbo.vw_origin_agentes (rowNum numeric (20), "AGENTE" varchar(max), "NOMBRE" varchar(max), "DIRECCION" varchar(max), "CONTACTO" varchar(max), "CALIDAD" varchar(max), DELETED varchar (5))"
2019-04-10 13:47:48,125 - root - WARNING - Going to insert to table: agentes
2019-04-10 13:47:50,559 - root - WARNING - insert finished
2019-04-10 13:47:50,562 - root - WARNING - connected to Sqlserver.
2019-04-10 13:47:50,562 - root - INFO - Processing: ccvs.DBF
2019-04-10 13:47:50,563 - root - INFO - new table to create: "create table HN1.dbo.vw_origin_ccvs (rowNum numeric (20), "CCV" varchar(max), "NRO_SOLICI" varchar(max), DELETED varchar (5))"
2019-04-10 13:47:50,564 - root - WARNING - Going to insert to table: ccvs
2019-04-10 13:48:02,235 - root - WARNING - insert finished
2019-04-10 13:48:02,235 - root - WARNING - connected to Sqlserver.
2019-04-10 13:48:02,235 - root - INFO - Processing: codigos.dbf
2019-04-10 13:48:02,236 - root - INFO - new table to create: "create table HN1.dbo.vw_origin_codigos (rowNum numeric (20), "ID_CODIGO" varchar(max), "CODIGO" varchar(max), "DESCRIPCOD" varchar(max), DELETED varchar (5))"
2019-04-10 13:48:02,238 - root - WARNING - Going to insert to table: codigos
2019-04-10 13:48:02,248 - root - WARNING - insert finished
2019-04-10 13:48:02,248 - root - WARNING - connected to Sqlserver.
2019-04-10 13:48:02,249 - root - INFO - Processing: eventab.dbf
2019-04-10 13:48:02,250 - root - INFO - new table to create: "create table HN1.dbo.vw_origin_eventab (rowNum numeric (20), "EVENTO" varchar(max), "DESCRIP" varchar(max), "TIPO_EVENT" varchar(max), "INFO_ADI" varchar(max), "ETI_COMENT" varchar(max), "ETI_NUMERO" varchar(max), DELETED varchar (5))"
2019-04-10 13:48:02,251 - root - WARNING - Going to insert to table: eventab
2019-04-10 13:48:02,285 - root - WARNING - insert finished
2019-04-10 13:48:02,285 - root - WARNING - connected to Sqlserver.
2019-04-10 13:48:02,285 - root - INFO - Processing: marca.DBF
2019-04-10 13:48:02,287 - root - INFO - new table to create: "create table HN1.dbo.vw_origin_marca (rowNum numeric (20), "NRO_SOLICI" varchar(max), "SOLICITADA" varchar(max), "TIPO_MARCA" varchar(max), "SIGNO" varchar(max), "NOM_MARCA" varchar(max), "REGISTRO" varchar(max), "REGISTRADA" varchar(max), "RENUEVA" varchar(max), "EXPIRA" varchar(max), "AGENTE" varchar(max), "STATUS" varchar(max), "STAT_DESDE" varchar(max), "PESO_RASGO" varchar(max), "LARFON" varchar(max), "PESO_R" varchar(max), "PUBLICADA" varchar(max), "DIARIO" varchar(max), "LIMITACION" varchar(max), "HORA" varchar(max), "RTOMO" varchar(max), "RFOLIO" varchar(max), "RESERVA" varchar(max), "NRO_PODER" varchar(max), "MODIFICA" varchar(max), "NRO_GACETA" varchar(max), "QUIEN" varchar(max), "CALIDAD" varchar(max), "CLASE" varchar(max), "MODIFICADO" varchar(max), "ANUALIDAD" varchar(max), "NRO_RESOL" varchar(max), "LEY" varchar(max), "CLASES_TXT" varchar(max), DELETED varchar (5))"
2019-04-10 13:48:02,289 - root - WARNING - Going to insert to table: marca
2019-04-10 13:48:02,290 - root - ERROR - >>>>>>>>>>>>>>> issue with table creation:'datetime.date' object has no attribute 'strip'
2019-04-10 13:48:02,290 - root - WARNING - insert finished
2019-04-10 13:48:02,290 - root - WARNING - connected to Sqlserver.
2019-04-10 13:48:02,290 - root - INFO - Processing: migracio.dbf
2019-04-10 13:48:02,291 - root - INFO - new table to create: "create table HN1.dbo.vw_origin_migracio (rowNum numeric (20), "STATUS_INI" varchar(max), "EVENTO" varchar(max), "STATUS_FIN" varchar(max), "TRAMITE" varchar(max), DELETED varchar (5))"
2019-04-10 13:48:02,293 - root - WARNING - Going to insert to table: migracio
2019-04-10 13:48:02,324 - root - WARNING - insert finished
2019-04-10 13:48:02,325 - root - WARNING - connected to Sqlserver.
2019-04-10 13:48:02,325 - root - INFO - Processing: movimi.DBF
2019-04-10 13:48:02,327 - root - INFO - new table to create: "create table HN1.dbo.vw_origin_movimi (rowNum numeric (20), "NRO_SOLICI" varchar(max), "COMENTARIO" varchar(max), "F_EVENTO" varchar(max), "F_VENCIM" varchar(max), "F_TRANS" varchar(max), "NRO_MOV" varchar(max), "EVENTO" varchar(max), "STATUS" varchar(max), "HORA" varchar(max), "DOCUMENTO" varchar(max), "USUARIO" varchar(max), "N_ENTRADA" varchar(max), DELETED varchar (5))"
2019-04-10 13:48:02,328 - root - WARNING - Going to insert to table: movimi
2019-04-10 13:48:02,328 - root - ERROR - >>>>>>>>>>>>>>> issue with table creation:'datetime.date' object has no attribute 'strip'
2019-04-10 13:48:02,328 - root - WARNING - insert finished
2019-04-10 13:48:02,329 - root - WARNING - connected to Sqlserver.
2019-04-10 13:48:02,329 - root - INFO - Processing: nuenoms.DBF
2019-04-10 13:48:02,330 - root - INFO - new table to create: "create table HN1.dbo.vw_origin_nuenoms (rowNum numeric (20), "NUM_SERIE" varchar(max), "TITULAR" varchar(max), DELETED varchar (5))"
2019-04-10 13:48:02,331 - root - WARNING - Going to insert to table: nuenoms
