2019-04-12 17:57:28,498 - root - WARNING - connected to Sqlserver.
2019-04-12 17:57:31,563 - root - INFO - Connections to database severed
2019-04-12 17:57:31,617 - root - INFO - database dropped
2019-04-12 17:57:31,622 - root - INFO - user ready
2019-04-12 17:57:31,624 - root - INFO - access granted
2019-04-12 17:57:31,625 - root - INFO - access granted
2019-04-12 17:57:31,626 - root - INFO - password changed
2019-04-12 17:57:32,878 - root - INFO - <_io.TextIOWrapper name='<stderr>' mode='w' encoding='UTF-8'>Child returned, 0
2019-04-12 17:57:32,917 - root - WARNING - connected to Sqlserver.
2019-04-12 17:57:32,973 - root - INFO - repository synced
2019-04-12 17:57:32,983 - root - INFO - repository synced
2019-04-12 17:57:32,989 - root - WARNING - connected to Sqlserver.
2019-04-12 17:57:33,168 - root - INFO - changing database to intermed
2019-04-12 17:57:33,174 - root - WARNING - connected to Sqlserver.
2019-04-12 17:57:34,313 - root - INFO - access granted
2019-04-12 17:57:34,314 - root - INFO - access granted
2019-04-12 17:57:36,731 - root - WARNING - Running initial updates to intermed.
2019-04-12 17:57:36,731 - root - INFO - changing database to intermed
2019-04-12 17:57:38,208 - root - INFO - changing database to ipas
2019-04-12 17:57:38,213 - root - WARNING - connected to Sqlserver.
2019-04-12 17:57:38,213 - root - WARNING - Creating store procedures and wrk tables.
2019-04-12 17:57:38,360 - root - INFO - cleanning manual validation tables
2019-04-12 17:57:38,361 - root - INFO - creating store procedure0-ImportSetPersonNbr
2019-04-12 17:57:38,440 - root - INFO - <_io.TextIOWrapper name='<stderr>' mode='w' encoding='UTF-8'>Child returned, 0
2019-04-12 17:57:38,441 - root - INFO - creating store procedure1-MarkDateValidationPROC
2019-04-12 17:57:38,511 - root - INFO - <_io.TextIOWrapper name='<stderr>' mode='w' encoding='UTF-8'>Child returned, 0
2019-04-12 17:57:38,512 - root - INFO - creating store procedure10-ImportAgentProcessAll
2019-04-12 17:57:38,585 - root - INFO - <_io.TextIOWrapper name='<stderr>' mode='w' encoding='UTF-8'>Child returned, 0
2019-04-12 17:57:38,586 - root - INFO - creating store procedure11-ImportMarkProcess
2019-04-12 17:57:38,680 - root - INFO - <_io.TextIOWrapper name='<stderr>' mode='w' encoding='UTF-8'>Child returned, 0
2019-04-12 17:57:38,681 - root - INFO - creating store procedure12-userdocImport-1
2019-04-12 17:57:38,757 - root - INFO - <_io.TextIOWrapper name='<stderr>' mode='w' encoding='UTF-8'>Child returned, 0
2019-04-12 17:57:38,757 - root - INFO - creating store procedure13-userdocImport-2
2019-04-12 17:57:38,834 - root - INFO - <_io.TextIOWrapper name='<stderr>' mode='w' encoding='UTF-8'>Child returned, 0
2019-04-12 17:57:38,834 - root - INFO - creating store procedure2-PatentDateValidationPROC
2019-04-12 17:57:38,909 - root - INFO - <_io.TextIOWrapper name='<stderr>' mode='w' encoding='UTF-8'>Child returned, 0
2019-04-12 17:57:38,909 - root - INFO - creating store procedure3-UserDocDateValidationPROC
2019-04-12 17:57:38,979 - root - INFO - <_io.TextIOWrapper name='<stderr>' mode='w' encoding='UTF-8'>Child returned, 0
2019-04-12 17:57:38,979 - root - INFO - creating store procedure4-CallToDateValidationPROC
2019-04-12 17:57:39,050 - root - INFO - <_io.TextIOWrapper name='<stderr>' mode='w' encoding='UTF-8'>Child returned, 0
2019-04-12 17:57:39,050 - root - INFO - creating store procedure5-ImportAgentValidate
2019-04-12 17:57:39,128 - root - INFO - <_io.TextIOWrapper name='<stderr>' mode='w' encoding='UTF-8'>Child returned, 0
2019-04-12 17:57:39,128 - root - INFO - creating store procedure6-ImportMarkValidate
2019-04-12 17:57:39,260 - root - INFO - <_io.TextIOWrapper name='<stderr>' mode='w' encoding='UTF-8'>Child returned, 0
2019-04-12 17:57:39,261 - root - INFO - creating store procedure8-ImportUserdocValidate
2019-04-12 17:57:39,371 - root - INFO - <_io.TextIOWrapper name='<stderr>' mode='w' encoding='UTF-8'>Child returned, 0
2019-04-12 17:57:39,371 - root - INFO - creating store procedure9-ImportWorkTablesCreate
2019-04-12 17:57:39,765 - root - INFO - <_io.TextIOWrapper name='<stderr>' mode='w' encoding='UTF-8'>Child returned, 0
2019-04-12 17:57:39,765 - root - WARNING - Running validation and migration.
2019-04-12 17:57:39,893 - root - WARNING - Migrating agents.
2019-04-12 17:57:44,733 - root - WARNING - Validation TM .
2019-04-12 17:58:17,344 - root - WARNING - Validation TM post correction.
2019-04-12 17:58:33,339 - root - WARNING - Migrating trademarks.
2019-04-12 17:58:33,584 - root - INFO - From SQLCMD: b'Msg 208, Level 16, State 1, Server WS538539, Procedure HNMARCAS.dbo.ImportMarkProcess, Line 117\r\n'
2019-04-12 17:58:33,585 - root - INFO - From SQLCMD: b'Invalid object name \'"+ context.intermediateDB + ".dbo.VW_IMPORT_MARK\'.\r\n'
2019-04-12 17:58:33,585 - root - INFO - From SQLCMD: b'Msg 266, Level 16, State 2, Server WS538539, Procedure HNMARCAS.dbo.ImportMarkProcess, Line 117\r\n'
2019-04-12 17:58:33,585 - root - INFO - From SQLCMD: b'Transaction count after EXECUTE indicates a mismatching number of BEGIN and COMMIT statements. Previous count = 0, current count = 1.\r\n'
2019-04-12 17:58:33,685 - root - INFO - From SQLCMD: b'Msg 208, Level 16, State 1, Server WS538539, Procedure HNMARCAS.dbo.ImportMarkProcess, Line 117\r\n'
2019-04-12 17:58:33,685 - root - INFO - From SQLCMD: b'Invalid object name \'"+ context.intermediateDB + ".dbo.VW_IMPORT_MARK\'.\r\n'
2019-04-12 17:58:33,685 - root - INFO - From SQLCMD: b'Msg 266, Level 16, State 2, Server WS538539, Procedure HNMARCAS.dbo.ImportMarkProcess, Line 117\r\n'
2019-04-12 17:58:33,686 - root - INFO - From SQLCMD: b'Transaction count after EXECUTE indicates a mismatching number of BEGIN and COMMIT statements. Previous count = 0, current count = 1.\r\n'
2019-04-12 17:58:33,791 - root - INFO - From SQLCMD: b'Msg 208, Level 16, State 1, Server WS538539, Procedure HNMARCAS.dbo.ImportMarkProcess, Line 117\r\n'
2019-04-12 17:58:33,791 - root - INFO - From SQLCMD: b'Invalid object name \'"+ context.intermediateDB + ".dbo.VW_IMPORT_MARK\'.\r\n'
2019-04-12 17:58:33,791 - root - INFO - From SQLCMD: b'Msg 266, Level 16, State 2, Server WS538539, Procedure HNMARCAS.dbo.ImportMarkProcess, Line 117\r\n'
2019-04-12 17:58:33,791 - root - INFO - From SQLCMD: b'Transaction count after EXECUTE indicates a mismatching number of BEGIN and COMMIT statements. Previous count = 0, current count = 1.\r\n'
2019-04-12 17:58:33,905 - root - INFO - From SQLCMD: b'Msg 208, Level 16, State 1, Server WS538539, Procedure HNMARCAS.dbo.ImportMarkProcess, Line 117\r\n'
2019-04-12 17:58:33,905 - root - INFO - From SQLCMD: b'Invalid object name \'"+ context.intermediateDB + ".dbo.VW_IMPORT_MARK\'.\r\n'
2019-04-12 17:58:33,905 - root - INFO - From SQLCMD: b'Msg 266, Level 16, State 2, Server WS538539, Procedure HNMARCAS.dbo.ImportMarkProcess, Line 117\r\n'
2019-04-12 17:58:33,906 - root - INFO - From SQLCMD: b'Transaction count after EXECUTE indicates a mismatching number of BEGIN and COMMIT statements. Previous count = 0, current count = 1.\r\n'
2019-04-12 17:58:34,041 - root - INFO - From SQLCMD: b'Msg 208, Level 16, State 1, Server WS538539, Procedure HNMARCAS.dbo.ImportMarkProcess, Line 117\r\n'
2019-04-12 17:58:34,041 - root - INFO - From SQLCMD: b'Invalid object name \'"+ context.intermediateDB + ".dbo.VW_IMPORT_MARK\'.\r\n'
2019-04-12 17:58:34,041 - root - INFO - From SQLCMD: b'Msg 266, Level 16, State 2, Server WS538539, Procedure HNMARCAS.dbo.ImportMarkProcess, Line 117\r\n'
2019-04-12 17:58:34,041 - root - INFO - From SQLCMD: b'Transaction count after EXECUTE indicates a mismatching number of BEGIN and COMMIT statements. Previous count = 0, current count = 1.\r\n'
2019-04-12 17:58:34,159 - root - INFO - From SQLCMD: b'Msg 208, Level 16, State 1, Server WS538539, Procedure HNMARCAS.dbo.ImportMarkProcess, Line 117\r\n'
2019-04-12 17:58:34,159 - root - INFO - From SQLCMD: b'Invalid object name \'"+ context.intermediateDB + ".dbo.VW_IMPORT_MARK\'.\r\n'
2019-04-12 17:58:34,159 - root - INFO - From SQLCMD: b'Msg 266, Level 16, State 2, Server WS538539, Procedure HNMARCAS.dbo.ImportMarkProcess, Line 117\r\n'
2019-04-12 17:58:34,159 - root - INFO - From SQLCMD: b'Transaction count after EXECUTE indicates a mismatching number of BEGIN and COMMIT statements. Previous count = 0, current count = 1.\r\n'
2019-04-12 17:58:34,285 - root - INFO - From SQLCMD: b'Msg 208, Level 16, State 1, Server WS538539, Procedure HNMARCAS.dbo.ImportMarkProcess, Line 117\r\n'
2019-04-12 17:58:34,285 - root - INFO - From SQLCMD: b'Invalid object name \'"+ context.intermediateDB + ".dbo.VW_IMPORT_MARK\'.\r\n'
2019-04-12 17:58:34,285 - root - INFO - From SQLCMD: b'Msg 266, Level 16, State 2, Server WS538539, Procedure HNMARCAS.dbo.ImportMarkProcess, Line 117\r\n'
2019-04-12 17:58:34,285 - root - INFO - From SQLCMD: b'Transaction count after EXECUTE indicates a mismatching number of BEGIN and COMMIT statements. Previous count = 0, current count = 1.\r\n'
2019-04-12 17:58:34,428 - root - INFO - From SQLCMD: b'Msg 208, Level 16, State 1, Server WS538539, Procedure HNMARCAS.dbo.ImportMarkProcess, Line 117\r\n'
2019-04-12 17:58:34,429 - root - INFO - From SQLCMD: b'Invalid object name \'"+ context.intermediateDB + ".dbo.VW_IMPORT_MARK\'.\r\n'
2019-04-12 17:58:34,429 - root - INFO - From SQLCMD: b'Msg 266, Level 16, State 2, Server WS538539, Procedure HNMARCAS.dbo.ImportMarkProcess, Line 117\r\n'
2019-04-12 17:58:34,429 - root - INFO - From SQLCMD: b'Transaction count after EXECUTE indicates a mismatching number of BEGIN and COMMIT statements. Previous count = 0, current count = 1.\r\n'
2019-04-12 17:58:34,584 - root - INFO - From SQLCMD: b'Msg 208, Level 16, State 1, Server WS538539, Procedure HNMARCAS.dbo.ImportMarkProcess, Line 117\r\n'
2019-04-12 17:58:34,584 - root - INFO - From SQLCMD: b'Invalid object name \'"+ context.intermediateDB + ".dbo.VW_IMPORT_MARK\'.\r\n'
2019-04-12 17:58:34,584 - root - INFO - From SQLCMD: b'Msg 266, Level 16, State 2, Server WS538539, Procedure HNMARCAS.dbo.ImportMarkProcess, Line 117\r\n'
2019-04-12 17:58:34,584 - root - INFO - From SQLCMD: b'Transaction count after EXECUTE indicates a mismatching number of BEGIN and COMMIT statements. Previous count = 0, current count = 1.\r\n'
2019-04-12 17:58:34,719 - root - INFO - From SQLCMD: b'Msg 208, Level 16, State 1, Server WS538539, Procedure HNMARCAS.dbo.ImportMarkProcess, Line 117\r\n'
2019-04-12 17:58:34,720 - root - INFO - From SQLCMD: b'Invalid object name \'"+ context.intermediateDB + ".dbo.VW_IMPORT_MARK\'.\r\n'
2019-04-12 17:58:34,720 - root - INFO - From SQLCMD: b'Msg 266, Level 16, State 2, Server WS538539, Procedure HNMARCAS.dbo.ImportMarkProcess, Line 117\r\n'
2019-04-12 17:58:34,720 - root - INFO - From SQLCMD: b'Transaction count after EXECUTE indicates a mismatching number of BEGIN and COMMIT statements. Previous count = 0, current count = 1.\r\n'
2019-04-12 17:58:34,860 - root - INFO - From SQLCMD: b'Msg 208, Level 16, State 1, Server WS538539, Procedure HNMARCAS.dbo.ImportMarkProcess, Line 117\r\n'
2019-04-12 17:58:34,861 - root - INFO - From SQLCMD: b'Invalid object name \'"+ context.intermediateDB + ".dbo.VW_IMPORT_MARK\'.\r\n'
2019-04-12 17:58:34,861 - root - INFO - From SQLCMD: b'Msg 266, Level 16, State 2, Server WS538539, Procedure HNMARCAS.dbo.ImportMarkProcess, Line 117\r\n'
2019-04-12 17:58:34,861 - root - INFO - From SQLCMD: b'Transaction count after EXECUTE indicates a mismatching number of BEGIN and COMMIT statements. Previous count = 0, current count = 1.\r\n'
2019-04-12 17:58:35,004 - root - INFO - From SQLCMD: b'Msg 208, Level 16, State 1, Server WS538539, Procedure HNMARCAS.dbo.ImportMarkProcess, Line 117\r\n'
2019-04-12 17:58:35,005 - root - INFO - From SQLCMD: b'Invalid object name \'"+ context.intermediateDB + ".dbo.VW_IMPORT_MARK\'.\r\n'
2019-04-12 17:58:35,005 - root - INFO - From SQLCMD: b'Msg 266, Level 16, State 2, Server WS538539, Procedure HNMARCAS.dbo.ImportMarkProcess, Line 117\r\n'
2019-04-12 17:58:35,005 - root - INFO - From SQLCMD: b'Transaction count after EXECUTE indicates a mismatching number of BEGIN and COMMIT statements. Previous count = 0, current count = 1.\r\n'
2019-04-12 17:58:35,174 - root - INFO - From SQLCMD: b'Msg 208, Level 16, State 1, Server WS538539, Procedure HNMARCAS.dbo.ImportMarkProcess, Line 117\r\n'
2019-04-12 17:58:35,174 - root - INFO - From SQLCMD: b'Invalid object name \'"+ context.intermediateDB + ".dbo.VW_IMPORT_MARK\'.\r\n'
2019-04-12 17:58:35,174 - root - INFO - From SQLCMD: b'Msg 266, Level 16, State 2, Server WS538539, Procedure HNMARCAS.dbo.ImportMarkProcess, Line 117\r\n'
2019-04-12 17:58:35,174 - root - INFO - From SQLCMD: b'Transaction count after EXECUTE indicates a mismatching number of BEGIN and COMMIT statements. Previous count = 0, current count = 1.\r\n'
2019-04-12 17:58:35,327 - root - INFO - From SQLCMD: b'Msg 208, Level 16, State 1, Server WS538539, Procedure HNMARCAS.dbo.ImportMarkProcess, Line 117\r\n'
2019-04-12 17:58:35,328 - root - INFO - From SQLCMD: b'Invalid object name \'"+ context.intermediateDB + ".dbo.VW_IMPORT_MARK\'.\r\n'
2019-04-12 17:58:35,328 - root - INFO - From SQLCMD: b'Msg 266, Level 16, State 2, Server WS538539, Procedure HNMARCAS.dbo.ImportMarkProcess, Line 117\r\n'
2019-04-12 17:58:35,328 - root - INFO - From SQLCMD: b'Transaction count after EXECUTE indicates a mismatching number of BEGIN and COMMIT statements. Previous count = 0, current count = 1.\r\n'
2019-04-12 17:58:35,486 - root - INFO - From SQLCMD: b'Msg 208, Level 16, State 1, Server WS538539, Procedure HNMARCAS.dbo.ImportMarkProcess, Line 117\r\n'
2019-04-12 17:58:35,486 - root - INFO - From SQLCMD: b'Invalid object name \'"+ context.intermediateDB + ".dbo.VW_IMPORT_MARK\'.\r\n'
2019-04-12 17:58:35,486 - root - INFO - From SQLCMD: b'Msg 266, Level 16, State 2, Server WS538539, Procedure HNMARCAS.dbo.ImportMarkProcess, Line 117\r\n'
2019-04-12 17:58:35,486 - root - INFO - From SQLCMD: b'Transaction count after EXECUTE indicates a mismatching number of BEGIN and COMMIT statements. Previous count = 0, current count = 1.\r\n'
2019-04-12 17:58:35,648 - root - INFO - From SQLCMD: b'Msg 208, Level 16, State 1, Server WS538539, Procedure HNMARCAS.dbo.ImportMarkProcess, Line 117\r\n'
2019-04-12 17:58:35,648 - root - INFO - From SQLCMD: b'Invalid object name \'"+ context.intermediateDB + ".dbo.VW_IMPORT_MARK\'.\r\n'
2019-04-12 17:58:35,648 - root - INFO - From SQLCMD: b'Msg 266, Level 16, State 2, Server WS538539, Procedure HNMARCAS.dbo.ImportMarkProcess, Line 117\r\n'
2019-04-12 17:58:35,648 - root - INFO - From SQLCMD: b'Transaction count after EXECUTE indicates a mismatching number of BEGIN and COMMIT statements. Previous count = 0, current count = 1.\r\n'
2019-04-12 17:58:35,834 - root - INFO - From SQLCMD: b'Msg 208, Level 16, State 1, Server WS538539, Procedure HNMARCAS.dbo.ImportMarkProcess, Line 117\r\n'
2019-04-12 17:58:35,834 - root - INFO - From SQLCMD: b'Invalid object name \'"+ context.intermediateDB + ".dbo.VW_IMPORT_MARK\'.\r\n'
2019-04-12 17:58:35,834 - root - INFO - From SQLCMD: b'Msg 266, Level 16, State 2, Server WS538539, Procedure HNMARCAS.dbo.ImportMarkProcess, Line 117\r\n'
2019-04-12 17:58:35,834 - root - INFO - From SQLCMD: b'Transaction count after EXECUTE indicates a mismatching number of BEGIN and COMMIT statements. Previous count = 0, current count = 1.\r\n'
2019-04-12 17:58:36,007 - root - INFO - From SQLCMD: b'Msg 208, Level 16, State 1, Server WS538539, Procedure HNMARCAS.dbo.ImportMarkProcess, Line 117\r\n'
2019-04-12 17:58:36,007 - root - INFO - From SQLCMD: b'Invalid object name \'"+ context.intermediateDB + ".dbo.VW_IMPORT_MARK\'.\r\n'
2019-04-12 17:58:36,007 - root - INFO - From SQLCMD: b'Msg 266, Level 16, State 2, Server WS538539, Procedure HNMARCAS.dbo.ImportMarkProcess, Line 117\r\n'
2019-04-12 17:58:36,007 - root - INFO - From SQLCMD: b'Transaction count after EXECUTE indicates a mismatching number of BEGIN and COMMIT statements. Previous count = 0, current count = 1.\r\n'
2019-04-12 17:58:36,190 - root - INFO - From SQLCMD: b'Msg 208, Level 16, State 1, Server WS538539, Procedure HNMARCAS.dbo.ImportMarkProcess, Line 117\r\n'
2019-04-12 17:58:36,191 - root - INFO - From SQLCMD: b'Invalid object name \'"+ context.intermediateDB + ".dbo.VW_IMPORT_MARK\'.\r\n'
2019-04-12 17:58:36,191 - root - INFO - From SQLCMD: b'Msg 266, Level 16, State 2, Server WS538539, Procedure HNMARCAS.dbo.ImportMarkProcess, Line 117\r\n'
2019-04-12 17:58:36,191 - root - INFO - From SQLCMD: b'Transaction count after EXECUTE indicates a mismatching number of BEGIN and COMMIT statements. Previous count = 0, current count = 1.\r\n'
2019-04-12 17:58:36,361 - root - INFO - From SQLCMD: b'Msg 208, Level 16, State 1, Server WS538539, Procedure HNMARCAS.dbo.ImportMarkProcess, Line 117\r\n'
2019-04-12 17:58:36,361 - root - INFO - From SQLCMD: b'Invalid object name \'"+ context.intermediateDB + ".dbo.VW_IMPORT_MARK\'.\r\n'
2019-04-12 17:58:36,362 - root - INFO - From SQLCMD: b'Msg 266, Level 16, State 2, Server WS538539, Procedure HNMARCAS.dbo.ImportMarkProcess, Line 117\r\n'
2019-04-12 17:58:36,362 - root - INFO - From SQLCMD: b'Transaction count after EXECUTE indicates a mismatching number of BEGIN and COMMIT statements. Previous count = 0, current count = 1.\r\n'
2019-04-12 17:58:36,527 - root - INFO - From SQLCMD: b'Msg 208, Level 16, State 1, Server WS538539, Procedure HNMARCAS.dbo.ImportMarkProcess, Line 117\r\n'
2019-04-12 17:58:36,527 - root - INFO - From SQLCMD: b'Invalid object name \'"+ context.intermediateDB + ".dbo.VW_IMPORT_MARK\'.\r\n'
2019-04-12 17:58:36,527 - root - INFO - From SQLCMD: b'Msg 266, Level 16, State 2, Server WS538539, Procedure HNMARCAS.dbo.ImportMarkProcess, Line 117\r\n'
2019-04-12 17:58:36,527 - root - INFO - From SQLCMD: b'Transaction count after EXECUTE indicates a mismatching number of BEGIN and COMMIT statements. Previous count = 0, current count = 1.\r\n'
2019-04-12 17:58:36,536 - root - INFO - changing database to intermed
2019-04-12 17:58:36,537 - root - WARNING - connected to Sqlserver.
