2019-04-10 09:31:33,931 - root - WARNING - connected to Sqlserver.
2019-04-10 09:31:33,936 - root - INFO - Connections to database severed
2019-04-10 09:31:33,990 - root - INFO - database dropped
2019-04-10 09:31:34,215 - root - INFO - New Intermediate databas created
2019-04-10 09:31:34,231 - root - WARNING - connected to Sqlserver.
2019-04-10 09:31:34,231 - root - INFO - Processing: agentes.DBF
2019-04-10 09:31:34,233 - root - INFO - new table to create: "create table HN1.dbo.vw_origin_agentes (rowNum numeric (20), "AGENTE" varchar(max), "NOMBRE" varchar(max), "DIRECCION" varchar(max), "CONTACTO" varchar(max), "CALIDAD" varchar(max), DELETED varchar (5))"
2019-04-10 09:31:34,235 - root - WARNING - Going to insert to table: agentes
2019-04-10 09:31:35,950 - root - WARNING - insert finished
2019-04-10 09:31:35,953 - root - WARNING - connected to Sqlserver.
2019-04-10 09:31:35,953 - root - INFO - Processing: ccvs.DBF
2019-04-10 09:31:35,954 - root - INFO - new table to create: "create table HN1.dbo.vw_origin_ccvs (rowNum numeric (20), "CCV" varchar(max), "NRO_SOLICI" varchar(max), DELETED varchar (5))"
2019-04-10 09:31:35,955 - root - WARNING - Going to insert to table: ccvs
2019-04-10 09:31:41,112 - root - WARNING - insert finished
2019-04-10 09:31:41,112 - root - WARNING - connected to Sqlserver.
2019-04-10 09:31:41,113 - root - INFO - Processing: codigos.dbf
2019-04-10 09:31:41,114 - root - INFO - new table to create: "create table HN1.dbo.vw_origin_codigos (rowNum numeric (20), "ID_CODIGO" varchar(max), "CODIGO" varchar(max), "DESCRIPCOD" varchar(max), DELETED varchar (5))"
2019-04-10 09:31:41,115 - root - WARNING - Going to insert to table: codigos
2019-04-10 09:31:41,120 - root - WARNING - insert finished
2019-04-10 09:31:41,120 - root - WARNING - connected to Sqlserver.
2019-04-10 09:31:41,120 - root - INFO - Processing: eventab.dbf
2019-04-10 09:31:41,122 - root - INFO - new table to create: "create table HN1.dbo.vw_origin_eventab (rowNum numeric (20), "EVENTO" varchar(max), "DESCRIP" varchar(max), "TIPO_EVENT" varchar(max), "INFO_ADI" varchar(max), "ETI_COMENT" varchar(max), "ETI_NUMERO" varchar(max), DELETED varchar (5))"
2019-04-10 09:31:41,123 - root - WARNING - Going to insert to table: eventab
2019-04-10 09:31:41,152 - root - WARNING - insert finished
2019-04-10 09:31:41,153 - root - WARNING - connected to Sqlserver.
2019-04-10 09:31:41,153 - root - INFO - Processing: marca.DBF
2019-04-10 09:31:41,155 - root - INFO - new table to create: "create table HN1.dbo.vw_origin_marca (rowNum numeric (20), "NRO_SOLICI" varchar(max), "SOLICITADA" varchar(max), "TIPO_MARCA" varchar(max), "SIGNO" varchar(max), "NOM_MARCA" varchar(max), "REGISTRO" varchar(max), "REGISTRADA" varchar(max), "RENUEVA" varchar(max), "EXPIRA" varchar(max), "AGENTE" varchar(max), "STATUS" varchar(max), "STAT_DESDE" varchar(max), "PESO_RASGO" varchar(max), "LARFON" varchar(max), "PESO_R" varchar(max), "PUBLICADA" varchar(max), "DIARIO" varchar(max), "LIMITACION" varchar(max), "HORA" varchar(max), "RTOMO" varchar(max), "RFOLIO" varchar(max), "RESERVA" varchar(max), "NRO_PODER" varchar(max), "MODIFICA" varchar(max), "NRO_GACETA" varchar(max), "QUIEN" varchar(max), "CALIDAD" varchar(max), "CLASE" varchar(max), "MODIFICADO" varchar(max), "ANUALIDAD" varchar(max), "NRO_RESOL" varchar(max), "LEY" varchar(max), "CLASES_TXT" varchar(max), DELETED varchar (5))"
2019-04-10 09:31:41,157 - root - WARNING - Going to insert to table: marca
2019-04-10 09:33:11,269 - root - ERROR - records[79523]['STAT_DESDE'] == InvalidValue(b'00001228')
2019-04-10 09:33:14,600 - root - ERROR - records[82440]['REGISTRADA'] == InvalidValue(b'00001229')
2019-04-10 09:33:14,600 - root - ERROR - records[82440]['STAT_DESDE'] == InvalidValue(b'00001229')
