2019-04-10 13:06:54,503 - root - WARNING - connected to Sqlserver.
2019-04-10 13:06:54,541 - root - INFO - Connections to database severed
2019-04-10 13:06:54,565 - root - INFO - database dropped
2019-04-10 13:06:54,759 - root - INFO - New Intermediate databas created
2019-04-10 13:06:54,776 - root - WARNING - connected to Sqlserver.
2019-04-10 13:06:54,776 - root - INFO - Processing: agentes.DBF
2019-04-10 13:06:54,778 - root - INFO - new table to create: "create table HN1.dbo.vw_origin_agentes (rowNum numeric (20), "AGENTE" varchar(max), "NOMBRE" varchar(max), "DIRECCION" varchar(max), "CONTACTO" varchar(max), "CALIDAD" varchar(max), DELETED varchar (5))"
2019-04-10 13:06:54,781 - root - WARNING - Going to insert to table: agentes
2019-04-10 13:06:56,767 - root - WARNING - insert finished
2019-04-10 13:06:56,770 - root - WARNING - connected to Sqlserver.
2019-04-10 13:06:56,770 - root - INFO - Processing: ccvs.DBF
2019-04-10 13:06:56,771 - root - INFO - new table to create: "create table HN1.dbo.vw_origin_ccvs (rowNum numeric (20), "CCV" varchar(max), "NRO_SOLICI" varchar(max), DELETED varchar (5))"
2019-04-10 13:06:56,772 - root - WARNING - Going to insert to table: ccvs
2019-04-10 13:07:08,403 - root - WARNING - insert finished
2019-04-10 13:07:08,403 - root - WARNING - connected to Sqlserver.
2019-04-10 13:07:08,403 - root - INFO - Processing: codigos.dbf
2019-04-10 13:07:08,404 - root - INFO - new table to create: "create table HN1.dbo.vw_origin_codigos (rowNum numeric (20), "ID_CODIGO" varchar(max), "CODIGO" varchar(max), "DESCRIPCOD" varchar(max), DELETED varchar (5))"
2019-04-10 13:07:08,406 - root - WARNING - Going to insert to table: codigos
2019-04-10 13:07:08,415 - root - WARNING - insert finished
2019-04-10 13:07:08,415 - root - WARNING - connected to Sqlserver.
2019-04-10 13:07:08,415 - root - INFO - Processing: eventab.dbf
2019-04-10 13:07:08,416 - root - INFO - new table to create: "create table HN1.dbo.vw_origin_eventab (rowNum numeric (20), "EVENTO" varchar(max), "DESCRIP" varchar(max), "TIPO_EVENT" varchar(max), "INFO_ADI" varchar(max), "ETI_COMENT" varchar(max), "ETI_NUMERO" varchar(max), DELETED varchar (5))"
2019-04-10 13:07:08,417 - root - WARNING - Going to insert to table: eventab
2019-04-10 13:07:08,444 - root - WARNING - insert finished
2019-04-10 13:07:08,444 - root - WARNING - connected to Sqlserver.
2019-04-10 13:07:08,444 - root - INFO - Processing: marca.DBF
2019-04-10 13:07:08,446 - root - INFO - new table to create: "create table HN1.dbo.vw_origin_marca (rowNum numeric (20), "NRO_SOLICI" varchar(max), "SOLICITADA" varchar(max), "TIPO_MARCA" varchar(max), "SIGNO" varchar(max), "NOM_MARCA" varchar(max), "REGISTRO" varchar(max), "REGISTRADA" varchar(max), "RENUEVA" varchar(max), "EXPIRA" varchar(max), "AGENTE" varchar(max), "STATUS" varchar(max), "STAT_DESDE" varchar(max), "PESO_RASGO" varchar(max), "LARFON" varchar(max), "PESO_R" varchar(max), "PUBLICADA" varchar(max), "DIARIO" varchar(max), "LIMITACION" varchar(max), "HORA" varchar(max), "RTOMO" varchar(max), "RFOLIO" varchar(max), "RESERVA" varchar(max), "NRO_PODER" varchar(max), "MODIFICA" varchar(max), "NRO_GACETA" varchar(max), "QUIEN" varchar(max), "CALIDAD" varchar(max), "CLASE" varchar(max), "MODIFICADO" varchar(max), "ANUALIDAD" varchar(max), "NRO_RESOL" varchar(max), "LEY" varchar(max), "CLASES_TXT" varchar(max), DELETED varchar (5))"
2019-04-10 13:07:08,448 - root - WARNING - Going to insert to table: marca
2019-04-10 13:07:31,385 - root - ERROR - records[79523]['STAT_DESDE'] == InvalidValue(b'00001228')
2019-04-10 13:07:31,385 - root - ERROR - >>>>>>>>>>>>>>> issue with table creation:'odict_values' object does not support item assignment
2019-04-10 13:07:31,386 - root - WARNING - insert finished
2019-04-10 13:07:31,386 - root - WARNING - connected to Sqlserver.
2019-04-10 13:07:31,386 - root - INFO - Processing: migracio.dbf
2019-04-10 13:07:31,387 - root - INFO - new table to create: "create table HN1.dbo.vw_origin_migracio (rowNum numeric (20), "STATUS_INI" varchar(max), "EVENTO" varchar(max), "STATUS_FIN" varchar(max), "TRAMITE" varchar(max), DELETED varchar (5))"
2019-04-10 13:07:31,390 - root - WARNING - Going to insert to table: migracio
2019-04-10 13:07:31,417 - root - WARNING - insert finished
2019-04-10 13:07:31,418 - root - WARNING - connected to Sqlserver.
2019-04-10 13:07:31,418 - root - INFO - Processing: movimi.DBF
2019-04-10 13:07:31,420 - root - INFO - new table to create: "create table HN1.dbo.vw_origin_movimi (rowNum numeric (20), "NRO_SOLICI" varchar(max), "COMENTARIO" varchar(max), "F_EVENTO" varchar(max), "F_VENCIM" varchar(max), "F_TRANS" varchar(max), "NRO_MOV" varchar(max), "EVENTO" varchar(max), "STATUS" varchar(max), "HORA" varchar(max), "DOCUMENTO" varchar(max), "USUARIO" varchar(max), "N_ENTRADA" varchar(max), DELETED varchar (5))"
2019-04-10 13:07:31,421 - root - WARNING - Going to insert to table: movimi
