2019-04-10 13:00:12,217 - root - WARNING - connected to Sqlserver.
2019-04-10 13:00:12,259 - root - INFO - Connections to database severed
2019-04-10 13:00:12,282 - root - INFO - database dropped
2019-04-10 13:00:12,534 - root - INFO - New Intermediate databas created
2019-04-10 13:00:12,550 - root - WARNING - connected to Sqlserver.
2019-04-10 13:00:12,551 - root - INFO - Processing: agentes.DBF
2019-04-10 13:00:12,553 - root - INFO - new table to create: "create table HN1.dbo.vw_origin_agentes (rowNum numeric (20), "AGENTE" varchar(max), "NOMBRE" varchar(max), "DIRECCION" varchar(max), "CONTACTO" varchar(max), "CALIDAD" varchar(max), DELETED varchar (5))"
2019-04-10 13:00:12,556 - root - WARNING - Going to insert to table: agentes
2019-04-10 13:00:14,560 - root - WARNING - insert finished
2019-04-10 13:00:14,562 - root - WARNING - connected to Sqlserver.
2019-04-10 13:00:14,562 - root - INFO - Processing: ccvs.DBF
2019-04-10 13:00:14,563 - root - INFO - new table to create: "create table HN1.dbo.vw_origin_ccvs (rowNum numeric (20), "CCV" varchar(max), "NRO_SOLICI" varchar(max), DELETED varchar (5))"
2019-04-10 13:00:14,564 - root - WARNING - Going to insert to table: ccvs
2019-04-10 13:00:24,335 - root - WARNING - insert finished
2019-04-10 13:00:24,335 - root - WARNING - connected to Sqlserver.
2019-04-10 13:00:24,335 - root - INFO - Processing: codigos.dbf
2019-04-10 13:00:24,336 - root - INFO - new table to create: "create table HN1.dbo.vw_origin_codigos (rowNum numeric (20), "ID_CODIGO" varchar(max), "CODIGO" varchar(max), "DESCRIPCOD" varchar(max), DELETED varchar (5))"
2019-04-10 13:00:24,338 - root - WARNING - Going to insert to table: codigos
2019-04-10 13:00:24,345 - root - WARNING - insert finished
2019-04-10 13:00:24,345 - root - WARNING - connected to Sqlserver.
2019-04-10 13:00:24,346 - root - INFO - Processing: eventab.dbf
2019-04-10 13:00:24,347 - root - INFO - new table to create: "create table HN1.dbo.vw_origin_eventab (rowNum numeric (20), "EVENTO" varchar(max), "DESCRIP" varchar(max), "TIPO_EVENT" varchar(max), "INFO_ADI" varchar(max), "ETI_COMENT" varchar(max), "ETI_NUMERO" varchar(max), DELETED varchar (5))"
2019-04-10 13:00:24,348 - root - WARNING - Going to insert to table: eventab
2019-04-10 13:00:24,374 - root - WARNING - insert finished
2019-04-10 13:00:24,374 - root - WARNING - connected to Sqlserver.
2019-04-10 13:00:24,374 - root - INFO - Processing: marca.DBF
2019-04-10 13:00:24,377 - root - INFO - new table to create: "create table HN1.dbo.vw_origin_marca (rowNum numeric (20), "NRO_SOLICI" varchar(max), "SOLICITADA" varchar(max), "TIPO_MARCA" varchar(max), "SIGNO" varchar(max), "NOM_MARCA" varchar(max), "REGISTRO" varchar(max), "REGISTRADA" varchar(max), "RENUEVA" varchar(max), "EXPIRA" varchar(max), "AGENTE" varchar(max), "STATUS" varchar(max), "STAT_DESDE" varchar(max), "PESO_RASGO" varchar(max), "LARFON" varchar(max), "PESO_R" varchar(max), "PUBLICADA" varchar(max), "DIARIO" varchar(max), "LIMITACION" varchar(max), "HORA" varchar(max), "RTOMO" varchar(max), "RFOLIO" varchar(max), "RESERVA" varchar(max), "NRO_PODER" varchar(max), "MODIFICA" varchar(max), "NRO_GACETA" varchar(max), "QUIEN" varchar(max), "CALIDAD" varchar(max), "CLASE" varchar(max), "MODIFICADO" varchar(max), "ANUALIDAD" varchar(max), "NRO_RESOL" varchar(max), "LEY" varchar(max), "CLASES_TXT" varchar(max), DELETED varchar (5))"
2019-04-10 13:00:24,378 - root - WARNING - Going to insert to table: marca
2019-04-10 13:00:48,264 - root - ERROR - records[79523]['STAT_DESDE'] == InvalidValue(b'00001228')
2019-04-10 13:00:48,264 - root - ERROR - >>>>>>>>>>>>>>> issue with table creation:'odict_values' object does not support item assignment
2019-04-10 13:00:48,264 - root - WARNING - insert finished
2019-04-10 13:00:48,264 - root - WARNING - connected to Sqlserver.
2019-04-10 13:00:48,264 - root - INFO - Processing: migracio.dbf
2019-04-10 13:00:48,266 - root - INFO - new table to create: "create table HN1.dbo.vw_origin_migracio (rowNum numeric (20), "STATUS_INI" varchar(max), "EVENTO" varchar(max), "STATUS_FIN" varchar(max), "TRAMITE" varchar(max), DELETED varchar (5))"
2019-04-10 13:00:48,269 - root - WARNING - Going to insert to table: migracio
2019-04-10 13:00:48,294 - root - WARNING - insert finished
2019-04-10 13:00:48,294 - root - WARNING - connected to Sqlserver.
2019-04-10 13:00:48,294 - root - INFO - Processing: movimi.DBF
2019-04-10 13:00:48,296 - root - INFO - new table to create: "create table HN1.dbo.vw_origin_movimi (rowNum numeric (20), "NRO_SOLICI" varchar(max), "COMENTARIO" varchar(max), "F_EVENTO" varchar(max), "F_VENCIM" varchar(max), "F_TRANS" varchar(max), "NRO_MOV" varchar(max), "EVENTO" varchar(max), "STATUS" varchar(max), "HORA" varchar(max), "DOCUMENTO" varchar(max), "USUARIO" varchar(max), "N_ENTRADA" varchar(max), DELETED varchar (5))"
2019-04-10 13:00:48,297 - root - WARNING - Going to insert to table: movimi
