2019-04-10 13:05:56,037 - root - WARNING - connected to Sqlserver.
2019-04-10 13:05:56,077 - root - INFO - Connections to database severed
2019-04-10 13:05:56,101 - root - INFO - database dropped
2019-04-10 13:05:56,319 - root - INFO - New Intermediate databas created
2019-04-10 13:05:56,445 - root - WARNING - connected to Sqlserver.
2019-04-10 13:05:56,445 - root - INFO - Processing: agentes.DBF
2019-04-10 13:05:56,447 - root - INFO - new table to create: "create table HN1.dbo.vw_origin_agentes (rowNum numeric (20), "AGENTE" varchar(max), "NOMBRE" varchar(max), "DIRECCION" varchar(max), "CONTACTO" varchar(max), "CALIDAD" varchar(max), DELETED varchar (5))"
2019-04-10 13:05:56,492 - root - WARNING - Going to insert to table: agentes
2019-04-10 13:05:59,508 - root - WARNING - insert finished
2019-04-10 13:05:59,510 - root - WARNING - connected to Sqlserver.
2019-04-10 13:05:59,510 - root - INFO - Processing: ccvs.DBF
2019-04-10 13:05:59,511 - root - INFO - new table to create: "create table HN1.dbo.vw_origin_ccvs (rowNum numeric (20), "CCV" varchar(max), "NRO_SOLICI" varchar(max), DELETED varchar (5))"
2019-04-10 13:05:59,513 - root - WARNING - Going to insert to table: ccvs
2019-04-10 13:06:09,397 - root - WARNING - insert finished
2019-04-10 13:06:09,398 - root - WARNING - connected to Sqlserver.
2019-04-10 13:06:09,398 - root - INFO - Processing: codigos.dbf
2019-04-10 13:06:09,399 - root - INFO - new table to create: "create table HN1.dbo.vw_origin_codigos (rowNum numeric (20), "ID_CODIGO" varchar(max), "CODIGO" varchar(max), "DESCRIPCOD" varchar(max), DELETED varchar (5))"
2019-04-10 13:06:09,400 - root - WARNING - Going to insert to table: codigos
2019-04-10 13:06:09,410 - root - WARNING - insert finished
2019-04-10 13:06:09,410 - root - WARNING - connected to Sqlserver.
2019-04-10 13:06:09,410 - root - INFO - Processing: eventab.dbf
2019-04-10 13:06:09,411 - root - INFO - new table to create: "create table HN1.dbo.vw_origin_eventab (rowNum numeric (20), "EVENTO" varchar(max), "DESCRIP" varchar(max), "TIPO_EVENT" varchar(max), "INFO_ADI" varchar(max), "ETI_COMENT" varchar(max), "ETI_NUMERO" varchar(max), DELETED varchar (5))"
2019-04-10 13:06:09,412 - root - WARNING - Going to insert to table: eventab
2019-04-10 13:06:09,439 - root - WARNING - insert finished
2019-04-10 13:06:09,439 - root - WARNING - connected to Sqlserver.
2019-04-10 13:06:09,439 - root - INFO - Processing: marca.DBF
2019-04-10 13:06:09,441 - root - INFO - new table to create: "create table HN1.dbo.vw_origin_marca (rowNum numeric (20), "NRO_SOLICI" varchar(max), "SOLICITADA" varchar(max), "TIPO_MARCA" varchar(max), "SIGNO" varchar(max), "NOM_MARCA" varchar(max), "REGISTRO" varchar(max), "REGISTRADA" varchar(max), "RENUEVA" varchar(max), "EXPIRA" varchar(max), "AGENTE" varchar(max), "STATUS" varchar(max), "STAT_DESDE" varchar(max), "PESO_RASGO" varchar(max), "LARFON" varchar(max), "PESO_R" varchar(max), "PUBLICADA" varchar(max), "DIARIO" varchar(max), "LIMITACION" varchar(max), "HORA" varchar(max), "RTOMO" varchar(max), "RFOLIO" varchar(max), "RESERVA" varchar(max), "NRO_PODER" varchar(max), "MODIFICA" varchar(max), "NRO_GACETA" varchar(max), "QUIEN" varchar(max), "CALIDAD" varchar(max), "CLASE" varchar(max), "MODIFICADO" varchar(max), "ANUALIDAD" varchar(max), "NRO_RESOL" varchar(max), "LEY" varchar(max), "CLASES_TXT" varchar(max), DELETED varchar (5))"
2019-04-10 13:06:09,444 - root - WARNING - Going to insert to table: marca
2019-04-10 13:06:31,945 - root - ERROR - records[79523]['STAT_DESDE'] == InvalidValue(b'00001228')
2019-04-10 13:06:31,945 - root - ERROR - >>>>>>>>>>>>>>> issue with table creation:'odict_values' object does not support item assignment
2019-04-10 13:06:31,945 - root - WARNING - insert finished
2019-04-10 13:06:31,946 - root - WARNING - connected to Sqlserver.
2019-04-10 13:06:31,946 - root - INFO - Processing: migracio.dbf
2019-04-10 13:06:31,947 - root - INFO - new table to create: "create table HN1.dbo.vw_origin_migracio (rowNum numeric (20), "STATUS_INI" varchar(max), "EVENTO" varchar(max), "STATUS_FIN" varchar(max), "TRAMITE" varchar(max), DELETED varchar (5))"
2019-04-10 13:06:31,950 - root - WARNING - Going to insert to table: migracio
2019-04-10 13:06:31,977 - root - WARNING - insert finished
2019-04-10 13:06:31,977 - root - WARNING - connected to Sqlserver.
2019-04-10 13:06:31,977 - root - INFO - Processing: movimi.DBF
2019-04-10 13:06:31,979 - root - INFO - new table to create: "create table HN1.dbo.vw_origin_movimi (rowNum numeric (20), "NRO_SOLICI" varchar(max), "COMENTARIO" varchar(max), "F_EVENTO" varchar(max), "F_VENCIM" varchar(max), "F_TRANS" varchar(max), "NRO_MOV" varchar(max), "EVENTO" varchar(max), "STATUS" varchar(max), "HORA" varchar(max), "DOCUMENTO" varchar(max), "USUARIO" varchar(max), "N_ENTRADA" varchar(max), DELETED varchar (5))"
2019-04-10 13:06:31,981 - root - WARNING - Going to insert to table: movimi
