2019-04-12 16:31:06,618 - root - WARNING - connected to Sqlserver.
2019-04-12 16:31:06,622 - root - INFO - Connections to database severed
2019-04-12 16:31:06,662 - root - INFO - database dropped
2019-04-12 16:31:06,663 - root - INFO - user ready
2019-04-12 16:31:06,664 - root - INFO - access granted
2019-04-12 16:31:06,665 - root - INFO - access granted
2019-04-12 16:31:06,666 - root - INFO - password changed
2019-04-12 16:31:07,390 - root - INFO - <_io.TextIOWrapper name='<stderr>' mode='w' encoding='UTF-8'>Child returned, 0
2019-04-12 16:31:07,407 - root - WARNING - connected to Sqlserver.
2019-04-12 16:31:07,438 - root - INFO - repository synced
2019-04-12 16:31:07,444 - root - INFO - repository synced
2019-04-12 16:31:07,448 - root - WARNING - connected to Sqlserver.
2019-04-12 16:31:07,453 - root - INFO - wrong query:insert into HNMARCAS.HNADMIN.[CF_GEO_COUNTRY] ([ROW_VERSION]
      ,[COUNTRY_CODE]      ,[COUNTRY_NAME]      ,[NATIONALITY]      ,[IND_WIPO_STATISTICS]) values
	  (1,'XX','pais desconocido','XX','N'),(1,'EA','Eurasian patent offi','EA','N' )corr pais
2019-04-12 16:31:07,453 - root - ERROR - >>>>>>>>>>>>>>> issue with insert query ('23000', "[23000] [Microsoft][ODBC Driver 17 for SQL Server][SQL Server]Violation of PRIMARY KEY constraint 'PAIS_PK'. Cannot insert duplicate key in object 'HNADMIN.CF_GEO_COUNTRY'. The duplicate key value is (XX). (2627) (SQLExecDirectW); [23000] [Microsoft][ODBC Driver 17 for SQL Server][SQL Server]The statement has been terminated. (3621)")
2019-04-12 16:31:07,458 - root - INFO - wrong query:insert into HNMARCAS.HNADMIN.[CF_CLASS_NICE] ([ROW_VERSION]      ,[NICE_CLASS_CODE]      ,[NICE_CLASS_NAME]      ,[XML_DESIGNER]
      ,[CLASS_DETAIL]      ,[NICE_CLASS_EDITION]      ,[NICE_CLASS_VERSION]) values
    	  (1,	46,	'CLASS 46',	'<PARAMS></PARAMS>','',11,0),(1,	46,	'CLASS 46',	'<PARAMS></PARAMS>','',11,2017.01)corr nice class nombres
2019-04-12 16:31:07,459 - root - ERROR - >>>>>>>>>>>>>>> issue with insert query ('23000', "[23000] [Microsoft][ODBC Driver 17 for SQL Server][SQL Server]Violation of PRIMARY KEY constraint 'CLASE_INTERNACIONAL_PK'. Cannot insert duplicate key in object 'HNADMIN.CF_CLASS_NICE'. The duplicate key value is (11, 0.00, 46). (2627) (SQLExecDirectW); [23000] [Microsoft][ODBC Driver 17 for SQL Server][SQL Server]The statement has been terminated. (3621)")
2019-04-12 16:31:07,576 - root - INFO - changing database to intermed
2019-04-12 16:31:07,581 - root - WARNING - connected to Sqlserver.
2019-04-12 16:31:08,410 - root - INFO - wrong query:CREATE LOGIN HNADMIN;trying to connect ipas admin user
2019-04-12 16:31:08,410 - root - ERROR - >>>>>>>>>>>>>>> issue with insert query ('42000', "[42000] [Microsoft][ODBC Driver 17 for SQL Server][SQL Server]Incorrect syntax near ';'. (102) (SQLExecDirectW)")
2019-04-12 16:31:08,410 - root - INFO - wrong query:EXEC sp_addrolemember N'db_datareader', N'HNADMIN';read access for ipas admin
2019-04-12 16:31:08,410 - root - ERROR - >>>>>>>>>>>>>>> issue with insert query ('42000', "[42000] [Microsoft][ODBC Driver 17 for SQL Server][SQL Server]User or role 'HNADMIN' does not exist in this database. (15410) (SQLExecDirectW)")
2019-04-12 16:31:08,411 - root - INFO - wrong query:EXEC sp_addrolemember N'db_datawriter', N'HNADMIN';write access for ipas admin
2019-04-12 16:31:08,411 - root - ERROR - >>>>>>>>>>>>>>> issue with insert query ('42000', "[42000] [Microsoft][ODBC Driver 17 for SQL Server][SQL Server]User or role 'HNADMIN' does not exist in this database. (15410) (SQLExecDirectW)")
2019-04-12 16:31:10,680 - root - WARNING - Running initial updates to intermed.
2019-04-12 16:31:10,680 - root - INFO - changing database to intermed
