2019-04-10 11:24:34,154 - root - WARNING - connected to Sqlserver.
2019-04-10 11:24:34,197 - root - INFO - Connections to database severed
2019-04-10 11:24:34,219 - root - INFO - database dropped
2019-04-10 11:24:34,466 - root - INFO - New Intermediate databas created
2019-04-10 11:24:34,482 - root - WARNING - connected to Sqlserver.
2019-04-10 11:24:34,482 - root - INFO - Processing: agentes.DBF
2019-04-10 11:24:34,485 - root - INFO - new table to create: "create table HN1.dbo.vw_origin_agentes (rowNum numeric (20), "AGENTE" varchar(max), "NOMBRE" varchar(max), "DIRECCION" varchar(max), "CONTACTO" varchar(max), "CALIDAD" varchar(max), DELETED varchar (5))"
2019-04-10 11:24:34,487 - root - WARNING - Going to insert to table: agentes
2019-04-10 11:24:34,505 - root - INFO - wrong query:insert into HN1.dbo.vw_origin_agentes (rownum, AGENTE, NOMBRE, DIRECCION, CONTACTO, CALIDAD,deleted) values (?,?, ?, ?, ?, ?, ?)inserting data
2019-04-10 11:24:34,505 - root - ERROR - >>>>>>>>>>>>>>> issue with insert query ('The SQL contains 7 parameter markers, but 1000 parameters were supplied', 'HY000')
2019-04-10 11:24:34,524 - root - INFO - wrong query:insert into HN1.dbo.vw_origin_agentes (rownum, AGENTE, NOMBRE, DIRECCION, CONTACTO, CALIDAD,deleted) values (?,?, ?, ?, ?, ?, ?)inserting data
2019-04-10 11:24:34,524 - root - ERROR - >>>>>>>>>>>>>>> issue with insert query ('The SQL contains 7 parameter markers, but 999 parameters were supplied', 'HY000')
2019-04-10 11:24:34,540 - root - INFO - wrong query:insert into HN1.dbo.vw_origin_agentes (rownum, AGENTE, NOMBRE, DIRECCION, CONTACTO, CALIDAD,deleted) values (?,?, ?, ?, ?, ?, ?)inserting data
2019-04-10 11:24:34,540 - root - ERROR - >>>>>>>>>>>>>>> issue with insert query ('The SQL contains 7 parameter markers, but 999 parameters were supplied', 'HY000')
2019-04-10 11:24:34,555 - root - INFO - wrong query:insert into HN1.dbo.vw_origin_agentes (rownum, AGENTE, NOMBRE, DIRECCION, CONTACTO, CALIDAD,deleted) values (?,?, ?, ?, ?, ?, ?)inserting data
2019-04-10 11:24:34,555 - root - ERROR - >>>>>>>>>>>>>>> issue with insert query ('The SQL contains 7 parameter markers, but 999 parameters were supplied', 'HY000')
2019-04-10 11:24:34,570 - root - INFO - wrong query:insert into HN1.dbo.vw_origin_agentes (rownum, AGENTE, NOMBRE, DIRECCION, CONTACTO, CALIDAD,deleted) values (?,?, ?, ?, ?, ?, ?)inserting data
2019-04-10 11:24:34,570 - root - ERROR - >>>>>>>>>>>>>>> issue with insert query ('The SQL contains 7 parameter markers, but 999 parameters were supplied', 'HY000')
2019-04-10 11:24:34,589 - root - INFO - wrong query:insert into HN1.dbo.vw_origin_agentes (rownum, AGENTE, NOMBRE, DIRECCION, CONTACTO, CALIDAD,deleted) values (?,?, ?, ?, ?, ?, ?)inserting data
2019-04-10 11:24:34,589 - root - ERROR - >>>>>>>>>>>>>>> issue with insert query ('The SQL contains 7 parameter markers, but 999 parameters were supplied', 'HY000')
2019-04-10 11:24:34,608 - root - INFO - wrong query:insert into HN1.dbo.vw_origin_agentes (rownum, AGENTE, NOMBRE, DIRECCION, CONTACTO, CALIDAD,deleted) values (?,?, ?, ?, ?, ?, ?)inserting data
2019-04-10 11:24:34,608 - root - ERROR - >>>>>>>>>>>>>>> issue with insert query ('The SQL contains 7 parameter markers, but 999 parameters were supplied', 'HY000')
2019-04-10 11:24:34,626 - root - INFO - wrong query:insert into HN1.dbo.vw_origin_agentes (rownum, AGENTE, NOMBRE, DIRECCION, CONTACTO, CALIDAD,deleted) values (?,?, ?, ?, ?, ?, ?)inserting data
2019-04-10 11:24:34,626 - root - ERROR - >>>>>>>>>>>>>>> issue with insert query ('The SQL contains 7 parameter markers, but 999 parameters were supplied', 'HY000')
2019-04-10 11:24:34,646 - root - INFO - wrong query:insert into HN1.dbo.vw_origin_agentes (rownum, AGENTE, NOMBRE, DIRECCION, CONTACTO, CALIDAD,deleted) values (?,?, ?, ?, ?, ?, ?)inserting data
2019-04-10 11:24:34,646 - root - ERROR - >>>>>>>>>>>>>>> issue with insert query ('The SQL contains 7 parameter markers, but 999 parameters were supplied', 'HY000')
2019-04-10 11:24:34,661 - root - INFO - wrong query:insert into HN1.dbo.vw_origin_agentes (rownum, AGENTE, NOMBRE, DIRECCION, CONTACTO, CALIDAD,deleted) values (?,?, ?, ?, ?, ?, ?)inserting data
2019-04-10 11:24:34,661 - root - ERROR - >>>>>>>>>>>>>>> issue with insert query ('The SQL contains 7 parameter markers, but 999 parameters were supplied', 'HY000')
2019-04-10 11:24:34,676 - root - INFO - wrong query:insert into HN1.dbo.vw_origin_agentes (rownum, AGENTE, NOMBRE, DIRECCION, CONTACTO, CALIDAD,deleted) values (?,?, ?, ?, ?, ?, ?)inserting data
2019-04-10 11:24:34,676 - root - ERROR - >>>>>>>>>>>>>>> issue with insert query ('The SQL contains 7 parameter markers, but 999 parameters were supplied', 'HY000')
2019-04-10 11:24:34,678 - root - ERROR - >>>>>>>>>>>>>>> issue with table creation:can only concatenate str (not "tuple") to str
2019-04-10 11:24:34,678 - root - WARNING - insert finished
2019-04-10 11:24:34,681 - root - WARNING - connected to Sqlserver.
2019-04-10 11:24:34,681 - root - INFO - Processing: ccvs.DBF
2019-04-10 11:24:34,683 - root - INFO - new table to create: "create table HN1.dbo.vw_origin_ccvs (rowNum numeric (20), "CCV" varchar(max), "NRO_SOLICI" varchar(max), DELETED varchar (5))"
2019-04-10 11:24:34,685 - root - WARNING - Going to insert to table: ccvs
2019-04-10 11:24:34,698 - root - INFO - wrong query:insert into HN1.dbo.vw_origin_ccvs (rownum, CCV, NRO_SOLICI,deleted) values (?,?, ?, ?)inserting data
2019-04-10 11:24:34,699 - root - ERROR - >>>>>>>>>>>>>>> issue with insert query ('The SQL contains 4 parameter markers, but 1000 parameters were supplied', 'HY000')
2019-04-10 11:24:34,707 - root - INFO - wrong query:insert into HN1.dbo.vw_origin_ccvs (rownum, CCV, NRO_SOLICI,deleted) values (?,?, ?, ?)inserting data
2019-04-10 11:24:34,707 - root - ERROR - >>>>>>>>>>>>>>> issue with insert query ('The SQL contains 4 parameter markers, but 999 parameters were supplied', 'HY000')
2019-04-10 11:24:34,715 - root - INFO - wrong query:insert into HN1.dbo.vw_origin_ccvs (rownum, CCV, NRO_SOLICI,deleted) values (?,?, ?, ?)inserting data
2019-04-10 11:24:34,716 - root - ERROR - >>>>>>>>>>>>>>> issue with insert query ('The SQL contains 4 parameter markers, but 999 parameters were supplied', 'HY000')
2019-04-10 11:24:34,723 - root - INFO - wrong query:insert into HN1.dbo.vw_origin_ccvs (rownum, CCV, NRO_SOLICI,deleted) values (?,?, ?, ?)inserting data
2019-04-10 11:24:34,724 - root - ERROR - >>>>>>>>>>>>>>> issue with insert query ('The SQL contains 4 parameter markers, but 999 parameters were supplied', 'HY000')
2019-04-10 11:24:34,731 - root - INFO - wrong query:insert into HN1.dbo.vw_origin_ccvs (rownum, CCV, NRO_SOLICI,deleted) values (?,?, ?, ?)inserting data
2019-04-10 11:24:34,732 - root - ERROR - >>>>>>>>>>>>>>> issue with insert query ('The SQL contains 4 parameter markers, but 999 parameters were supplied', 'HY000')
2019-04-10 11:24:34,739 - root - INFO - wrong query:insert into HN1.dbo.vw_origin_ccvs (rownum, CCV, NRO_SOLICI,deleted) values (?,?, ?, ?)inserting data
2019-04-10 11:24:34,740 - root - ERROR - >>>>>>>>>>>>>>> issue with insert query ('The SQL contains 4 parameter markers, but 999 parameters were supplied', 'HY000')
2019-04-10 11:24:34,747 - root - INFO - wrong query:insert into HN1.dbo.vw_origin_ccvs (rownum, CCV, NRO_SOLICI,deleted) values (?,?, ?, ?)inserting data
2019-04-10 11:24:34,748 - root - ERROR - >>>>>>>>>>>>>>> issue with insert query ('The SQL contains 4 parameter markers, but 999 parameters were supplied', 'HY000')
2019-04-10 11:24:34,755 - root - INFO - wrong query:insert into HN1.dbo.vw_origin_ccvs (rownum, CCV, NRO_SOLICI,deleted) values (?,?, ?, ?)inserting data
2019-04-10 11:24:34,755 - root - ERROR - >>>>>>>>>>>>>>> issue with insert query ('The SQL contains 4 parameter markers, but 999 parameters were supplied', 'HY000')
2019-04-10 11:24:34,765 - root - INFO - wrong query:insert into HN1.dbo.vw_origin_ccvs (rownum, CCV, NRO_SOLICI,deleted) values (?,?, ?, ?)inserting data
2019-04-10 11:24:34,765 - root - ERROR - >>>>>>>>>>>>>>> issue with insert query ('The SQL contains 4 parameter markers, but 999 parameters were supplied', 'HY000')
2019-04-10 11:24:34,774 - root - INFO - wrong query:insert into HN1.dbo.vw_origin_ccvs (rownum, CCV, NRO_SOLICI,deleted) values (?,?, ?, ?)inserting data
2019-04-10 11:24:34,774 - root - ERROR - >>>>>>>>>>>>>>> issue with insert query ('The SQL contains 4 parameter markers, but 999 parameters were supplied', 'HY000')
2019-04-10 11:24:34,783 - root - INFO - wrong query:insert into HN1.dbo.vw_origin_ccvs (rownum, CCV, NRO_SOLICI,deleted) values (?,?, ?, ?)inserting data
2019-04-10 11:24:34,783 - root - ERROR - >>>>>>>>>>>>>>> issue with insert query ('The SQL contains 4 parameter markers, but 999 parameters were supplied', 'HY000')
2019-04-10 11:24:34,792 - root - INFO - wrong query:insert into HN1.dbo.vw_origin_ccvs (rownum, CCV, NRO_SOLICI,deleted) values (?,?, ?, ?)inserting data
2019-04-10 11:24:34,792 - root - ERROR - >>>>>>>>>>>>>>> issue with insert query ('The SQL contains 4 parameter markers, but 999 parameters were supplied', 'HY000')
2019-04-10 11:24:34,800 - root - INFO - wrong query:insert into HN1.dbo.vw_origin_ccvs (rownum, CCV, NRO_SOLICI,deleted) values (?,?, ?, ?)inserting data
2019-04-10 11:24:34,800 - root - ERROR - >>>>>>>>>>>>>>> issue with insert query ('The SQL contains 4 parameter markers, but 999 parameters were supplied', 'HY000')
2019-04-10 11:24:34,809 - root - INFO - wrong query:insert into HN1.dbo.vw_origin_ccvs (rownum, CCV, NRO_SOLICI,deleted) values (?,?, ?, ?)inserting data
2019-04-10 11:24:34,809 - root - ERROR - >>>>>>>>>>>>>>> issue with insert query ('The SQL contains 4 parameter markers, but 999 parameters were supplied', 'HY000')
2019-04-10 11:24:34,817 - root - INFO - wrong query:insert into HN1.dbo.vw_origin_ccvs (rownum, CCV, NRO_SOLICI,deleted) values (?,?, ?, ?)inserting data
2019-04-10 11:24:34,817 - root - ERROR - >>>>>>>>>>>>>>> issue with insert query ('The SQL contains 4 parameter markers, but 999 parameters were supplied', 'HY000')
2019-04-10 11:24:34,826 - root - INFO - wrong query:insert into HN1.dbo.vw_origin_ccvs (rownum, CCV, NRO_SOLICI,deleted) values (?,?, ?, ?)inserting data
2019-04-10 11:24:34,826 - root - ERROR - >>>>>>>>>>>>>>> issue with insert query ('The SQL contains 4 parameter markers, but 999 parameters were supplied', 'HY000')
2019-04-10 11:24:34,834 - root - INFO - wrong query:insert into HN1.dbo.vw_origin_ccvs (rownum, CCV, NRO_SOLICI,deleted) values (?,?, ?, ?)inserting data
2019-04-10 11:24:34,834 - root - ERROR - >>>>>>>>>>>>>>> issue with insert query ('The SQL contains 4 parameter markers, but 999 parameters were supplied', 'HY000')
2019-04-10 11:24:34,843 - root - INFO - wrong query:insert into HN1.dbo.vw_origin_ccvs (rownum, CCV, NRO_SOLICI,deleted) values (?,?, ?, ?)inserting data
2019-04-10 11:24:34,843 - root - ERROR - >>>>>>>>>>>>>>> issue with insert query ('The SQL contains 4 parameter markers, but 999 parameters were supplied', 'HY000')
2019-04-10 11:24:34,850 - root - INFO - wrong query:insert into HN1.dbo.vw_origin_ccvs (rownum, CCV, NRO_SOLICI,deleted) values (?,?, ?, ?)inserting data
2019-04-10 11:24:34,851 - root - ERROR - >>>>>>>>>>>>>>> issue with insert query ('The SQL contains 4 parameter markers, but 999 parameters were supplied', 'HY000')
2019-04-10 11:24:34,858 - root - INFO - wrong query:insert into HN1.dbo.vw_origin_ccvs (rownum, CCV, NRO_SOLICI,deleted) values (?,?, ?, ?)inserting data
2019-04-10 11:24:34,859 - root - ERROR - >>>>>>>>>>>>>>> issue with insert query ('The SQL contains 4 parameter markers, but 999 parameters were supplied', 'HY000')
2019-04-10 11:24:34,866 - root - INFO - wrong query:insert into HN1.dbo.vw_origin_ccvs (rownum, CCV, NRO_SOLICI,deleted) values (?,?, ?, ?)inserting data
2019-04-10 11:24:34,866 - root - ERROR - >>>>>>>>>>>>>>> issue with insert query ('The SQL contains 4 parameter markers, but 999 parameters were supplied', 'HY000')
2019-04-10 11:24:34,875 - root - INFO - wrong query:insert into HN1.dbo.vw_origin_ccvs (rownum, CCV, NRO_SOLICI,deleted) values (?,?, ?, ?)inserting data
2019-04-10 11:24:34,876 - root - ERROR - >>>>>>>>>>>>>>> issue with insert query ('The SQL contains 4 parameter markers, but 999 parameters were supplied', 'HY000')
2019-04-10 11:24:34,884 - root - INFO - wrong query:insert into HN1.dbo.vw_origin_ccvs (rownum, CCV, NRO_SOLICI,deleted) values (?,?, ?, ?)inserting data
2019-04-10 11:24:34,885 - root - ERROR - >>>>>>>>>>>>>>> issue with insert query ('The SQL contains 4 parameter markers, but 999 parameters were supplied', 'HY000')
2019-04-10 11:24:34,892 - root - INFO - wrong query:insert into HN1.dbo.vw_origin_ccvs (rownum, CCV, NRO_SOLICI,deleted) values (?,?, ?, ?)inserting data
2019-04-10 11:24:34,892 - root - ERROR - >>>>>>>>>>>>>>> issue with insert query ('The SQL contains 4 parameter markers, but 999 parameters were supplied', 'HY000')
2019-04-10 11:24:34,900 - root - INFO - wrong query:insert into HN1.dbo.vw_origin_ccvs (rownum, CCV, NRO_SOLICI,deleted) values (?,?, ?, ?)inserting data
2019-04-10 11:24:34,900 - root - ERROR - >>>>>>>>>>>>>>> issue with insert query ('The SQL contains 4 parameter markers, but 999 parameters were supplied', 'HY000')
2019-04-10 11:24:34,909 - root - INFO - wrong query:insert into HN1.dbo.vw_origin_ccvs (rownum, CCV, NRO_SOLICI,deleted) values (?,?, ?, ?)inserting data
2019-04-10 11:24:34,909 - root - ERROR - >>>>>>>>>>>>>>> issue with insert query ('The SQL contains 4 parameter markers, but 999 parameters were supplied', 'HY000')
2019-04-10 11:24:34,916 - root - INFO - wrong query:insert into HN1.dbo.vw_origin_ccvs (rownum, CCV, NRO_SOLICI,deleted) values (?,?, ?, ?)inserting data
2019-04-10 11:24:34,916 - root - ERROR - >>>>>>>>>>>>>>> issue with insert query ('The SQL contains 4 parameter markers, but 999 parameters were supplied', 'HY000')
2019-04-10 11:24:34,925 - root - INFO - wrong query:insert into HN1.dbo.vw_origin_ccvs (rownum, CCV, NRO_SOLICI,deleted) values (?,?, ?, ?)inserting data
2019-04-10 11:24:34,925 - root - ERROR - >>>>>>>>>>>>>>> issue with insert query ('The SQL contains 4 parameter markers, but 999 parameters were supplied', 'HY000')
2019-04-10 11:24:34,933 - root - INFO - wrong query:insert into HN1.dbo.vw_origin_ccvs (rownum, CCV, NRO_SOLICI,deleted) values (?,?, ?, ?)inserting data
2019-04-10 11:24:34,934 - root - ERROR - >>>>>>>>>>>>>>> issue with insert query ('The SQL contains 4 parameter markers, but 999 parameters were supplied', 'HY000')
2019-04-10 11:24:34,941 - root - INFO - wrong query:insert into HN1.dbo.vw_origin_ccvs (rownum, CCV, NRO_SOLICI,deleted) values (?,?, ?, ?)inserting data
2019-04-10 11:24:34,942 - root - ERROR - >>>>>>>>>>>>>>> issue with insert query ('The SQL contains 4 parameter markers, but 999 parameters were supplied', 'HY000')
2019-04-10 11:24:34,951 - root - INFO - wrong query:insert into HN1.dbo.vw_origin_ccvs (rownum, CCV, NRO_SOLICI,deleted) values (?,?, ?, ?)inserting data
2019-04-10 11:24:34,951 - root - ERROR - >>>>>>>>>>>>>>> issue with insert query ('The SQL contains 4 parameter markers, but 999 parameters were supplied', 'HY000')
2019-04-10 11:24:34,960 - root - INFO - wrong query:insert into HN1.dbo.vw_origin_ccvs (rownum, CCV, NRO_SOLICI,deleted) values (?,?, ?, ?)inserting data
2019-04-10 11:24:34,960 - root - ERROR - >>>>>>>>>>>>>>> issue with insert query ('The SQL contains 4 parameter markers, but 999 parameters were supplied', 'HY000')
2019-04-10 11:24:34,968 - root - INFO - wrong query:insert into HN1.dbo.vw_origin_ccvs (rownum, CCV, NRO_SOLICI,deleted) values (?,?, ?, ?)inserting data
2019-04-10 11:24:34,968 - root - ERROR - >>>>>>>>>>>>>>> issue with insert query ('The SQL contains 4 parameter markers, but 999 parameters were supplied', 'HY000')
2019-04-10 11:24:34,978 - root - INFO - wrong query:insert into HN1.dbo.vw_origin_ccvs (rownum, CCV, NRO_SOLICI,deleted) values (?,?, ?, ?)inserting data
2019-04-10 11:24:34,978 - root - ERROR - >>>>>>>>>>>>>>> issue with insert query ('The SQL contains 4 parameter markers, but 999 parameters were supplied', 'HY000')
2019-04-10 11:24:34,987 - root - INFO - wrong query:insert into HN1.dbo.vw_origin_ccvs (rownum, CCV, NRO_SOLICI,deleted) values (?,?, ?, ?)inserting data
2019-04-10 11:24:34,987 - root - ERROR - >>>>>>>>>>>>>>> issue with insert query ('The SQL contains 4 parameter markers, but 999 parameters were supplied', 'HY000')
2019-04-10 11:24:34,996 - root - INFO - wrong query:insert into HN1.dbo.vw_origin_ccvs (rownum, CCV, NRO_SOLICI,deleted) values (?,?, ?, ?)inserting data
2019-04-10 11:24:34,996 - root - ERROR - >>>>>>>>>>>>>>> issue with insert query ('The SQL contains 4 parameter markers, but 999 parameters were supplied', 'HY000')
2019-04-10 11:24:35,005 - root - INFO - wrong query:insert into HN1.dbo.vw_origin_ccvs (rownum, CCV, NRO_SOLICI,deleted) values (?,?, ?, ?)inserting data
2019-04-10 11:24:35,005 - root - ERROR - >>>>>>>>>>>>>>> issue with insert query ('The SQL contains 4 parameter markers, but 999 parameters were supplied', 'HY000')
2019-04-10 11:24:35,013 - root - INFO - wrong query:insert into HN1.dbo.vw_origin_ccvs (rownum, CCV, NRO_SOLICI,deleted) values (?,?, ?, ?)inserting data
2019-04-10 11:24:35,014 - root - ERROR - >>>>>>>>>>>>>>> issue with insert query ('The SQL contains 4 parameter markers, but 999 parameters were supplied', 'HY000')
2019-04-10 11:24:35,021 - root - INFO - wrong query:insert into HN1.dbo.vw_origin_ccvs (rownum, CCV, NRO_SOLICI,deleted) values (?,?, ?, ?)inserting data
2019-04-10 11:24:35,021 - root - ERROR - >>>>>>>>>>>>>>> issue with insert query ('The SQL contains 4 parameter markers, but 999 parameters were supplied', 'HY000')
2019-04-10 11:24:35,030 - root - INFO - wrong query:insert into HN1.dbo.vw_origin_ccvs (rownum, CCV, NRO_SOLICI,deleted) values (?,?, ?, ?)inserting data
2019-04-10 11:24:35,030 - root - ERROR - >>>>>>>>>>>>>>> issue with insert query ('The SQL contains 4 parameter markers, but 999 parameters were supplied', 'HY000')
2019-04-10 11:24:35,039 - root - INFO - wrong query:insert into HN1.dbo.vw_origin_ccvs (rownum, CCV, NRO_SOLICI,deleted) values (?,?, ?, ?)inserting data
2019-04-10 11:24:35,039 - root - ERROR - >>>>>>>>>>>>>>> issue with insert query ('The SQL contains 4 parameter markers, but 999 parameters were supplied', 'HY000')
2019-04-10 11:24:35,046 - root - INFO - wrong query:insert into HN1.dbo.vw_origin_ccvs (rownum, CCV, NRO_SOLICI,deleted) values (?,?, ?, ?)inserting data
2019-04-10 11:24:35,046 - root - ERROR - >>>>>>>>>>>>>>> issue with insert query ('The SQL contains 4 parameter markers, but 999 parameters were supplied', 'HY000')
2019-04-10 11:24:35,055 - root - INFO - wrong query:insert into HN1.dbo.vw_origin_ccvs (rownum, CCV, NRO_SOLICI,deleted) values (?,?, ?, ?)inserting data
2019-04-10 11:24:35,055 - root - ERROR - >>>>>>>>>>>>>>> issue with insert query ('The SQL contains 4 parameter markers, but 999 parameters were supplied', 'HY000')
2019-04-10 11:24:35,063 - root - INFO - wrong query:insert into HN1.dbo.vw_origin_ccvs (rownum, CCV, NRO_SOLICI,deleted) values (?,?, ?, ?)inserting data
2019-04-10 11:24:35,063 - root - ERROR - >>>>>>>>>>>>>>> issue with insert query ('The SQL contains 4 parameter markers, but 999 parameters were supplied', 'HY000')
2019-04-10 11:24:35,072 - root - INFO - wrong query:insert into HN1.dbo.vw_origin_ccvs (rownum, CCV, NRO_SOLICI,deleted) values (?,?, ?, ?)inserting data
2019-04-10 11:24:35,072 - root - ERROR - >>>>>>>>>>>>>>> issue with insert query ('The SQL contains 4 parameter markers, but 999 parameters were supplied', 'HY000')
2019-04-10 11:24:35,080 - root - INFO - wrong query:insert into HN1.dbo.vw_origin_ccvs (rownum, CCV, NRO_SOLICI,deleted) values (?,?, ?, ?)inserting data
2019-04-10 11:24:35,081 - root - ERROR - >>>>>>>>>>>>>>> issue with insert query ('The SQL contains 4 parameter markers, but 999 parameters were supplied', 'HY000')
2019-04-10 11:24:35,089 - root - INFO - wrong query:insert into HN1.dbo.vw_origin_ccvs (rownum, CCV, NRO_SOLICI,deleted) values (?,?, ?, ?)inserting data
2019-04-10 11:24:35,089 - root - ERROR - >>>>>>>>>>>>>>> issue with insert query ('The SQL contains 4 parameter markers, but 999 parameters were supplied', 'HY000')
2019-04-10 11:24:35,097 - root - INFO - wrong query:insert into HN1.dbo.vw_origin_ccvs (rownum, CCV, NRO_SOLICI,deleted) values (?,?, ?, ?)inserting data
2019-04-10 11:24:35,098 - root - ERROR - >>>>>>>>>>>>>>> issue with insert query ('The SQL contains 4 parameter markers, but 999 parameters were supplied', 'HY000')
2019-04-10 11:24:35,106 - root - INFO - wrong query:insert into HN1.dbo.vw_origin_ccvs (rownum, CCV, NRO_SOLICI,deleted) values (?,?, ?, ?)inserting data
2019-04-10 11:24:35,107 - root - ERROR - >>>>>>>>>>>>>>> issue with insert query ('The SQL contains 4 parameter markers, but 999 parameters were supplied', 'HY000')
2019-04-10 11:24:35,115 - root - INFO - wrong query:insert into HN1.dbo.vw_origin_ccvs (rownum, CCV, NRO_SOLICI,deleted) values (?,?, ?, ?)inserting data
2019-04-10 11:24:35,115 - root - ERROR - >>>>>>>>>>>>>>> issue with insert query ('The SQL contains 4 parameter markers, but 999 parameters were supplied', 'HY000')
2019-04-10 11:24:35,123 - root - INFO - wrong query:insert into HN1.dbo.vw_origin_ccvs (rownum, CCV, NRO_SOLICI,deleted) values (?,?, ?, ?)inserting data
2019-04-10 11:24:35,124 - root - ERROR - >>>>>>>>>>>>>>> issue with insert query ('The SQL contains 4 parameter markers, but 999 parameters were supplied', 'HY000')
2019-04-10 11:24:35,131 - root - INFO - wrong query:insert into HN1.dbo.vw_origin_ccvs (rownum, CCV, NRO_SOLICI,deleted) values (?,?, ?, ?)inserting data
2019-04-10 11:24:35,132 - root - ERROR - >>>>>>>>>>>>>>> issue with insert query ('The SQL contains 4 parameter markers, but 999 parameters were supplied', 'HY000')
2019-04-10 11:24:35,139 - root - INFO - wrong query:insert into HN1.dbo.vw_origin_ccvs (rownum, CCV, NRO_SOLICI,deleted) values (?,?, ?, ?)inserting data
2019-04-10 11:24:35,140 - root - ERROR - >>>>>>>>>>>>>>> issue with insert query ('The SQL contains 4 parameter markers, but 999 parameters were supplied', 'HY000')
2019-04-10 11:24:35,148 - root - INFO - wrong query:insert into HN1.dbo.vw_origin_ccvs (rownum, CCV, NRO_SOLICI,deleted) values (?,?, ?, ?)inserting data
2019-04-10 11:24:35,148 - root - ERROR - >>>>>>>>>>>>>>> issue with insert query ('The SQL contains 4 parameter markers, but 999 parameters were supplied', 'HY000')
2019-04-10 11:24:35,157 - root - INFO - wrong query:insert into HN1.dbo.vw_origin_ccvs (rownum, CCV, NRO_SOLICI,deleted) values (?,?, ?, ?)inserting data
2019-04-10 11:24:35,157 - root - ERROR - >>>>>>>>>>>>>>> issue with insert query ('The SQL contains 4 parameter markers, but 999 parameters were supplied', 'HY000')
2019-04-10 11:24:35,165 - root - INFO - wrong query:insert into HN1.dbo.vw_origin_ccvs (rownum, CCV, NRO_SOLICI,deleted) values (?,?, ?, ?)inserting data
2019-04-10 11:24:35,166 - root - ERROR - >>>>>>>>>>>>>>> issue with insert query ('The SQL contains 4 parameter markers, but 999 parameters were supplied', 'HY000')
2019-04-10 11:24:35,174 - root - INFO - wrong query:insert into HN1.dbo.vw_origin_ccvs (rownum, CCV, NRO_SOLICI,deleted) values (?,?, ?, ?)inserting data
2019-04-10 11:24:35,174 - root - ERROR - >>>>>>>>>>>>>>> issue with insert query ('The SQL contains 4 parameter markers, but 999 parameters were supplied', 'HY000')
2019-04-10 11:24:35,188 - root - INFO - wrong query:insert into HN1.dbo.vw_origin_ccvs (rownum, CCV, NRO_SOLICI,deleted) values (?,?, ?, ?)inserting data
2019-04-10 11:24:35,188 - root - ERROR - >>>>>>>>>>>>>>> issue with insert query ('The SQL contains 4 parameter markers, but 999 parameters were supplied', 'HY000')
2019-04-10 11:24:35,196 - root - INFO - wrong query:insert into HN1.dbo.vw_origin_ccvs (rownum, CCV, NRO_SOLICI,deleted) values (?,?, ?, ?)inserting data
2019-04-10 11:24:35,197 - root - ERROR - >>>>>>>>>>>>>>> issue with insert query ('The SQL contains 4 parameter markers, but 999 parameters were supplied', 'HY000')
2019-04-10 11:24:35,204 - root - INFO - wrong query:insert into HN1.dbo.vw_origin_ccvs (rownum, CCV, NRO_SOLICI,deleted) values (?,?, ?, ?)inserting data
2019-04-10 11:24:35,205 - root - ERROR - >>>>>>>>>>>>>>> issue with insert query ('The SQL contains 4 parameter markers, but 999 parameters were supplied', 'HY000')
