2019-04-10 13:55:51,999 - root - WARNING - connected to Sqlserver.
2019-04-10 13:55:55,039 - root - INFO - Connections to database severed
2019-04-10 13:55:55,066 - root - INFO - database dropped
2019-04-10 13:55:55,277 - root - INFO - New Intermediate databas created
2019-04-10 13:55:55,294 - root - WARNING - connected to Sqlserver.
2019-04-10 13:55:55,294 - root - INFO - Processing: agentes.DBF
2019-04-10 13:55:55,297 - root - INFO - new table to create: "create table HN1.dbo.vw_origin_agentes (rowNum numeric (20), "AGENTE" varchar(max), "NOMBRE" varchar(max), "DIRECCION" varchar(max), "CONTACTO" varchar(max), "CALIDAD" varchar(max), DELETED varchar (5))"
2019-04-10 13:55:55,299 - root - WARNING - Going to insert to table: agentes
2019-04-10 13:55:57,257 - root - WARNING - insert finished
2019-04-10 13:55:57,259 - root - WARNING - connected to Sqlserver.
2019-04-10 13:55:57,260 - root - INFO - Processing: ccvs.DBF
2019-04-10 13:55:57,261 - root - INFO - new table to create: "create table HN1.dbo.vw_origin_ccvs (rowNum numeric (20), "CCV" varchar(max), "NRO_SOLICI" varchar(max), DELETED varchar (5))"
2019-04-10 13:55:57,262 - root - WARNING - Going to insert to table: ccvs
2019-04-10 13:56:07,289 - root - WARNING - insert finished
2019-04-10 13:56:07,289 - root - WARNING - connected to Sqlserver.
2019-04-10 13:56:07,289 - root - INFO - Processing: codigos.dbf
2019-04-10 13:56:07,290 - root - INFO - new table to create: "create table HN1.dbo.vw_origin_codigos (rowNum numeric (20), "ID_CODIGO" varchar(max), "CODIGO" varchar(max), "DESCRIPCOD" varchar(max), DELETED varchar (5))"
2019-04-10 13:56:07,291 - root - WARNING - Going to insert to table: codigos
2019-04-10 13:56:07,300 - root - WARNING - insert finished
2019-04-10 13:56:07,300 - root - WARNING - connected to Sqlserver.
2019-04-10 13:56:07,300 - root - INFO - Processing: eventab.dbf
2019-04-10 13:56:07,302 - root - INFO - new table to create: "create table HN1.dbo.vw_origin_eventab (rowNum numeric (20), "EVENTO" varchar(max), "DESCRIP" varchar(max), "TIPO_EVENT" varchar(max), "INFO_ADI" varchar(max), "ETI_COMENT" varchar(max), "ETI_NUMERO" varchar(max), DELETED varchar (5))"
2019-04-10 13:56:07,303 - root - WARNING - Going to insert to table: eventab
2019-04-10 13:56:07,331 - root - WARNING - insert finished
2019-04-10 13:56:07,331 - root - WARNING - connected to Sqlserver.
2019-04-10 13:56:07,331 - root - INFO - Processing: marca.DBF
2019-04-10 13:56:07,333 - root - INFO - new table to create: "create table HN1.dbo.vw_origin_marca (rowNum numeric (20), "NRO_SOLICI" varchar(max), "SOLICITADA" varchar(max), "TIPO_MARCA" varchar(max), "SIGNO" varchar(max), "NOM_MARCA" varchar(max), "REGISTRO" varchar(max), "REGISTRADA" varchar(max), "RENUEVA" varchar(max), "EXPIRA" varchar(max), "AGENTE" varchar(max), "STATUS" varchar(max), "STAT_DESDE" varchar(max), "PESO_RASGO" real, "LARFON" real, "PESO_R" real, "PUBLICADA" varchar(max), "DIARIO" varchar(max), "LIMITACION" varchar(max), "HORA" varchar(max), "RTOMO" real, "RFOLIO" real, "RESERVA" varchar(max), "NRO_PODER" varchar(max), "MODIFICA" varchar(max), "NRO_GACETA" real, "QUIEN" varchar(max), "CALIDAD" varchar(max), "CLASE" real, "MODIFICADO" varchar(max), "ANUALIDAD" real, "NRO_RESOL" varchar(max), "LEY" varchar(max), "CLASES_TXT" varchar(max), DELETED varchar (5))"
2019-04-10 13:56:07,335 - root - WARNING - Going to insert to table: marca
2019-04-10 13:56:28,753 - root - ERROR - records[79523]['STAT_DESDE'] == InvalidValue(b'00001228')
2019-04-10 13:56:29,498 - root - ERROR - records[82440]['REGISTRADA'] == InvalidValue(b'00001229')
2019-04-10 13:56:29,498 - root - ERROR - records[82440]['STAT_DESDE'] == InvalidValue(b'00001229')
