2019-04-10 16:24:58,879 - root - WARNING - connected to Sqlserver.
2019-04-10 16:25:01,885 - root - INFO - Connections to database severed
2019-04-10 16:25:01,937 - root - INFO - database dropped
2019-04-10 16:25:02,276 - root - INFO - New Intermediate databas created
2019-04-10 16:25:02,294 - root - WARNING - connected to Sqlserver.
2019-04-10 16:25:02,294 - root - INFO - Processing: agentes.DBF
2019-04-10 16:25:02,296 - root - INFO - new table to create: "create table HN1.dbo.vw_origin_agentes (rowNum numeric (20), "AGENTE" varchar(max), "NOMBRE" varchar(max), "DIRECCION" varchar(max), "CONTACTO" varchar(max), "CALIDAD" varchar(max), DELETED varchar (5))"
2019-04-10 16:25:02,298 - root - WARNING - Going to insert to table: agentes
2019-04-10 16:25:04,364 - root - WARNING - insert finished
2019-04-10 16:25:04,367 - root - WARNING - connected to Sqlserver.
2019-04-10 16:25:04,367 - root - INFO - Processing: ccvs.DBF
2019-04-10 16:25:04,368 - root - INFO - new table to create: "create table HN1.dbo.vw_origin_ccvs (rowNum numeric (20), "CCV" varchar(max), "NRO_SOLICI" varchar(max), DELETED varchar (5))"
2019-04-10 16:25:04,369 - root - WARNING - Going to insert to table: ccvs
2019-04-10 16:25:14,905 - root - WARNING - insert finished
2019-04-10 16:25:14,905 - root - WARNING - connected to Sqlserver.
2019-04-10 16:25:14,905 - root - INFO - Processing: codigos.dbf
2019-04-10 16:25:14,906 - root - INFO - new table to create: "create table HN1.dbo.vw_origin_codigos (rowNum numeric (20), "ID_CODIGO" varchar(max), "CODIGO" varchar(max), "DESCRIPCOD" varchar(max), DELETED varchar (5))"
2019-04-10 16:25:14,907 - root - WARNING - Going to insert to table: codigos
2019-04-10 16:25:14,917 - root - WARNING - insert finished
2019-04-10 16:25:14,917 - root - WARNING - connected to Sqlserver.
2019-04-10 16:25:14,917 - root - INFO - Processing: eventab.dbf
2019-04-10 16:25:14,918 - root - INFO - new table to create: "create table HN1.dbo.vw_origin_eventab (rowNum numeric (20), "EVENTO" varchar(max), "DESCRIP" varchar(max), "TIPO_EVENT" varchar(max), "INFO_ADI" varchar(max), "ETI_COMENT" varchar(max), "ETI_NUMERO" varchar(max), DELETED varchar (5))"
2019-04-10 16:25:14,919 - root - WARNING - Going to insert to table: eventab
2019-04-10 16:25:14,947 - root - WARNING - insert finished
2019-04-10 16:25:14,948 - root - WARNING - connected to Sqlserver.
2019-04-10 16:25:14,948 - root - INFO - Processing: marca.DBF
2019-04-10 16:25:14,950 - root - INFO - new table to create: "create table HN1.dbo.vw_origin_marca (rowNum numeric (20), "NRO_SOLICI" varchar(max), "SOLICITADA" date, "TIPO_MARCA" varchar(max), "SIGNO" varchar(max), "NOM_MARCA" varchar(max), "REGISTRO" varchar(max), "REGISTRADA" date, "RENUEVA" date, "EXPIRA" date, "AGENTE" varchar(max), "STATUS" varchar(max), "STAT_DESDE" date, "PESO_RASGO" real, "LARFON" real, "PESO_R" real, "PUBLICADA" date, "DIARIO" varchar(max), "LIMITACION" varchar(max), "HORA" varchar(max), "RTOMO" real, "RFOLIO" real, "RESERVA" varchar(max), "NRO_PODER" varchar(max), "MODIFICA" varchar(max), "NRO_GACETA" real, "QUIEN" varchar(max), "CALIDAD" varchar(max), "CLASE" real, "MODIFICADO" varchar(max), "ANUALIDAD" real, "NRO_RESOL" varchar(max), "LEY" varchar(max), "CLASES_TXT" varchar(max), DELETED varchar (5))"
2019-04-10 16:25:14,951 - root - WARNING - Going to insert to table: marca
2019-04-10 16:25:38,686 - root - INFO - records[79523]['STAT_DESDE'] == InvalidValue(b'00001228')
2019-04-10 16:25:39,531 - root - INFO - records[82440]['REGISTRADA'] == InvalidValue(b'00001229')
2019-04-10 16:25:39,531 - root - INFO - records[82440]['STAT_DESDE'] == InvalidValue(b'00001229')
2019-04-10 16:26:18,451 - root - ERROR - >>>>>>>>>>>>>>> issue with table creation:time data '19 03 1978' does not match format '%Y %m %d'
2019-04-10 16:26:18,451 - root - WARNING - insert finished
2019-04-10 16:26:18,454 - root - WARNING - connected to Sqlserver.
2019-04-10 16:26:18,454 - root - INFO - Processing: migracio.dbf
2019-04-10 16:26:18,456 - root - INFO - new table to create: "create table HN1.dbo.vw_origin_migracio (rowNum numeric (20), "STATUS_INI" varchar(max), "EVENTO" varchar(max), "STATUS_FIN" varchar(max), "TRAMITE" varchar(max), DELETED varchar (5))"
2019-04-10 16:26:18,457 - root - WARNING - Going to insert to table: migracio
2019-04-10 16:26:18,484 - root - WARNING - insert finished
2019-04-10 16:26:18,485 - root - WARNING - connected to Sqlserver.
2019-04-10 16:26:18,485 - root - INFO - Processing: movimi.DBF
2019-04-10 16:26:18,487 - root - INFO - new table to create: "create table HN1.dbo.vw_origin_movimi (rowNum numeric (20), "NRO_SOLICI" varchar(max), "COMENTARIO" varchar(max), "F_EVENTO" date, "F_VENCIM" date, "F_TRANS" date, "NRO_MOV" varchar(max), "EVENTO" varchar(max), "STATUS" varchar(max), "HORA" varchar(max), "DOCUMENTO" varchar(max), "USUARIO" varchar(max), "N_ENTRADA" varchar(max), DELETED varchar (5))"
2019-04-10 16:26:18,488 - root - WARNING - Going to insert to table: movimi
2019-04-10 16:26:46,017 - root - INFO - records[121364]['F_EVENTO'] == InvalidValue(b'00001228')
2019-04-10 16:26:46,030 - root - INFO - records[121654]['F_EVENTO'] == InvalidValue(b'00001229')
2019-04-10 16:26:58,501 - root - INFO - records[178956]['F_EVENTO'] == InvalidValue(b'\x00\x00\x00\x00\x00\x00\x00\x00')
2019-04-10 16:26:58,501 - root - INFO - records[178956]['F_VENCIM'] == InvalidValue(b'\x00\x00\x00\x00\x00\x00\x00\x00')
2019-04-10 16:26:58,501 - root - INFO - records[178956]['F_TRANS'] == InvalidValue(b'\x00\x00\x00\x00\x00\x00\x00\x00')
2019-04-10 16:27:06,819 - root - INFO - records[215740]['F_EVENTO'] == InvalidValue(b'\x00\x00\x00\x00\x00\x00\x00\x00')
2019-04-10 16:27:06,819 - root - INFO - records[215740]['F_VENCIM'] == InvalidValue(b'\x00\x00\x00\x00\x00\x00\x00\x00')
2019-04-10 16:27:06,819 - root - INFO - records[215740]['F_TRANS'] == InvalidValue(b'\x00\x00\x00\x00\x00\x00\x00\x00')
2019-04-10 16:27:06,820 - root - INFO - records[215741]['F_EVENTO'] == InvalidValue(b'\x00\x00\x00\x00\x00\x00\x00\x00')
2019-04-10 16:27:06,820 - root - INFO - records[215741]['F_VENCIM'] == InvalidValue(b'\x00\x00\x00\x00\x00\x00\x00\x00')
2019-04-10 16:27:06,820 - root - INFO - records[215741]['F_TRANS'] == InvalidValue(b'\x00\x00\x00\x00\x00\x00\x00\x00')
2019-04-10 16:27:08,395 - root - INFO - records[222679]['F_EVENTO'] == InvalidValue(b'\x00\x00\x00\x00\x00\x00\x00\x00')
2019-04-10 16:27:08,395 - root - INFO - records[222679]['F_VENCIM'] == InvalidValue(b'\x00\x00\x00\x00\x00\x00\x00\x00')
2019-04-10 16:27:08,395 - root - INFO - records[222679]['F_TRANS'] == InvalidValue(b'\x00\x00\x00\x00\x00\x00\x00\x00')
2019-04-10 16:27:08,395 - root - INFO - records[222680]['F_EVENTO'] == InvalidValue(b'\x00\x00\x00\x00\x00\x00\x00\x00')
2019-04-10 16:27:08,396 - root - INFO - records[222680]['F_VENCIM'] == InvalidValue(b'\x00\x00\x00\x00\x00\x00\x00\x00')
2019-04-10 16:27:08,396 - root - INFO - records[222680]['F_TRANS'] == InvalidValue(b'\x00\x00\x00\x00\x00\x00\x00\x00')
2019-04-10 16:27:08,396 - root - INFO - records[222681]['F_EVENTO'] == InvalidValue(b'\x00\x00\x00\x00\x00\x00\x00\x00')
2019-04-10 16:27:08,396 - root - INFO - records[222681]['F_VENCIM'] == InvalidValue(b'\x00\x00\x00\x00\x00\x00\x00\x00')
2019-04-10 16:27:08,396 - root - INFO - records[222681]['F_TRANS'] == InvalidValue(b'\x00\x00\x00\x00\x00\x00\x00\x00')
