2019-04-10 15:35:16,739 - root - WARNING - connected to Sqlserver.
2019-04-10 15:35:16,744 - root - INFO - Connections to database severed
2019-04-10 15:35:16,766 - root - INFO - database dropped
2019-04-10 15:35:17,010 - root - INFO - New Intermediate databas created
2019-04-10 15:35:17,026 - root - WARNING - connected to Sqlserver.
2019-04-10 15:35:17,026 - root - INFO - Processing: agentes.DBF
2019-04-10 15:35:17,028 - root - INFO - new table to create: "create table HN1.dbo.vw_origin_agentes (rowNum numeric (20), "AGENTE" varchar(max), "NOMBRE" varchar(max), "DIRECCION" varchar(max), "CONTACTO" varchar(max), "CALIDAD" varchar(max), DELETED varchar (5))"
2019-04-10 15:35:17,031 - root - WARNING - Going to insert to table: agentes
2019-04-10 15:35:19,023 - root - WARNING - insert finished
2019-04-10 15:35:19,025 - root - WARNING - connected to Sqlserver.
2019-04-10 15:35:19,025 - root - INFO - Processing: ccvs.DBF
2019-04-10 15:35:19,026 - root - INFO - new table to create: "create table HN1.dbo.vw_origin_ccvs (rowNum numeric (20), "CCV" varchar(max), "NRO_SOLICI" varchar(max), DELETED varchar (5))"
2019-04-10 15:35:19,027 - root - WARNING - Going to insert to table: ccvs
2019-04-10 15:35:29,043 - root - WARNING - insert finished
2019-04-10 15:35:29,043 - root - WARNING - connected to Sqlserver.
2019-04-10 15:35:29,043 - root - INFO - Processing: codigos.dbf
2019-04-10 15:35:29,044 - root - INFO - new table to create: "create table HN1.dbo.vw_origin_codigos (rowNum numeric (20), "ID_CODIGO" varchar(max), "CODIGO" varchar(max), "DESCRIPCOD" varchar(max), DELETED varchar (5))"
2019-04-10 15:35:29,045 - root - WARNING - Going to insert to table: codigos
2019-04-10 15:35:29,055 - root - WARNING - insert finished
2019-04-10 15:35:29,055 - root - WARNING - connected to Sqlserver.
2019-04-10 15:35:29,055 - root - INFO - Processing: eventab.dbf
2019-04-10 15:35:29,056 - root - INFO - new table to create: "create table HN1.dbo.vw_origin_eventab (rowNum numeric (20), "EVENTO" varchar(max), "DESCRIP" varchar(max), "TIPO_EVENT" varchar(max), "INFO_ADI" varchar(max), "ETI_COMENT" varchar(max), "ETI_NUMERO" varchar(max), DELETED varchar (5))"
2019-04-10 15:35:29,057 - root - WARNING - Going to insert to table: eventab
2019-04-10 15:35:29,087 - root - WARNING - insert finished
2019-04-10 15:35:29,087 - root - WARNING - connected to Sqlserver.
2019-04-10 15:35:29,087 - root - INFO - Processing: marca.DBF
2019-04-10 15:35:29,089 - root - INFO - new table to create: "create table HN1.dbo.vw_origin_marca (rowNum numeric (20), "NRO_SOLICI" varchar(max), "SOLICITADA" date, "TIPO_MARCA" varchar(max), "SIGNO" varchar(max), "NOM_MARCA" varchar(max), "REGISTRO" varchar(max), "REGISTRADA" date, "RENUEVA" date, "EXPIRA" date, "AGENTE" varchar(max), "STATUS" varchar(max), "STAT_DESDE" date, "PESO_RASGO" real, "LARFON" real, "PESO_R" real, "PUBLICADA" date, "DIARIO" varchar(max), "LIMITACION" varchar(max), "HORA" varchar(max), "RTOMO" real, "RFOLIO" real, "RESERVA" varchar(max), "NRO_PODER" varchar(max), "MODIFICA" varchar(max), "NRO_GACETA" real, "QUIEN" varchar(max), "CALIDAD" varchar(max), "CLASE" real, "MODIFICADO" varchar(max), "ANUALIDAD" real, "NRO_RESOL" varchar(max), "LEY" varchar(max), "CLASES_TXT" varchar(max), DELETED varchar (5))"
2019-04-10 15:35:29,091 - root - WARNING - Going to insert to table: marca
