2019-04-12 18:03:48,181 - root - WARNING - connected to Sqlserver.
2019-04-12 18:03:51,186 - root - INFO - Connections to database severed
2019-04-12 18:03:51,228 - root - INFO - database dropped
2019-04-12 18:03:51,229 - root - INFO - user ready
2019-04-12 18:03:51,230 - root - INFO - access granted
2019-04-12 18:03:51,230 - root - INFO - access granted
2019-04-12 18:03:51,231 - root - INFO - password changed
2019-04-12 18:03:51,953 - root - INFO - <_io.TextIOWrapper name='<stderr>' mode='w' encoding='UTF-8'>Child returned, 0
2019-04-12 18:03:51,967 - root - WARNING - connected to Sqlserver.
2019-04-12 18:03:51,997 - root - INFO - repository synced
2019-04-12 18:03:52,003 - root - INFO - repository synced
2019-04-12 18:03:52,007 - root - WARNING - connected to Sqlserver.
2019-04-12 18:03:52,121 - root - INFO - changing database to intermed
2019-04-12 18:03:52,125 - root - WARNING - connected to Sqlserver.
2019-04-12 18:03:53,021 - root - INFO - access granted
2019-04-12 18:03:53,022 - root - INFO - access granted
2019-04-12 18:03:55,333 - root - WARNING - Running initial updates to intermed.
2019-04-12 18:03:55,333 - root - INFO - changing database to intermed
2019-04-12 18:03:56,797 - root - INFO - changing database to ipas
2019-04-12 18:03:56,801 - root - WARNING - connected to Sqlserver.
2019-04-12 18:03:56,802 - root - WARNING - Creating store procedures and wrk tables.
2019-04-12 18:03:56,950 - root - INFO - cleanning manual validation tables
2019-04-12 18:03:56,951 - root - INFO - creating store procedure0-ImportSetPersonNbr
2019-04-12 18:03:57,032 - root - INFO - <_io.TextIOWrapper name='<stderr>' mode='w' encoding='UTF-8'>Child returned, 0
2019-04-12 18:03:57,032 - root - INFO - creating store procedure1-MarkDateValidationPROC
2019-04-12 18:03:57,122 - root - INFO - <_io.TextIOWrapper name='<stderr>' mode='w' encoding='UTF-8'>Child returned, 0
2019-04-12 18:03:57,122 - root - INFO - creating store procedure10-ImportAgentProcessAll
2019-04-12 18:03:57,199 - root - INFO - <_io.TextIOWrapper name='<stderr>' mode='w' encoding='UTF-8'>Child returned, 0
2019-04-12 18:03:57,199 - root - INFO - creating store procedure11-ImportMarkProcess
2019-04-12 18:03:57,304 - root - INFO - <_io.TextIOWrapper name='<stderr>' mode='w' encoding='UTF-8'>Child returned, 0
2019-04-12 18:03:57,305 - root - INFO - creating store procedure12-userdocImport-1
2019-04-12 18:03:57,389 - root - INFO - <_io.TextIOWrapper name='<stderr>' mode='w' encoding='UTF-8'>Child returned, 0
2019-04-12 18:03:57,389 - root - INFO - creating store procedure13-userdocImport-2
2019-04-12 18:03:57,490 - root - INFO - <_io.TextIOWrapper name='<stderr>' mode='w' encoding='UTF-8'>Child returned, 0
2019-04-12 18:03:57,491 - root - INFO - creating store procedure2-PatentDateValidationPROC
2019-04-12 18:03:57,575 - root - INFO - <_io.TextIOWrapper name='<stderr>' mode='w' encoding='UTF-8'>Child returned, 0
2019-04-12 18:03:57,575 - root - INFO - creating store procedure3-UserDocDateValidationPROC
2019-04-12 18:03:57,661 - root - INFO - <_io.TextIOWrapper name='<stderr>' mode='w' encoding='UTF-8'>Child returned, 0
2019-04-12 18:03:57,661 - root - INFO - creating store procedure4-CallToDateValidationPROC
2019-04-12 18:03:57,743 - root - INFO - <_io.TextIOWrapper name='<stderr>' mode='w' encoding='UTF-8'>Child returned, 0
2019-04-12 18:03:57,743 - root - INFO - creating store procedure5-ImportAgentValidate
2019-04-12 18:03:57,826 - root - INFO - <_io.TextIOWrapper name='<stderr>' mode='w' encoding='UTF-8'>Child returned, 0
2019-04-12 18:03:57,826 - root - INFO - creating store procedure6-ImportMarkValidate
2019-04-12 18:03:57,940 - root - INFO - <_io.TextIOWrapper name='<stderr>' mode='w' encoding='UTF-8'>Child returned, 0
2019-04-12 18:03:57,940 - root - INFO - creating store procedure8-ImportUserdocValidate
2019-04-12 18:03:58,044 - root - INFO - <_io.TextIOWrapper name='<stderr>' mode='w' encoding='UTF-8'>Child returned, 0
2019-04-12 18:03:58,045 - root - INFO - creating store procedure9-ImportWorkTablesCreate
2019-04-12 18:03:58,439 - root - INFO - <_io.TextIOWrapper name='<stderr>' mode='w' encoding='UTF-8'>Child returned, 0
2019-04-12 18:03:58,439 - root - WARNING - Running validation and migration.
2019-04-12 18:03:58,560 - root - WARNING - Migrating agents.
2019-04-12 18:04:03,452 - root - WARNING - Validation TM .
2019-04-12 18:04:37,204 - root - WARNING - Validation TM post correction.
