2019-04-10 11:08:18,180 - root - WARNING - connected to Sqlserver.
2019-04-10 11:08:18,185 - root - INFO - Connections to database severed
2019-04-10 11:08:18,207 - root - INFO - database dropped
2019-04-10 11:08:18,431 - root - INFO - New Intermediate databas created
2019-04-10 11:08:18,447 - root - WARNING - connected to Sqlserver.
2019-04-10 11:08:18,448 - root - INFO - Processing: agentes.DBF
2019-04-10 11:08:18,450 - root - INFO - new table to create: "create table HN1.dbo.vw_origin_agentes (rowNum numeric (20), "AGENTE" varchar(max), "NOMBRE" varchar(max), "DIRECCION" varchar(max), "CONTACTO" varchar(max), "CALIDAD" varchar(max), DELETED varchar (5))"
2019-04-10 11:08:18,452 - root - WARNING - Going to insert to table: agentes
2019-04-10 11:08:18,485 - root - INFO - wrong query:INSERT INTO HN1.dbo.vw_origin_agentes(rowNum,AGENTE, NOMBRE, DIRECCION, CONTACTO, CALIDAD, DELETED) VALUES inserting data
2019-04-10 11:08:18,485 - root - ERROR - >>>>>>>>>>>>>>> issue with insert query ('The SQL contains 0 parameter markers, but 1 parameters were supplied', 'HY000')
2019-04-10 11:08:18,514 - root - INFO - wrong query:INSERT INTO HN1.dbo.vw_origin_agentes(rowNum,AGENTE, NOMBRE, DIRECCION, CONTACTO, CALIDAD, DELETED) VALUES inserting data
2019-04-10 11:08:18,515 - root - ERROR - >>>>>>>>>>>>>>> issue with insert query ('The SQL contains 0 parameter markers, but 1 parameters were supplied', 'HY000')
2019-04-10 11:08:18,541 - root - INFO - wrong query:INSERT INTO HN1.dbo.vw_origin_agentes(rowNum,AGENTE, NOMBRE, DIRECCION, CONTACTO, CALIDAD, DELETED) VALUES inserting data
2019-04-10 11:08:18,541 - root - ERROR - >>>>>>>>>>>>>>> issue with insert query ('The SQL contains 0 parameter markers, but 1 parameters were supplied', 'HY000')
2019-04-10 11:08:18,564 - root - INFO - wrong query:INSERT INTO HN1.dbo.vw_origin_agentes(rowNum,AGENTE, NOMBRE, DIRECCION, CONTACTO, CALIDAD, DELETED) VALUES inserting data
2019-04-10 11:08:18,564 - root - ERROR - >>>>>>>>>>>>>>> issue with insert query ('The SQL contains 0 parameter markers, but 1 parameters were supplied', 'HY000')
2019-04-10 11:08:18,589 - root - INFO - wrong query:INSERT INTO HN1.dbo.vw_origin_agentes(rowNum,AGENTE, NOMBRE, DIRECCION, CONTACTO, CALIDAD, DELETED) VALUES inserting data
2019-04-10 11:08:18,589 - root - ERROR - >>>>>>>>>>>>>>> issue with insert query ('The SQL contains 0 parameter markers, but 1 parameters were supplied', 'HY000')
2019-04-10 11:08:18,617 - root - INFO - wrong query:INSERT INTO HN1.dbo.vw_origin_agentes(rowNum,AGENTE, NOMBRE, DIRECCION, CONTACTO, CALIDAD, DELETED) VALUES inserting data
2019-04-10 11:08:18,617 - root - ERROR - >>>>>>>>>>>>>>> issue with insert query ('The SQL contains 0 parameter markers, but 1 parameters were supplied', 'HY000')
2019-04-10 11:08:18,645 - root - INFO - wrong query:INSERT INTO HN1.dbo.vw_origin_agentes(rowNum,AGENTE, NOMBRE, DIRECCION, CONTACTO, CALIDAD, DELETED) VALUES inserting data
2019-04-10 11:08:18,645 - root - ERROR - >>>>>>>>>>>>>>> issue with insert query ('The SQL contains 0 parameter markers, but 1 parameters were supplied', 'HY000')
2019-04-10 11:08:18,671 - root - INFO - wrong query:INSERT INTO HN1.dbo.vw_origin_agentes(rowNum,AGENTE, NOMBRE, DIRECCION, CONTACTO, CALIDAD, DELETED) VALUES inserting data
2019-04-10 11:08:18,671 - root - ERROR - >>>>>>>>>>>>>>> issue with insert query ('The SQL contains 0 parameter markers, but 1 parameters were supplied', 'HY000')
2019-04-10 11:08:18,701 - root - INFO - wrong query:INSERT INTO HN1.dbo.vw_origin_agentes(rowNum,AGENTE, NOMBRE, DIRECCION, CONTACTO, CALIDAD, DELETED) VALUES inserting data
2019-04-10 11:08:18,701 - root - ERROR - >>>>>>>>>>>>>>> issue with insert query ('The SQL contains 0 parameter markers, but 1 parameters were supplied', 'HY000')
