2019-04-10 10:59:35,380 - root - WARNING - connected to Sqlserver.
2019-04-10 10:59:35,384 - root - INFO - Connections to database severed
2019-04-10 10:59:35,406 - root - INFO - database dropped
2019-04-10 10:59:35,657 - root - INFO - New Intermediate databas created
2019-04-10 10:59:35,674 - root - WARNING - connected to Sqlserver.
2019-04-10 10:59:35,674 - root - INFO - Processing: agentes.DBF
2019-04-10 10:59:35,676 - root - INFO - new table to create: "create table HN1.dbo.vw_origin_agentes (rowNum numeric (20), "AGENTE" varchar(max), "NOMBRE" varchar(max), "DIRECCION" varchar(max), "CONTACTO" varchar(max), "CALIDAD" varchar(max), DELETED varchar (5))"
2019-04-10 10:59:35,678 - root - WARNING - Going to insert to table: agentes
2019-04-10 10:59:35,702 - root - INFO - wrong query:insert into "HN1.dbo.vw_origin_agentes" values (:rowNum,?, ?, ?, ?, ?, :DELETED)inserting data
2019-04-10 10:59:35,702 - root - ERROR - >>>>>>>>>>>>>>> issue with insert query ('The SQL contains 5 parameter markers, but 5000 parameters were supplied', 'HY000')
2019-04-10 10:59:35,727 - root - INFO - wrong query:insert into "HN1.dbo.vw_origin_agentes" values (:rowNum,?, ?, ?, ?, ?, :DELETED)inserting data
2019-04-10 10:59:35,727 - root - ERROR - >>>>>>>>>>>>>>> issue with insert query ('The SQL contains 5 parameter markers, but 4995 parameters were supplied', 'HY000')
2019-04-10 10:59:35,747 - root - INFO - wrong query:insert into "HN1.dbo.vw_origin_agentes" values (:rowNum,?, ?, ?, ?, ?, :DELETED)inserting data
2019-04-10 10:59:35,747 - root - ERROR - >>>>>>>>>>>>>>> issue with insert query ('The SQL contains 5 parameter markers, but 4995 parameters were supplied', 'HY000')
2019-04-10 10:59:35,768 - root - INFO - wrong query:insert into "HN1.dbo.vw_origin_agentes" values (:rowNum,?, ?, ?, ?, ?, :DELETED)inserting data
2019-04-10 10:59:35,768 - root - ERROR - >>>>>>>>>>>>>>> issue with insert query ('The SQL contains 5 parameter markers, but 4995 parameters were supplied', 'HY000')
2019-04-10 10:59:35,789 - root - INFO - wrong query:insert into "HN1.dbo.vw_origin_agentes" values (:rowNum,?, ?, ?, ?, ?, :DELETED)inserting data
2019-04-10 10:59:35,790 - root - ERROR - >>>>>>>>>>>>>>> issue with insert query ('The SQL contains 5 parameter markers, but 4995 parameters were supplied', 'HY000')
2019-04-10 10:59:35,810 - root - INFO - wrong query:insert into "HN1.dbo.vw_origin_agentes" values (:rowNum,?, ?, ?, ?, ?, :DELETED)inserting data
2019-04-10 10:59:35,810 - root - ERROR - >>>>>>>>>>>>>>> issue with insert query ('The SQL contains 5 parameter markers, but 4995 parameters were supplied', 'HY000')
2019-04-10 10:59:35,835 - root - INFO - wrong query:insert into "HN1.dbo.vw_origin_agentes" values (:rowNum,?, ?, ?, ?, ?, :DELETED)inserting data
2019-04-10 10:59:35,835 - root - ERROR - >>>>>>>>>>>>>>> issue with insert query ('The SQL contains 5 parameter markers, but 4995 parameters were supplied', 'HY000')
2019-04-10 10:59:35,856 - root - INFO - wrong query:insert into "HN1.dbo.vw_origin_agentes" values (:rowNum,?, ?, ?, ?, ?, :DELETED)inserting data
2019-04-10 10:59:35,856 - root - ERROR - >>>>>>>>>>>>>>> issue with insert query ('The SQL contains 5 parameter markers, but 4995 parameters were supplied', 'HY000')
2019-04-10 10:59:35,876 - root - INFO - wrong query:insert into "HN1.dbo.vw_origin_agentes" values (:rowNum,?, ?, ?, ?, ?, :DELETED)inserting data
2019-04-10 10:59:35,877 - root - ERROR - >>>>>>>>>>>>>>> issue with insert query ('The SQL contains 5 parameter markers, but 4995 parameters were supplied', 'HY000')
2019-04-10 10:59:35,902 - root - INFO - wrong query:insert into "HN1.dbo.vw_origin_agentes" values (:rowNum,?, ?, ?, ?, ?, :DELETED)inserting data
2019-04-10 10:59:35,902 - root - ERROR - >>>>>>>>>>>>>>> issue with insert query ('The SQL contains 5 parameter markers, but 4995 parameters were supplied', 'HY000')
2019-04-10 10:59:35,926 - root - INFO - wrong query:insert into "HN1.dbo.vw_origin_agentes" values (:rowNum,?, ?, ?, ?, ?, :DELETED)inserting data
2019-04-10 10:59:35,926 - root - ERROR - >>>>>>>>>>>>>>> issue with insert query ('The SQL contains 5 parameter markers, but 4995 parameters were supplied', 'HY000')
2019-04-10 10:59:35,928 - root - ERROR - >>>>>>>>>>>>>>> issue with table creation:can only concatenate str (not "tuple") to str
2019-04-10 10:59:35,928 - root - WARNING - insert finished
2019-04-10 10:59:35,931 - root - WARNING - connected to Sqlserver.
2019-04-10 10:59:35,931 - root - INFO - Processing: ccvs.DBF
2019-04-10 10:59:35,933 - root - INFO - new table to create: "create table HN1.dbo.vw_origin_ccvs (rowNum numeric (20), "CCV" varchar(max), "NRO_SOLICI" varchar(max), DELETED varchar (5))"
2019-04-10 10:59:35,935 - root - WARNING - Going to insert to table: ccvs
2019-04-10 10:59:35,948 - root - INFO - wrong query:insert into "HN1.dbo.vw_origin_ccvs" values (:rowNum,?, ?, :DELETED)inserting data
2019-04-10 10:59:35,948 - root - ERROR - >>>>>>>>>>>>>>> issue with insert query ('The SQL contains 2 parameter markers, but 2000 parameters were supplied', 'HY000')
2019-04-10 10:59:35,956 - root - INFO - wrong query:insert into "HN1.dbo.vw_origin_ccvs" values (:rowNum,?, ?, :DELETED)inserting data
2019-04-10 10:59:35,956 - root - ERROR - >>>>>>>>>>>>>>> issue with insert query ('The SQL contains 2 parameter markers, but 1998 parameters were supplied', 'HY000')
2019-04-10 10:59:35,964 - root - INFO - wrong query:insert into "HN1.dbo.vw_origin_ccvs" values (:rowNum,?, ?, :DELETED)inserting data
2019-04-10 10:59:35,964 - root - ERROR - >>>>>>>>>>>>>>> issue with insert query ('The SQL contains 2 parameter markers, but 1998 parameters were supplied', 'HY000')
2019-04-10 10:59:35,972 - root - INFO - wrong query:insert into "HN1.dbo.vw_origin_ccvs" values (:rowNum,?, ?, :DELETED)inserting data
2019-04-10 10:59:35,972 - root - ERROR - >>>>>>>>>>>>>>> issue with insert query ('The SQL contains 2 parameter markers, but 1998 parameters were supplied', 'HY000')
2019-04-10 10:59:35,980 - root - INFO - wrong query:insert into "HN1.dbo.vw_origin_ccvs" values (:rowNum,?, ?, :DELETED)inserting data
2019-04-10 10:59:35,980 - root - ERROR - >>>>>>>>>>>>>>> issue with insert query ('The SQL contains 2 parameter markers, but 1998 parameters were supplied', 'HY000')
2019-04-10 10:59:35,988 - root - INFO - wrong query:insert into "HN1.dbo.vw_origin_ccvs" values (:rowNum,?, ?, :DELETED)inserting data
2019-04-10 10:59:35,988 - root - ERROR - >>>>>>>>>>>>>>> issue with insert query ('The SQL contains 2 parameter markers, but 1998 parameters were supplied', 'HY000')
2019-04-10 10:59:35,996 - root - INFO - wrong query:insert into "HN1.dbo.vw_origin_ccvs" values (:rowNum,?, ?, :DELETED)inserting data
2019-04-10 10:59:35,996 - root - ERROR - >>>>>>>>>>>>>>> issue with insert query ('The SQL contains 2 parameter markers, but 1998 parameters were supplied', 'HY000')
2019-04-10 10:59:36,005 - root - INFO - wrong query:insert into "HN1.dbo.vw_origin_ccvs" values (:rowNum,?, ?, :DELETED)inserting data
2019-04-10 10:59:36,005 - root - ERROR - >>>>>>>>>>>>>>> issue with insert query ('The SQL contains 2 parameter markers, but 1998 parameters were supplied', 'HY000')
2019-04-10 10:59:36,013 - root - INFO - wrong query:insert into "HN1.dbo.vw_origin_ccvs" values (:rowNum,?, ?, :DELETED)inserting data
2019-04-10 10:59:36,013 - root - ERROR - >>>>>>>>>>>>>>> issue with insert query ('The SQL contains 2 parameter markers, but 1998 parameters were supplied', 'HY000')
2019-04-10 10:59:36,021 - root - INFO - wrong query:insert into "HN1.dbo.vw_origin_ccvs" values (:rowNum,?, ?, :DELETED)inserting data
2019-04-10 10:59:36,021 - root - ERROR - >>>>>>>>>>>>>>> issue with insert query ('The SQL contains 2 parameter markers, but 1998 parameters were supplied', 'HY000')
2019-04-10 10:59:36,029 - root - INFO - wrong query:insert into "HN1.dbo.vw_origin_ccvs" values (:rowNum,?, ?, :DELETED)inserting data
2019-04-10 10:59:36,029 - root - ERROR - >>>>>>>>>>>>>>> issue with insert query ('The SQL contains 2 parameter markers, but 1998 parameters were supplied', 'HY000')
2019-04-10 10:59:36,037 - root - INFO - wrong query:insert into "HN1.dbo.vw_origin_ccvs" values (:rowNum,?, ?, :DELETED)inserting data
2019-04-10 10:59:36,037 - root - ERROR - >>>>>>>>>>>>>>> issue with insert query ('The SQL contains 2 parameter markers, but 1998 parameters were supplied', 'HY000')
2019-04-10 10:59:36,045 - root - INFO - wrong query:insert into "HN1.dbo.vw_origin_ccvs" values (:rowNum,?, ?, :DELETED)inserting data
2019-04-10 10:59:36,045 - root - ERROR - >>>>>>>>>>>>>>> issue with insert query ('The SQL contains 2 parameter markers, but 1998 parameters were supplied', 'HY000')
2019-04-10 10:59:36,053 - root - INFO - wrong query:insert into "HN1.dbo.vw_origin_ccvs" values (:rowNum,?, ?, :DELETED)inserting data
2019-04-10 10:59:36,053 - root - ERROR - >>>>>>>>>>>>>>> issue with insert query ('The SQL contains 2 parameter markers, but 1998 parameters were supplied', 'HY000')
2019-04-10 10:59:36,062 - root - INFO - wrong query:insert into "HN1.dbo.vw_origin_ccvs" values (:rowNum,?, ?, :DELETED)inserting data
2019-04-10 10:59:36,062 - root - ERROR - >>>>>>>>>>>>>>> issue with insert query ('The SQL contains 2 parameter markers, but 1998 parameters were supplied', 'HY000')
2019-04-10 10:59:36,070 - root - INFO - wrong query:insert into "HN1.dbo.vw_origin_ccvs" values (:rowNum,?, ?, :DELETED)inserting data
2019-04-10 10:59:36,070 - root - ERROR - >>>>>>>>>>>>>>> issue with insert query ('The SQL contains 2 parameter markers, but 1998 parameters were supplied', 'HY000')
2019-04-10 10:59:36,078 - root - INFO - wrong query:insert into "HN1.dbo.vw_origin_ccvs" values (:rowNum,?, ?, :DELETED)inserting data
2019-04-10 10:59:36,079 - root - ERROR - >>>>>>>>>>>>>>> issue with insert query ('The SQL contains 2 parameter markers, but 1998 parameters were supplied', 'HY000')
2019-04-10 10:59:36,087 - root - INFO - wrong query:insert into "HN1.dbo.vw_origin_ccvs" values (:rowNum,?, ?, :DELETED)inserting data
2019-04-10 10:59:36,087 - root - ERROR - >>>>>>>>>>>>>>> issue with insert query ('The SQL contains 2 parameter markers, but 1998 parameters were supplied', 'HY000')
2019-04-10 10:59:36,097 - root - INFO - wrong query:insert into "HN1.dbo.vw_origin_ccvs" values (:rowNum,?, ?, :DELETED)inserting data
2019-04-10 10:59:36,097 - root - ERROR - >>>>>>>>>>>>>>> issue with insert query ('The SQL contains 2 parameter markers, but 1998 parameters were supplied', 'HY000')
2019-04-10 10:59:36,105 - root - INFO - wrong query:insert into "HN1.dbo.vw_origin_ccvs" values (:rowNum,?, ?, :DELETED)inserting data
2019-04-10 10:59:36,105 - root - ERROR - >>>>>>>>>>>>>>> issue with insert query ('The SQL contains 2 parameter markers, but 1998 parameters were supplied', 'HY000')
2019-04-10 10:59:36,113 - root - INFO - wrong query:insert into "HN1.dbo.vw_origin_ccvs" values (:rowNum,?, ?, :DELETED)inserting data
2019-04-10 10:59:36,113 - root - ERROR - >>>>>>>>>>>>>>> issue with insert query ('The SQL contains 2 parameter markers, but 1998 parameters were supplied', 'HY000')
2019-04-10 10:59:36,126 - root - INFO - wrong query:insert into "HN1.dbo.vw_origin_ccvs" values (:rowNum,?, ?, :DELETED)inserting data
2019-04-10 10:59:36,126 - root - ERROR - >>>>>>>>>>>>>>> issue with insert query ('The SQL contains 2 parameter markers, but 1998 parameters were supplied', 'HY000')
2019-04-10 10:59:36,136 - root - INFO - wrong query:insert into "HN1.dbo.vw_origin_ccvs" values (:rowNum,?, ?, :DELETED)inserting data
2019-04-10 10:59:36,136 - root - ERROR - >>>>>>>>>>>>>>> issue with insert query ('The SQL contains 2 parameter markers, but 1998 parameters were supplied', 'HY000')
2019-04-10 10:59:36,148 - root - INFO - wrong query:insert into "HN1.dbo.vw_origin_ccvs" values (:rowNum,?, ?, :DELETED)inserting data
2019-04-10 10:59:36,148 - root - ERROR - >>>>>>>>>>>>>>> issue with insert query ('The SQL contains 2 parameter markers, but 1998 parameters were supplied', 'HY000')
2019-04-10 10:59:36,157 - root - INFO - wrong query:insert into "HN1.dbo.vw_origin_ccvs" values (:rowNum,?, ?, :DELETED)inserting data
2019-04-10 10:59:36,157 - root - ERROR - >>>>>>>>>>>>>>> issue with insert query ('The SQL contains 2 parameter markers, but 1998 parameters were supplied', 'HY000')
2019-04-10 10:59:36,166 - root - INFO - wrong query:insert into "HN1.dbo.vw_origin_ccvs" values (:rowNum,?, ?, :DELETED)inserting data
2019-04-10 10:59:36,166 - root - ERROR - >>>>>>>>>>>>>>> issue with insert query ('The SQL contains 2 parameter markers, but 1998 parameters were supplied', 'HY000')
2019-04-10 10:59:36,174 - root - INFO - wrong query:insert into "HN1.dbo.vw_origin_ccvs" values (:rowNum,?, ?, :DELETED)inserting data
2019-04-10 10:59:36,174 - root - ERROR - >>>>>>>>>>>>>>> issue with insert query ('The SQL contains 2 parameter markers, but 1998 parameters were supplied', 'HY000')
2019-04-10 10:59:36,187 - root - INFO - wrong query:insert into "HN1.dbo.vw_origin_ccvs" values (:rowNum,?, ?, :DELETED)inserting data
2019-04-10 10:59:36,187 - root - ERROR - >>>>>>>>>>>>>>> issue with insert query ('The SQL contains 2 parameter markers, but 1998 parameters were supplied', 'HY000')
2019-04-10 10:59:36,196 - root - INFO - wrong query:insert into "HN1.dbo.vw_origin_ccvs" values (:rowNum,?, ?, :DELETED)inserting data
2019-04-10 10:59:36,196 - root - ERROR - >>>>>>>>>>>>>>> issue with insert query ('The SQL contains 2 parameter markers, but 1998 parameters were supplied', 'HY000')
2019-04-10 10:59:36,204 - root - INFO - wrong query:insert into "HN1.dbo.vw_origin_ccvs" values (:rowNum,?, ?, :DELETED)inserting data
2019-04-10 10:59:36,204 - root - ERROR - >>>>>>>>>>>>>>> issue with insert query ('The SQL contains 2 parameter markers, but 1998 parameters were supplied', 'HY000')
2019-04-10 10:59:36,213 - root - INFO - wrong query:insert into "HN1.dbo.vw_origin_ccvs" values (:rowNum,?, ?, :DELETED)inserting data
2019-04-10 10:59:36,213 - root - ERROR - >>>>>>>>>>>>>>> issue with insert query ('The SQL contains 2 parameter markers, but 1998 parameters were supplied', 'HY000')
2019-04-10 10:59:36,227 - root - INFO - wrong query:insert into "HN1.dbo.vw_origin_ccvs" values (:rowNum,?, ?, :DELETED)inserting data
2019-04-10 10:59:36,227 - root - ERROR - >>>>>>>>>>>>>>> issue with insert query ('The SQL contains 2 parameter markers, but 1998 parameters were supplied', 'HY000')
2019-04-10 10:59:36,236 - root - INFO - wrong query:insert into "HN1.dbo.vw_origin_ccvs" values (:rowNum,?, ?, :DELETED)inserting data
2019-04-10 10:59:36,236 - root - ERROR - >>>>>>>>>>>>>>> issue with insert query ('The SQL contains 2 parameter markers, but 1998 parameters were supplied', 'HY000')
2019-04-10 10:59:36,245 - root - INFO - wrong query:insert into "HN1.dbo.vw_origin_ccvs" values (:rowNum,?, ?, :DELETED)inserting data
2019-04-10 10:59:36,245 - root - ERROR - >>>>>>>>>>>>>>> issue with insert query ('The SQL contains 2 parameter markers, but 1998 parameters were supplied', 'HY000')
2019-04-10 10:59:36,254 - root - INFO - wrong query:insert into "HN1.dbo.vw_origin_ccvs" values (:rowNum,?, ?, :DELETED)inserting data
2019-04-10 10:59:36,254 - root - ERROR - >>>>>>>>>>>>>>> issue with insert query ('The SQL contains 2 parameter markers, but 1998 parameters were supplied', 'HY000')
2019-04-10 10:59:36,263 - root - INFO - wrong query:insert into "HN1.dbo.vw_origin_ccvs" values (:rowNum,?, ?, :DELETED)inserting data
2019-04-10 10:59:36,263 - root - ERROR - >>>>>>>>>>>>>>> issue with insert query ('The SQL contains 2 parameter markers, but 1998 parameters were supplied', 'HY000')
2019-04-10 10:59:36,271 - root - INFO - wrong query:insert into "HN1.dbo.vw_origin_ccvs" values (:rowNum,?, ?, :DELETED)inserting data
2019-04-10 10:59:36,271 - root - ERROR - >>>>>>>>>>>>>>> issue with insert query ('The SQL contains 2 parameter markers, but 1998 parameters were supplied', 'HY000')
2019-04-10 10:59:36,280 - root - INFO - wrong query:insert into "HN1.dbo.vw_origin_ccvs" values (:rowNum,?, ?, :DELETED)inserting data
2019-04-10 10:59:36,280 - root - ERROR - >>>>>>>>>>>>>>> issue with insert query ('The SQL contains 2 parameter markers, but 1998 parameters were supplied', 'HY000')
2019-04-10 10:59:36,290 - root - INFO - wrong query:insert into "HN1.dbo.vw_origin_ccvs" values (:rowNum,?, ?, :DELETED)inserting data
2019-04-10 10:59:36,290 - root - ERROR - >>>>>>>>>>>>>>> issue with insert query ('The SQL contains 2 parameter markers, but 1998 parameters were supplied', 'HY000')
2019-04-10 10:59:36,298 - root - INFO - wrong query:insert into "HN1.dbo.vw_origin_ccvs" values (:rowNum,?, ?, :DELETED)inserting data
2019-04-10 10:59:36,298 - root - ERROR - >>>>>>>>>>>>>>> issue with insert query ('The SQL contains 2 parameter markers, but 1998 parameters were supplied', 'HY000')
2019-04-10 10:59:36,306 - root - INFO - wrong query:insert into "HN1.dbo.vw_origin_ccvs" values (:rowNum,?, ?, :DELETED)inserting data
2019-04-10 10:59:36,306 - root - ERROR - >>>>>>>>>>>>>>> issue with insert query ('The SQL contains 2 parameter markers, but 1998 parameters were supplied', 'HY000')
2019-04-10 10:59:36,315 - root - INFO - wrong query:insert into "HN1.dbo.vw_origin_ccvs" values (:rowNum,?, ?, :DELETED)inserting data
2019-04-10 10:59:36,315 - root - ERROR - >>>>>>>>>>>>>>> issue with insert query ('The SQL contains 2 parameter markers, but 1998 parameters were supplied', 'HY000')
2019-04-10 10:59:36,329 - root - INFO - wrong query:insert into "HN1.dbo.vw_origin_ccvs" values (:rowNum,?, ?, :DELETED)inserting data
2019-04-10 10:59:36,329 - root - ERROR - >>>>>>>>>>>>>>> issue with insert query ('The SQL contains 2 parameter markers, but 1998 parameters were supplied', 'HY000')
2019-04-10 10:59:36,337 - root - INFO - wrong query:insert into "HN1.dbo.vw_origin_ccvs" values (:rowNum,?, ?, :DELETED)inserting data
2019-04-10 10:59:36,337 - root - ERROR - >>>>>>>>>>>>>>> issue with insert query ('The SQL contains 2 parameter markers, but 1998 parameters were supplied', 'HY000')
2019-04-10 10:59:36,346 - root - INFO - wrong query:insert into "HN1.dbo.vw_origin_ccvs" values (:rowNum,?, ?, :DELETED)inserting data
2019-04-10 10:59:36,346 - root - ERROR - >>>>>>>>>>>>>>> issue with insert query ('The SQL contains 2 parameter markers, but 1998 parameters were supplied', 'HY000')
2019-04-10 10:59:36,359 - root - INFO - wrong query:insert into "HN1.dbo.vw_origin_ccvs" values (:rowNum,?, ?, :DELETED)inserting data
2019-04-10 10:59:36,359 - root - ERROR - >>>>>>>>>>>>>>> issue with insert query ('The SQL contains 2 parameter markers, but 1998 parameters were supplied', 'HY000')
2019-04-10 10:59:36,368 - root - INFO - wrong query:insert into "HN1.dbo.vw_origin_ccvs" values (:rowNum,?, ?, :DELETED)inserting data
2019-04-10 10:59:36,368 - root - ERROR - >>>>>>>>>>>>>>> issue with insert query ('The SQL contains 2 parameter markers, but 1998 parameters were supplied', 'HY000')
2019-04-10 10:59:36,376 - root - INFO - wrong query:insert into "HN1.dbo.vw_origin_ccvs" values (:rowNum,?, ?, :DELETED)inserting data
2019-04-10 10:59:36,376 - root - ERROR - >>>>>>>>>>>>>>> issue with insert query ('The SQL contains 2 parameter markers, but 1998 parameters were supplied', 'HY000')
2019-04-10 10:59:36,386 - root - INFO - wrong query:insert into "HN1.dbo.vw_origin_ccvs" values (:rowNum,?, ?, :DELETED)inserting data
2019-04-10 10:59:36,386 - root - ERROR - >>>>>>>>>>>>>>> issue with insert query ('The SQL contains 2 parameter markers, but 1998 parameters were supplied', 'HY000')
2019-04-10 10:59:36,394 - root - INFO - wrong query:insert into "HN1.dbo.vw_origin_ccvs" values (:rowNum,?, ?, :DELETED)inserting data
2019-04-10 10:59:36,394 - root - ERROR - >>>>>>>>>>>>>>> issue with insert query ('The SQL contains 2 parameter markers, but 1998 parameters were supplied', 'HY000')
2019-04-10 10:59:36,403 - root - INFO - wrong query:insert into "HN1.dbo.vw_origin_ccvs" values (:rowNum,?, ?, :DELETED)inserting data
2019-04-10 10:59:36,403 - root - ERROR - >>>>>>>>>>>>>>> issue with insert query ('The SQL contains 2 parameter markers, but 1998 parameters were supplied', 'HY000')
2019-04-10 10:59:36,412 - root - INFO - wrong query:insert into "HN1.dbo.vw_origin_ccvs" values (:rowNum,?, ?, :DELETED)inserting data
2019-04-10 10:59:36,412 - root - ERROR - >>>>>>>>>>>>>>> issue with insert query ('The SQL contains 2 parameter markers, but 1998 parameters were supplied', 'HY000')
2019-04-10 10:59:36,425 - root - INFO - wrong query:insert into "HN1.dbo.vw_origin_ccvs" values (:rowNum,?, ?, :DELETED)inserting data
2019-04-10 10:59:36,425 - root - ERROR - >>>>>>>>>>>>>>> issue with insert query ('The SQL contains 2 parameter markers, but 1998 parameters were supplied', 'HY000')
2019-04-10 10:59:36,433 - root - INFO - wrong query:insert into "HN1.dbo.vw_origin_ccvs" values (:rowNum,?, ?, :DELETED)inserting data
2019-04-10 10:59:36,433 - root - ERROR - >>>>>>>>>>>>>>> issue with insert query ('The SQL contains 2 parameter markers, but 1998 parameters were supplied', 'HY000')
2019-04-10 10:59:36,442 - root - INFO - wrong query:insert into "HN1.dbo.vw_origin_ccvs" values (:rowNum,?, ?, :DELETED)inserting data
2019-04-10 10:59:36,442 - root - ERROR - >>>>>>>>>>>>>>> issue with insert query ('The SQL contains 2 parameter markers, but 1998 parameters were supplied', 'HY000')
2019-04-10 10:59:36,450 - root - INFO - wrong query:insert into "HN1.dbo.vw_origin_ccvs" values (:rowNum,?, ?, :DELETED)inserting data
2019-04-10 10:59:36,450 - root - ERROR - >>>>>>>>>>>>>>> issue with insert query ('The SQL contains 2 parameter markers, but 1998 parameters were supplied', 'HY000')
2019-04-10 10:59:36,458 - root - INFO - wrong query:insert into "HN1.dbo.vw_origin_ccvs" values (:rowNum,?, ?, :DELETED)inserting data
2019-04-10 10:59:36,458 - root - ERROR - >>>>>>>>>>>>>>> issue with insert query ('The SQL contains 2 parameter markers, but 1998 parameters were supplied', 'HY000')
2019-04-10 10:59:36,466 - root - INFO - wrong query:insert into "HN1.dbo.vw_origin_ccvs" values (:rowNum,?, ?, :DELETED)inserting data
2019-04-10 10:59:36,466 - root - ERROR - >>>>>>>>>>>>>>> issue with insert query ('The SQL contains 2 parameter markers, but 1998 parameters were supplied', 'HY000')
2019-04-10 10:59:36,475 - root - INFO - wrong query:insert into "HN1.dbo.vw_origin_ccvs" values (:rowNum,?, ?, :DELETED)inserting data
2019-04-10 10:59:36,475 - root - ERROR - >>>>>>>>>>>>>>> issue with insert query ('The SQL contains 2 parameter markers, but 1998 parameters were supplied', 'HY000')
2019-04-10 10:59:36,483 - root - INFO - wrong query:insert into "HN1.dbo.vw_origin_ccvs" values (:rowNum,?, ?, :DELETED)inserting data
2019-04-10 10:59:36,483 - root - ERROR - >>>>>>>>>>>>>>> issue with insert query ('The SQL contains 2 parameter markers, but 1998 parameters were supplied', 'HY000')
2019-04-10 10:59:36,492 - root - INFO - wrong query:insert into "HN1.dbo.vw_origin_ccvs" values (:rowNum,?, ?, :DELETED)inserting data
2019-04-10 10:59:36,492 - root - ERROR - >>>>>>>>>>>>>>> issue with insert query ('The SQL contains 2 parameter markers, but 1998 parameters were supplied', 'HY000')
2019-04-10 10:59:36,500 - root - INFO - wrong query:insert into "HN1.dbo.vw_origin_ccvs" values (:rowNum,?, ?, :DELETED)inserting data
2019-04-10 10:59:36,500 - root - ERROR - >>>>>>>>>>>>>>> issue with insert query ('The SQL contains 2 parameter markers, but 1998 parameters were supplied', 'HY000')
2019-04-10 10:59:36,514 - root - INFO - wrong query:insert into "HN1.dbo.vw_origin_ccvs" values (:rowNum,?, ?, :DELETED)inserting data
2019-04-10 10:59:36,514 - root - ERROR - >>>>>>>>>>>>>>> issue with insert query ('The SQL contains 2 parameter markers, but 1998 parameters were supplied', 'HY000')
2019-04-10 10:59:36,518 - root - ERROR - >>>>>>>>>>>>>>> issue with table creation:can only concatenate str (not "tuple") to str
2019-04-10 10:59:36,519 - root - WARNING - insert finished
2019-04-10 10:59:36,519 - root - WARNING - connected to Sqlserver.
2019-04-10 10:59:36,519 - root - INFO - Processing: codigos.dbf
2019-04-10 10:59:36,520 - root - INFO - new table to create: "create table HN1.dbo.vw_origin_codigos (rowNum numeric (20), "ID_CODIGO" varchar(max), "CODIGO" varchar(max), "DESCRIPCOD" varchar(max), DELETED varchar (5))"
2019-04-10 10:59:36,523 - root - WARNING - Going to insert to table: codigos
2019-04-10 10:59:36,524 - root - ERROR - >>>>>>>>>>>>>>> issue with table creation:can only concatenate str (not "tuple") to str
2019-04-10 10:59:36,524 - root - WARNING - insert finished
2019-04-10 10:59:36,524 - root - WARNING - connected to Sqlserver.
2019-04-10 10:59:36,525 - root - INFO - Processing: eventab.dbf
2019-04-10 10:59:36,526 - root - INFO - new table to create: "create table HN1.dbo.vw_origin_eventab (rowNum numeric (20), "EVENTO" varchar(max), "DESCRIP" varchar(max), "TIPO_EVENT" varchar(max), "INFO_ADI" varchar(max), "ETI_COMENT" varchar(max), "ETI_NUMERO" varchar(max), DELETED varchar (5))"
2019-04-10 10:59:36,527 - root - WARNING - Going to insert to table: eventab
2019-04-10 10:59:36,530 - root - ERROR - >>>>>>>>>>>>>>> issue with table creation:can only concatenate str (not "tuple") to str
2019-04-10 10:59:36,530 - root - WARNING - insert finished
2019-04-10 10:59:36,530 - root - WARNING - connected to Sqlserver.
2019-04-10 10:59:36,530 - root - INFO - Processing: marca.DBF
2019-04-10 10:59:36,532 - root - INFO - new table to create: "create table HN1.dbo.vw_origin_marca (rowNum numeric (20), "NRO_SOLICI" varchar(max), "SOLICITADA" varchar(max), "TIPO_MARCA" varchar(max), "SIGNO" varchar(max), "NOM_MARCA" varchar(max), "REGISTRO" varchar(max), "REGISTRADA" varchar(max), "RENUEVA" varchar(max), "EXPIRA" varchar(max), "AGENTE" varchar(max), "STATUS" varchar(max), "STAT_DESDE" varchar(max), "PESO_RASGO" varchar(max), "LARFON" varchar(max), "PESO_R" varchar(max), "PUBLICADA" varchar(max), "DIARIO" varchar(max), "LIMITACION" varchar(max), "HORA" varchar(max), "RTOMO" varchar(max), "RFOLIO" varchar(max), "RESERVA" varchar(max), "NRO_PODER" varchar(max), "MODIFICA" varchar(max), "NRO_GACETA" varchar(max), "QUIEN" varchar(max), "CALIDAD" varchar(max), "CLASE" varchar(max), "MODIFICADO" varchar(max), "ANUALIDAD" varchar(max), "NRO_RESOL" varchar(max), "LEY" varchar(max), "CLASES_TXT" varchar(max), DELETED varchar (5))"
2019-04-10 10:59:36,534 - root - WARNING - Going to insert to table: marca
2019-04-10 10:59:36,950 - root - INFO - wrong query:insert into "HN1.dbo.vw_origin_marca" values (:rowNum,?, ?, ?, ?, ?, ?, ?, ?, ?, ?, ?, ?, ?, ?, ?, ?, ?, ?, ?, ?, ?, ?, ?, ?, ?, ?, ?, ?, ?, ?, ?, ?, ?, :DELETED)inserting data
2019-04-10 10:59:36,950 - root - ERROR - >>>>>>>>>>>>>>> issue with insert query ('The SQL contains 33 parameter markers, but 33000 parameters were supplied', 'HY000')
2019-04-10 10:59:37,348 - root - INFO - wrong query:insert into "HN1.dbo.vw_origin_marca" values (:rowNum,?, ?, ?, ?, ?, ?, ?, ?, ?, ?, ?, ?, ?, ?, ?, ?, ?, ?, ?, ?, ?, ?, ?, ?, ?, ?, ?, ?, ?, ?, ?, ?, ?, :DELETED)inserting data
2019-04-10 10:59:37,348 - root - ERROR - >>>>>>>>>>>>>>> issue with insert query ('The SQL contains 33 parameter markers, but 32967 parameters were supplied', 'HY000')
2019-04-10 10:59:37,748 - root - INFO - wrong query:insert into "HN1.dbo.vw_origin_marca" values (:rowNum,?, ?, ?, ?, ?, ?, ?, ?, ?, ?, ?, ?, ?, ?, ?, ?, ?, ?, ?, ?, ?, ?, ?, ?, ?, ?, ?, ?, ?, ?, ?, ?, ?, :DELETED)inserting data
2019-04-10 10:59:37,748 - root - ERROR - >>>>>>>>>>>>>>> issue with insert query ('The SQL contains 33 parameter markers, but 32967 parameters were supplied', 'HY000')
2019-04-10 10:59:38,147 - root - INFO - wrong query:insert into "HN1.dbo.vw_origin_marca" values (:rowNum,?, ?, ?, ?, ?, ?, ?, ?, ?, ?, ?, ?, ?, ?, ?, ?, ?, ?, ?, ?, ?, ?, ?, ?, ?, ?, ?, ?, ?, ?, ?, ?, ?, :DELETED)inserting data
2019-04-10 10:59:38,147 - root - ERROR - >>>>>>>>>>>>>>> issue with insert query ('The SQL contains 33 parameter markers, but 32967 parameters were supplied', 'HY000')
2019-04-10 10:59:38,580 - root - INFO - wrong query:insert into "HN1.dbo.vw_origin_marca" values (:rowNum,?, ?, ?, ?, ?, ?, ?, ?, ?, ?, ?, ?, ?, ?, ?, ?, ?, ?, ?, ?, ?, ?, ?, ?, ?, ?, ?, ?, ?, ?, ?, ?, ?, :DELETED)inserting data
2019-04-10 10:59:38,581 - root - ERROR - >>>>>>>>>>>>>>> issue with insert query ('The SQL contains 33 parameter markers, but 32967 parameters were supplied', 'HY000')
2019-04-10 10:59:38,986 - root - INFO - wrong query:insert into "HN1.dbo.vw_origin_marca" values (:rowNum,?, ?, ?, ?, ?, ?, ?, ?, ?, ?, ?, ?, ?, ?, ?, ?, ?, ?, ?, ?, ?, ?, ?, ?, ?, ?, ?, ?, ?, ?, ?, ?, ?, :DELETED)inserting data
2019-04-10 10:59:38,986 - root - ERROR - >>>>>>>>>>>>>>> issue with insert query ('The SQL contains 33 parameter markers, but 32967 parameters were supplied', 'HY000')
2019-04-10 10:59:39,396 - root - INFO - wrong query:insert into "HN1.dbo.vw_origin_marca" values (:rowNum,?, ?, ?, ?, ?, ?, ?, ?, ?, ?, ?, ?, ?, ?, ?, ?, ?, ?, ?, ?, ?, ?, ?, ?, ?, ?, ?, ?, ?, ?, ?, ?, ?, :DELETED)inserting data
2019-04-10 10:59:39,396 - root - ERROR - >>>>>>>>>>>>>>> issue with insert query ('The SQL contains 33 parameter markers, but 32967 parameters were supplied', 'HY000')
