2019-04-10 10:58:58,883 - root - WARNING - connected to Sqlserver.
2019-04-10 10:58:58,887 - root - INFO - Connections to database severed
2019-04-10 10:58:58,910 - root - INFO - database dropped
2019-04-10 10:58:59,112 - root - INFO - New Intermediate databas created
2019-04-10 10:58:59,128 - root - WARNING - connected to Sqlserver.
2019-04-10 10:58:59,128 - root - INFO - Processing: agentes.DBF
2019-04-10 10:58:59,130 - root - INFO - new table to create: "create table HN1.dbo.vw_origin_agentes (rowNum numeric (20), "AGENTE" varchar(max), "NOMBRE" varchar(max), "DIRECCION" varchar(max), "CONTACTO" varchar(max), "CALIDAD" varchar(max), DELETED varchar (5))"
2019-04-10 10:58:59,133 - root - WARNING - Going to insert to table: agentes
2019-04-10 10:58:59,161 - root - INFO - wrong query:insert into "HN1.dbo.vw_origin_agentes" values (:rowNum,:AGENTE, :NOMBRE, :DIRECCION, :CONTACTO, :CALIDAD, :DELETED)inserting data
2019-04-10 10:58:59,161 - root - ERROR - >>>>>>>>>>>>>>> issue with insert query ('The SQL contains 0 parameter markers, but 5000 parameters were supplied', 'HY000')
2019-04-10 10:58:59,186 - root - INFO - wrong query:insert into "HN1.dbo.vw_origin_agentes" values (:rowNum,:AGENTE, :NOMBRE, :DIRECCION, :CONTACTO, :CALIDAD, :DELETED)inserting data
2019-04-10 10:58:59,187 - root - ERROR - >>>>>>>>>>>>>>> issue with insert query ('The SQL contains 0 parameter markers, but 4995 parameters were supplied', 'HY000')
2019-04-10 10:58:59,207 - root - INFO - wrong query:insert into "HN1.dbo.vw_origin_agentes" values (:rowNum,:AGENTE, :NOMBRE, :DIRECCION, :CONTACTO, :CALIDAD, :DELETED)inserting data
2019-04-10 10:58:59,207 - root - ERROR - >>>>>>>>>>>>>>> issue with insert query ('The SQL contains 0 parameter markers, but 4995 parameters were supplied', 'HY000')
2019-04-10 10:58:59,228 - root - INFO - wrong query:insert into "HN1.dbo.vw_origin_agentes" values (:rowNum,:AGENTE, :NOMBRE, :DIRECCION, :CONTACTO, :CALIDAD, :DELETED)inserting data
2019-04-10 10:58:59,228 - root - ERROR - >>>>>>>>>>>>>>> issue with insert query ('The SQL contains 0 parameter markers, but 4995 parameters were supplied', 'HY000')
2019-04-10 10:58:59,254 - root - INFO - wrong query:insert into "HN1.dbo.vw_origin_agentes" values (:rowNum,:AGENTE, :NOMBRE, :DIRECCION, :CONTACTO, :CALIDAD, :DELETED)inserting data
2019-04-10 10:58:59,254 - root - ERROR - >>>>>>>>>>>>>>> issue with insert query ('The SQL contains 0 parameter markers, but 4995 parameters were supplied', 'HY000')
2019-04-10 10:58:59,275 - root - INFO - wrong query:insert into "HN1.dbo.vw_origin_agentes" values (:rowNum,:AGENTE, :NOMBRE, :DIRECCION, :CONTACTO, :CALIDAD, :DELETED)inserting data
2019-04-10 10:58:59,275 - root - ERROR - >>>>>>>>>>>>>>> issue with insert query ('The SQL contains 0 parameter markers, but 4995 parameters were supplied', 'HY000')
2019-04-10 10:58:59,301 - root - INFO - wrong query:insert into "HN1.dbo.vw_origin_agentes" values (:rowNum,:AGENTE, :NOMBRE, :DIRECCION, :CONTACTO, :CALIDAD, :DELETED)inserting data
2019-04-10 10:58:59,301 - root - ERROR - >>>>>>>>>>>>>>> issue with insert query ('The SQL contains 0 parameter markers, but 4995 parameters were supplied', 'HY000')
2019-04-10 10:58:59,326 - root - INFO - wrong query:insert into "HN1.dbo.vw_origin_agentes" values (:rowNum,:AGENTE, :NOMBRE, :DIRECCION, :CONTACTO, :CALIDAD, :DELETED)inserting data
2019-04-10 10:58:59,326 - root - ERROR - >>>>>>>>>>>>>>> issue with insert query ('The SQL contains 0 parameter markers, but 4995 parameters were supplied', 'HY000')
2019-04-10 10:58:59,352 - root - INFO - wrong query:insert into "HN1.dbo.vw_origin_agentes" values (:rowNum,:AGENTE, :NOMBRE, :DIRECCION, :CONTACTO, :CALIDAD, :DELETED)inserting data
2019-04-10 10:58:59,352 - root - ERROR - >>>>>>>>>>>>>>> issue with insert query ('The SQL contains 0 parameter markers, but 4995 parameters were supplied', 'HY000')
2019-04-10 10:58:59,381 - root - INFO - wrong query:insert into "HN1.dbo.vw_origin_agentes" values (:rowNum,:AGENTE, :NOMBRE, :DIRECCION, :CONTACTO, :CALIDAD, :DELETED)inserting data
2019-04-10 10:58:59,381 - root - ERROR - >>>>>>>>>>>>>>> issue with insert query ('The SQL contains 0 parameter markers, but 4995 parameters were supplied', 'HY000')
2019-04-10 10:58:59,407 - root - INFO - wrong query:insert into "HN1.dbo.vw_origin_agentes" values (:rowNum,:AGENTE, :NOMBRE, :DIRECCION, :CONTACTO, :CALIDAD, :DELETED)inserting data
2019-04-10 10:58:59,407 - root - ERROR - >>>>>>>>>>>>>>> issue with insert query ('The SQL contains 0 parameter markers, but 4995 parameters were supplied', 'HY000')
2019-04-10 10:58:59,409 - root - ERROR - >>>>>>>>>>>>>>> issue with table creation:can only concatenate str (not "tuple") to str
2019-04-10 10:58:59,409 - root - WARNING - insert finished
2019-04-10 10:58:59,411 - root - WARNING - connected to Sqlserver.
2019-04-10 10:58:59,411 - root - INFO - Processing: ccvs.DBF
2019-04-10 10:58:59,413 - root - INFO - new table to create: "create table HN1.dbo.vw_origin_ccvs (rowNum numeric (20), "CCV" varchar(max), "NRO_SOLICI" varchar(max), DELETED varchar (5))"
2019-04-10 10:58:59,415 - root - WARNING - Going to insert to table: ccvs
2019-04-10 10:58:59,428 - root - INFO - wrong query:insert into "HN1.dbo.vw_origin_ccvs" values (:rowNum,:CCV, :NRO_SOLICI, :DELETED)inserting data
2019-04-10 10:58:59,428 - root - ERROR - >>>>>>>>>>>>>>> issue with insert query ('The SQL contains 0 parameter markers, but 2000 parameters were supplied', 'HY000')
2019-04-10 10:58:59,437 - root - INFO - wrong query:insert into "HN1.dbo.vw_origin_ccvs" values (:rowNum,:CCV, :NRO_SOLICI, :DELETED)inserting data
2019-04-10 10:58:59,437 - root - ERROR - >>>>>>>>>>>>>>> issue with insert query ('The SQL contains 0 parameter markers, but 1998 parameters were supplied', 'HY000')
2019-04-10 10:58:59,451 - root - INFO - wrong query:insert into "HN1.dbo.vw_origin_ccvs" values (:rowNum,:CCV, :NRO_SOLICI, :DELETED)inserting data
2019-04-10 10:58:59,451 - root - ERROR - >>>>>>>>>>>>>>> issue with insert query ('The SQL contains 0 parameter markers, but 1998 parameters were supplied', 'HY000')
2019-04-10 10:58:59,460 - root - INFO - wrong query:insert into "HN1.dbo.vw_origin_ccvs" values (:rowNum,:CCV, :NRO_SOLICI, :DELETED)inserting data
2019-04-10 10:58:59,460 - root - ERROR - >>>>>>>>>>>>>>> issue with insert query ('The SQL contains 0 parameter markers, but 1998 parameters were supplied', 'HY000')
2019-04-10 10:58:59,468 - root - INFO - wrong query:insert into "HN1.dbo.vw_origin_ccvs" values (:rowNum,:CCV, :NRO_SOLICI, :DELETED)inserting data
2019-04-10 10:58:59,468 - root - ERROR - >>>>>>>>>>>>>>> issue with insert query ('The SQL contains 0 parameter markers, but 1998 parameters were supplied', 'HY000')
2019-04-10 10:58:59,476 - root - INFO - wrong query:insert into "HN1.dbo.vw_origin_ccvs" values (:rowNum,:CCV, :NRO_SOLICI, :DELETED)inserting data
2019-04-10 10:58:59,476 - root - ERROR - >>>>>>>>>>>>>>> issue with insert query ('The SQL contains 0 parameter markers, but 1998 parameters were supplied', 'HY000')
2019-04-10 10:58:59,485 - root - INFO - wrong query:insert into "HN1.dbo.vw_origin_ccvs" values (:rowNum,:CCV, :NRO_SOLICI, :DELETED)inserting data
2019-04-10 10:58:59,485 - root - ERROR - >>>>>>>>>>>>>>> issue with insert query ('The SQL contains 0 parameter markers, but 1998 parameters were supplied', 'HY000')
2019-04-10 10:58:59,493 - root - INFO - wrong query:insert into "HN1.dbo.vw_origin_ccvs" values (:rowNum,:CCV, :NRO_SOLICI, :DELETED)inserting data
2019-04-10 10:58:59,493 - root - ERROR - >>>>>>>>>>>>>>> issue with insert query ('The SQL contains 0 parameter markers, but 1998 parameters were supplied', 'HY000')
2019-04-10 10:58:59,501 - root - INFO - wrong query:insert into "HN1.dbo.vw_origin_ccvs" values (:rowNum,:CCV, :NRO_SOLICI, :DELETED)inserting data
2019-04-10 10:58:59,501 - root - ERROR - >>>>>>>>>>>>>>> issue with insert query ('The SQL contains 0 parameter markers, but 1998 parameters were supplied', 'HY000')
2019-04-10 10:58:59,510 - root - INFO - wrong query:insert into "HN1.dbo.vw_origin_ccvs" values (:rowNum,:CCV, :NRO_SOLICI, :DELETED)inserting data
2019-04-10 10:58:59,510 - root - ERROR - >>>>>>>>>>>>>>> issue with insert query ('The SQL contains 0 parameter markers, but 1998 parameters were supplied', 'HY000')
2019-04-10 10:58:59,524 - root - INFO - wrong query:insert into "HN1.dbo.vw_origin_ccvs" values (:rowNum,:CCV, :NRO_SOLICI, :DELETED)inserting data
2019-04-10 10:58:59,524 - root - ERROR - >>>>>>>>>>>>>>> issue with insert query ('The SQL contains 0 parameter markers, but 1998 parameters were supplied', 'HY000')
2019-04-10 10:58:59,532 - root - INFO - wrong query:insert into "HN1.dbo.vw_origin_ccvs" values (:rowNum,:CCV, :NRO_SOLICI, :DELETED)inserting data
2019-04-10 10:58:59,532 - root - ERROR - >>>>>>>>>>>>>>> issue with insert query ('The SQL contains 0 parameter markers, but 1998 parameters were supplied', 'HY000')
2019-04-10 10:58:59,541 - root - INFO - wrong query:insert into "HN1.dbo.vw_origin_ccvs" values (:rowNum,:CCV, :NRO_SOLICI, :DELETED)inserting data
2019-04-10 10:58:59,541 - root - ERROR - >>>>>>>>>>>>>>> issue with insert query ('The SQL contains 0 parameter markers, but 1998 parameters were supplied', 'HY000')
2019-04-10 10:58:59,550 - root - INFO - wrong query:insert into "HN1.dbo.vw_origin_ccvs" values (:rowNum,:CCV, :NRO_SOLICI, :DELETED)inserting data
2019-04-10 10:58:59,550 - root - ERROR - >>>>>>>>>>>>>>> issue with insert query ('The SQL contains 0 parameter markers, but 1998 parameters were supplied', 'HY000')
2019-04-10 10:58:59,560 - root - INFO - wrong query:insert into "HN1.dbo.vw_origin_ccvs" values (:rowNum,:CCV, :NRO_SOLICI, :DELETED)inserting data
2019-04-10 10:58:59,560 - root - ERROR - >>>>>>>>>>>>>>> issue with insert query ('The SQL contains 0 parameter markers, but 1998 parameters were supplied', 'HY000')
2019-04-10 10:58:59,568 - root - INFO - wrong query:insert into "HN1.dbo.vw_origin_ccvs" values (:rowNum,:CCV, :NRO_SOLICI, :DELETED)inserting data
2019-04-10 10:58:59,568 - root - ERROR - >>>>>>>>>>>>>>> issue with insert query ('The SQL contains 0 parameter markers, but 1998 parameters were supplied', 'HY000')
2019-04-10 10:58:59,582 - root - INFO - wrong query:insert into "HN1.dbo.vw_origin_ccvs" values (:rowNum,:CCV, :NRO_SOLICI, :DELETED)inserting data
2019-04-10 10:58:59,582 - root - ERROR - >>>>>>>>>>>>>>> issue with insert query ('The SQL contains 0 parameter markers, but 1998 parameters were supplied', 'HY000')
2019-04-10 10:58:59,591 - root - INFO - wrong query:insert into "HN1.dbo.vw_origin_ccvs" values (:rowNum,:CCV, :NRO_SOLICI, :DELETED)inserting data
2019-04-10 10:58:59,591 - root - ERROR - >>>>>>>>>>>>>>> issue with insert query ('The SQL contains 0 parameter markers, but 1998 parameters were supplied', 'HY000')
2019-04-10 10:58:59,606 - root - INFO - wrong query:insert into "HN1.dbo.vw_origin_ccvs" values (:rowNum,:CCV, :NRO_SOLICI, :DELETED)inserting data
2019-04-10 10:58:59,606 - root - ERROR - >>>>>>>>>>>>>>> issue with insert query ('The SQL contains 0 parameter markers, but 1998 parameters were supplied', 'HY000')
2019-04-10 10:58:59,619 - root - INFO - wrong query:insert into "HN1.dbo.vw_origin_ccvs" values (:rowNum,:CCV, :NRO_SOLICI, :DELETED)inserting data
2019-04-10 10:58:59,619 - root - ERROR - >>>>>>>>>>>>>>> issue with insert query ('The SQL contains 0 parameter markers, but 1998 parameters were supplied', 'HY000')
2019-04-10 10:58:59,632 - root - INFO - wrong query:insert into "HN1.dbo.vw_origin_ccvs" values (:rowNum,:CCV, :NRO_SOLICI, :DELETED)inserting data
2019-04-10 10:58:59,632 - root - ERROR - >>>>>>>>>>>>>>> issue with insert query ('The SQL contains 0 parameter markers, but 1998 parameters were supplied', 'HY000')
2019-04-10 10:58:59,641 - root - INFO - wrong query:insert into "HN1.dbo.vw_origin_ccvs" values (:rowNum,:CCV, :NRO_SOLICI, :DELETED)inserting data
2019-04-10 10:58:59,641 - root - ERROR - >>>>>>>>>>>>>>> issue with insert query ('The SQL contains 0 parameter markers, but 1998 parameters were supplied', 'HY000')
2019-04-10 10:58:59,655 - root - INFO - wrong query:insert into "HN1.dbo.vw_origin_ccvs" values (:rowNum,:CCV, :NRO_SOLICI, :DELETED)inserting data
2019-04-10 10:58:59,655 - root - ERROR - >>>>>>>>>>>>>>> issue with insert query ('The SQL contains 0 parameter markers, but 1998 parameters were supplied', 'HY000')
2019-04-10 10:58:59,669 - root - INFO - wrong query:insert into "HN1.dbo.vw_origin_ccvs" values (:rowNum,:CCV, :NRO_SOLICI, :DELETED)inserting data
2019-04-10 10:58:59,669 - root - ERROR - >>>>>>>>>>>>>>> issue with insert query ('The SQL contains 0 parameter markers, but 1998 parameters were supplied', 'HY000')
2019-04-10 10:58:59,678 - root - INFO - wrong query:insert into "HN1.dbo.vw_origin_ccvs" values (:rowNum,:CCV, :NRO_SOLICI, :DELETED)inserting data
2019-04-10 10:58:59,678 - root - ERROR - >>>>>>>>>>>>>>> issue with insert query ('The SQL contains 0 parameter markers, but 1998 parameters were supplied', 'HY000')
2019-04-10 10:58:59,691 - root - INFO - wrong query:insert into "HN1.dbo.vw_origin_ccvs" values (:rowNum,:CCV, :NRO_SOLICI, :DELETED)inserting data
2019-04-10 10:58:59,691 - root - ERROR - >>>>>>>>>>>>>>> issue with insert query ('The SQL contains 0 parameter markers, but 1998 parameters were supplied', 'HY000')
2019-04-10 10:58:59,700 - root - INFO - wrong query:insert into "HN1.dbo.vw_origin_ccvs" values (:rowNum,:CCV, :NRO_SOLICI, :DELETED)inserting data
2019-04-10 10:58:59,700 - root - ERROR - >>>>>>>>>>>>>>> issue with insert query ('The SQL contains 0 parameter markers, but 1998 parameters were supplied', 'HY000')
2019-04-10 10:58:59,708 - root - INFO - wrong query:insert into "HN1.dbo.vw_origin_ccvs" values (:rowNum,:CCV, :NRO_SOLICI, :DELETED)inserting data
2019-04-10 10:58:59,708 - root - ERROR - >>>>>>>>>>>>>>> issue with insert query ('The SQL contains 0 parameter markers, but 1998 parameters were supplied', 'HY000')
2019-04-10 10:58:59,723 - root - INFO - wrong query:insert into "HN1.dbo.vw_origin_ccvs" values (:rowNum,:CCV, :NRO_SOLICI, :DELETED)inserting data
2019-04-10 10:58:59,723 - root - ERROR - >>>>>>>>>>>>>>> issue with insert query ('The SQL contains 0 parameter markers, but 1998 parameters were supplied', 'HY000')
2019-04-10 10:58:59,731 - root - INFO - wrong query:insert into "HN1.dbo.vw_origin_ccvs" values (:rowNum,:CCV, :NRO_SOLICI, :DELETED)inserting data
2019-04-10 10:58:59,731 - root - ERROR - >>>>>>>>>>>>>>> issue with insert query ('The SQL contains 0 parameter markers, but 1998 parameters were supplied', 'HY000')
2019-04-10 10:58:59,740 - root - INFO - wrong query:insert into "HN1.dbo.vw_origin_ccvs" values (:rowNum,:CCV, :NRO_SOLICI, :DELETED)inserting data
2019-04-10 10:58:59,740 - root - ERROR - >>>>>>>>>>>>>>> issue with insert query ('The SQL contains 0 parameter markers, but 1998 parameters were supplied', 'HY000')
2019-04-10 10:58:59,753 - root - INFO - wrong query:insert into "HN1.dbo.vw_origin_ccvs" values (:rowNum,:CCV, :NRO_SOLICI, :DELETED)inserting data
2019-04-10 10:58:59,753 - root - ERROR - >>>>>>>>>>>>>>> issue with insert query ('The SQL contains 0 parameter markers, but 1998 parameters were supplied', 'HY000')
2019-04-10 10:58:59,767 - root - INFO - wrong query:insert into "HN1.dbo.vw_origin_ccvs" values (:rowNum,:CCV, :NRO_SOLICI, :DELETED)inserting data
2019-04-10 10:58:59,767 - root - ERROR - >>>>>>>>>>>>>>> issue with insert query ('The SQL contains 0 parameter markers, but 1998 parameters were supplied', 'HY000')
2019-04-10 10:58:59,776 - root - INFO - wrong query:insert into "HN1.dbo.vw_origin_ccvs" values (:rowNum,:CCV, :NRO_SOLICI, :DELETED)inserting data
2019-04-10 10:58:59,776 - root - ERROR - >>>>>>>>>>>>>>> issue with insert query ('The SQL contains 0 parameter markers, but 1998 parameters were supplied', 'HY000')
2019-04-10 10:58:59,785 - root - INFO - wrong query:insert into "HN1.dbo.vw_origin_ccvs" values (:rowNum,:CCV, :NRO_SOLICI, :DELETED)inserting data
2019-04-10 10:58:59,785 - root - ERROR - >>>>>>>>>>>>>>> issue with insert query ('The SQL contains 0 parameter markers, but 1998 parameters were supplied', 'HY000')
2019-04-10 10:58:59,794 - root - INFO - wrong query:insert into "HN1.dbo.vw_origin_ccvs" values (:rowNum,:CCV, :NRO_SOLICI, :DELETED)inserting data
2019-04-10 10:58:59,794 - root - ERROR - >>>>>>>>>>>>>>> issue with insert query ('The SQL contains 0 parameter markers, but 1998 parameters were supplied', 'HY000')
2019-04-10 10:58:59,808 - root - INFO - wrong query:insert into "HN1.dbo.vw_origin_ccvs" values (:rowNum,:CCV, :NRO_SOLICI, :DELETED)inserting data
2019-04-10 10:58:59,808 - root - ERROR - >>>>>>>>>>>>>>> issue with insert query ('The SQL contains 0 parameter markers, but 1998 parameters were supplied', 'HY000')
2019-04-10 10:58:59,817 - root - INFO - wrong query:insert into "HN1.dbo.vw_origin_ccvs" values (:rowNum,:CCV, :NRO_SOLICI, :DELETED)inserting data
2019-04-10 10:58:59,818 - root - ERROR - >>>>>>>>>>>>>>> issue with insert query ('The SQL contains 0 parameter markers, but 1998 parameters were supplied', 'HY000')
2019-04-10 10:58:59,831 - root - INFO - wrong query:insert into "HN1.dbo.vw_origin_ccvs" values (:rowNum,:CCV, :NRO_SOLICI, :DELETED)inserting data
2019-04-10 10:58:59,831 - root - ERROR - >>>>>>>>>>>>>>> issue with insert query ('The SQL contains 0 parameter markers, but 1998 parameters were supplied', 'HY000')
2019-04-10 10:58:59,840 - root - INFO - wrong query:insert into "HN1.dbo.vw_origin_ccvs" values (:rowNum,:CCV, :NRO_SOLICI, :DELETED)inserting data
2019-04-10 10:58:59,840 - root - ERROR - >>>>>>>>>>>>>>> issue with insert query ('The SQL contains 0 parameter markers, but 1998 parameters were supplied', 'HY000')
2019-04-10 10:58:59,853 - root - INFO - wrong query:insert into "HN1.dbo.vw_origin_ccvs" values (:rowNum,:CCV, :NRO_SOLICI, :DELETED)inserting data
2019-04-10 10:58:59,853 - root - ERROR - >>>>>>>>>>>>>>> issue with insert query ('The SQL contains 0 parameter markers, but 1998 parameters were supplied', 'HY000')
2019-04-10 10:58:59,862 - root - INFO - wrong query:insert into "HN1.dbo.vw_origin_ccvs" values (:rowNum,:CCV, :NRO_SOLICI, :DELETED)inserting data
2019-04-10 10:58:59,862 - root - ERROR - >>>>>>>>>>>>>>> issue with insert query ('The SQL contains 0 parameter markers, but 1998 parameters were supplied', 'HY000')
2019-04-10 10:58:59,871 - root - INFO - wrong query:insert into "HN1.dbo.vw_origin_ccvs" values (:rowNum,:CCV, :NRO_SOLICI, :DELETED)inserting data
2019-04-10 10:58:59,871 - root - ERROR - >>>>>>>>>>>>>>> issue with insert query ('The SQL contains 0 parameter markers, but 1998 parameters were supplied', 'HY000')
2019-04-10 10:58:59,884 - root - INFO - wrong query:insert into "HN1.dbo.vw_origin_ccvs" values (:rowNum,:CCV, :NRO_SOLICI, :DELETED)inserting data
2019-04-10 10:58:59,884 - root - ERROR - >>>>>>>>>>>>>>> issue with insert query ('The SQL contains 0 parameter markers, but 1998 parameters were supplied', 'HY000')
2019-04-10 10:58:59,893 - root - INFO - wrong query:insert into "HN1.dbo.vw_origin_ccvs" values (:rowNum,:CCV, :NRO_SOLICI, :DELETED)inserting data
2019-04-10 10:58:59,893 - root - ERROR - >>>>>>>>>>>>>>> issue with insert query ('The SQL contains 0 parameter markers, but 1998 parameters were supplied', 'HY000')
2019-04-10 10:58:59,902 - root - INFO - wrong query:insert into "HN1.dbo.vw_origin_ccvs" values (:rowNum,:CCV, :NRO_SOLICI, :DELETED)inserting data
2019-04-10 10:58:59,902 - root - ERROR - >>>>>>>>>>>>>>> issue with insert query ('The SQL contains 0 parameter markers, but 1998 parameters were supplied', 'HY000')
2019-04-10 10:58:59,910 - root - INFO - wrong query:insert into "HN1.dbo.vw_origin_ccvs" values (:rowNum,:CCV, :NRO_SOLICI, :DELETED)inserting data
2019-04-10 10:58:59,910 - root - ERROR - >>>>>>>>>>>>>>> issue with insert query ('The SQL contains 0 parameter markers, but 1998 parameters were supplied', 'HY000')
2019-04-10 10:58:59,918 - root - INFO - wrong query:insert into "HN1.dbo.vw_origin_ccvs" values (:rowNum,:CCV, :NRO_SOLICI, :DELETED)inserting data
2019-04-10 10:58:59,918 - root - ERROR - >>>>>>>>>>>>>>> issue with insert query ('The SQL contains 0 parameter markers, but 1998 parameters were supplied', 'HY000')
2019-04-10 10:58:59,927 - root - INFO - wrong query:insert into "HN1.dbo.vw_origin_ccvs" values (:rowNum,:CCV, :NRO_SOLICI, :DELETED)inserting data
2019-04-10 10:58:59,927 - root - ERROR - >>>>>>>>>>>>>>> issue with insert query ('The SQL contains 0 parameter markers, but 1998 parameters were supplied', 'HY000')
2019-04-10 10:58:59,935 - root - INFO - wrong query:insert into "HN1.dbo.vw_origin_ccvs" values (:rowNum,:CCV, :NRO_SOLICI, :DELETED)inserting data
2019-04-10 10:58:59,935 - root - ERROR - >>>>>>>>>>>>>>> issue with insert query ('The SQL contains 0 parameter markers, but 1998 parameters were supplied', 'HY000')
2019-04-10 10:58:59,948 - root - INFO - wrong query:insert into "HN1.dbo.vw_origin_ccvs" values (:rowNum,:CCV, :NRO_SOLICI, :DELETED)inserting data
2019-04-10 10:58:59,948 - root - ERROR - >>>>>>>>>>>>>>> issue with insert query ('The SQL contains 0 parameter markers, but 1998 parameters were supplied', 'HY000')
2019-04-10 10:58:59,957 - root - INFO - wrong query:insert into "HN1.dbo.vw_origin_ccvs" values (:rowNum,:CCV, :NRO_SOLICI, :DELETED)inserting data
2019-04-10 10:58:59,957 - root - ERROR - >>>>>>>>>>>>>>> issue with insert query ('The SQL contains 0 parameter markers, but 1998 parameters were supplied', 'HY000')
2019-04-10 10:58:59,965 - root - INFO - wrong query:insert into "HN1.dbo.vw_origin_ccvs" values (:rowNum,:CCV, :NRO_SOLICI, :DELETED)inserting data
2019-04-10 10:58:59,966 - root - ERROR - >>>>>>>>>>>>>>> issue with insert query ('The SQL contains 0 parameter markers, but 1998 parameters were supplied', 'HY000')
2019-04-10 10:58:59,974 - root - INFO - wrong query:insert into "HN1.dbo.vw_origin_ccvs" values (:rowNum,:CCV, :NRO_SOLICI, :DELETED)inserting data
2019-04-10 10:58:59,974 - root - ERROR - >>>>>>>>>>>>>>> issue with insert query ('The SQL contains 0 parameter markers, but 1998 parameters were supplied', 'HY000')
2019-04-10 10:58:59,983 - root - INFO - wrong query:insert into "HN1.dbo.vw_origin_ccvs" values (:rowNum,:CCV, :NRO_SOLICI, :DELETED)inserting data
2019-04-10 10:58:59,983 - root - ERROR - >>>>>>>>>>>>>>> issue with insert query ('The SQL contains 0 parameter markers, but 1998 parameters were supplied', 'HY000')
2019-04-10 10:58:59,991 - root - INFO - wrong query:insert into "HN1.dbo.vw_origin_ccvs" values (:rowNum,:CCV, :NRO_SOLICI, :DELETED)inserting data
2019-04-10 10:58:59,991 - root - ERROR - >>>>>>>>>>>>>>> issue with insert query ('The SQL contains 0 parameter markers, but 1998 parameters were supplied', 'HY000')
2019-04-10 10:58:59,999 - root - INFO - wrong query:insert into "HN1.dbo.vw_origin_ccvs" values (:rowNum,:CCV, :NRO_SOLICI, :DELETED)inserting data
2019-04-10 10:58:59,999 - root - ERROR - >>>>>>>>>>>>>>> issue with insert query ('The SQL contains 0 parameter markers, but 1998 parameters were supplied', 'HY000')
2019-04-10 10:59:00,014 - root - INFO - wrong query:insert into "HN1.dbo.vw_origin_ccvs" values (:rowNum,:CCV, :NRO_SOLICI, :DELETED)inserting data
2019-04-10 10:59:00,014 - root - ERROR - >>>>>>>>>>>>>>> issue with insert query ('The SQL contains 0 parameter markers, but 1998 parameters were supplied', 'HY000')
2019-04-10 10:59:00,023 - root - INFO - wrong query:insert into "HN1.dbo.vw_origin_ccvs" values (:rowNum,:CCV, :NRO_SOLICI, :DELETED)inserting data
2019-04-10 10:59:00,023 - root - ERROR - >>>>>>>>>>>>>>> issue with insert query ('The SQL contains 0 parameter markers, but 1998 parameters were supplied', 'HY000')
2019-04-10 10:59:00,036 - root - INFO - wrong query:insert into "HN1.dbo.vw_origin_ccvs" values (:rowNum,:CCV, :NRO_SOLICI, :DELETED)inserting data
2019-04-10 10:59:00,036 - root - ERROR - >>>>>>>>>>>>>>> issue with insert query ('The SQL contains 0 parameter markers, but 1998 parameters were supplied', 'HY000')
2019-04-10 10:59:00,050 - root - INFO - wrong query:insert into "HN1.dbo.vw_origin_ccvs" values (:rowNum,:CCV, :NRO_SOLICI, :DELETED)inserting data
2019-04-10 10:59:00,050 - root - ERROR - >>>>>>>>>>>>>>> issue with insert query ('The SQL contains 0 parameter markers, but 1998 parameters were supplied', 'HY000')
2019-04-10 10:59:00,058 - root - INFO - wrong query:insert into "HN1.dbo.vw_origin_ccvs" values (:rowNum,:CCV, :NRO_SOLICI, :DELETED)inserting data
2019-04-10 10:59:00,058 - root - ERROR - >>>>>>>>>>>>>>> issue with insert query ('The SQL contains 0 parameter markers, but 1998 parameters were supplied', 'HY000')
2019-04-10 10:59:00,073 - root - INFO - wrong query:insert into "HN1.dbo.vw_origin_ccvs" values (:rowNum,:CCV, :NRO_SOLICI, :DELETED)inserting data
2019-04-10 10:59:00,073 - root - ERROR - >>>>>>>>>>>>>>> issue with insert query ('The SQL contains 0 parameter markers, but 1998 parameters were supplied', 'HY000')
2019-04-10 10:59:00,077 - root - ERROR - >>>>>>>>>>>>>>> issue with table creation:can only concatenate str (not "tuple") to str
2019-04-10 10:59:00,078 - root - WARNING - insert finished
2019-04-10 10:59:00,078 - root - WARNING - connected to Sqlserver.
2019-04-10 10:59:00,078 - root - INFO - Processing: codigos.dbf
2019-04-10 10:59:00,079 - root - INFO - new table to create: "create table HN1.dbo.vw_origin_codigos (rowNum numeric (20), "ID_CODIGO" varchar(max), "CODIGO" varchar(max), "DESCRIPCOD" varchar(max), DELETED varchar (5))"
2019-04-10 10:59:00,081 - root - WARNING - Going to insert to table: codigos
2019-04-10 10:59:00,082 - root - ERROR - >>>>>>>>>>>>>>> issue with table creation:can only concatenate str (not "tuple") to str
2019-04-10 10:59:00,082 - root - WARNING - insert finished
2019-04-10 10:59:00,082 - root - WARNING - connected to Sqlserver.
2019-04-10 10:59:00,082 - root - INFO - Processing: eventab.dbf
2019-04-10 10:59:00,083 - root - INFO - new table to create: "create table HN1.dbo.vw_origin_eventab (rowNum numeric (20), "EVENTO" varchar(max), "DESCRIP" varchar(max), "TIPO_EVENT" varchar(max), "INFO_ADI" varchar(max), "ETI_COMENT" varchar(max), "ETI_NUMERO" varchar(max), DELETED varchar (5))"
2019-04-10 10:59:00,085 - root - WARNING - Going to insert to table: eventab
2019-04-10 10:59:00,088 - root - ERROR - >>>>>>>>>>>>>>> issue with table creation:can only concatenate str (not "tuple") to str
2019-04-10 10:59:00,088 - root - WARNING - insert finished
2019-04-10 10:59:00,088 - root - WARNING - connected to Sqlserver.
2019-04-10 10:59:00,088 - root - INFO - Processing: marca.DBF
2019-04-10 10:59:00,090 - root - INFO - new table to create: "create table HN1.dbo.vw_origin_marca (rowNum numeric (20), "NRO_SOLICI" varchar(max), "SOLICITADA" varchar(max), "TIPO_MARCA" varchar(max), "SIGNO" varchar(max), "NOM_MARCA" varchar(max), "REGISTRO" varchar(max), "REGISTRADA" varchar(max), "RENUEVA" varchar(max), "EXPIRA" varchar(max), "AGENTE" varchar(max), "STATUS" varchar(max), "STAT_DESDE" varchar(max), "PESO_RASGO" varchar(max), "LARFON" varchar(max), "PESO_R" varchar(max), "PUBLICADA" varchar(max), "DIARIO" varchar(max), "LIMITACION" varchar(max), "HORA" varchar(max), "RTOMO" varchar(max), "RFOLIO" varchar(max), "RESERVA" varchar(max), "NRO_PODER" varchar(max), "MODIFICA" varchar(max), "NRO_GACETA" varchar(max), "QUIEN" varchar(max), "CALIDAD" varchar(max), "CLASE" varchar(max), "MODIFICADO" varchar(max), "ANUALIDAD" varchar(max), "NRO_RESOL" varchar(max), "LEY" varchar(max), "CLASES_TXT" varchar(max), DELETED varchar (5))"
2019-04-10 10:59:00,092 - root - WARNING - Going to insert to table: marca
2019-04-10 10:59:00,514 - root - INFO - wrong query:insert into "HN1.dbo.vw_origin_marca" values (:rowNum,:NRO_SOLICI, :SOLICITADA, :TIPO_MARCA, :SIGNO, :NOM_MARCA, :REGISTRO, :REGISTRADA, :RENUEVA, :EXPIRA, :AGENTE, :STATUS, :STAT_DESDE, :PESO_RASGO, :LARFON, :PESO_R, :PUBLICADA, :DIARIO, :LIMITACION, :HORA, :RTOMO, :RFOLIO, :RESERVA, :NRO_PODER, :MODIFICA, :NRO_GACETA, :QUIEN, :CALIDAD, :CLASE, :MODIFICADO, :ANUALIDAD, :NRO_RESOL, :LEY, :CLASES_TXT, :DELETED)inserting data
2019-04-10 10:59:00,514 - root - ERROR - >>>>>>>>>>>>>>> issue with insert query ('The SQL contains 0 parameter markers, but 33000 parameters were supplied', 'HY000')
2019-04-10 10:59:00,915 - root - INFO - wrong query:insert into "HN1.dbo.vw_origin_marca" values (:rowNum,:NRO_SOLICI, :SOLICITADA, :TIPO_MARCA, :SIGNO, :NOM_MARCA, :REGISTRO, :REGISTRADA, :RENUEVA, :EXPIRA, :AGENTE, :STATUS, :STAT_DESDE, :PESO_RASGO, :LARFON, :PESO_R, :PUBLICADA, :DIARIO, :LIMITACION, :HORA, :RTOMO, :RFOLIO, :RESERVA, :NRO_PODER, :MODIFICA, :NRO_GACETA, :QUIEN, :CALIDAD, :CLASE, :MODIFICADO, :ANUALIDAD, :NRO_RESOL, :LEY, :CLASES_TXT, :DELETED)inserting data
2019-04-10 10:59:00,916 - root - ERROR - >>>>>>>>>>>>>>> issue with insert query ('The SQL contains 0 parameter markers, but 32967 parameters were supplied', 'HY000')
2019-04-10 10:59:01,328 - root - INFO - wrong query:insert into "HN1.dbo.vw_origin_marca" values (:rowNum,:NRO_SOLICI, :SOLICITADA, :TIPO_MARCA, :SIGNO, :NOM_MARCA, :REGISTRO, :REGISTRADA, :RENUEVA, :EXPIRA, :AGENTE, :STATUS, :STAT_DESDE, :PESO_RASGO, :LARFON, :PESO_R, :PUBLICADA, :DIARIO, :LIMITACION, :HORA, :RTOMO, :RFOLIO, :RESERVA, :NRO_PODER, :MODIFICA, :NRO_GACETA, :QUIEN, :CALIDAD, :CLASE, :MODIFICADO, :ANUALIDAD, :NRO_RESOL, :LEY, :CLASES_TXT, :DELETED)inserting data
2019-04-10 10:59:01,328 - root - ERROR - >>>>>>>>>>>>>>> issue with insert query ('The SQL contains 0 parameter markers, but 32967 parameters were supplied', 'HY000')
2019-04-10 10:59:01,725 - root - INFO - wrong query:insert into "HN1.dbo.vw_origin_marca" values (:rowNum,:NRO_SOLICI, :SOLICITADA, :TIPO_MARCA, :SIGNO, :NOM_MARCA, :REGISTRO, :REGISTRADA, :RENUEVA, :EXPIRA, :AGENTE, :STATUS, :STAT_DESDE, :PESO_RASGO, :LARFON, :PESO_R, :PUBLICADA, :DIARIO, :LIMITACION, :HORA, :RTOMO, :RFOLIO, :RESERVA, :NRO_PODER, :MODIFICA, :NRO_GACETA, :QUIEN, :CALIDAD, :CLASE, :MODIFICADO, :ANUALIDAD, :NRO_RESOL, :LEY, :CLASES_TXT, :DELETED)inserting data
2019-04-10 10:59:01,725 - root - ERROR - >>>>>>>>>>>>>>> issue with insert query ('The SQL contains 0 parameter markers, but 32967 parameters were supplied', 'HY000')
2019-04-10 10:59:02,154 - root - INFO - wrong query:insert into "HN1.dbo.vw_origin_marca" values (:rowNum,:NRO_SOLICI, :SOLICITADA, :TIPO_MARCA, :SIGNO, :NOM_MARCA, :REGISTRO, :REGISTRADA, :RENUEVA, :EXPIRA, :AGENTE, :STATUS, :STAT_DESDE, :PESO_RASGO, :LARFON, :PESO_R, :PUBLICADA, :DIARIO, :LIMITACION, :HORA, :RTOMO, :RFOLIO, :RESERVA, :NRO_PODER, :MODIFICA, :NRO_GACETA, :QUIEN, :CALIDAD, :CLASE, :MODIFICADO, :ANUALIDAD, :NRO_RESOL, :LEY, :CLASES_TXT, :DELETED)inserting data
2019-04-10 10:59:02,155 - root - ERROR - >>>>>>>>>>>>>>> issue with insert query ('The SQL contains 0 parameter markers, but 32967 parameters were supplied', 'HY000')
