2019-04-10 13:25:40,446 - root - WARNING - connected to Sqlserver.
2019-04-10 13:25:40,487 - root - INFO - Connections to database severed
2019-04-10 13:25:40,511 - root - INFO - database dropped
2019-04-10 13:25:40,720 - root - INFO - New Intermediate databas created
2019-04-10 13:25:40,737 - root - WARNING - connected to Sqlserver.
2019-04-10 13:25:40,737 - root - INFO - Processing: agentes.DBF
2019-04-10 13:25:40,739 - root - INFO - new table to create: "create table HN1.dbo.vw_origin_agentes (rowNum numeric (20), "AGENTE" varchar(max), "NOMBRE" varchar(max), "DIRECCION" varchar(max), "CONTACTO" varchar(max), "CALIDAD" varchar(max), DELETED varchar (5))"
2019-04-10 13:25:40,741 - root - WARNING - Going to insert to table: agentes
2019-04-10 13:25:42,779 - root - WARNING - insert finished
2019-04-10 13:25:42,781 - root - WARNING - connected to Sqlserver.
2019-04-10 13:25:42,781 - root - INFO - Processing: ccvs.DBF
2019-04-10 13:25:42,782 - root - INFO - new table to create: "create table HN1.dbo.vw_origin_ccvs (rowNum numeric (20), "CCV" varchar(max), "NRO_SOLICI" varchar(max), DELETED varchar (5))"
2019-04-10 13:25:42,784 - root - WARNING - Going to insert to table: ccvs
2019-04-10 13:25:52,802 - root - WARNING - insert finished
2019-04-10 13:25:52,802 - root - WARNING - connected to Sqlserver.
2019-04-10 13:25:52,802 - root - INFO - Processing: codigos.dbf
2019-04-10 13:25:52,804 - root - INFO - new table to create: "create table HN1.dbo.vw_origin_codigos (rowNum numeric (20), "ID_CODIGO" varchar(max), "CODIGO" varchar(max), "DESCRIPCOD" varchar(max), DELETED varchar (5))"
2019-04-10 13:25:52,805 - root - WARNING - Going to insert to table: codigos
2019-04-10 13:25:52,814 - root - WARNING - insert finished
2019-04-10 13:25:52,815 - root - WARNING - connected to Sqlserver.
2019-04-10 13:25:52,815 - root - INFO - Processing: eventab.dbf
2019-04-10 13:25:52,816 - root - INFO - new table to create: "create table HN1.dbo.vw_origin_eventab (rowNum numeric (20), "EVENTO" varchar(max), "DESCRIP" varchar(max), "TIPO_EVENT" varchar(max), "INFO_ADI" varchar(max), "ETI_COMENT" varchar(max), "ETI_NUMERO" varchar(max), DELETED varchar (5))"
2019-04-10 13:25:52,817 - root - WARNING - Going to insert to table: eventab
2019-04-10 13:25:52,844 - root - WARNING - insert finished
2019-04-10 13:25:52,844 - root - WARNING - connected to Sqlserver.
2019-04-10 13:25:52,844 - root - INFO - Processing: marca.DBF
2019-04-10 13:25:52,846 - root - INFO - new table to create: "create table HN1.dbo.vw_origin_marca (rowNum numeric (20), "NRO_SOLICI" varchar(max), "SOLICITADA" varchar(max), "TIPO_MARCA" varchar(max), "SIGNO" varchar(max), "NOM_MARCA" varchar(max), "REGISTRO" varchar(max), "REGISTRADA" varchar(max), "RENUEVA" varchar(max), "EXPIRA" varchar(max), "AGENTE" varchar(max), "STATUS" varchar(max), "STAT_DESDE" varchar(max), "PESO_RASGO" varchar(max), "LARFON" varchar(max), "PESO_R" varchar(max), "PUBLICADA" varchar(max), "DIARIO" varchar(max), "LIMITACION" varchar(max), "HORA" varchar(max), "RTOMO" varchar(max), "RFOLIO" varchar(max), "RESERVA" varchar(max), "NRO_PODER" varchar(max), "MODIFICA" varchar(max), "NRO_GACETA" varchar(max), "QUIEN" varchar(max), "CALIDAD" varchar(max), "CLASE" varchar(max), "MODIFICADO" varchar(max), "ANUALIDAD" varchar(max), "NRO_RESOL" varchar(max), "LEY" varchar(max), "CLASES_TXT" varchar(max), DELETED varchar (5))"
2019-04-10 13:25:52,848 - root - WARNING - Going to insert to table: marca
2019-04-10 13:26:13,031 - root - ERROR - records[79523]['STAT_DESDE'] == InvalidValue(b'00001228')
2019-04-10 13:26:13,768 - root - ERROR - records[82440]['REGISTRADA'] == InvalidValue(b'00001229')
2019-04-10 13:26:13,768 - root - ERROR - records[82440]['STAT_DESDE'] == InvalidValue(b'00001229')
2019-04-10 13:26:49,922 - root - WARNING - insert finished
2019-04-10 13:26:49,923 - root - WARNING - connected to Sqlserver.
2019-04-10 13:26:49,923 - root - INFO - Processing: migracio.dbf
2019-04-10 13:26:49,924 - root - INFO - new table to create: "create table HN1.dbo.vw_origin_migracio (rowNum numeric (20), "STATUS_INI" varchar(max), "EVENTO" varchar(max), "STATUS_FIN" varchar(max), "TRAMITE" varchar(max), DELETED varchar (5))"
2019-04-10 13:26:49,925 - root - WARNING - Going to insert to table: migracio
2019-04-10 13:26:49,949 - root - WARNING - insert finished
2019-04-10 13:26:49,949 - root - WARNING - connected to Sqlserver.
2019-04-10 13:26:49,949 - root - INFO - Processing: movimi.DBF
2019-04-10 13:26:49,952 - root - INFO - new table to create: "create table HN1.dbo.vw_origin_movimi (rowNum numeric (20), "NRO_SOLICI" varchar(max), "COMENTARIO" varchar(max), "F_EVENTO" varchar(max), "F_VENCIM" varchar(max), "F_TRANS" varchar(max), "NRO_MOV" varchar(max), "EVENTO" varchar(max), "STATUS" varchar(max), "HORA" varchar(max), "DOCUMENTO" varchar(max), "USUARIO" varchar(max), "N_ENTRADA" varchar(max), DELETED varchar (5))"
2019-04-10 13:26:49,953 - root - WARNING - Going to insert to table: movimi
2019-04-10 13:27:12,811 - root - ERROR - records[121364]['F_EVENTO'] == InvalidValue(b'00001228')
2019-04-10 13:27:12,819 - root - ERROR - records[121654]['F_EVENTO'] == InvalidValue(b'00001229')
2019-04-10 13:27:23,952 - root - ERROR - records[178956]['F_EVENTO'] == InvalidValue(b'\x00\x00\x00\x00\x00\x00\x00\x00')
2019-04-10 13:27:23,953 - root - ERROR - records[178956]['F_VENCIM'] == InvalidValue(b'\x00\x00\x00\x00\x00\x00\x00\x00')
2019-04-10 13:27:23,953 - root - ERROR - records[178956]['F_TRANS'] == InvalidValue(b'\x00\x00\x00\x00\x00\x00\x00\x00')
2019-04-10 13:27:30,993 - root - ERROR - records[215740]['F_EVENTO'] == InvalidValue(b'\x00\x00\x00\x00\x00\x00\x00\x00')
2019-04-10 13:27:30,994 - root - ERROR - records[215740]['F_VENCIM'] == InvalidValue(b'\x00\x00\x00\x00\x00\x00\x00\x00')
2019-04-10 13:27:30,994 - root - ERROR - records[215740]['F_TRANS'] == InvalidValue(b'\x00\x00\x00\x00\x00\x00\x00\x00')
2019-04-10 13:27:30,994 - root - ERROR - records[215741]['F_EVENTO'] == InvalidValue(b'\x00\x00\x00\x00\x00\x00\x00\x00')
2019-04-10 13:27:30,994 - root - ERROR - records[215741]['F_VENCIM'] == InvalidValue(b'\x00\x00\x00\x00\x00\x00\x00\x00')
2019-04-10 13:27:30,994 - root - ERROR - records[215741]['F_TRANS'] == InvalidValue(b'\x00\x00\x00\x00\x00\x00\x00\x00')
2019-04-10 13:27:32,310 - root - ERROR - records[222679]['F_EVENTO'] == InvalidValue(b'\x00\x00\x00\x00\x00\x00\x00\x00')
2019-04-10 13:27:32,310 - root - ERROR - records[222679]['F_VENCIM'] == InvalidValue(b'\x00\x00\x00\x00\x00\x00\x00\x00')
2019-04-10 13:27:32,310 - root - ERROR - records[222679]['F_TRANS'] == InvalidValue(b'\x00\x00\x00\x00\x00\x00\x00\x00')
2019-04-10 13:27:32,310 - root - ERROR - records[222680]['F_EVENTO'] == InvalidValue(b'\x00\x00\x00\x00\x00\x00\x00\x00')
2019-04-10 13:27:32,310 - root - ERROR - records[222680]['F_VENCIM'] == InvalidValue(b'\x00\x00\x00\x00\x00\x00\x00\x00')
2019-04-10 13:27:32,310 - root - ERROR - records[222680]['F_TRANS'] == InvalidValue(b'\x00\x00\x00\x00\x00\x00\x00\x00')
2019-04-10 13:27:32,310 - root - ERROR - records[222681]['F_EVENTO'] == InvalidValue(b'\x00\x00\x00\x00\x00\x00\x00\x00')
2019-04-10 13:27:32,311 - root - ERROR - records[222681]['F_VENCIM'] == InvalidValue(b'\x00\x00\x00\x00\x00\x00\x00\x00')
2019-04-10 13:27:32,311 - root - ERROR - records[222681]['F_TRANS'] == InvalidValue(b'\x00\x00\x00\x00\x00\x00\x00\x00')
