2019-04-10 13:48:17,554 - root - WARNING - connected to Sqlserver.
2019-04-10 13:48:17,559 - root - INFO - Connections to database severed
2019-04-10 13:48:17,581 - root - INFO - database dropped
2019-04-10 13:48:17,781 - root - INFO - New Intermediate databas created
2019-04-10 13:48:17,797 - root - WARNING - connected to Sqlserver.
2019-04-10 13:48:17,798 - root - INFO - Processing: agentes.DBF
2019-04-10 13:48:17,800 - root - INFO - new table to create: "create table HN1.dbo.vw_origin_agentes (rowNum numeric (20), "AGENTE" varchar(max), "NOMBRE" varchar(max), "DIRECCION" varchar(max), "CONTACTO" varchar(max), "CALIDAD" varchar(max), DELETED varchar (5))"
2019-04-10 13:48:17,802 - root - WARNING - Going to insert to table: agentes
2019-04-10 13:48:19,893 - root - WARNING - insert finished
2019-04-10 13:48:19,896 - root - WARNING - connected to Sqlserver.
2019-04-10 13:48:19,896 - root - INFO - Processing: ccvs.DBF
2019-04-10 13:48:19,897 - root - INFO - new table to create: "create table HN1.dbo.vw_origin_ccvs (rowNum numeric (20), "CCV" varchar(max), "NRO_SOLICI" varchar(max), DELETED varchar (5))"
2019-04-10 13:48:19,898 - root - WARNING - Going to insert to table: ccvs
2019-04-10 13:48:38,041 - root - WARNING - connected to Sqlserver.
2019-04-10 13:48:38,078 - root - INFO - Connections to database severed
2019-04-10 13:48:38,101 - root - INFO - database dropped
2019-04-10 13:48:38,297 - root - INFO - New Intermediate databas created
2019-04-10 13:48:38,313 - root - WARNING - connected to Sqlserver.
2019-04-10 13:48:38,314 - root - INFO - Processing: agentes.DBF
2019-04-10 13:48:38,316 - root - INFO - new table to create: "create table HN1.dbo.vw_origin_agentes (rowNum numeric (20), "AGENTE" varchar(max), "NOMBRE" varchar(max), "DIRECCION" varchar(max), "CONTACTO" varchar(max), "CALIDAD" varchar(max), DELETED varchar (5))"
2019-04-10 13:48:38,318 - root - WARNING - Going to insert to table: agentes
2019-04-10 13:48:40,364 - root - WARNING - insert finished
2019-04-10 13:48:40,367 - root - WARNING - connected to Sqlserver.
2019-04-10 13:48:40,367 - root - INFO - Processing: ccvs.DBF
2019-04-10 13:48:40,368 - root - INFO - new table to create: "create table HN1.dbo.vw_origin_ccvs (rowNum numeric (20), "CCV" varchar(max), "NRO_SOLICI" varchar(max), DELETED varchar (5))"
2019-04-10 13:48:40,369 - root - WARNING - Going to insert to table: ccvs
2019-04-10 13:48:50,366 - root - WARNING - insert finished
2019-04-10 13:48:50,366 - root - WARNING - connected to Sqlserver.
2019-04-10 13:48:50,366 - root - INFO - Processing: codigos.dbf
2019-04-10 13:48:50,367 - root - INFO - new table to create: "create table HN1.dbo.vw_origin_codigos (rowNum numeric (20), "ID_CODIGO" varchar(max), "CODIGO" varchar(max), "DESCRIPCOD" varchar(max), DELETED varchar (5))"
2019-04-10 13:48:50,368 - root - WARNING - Going to insert to table: codigos
2019-04-10 13:48:50,377 - root - WARNING - insert finished
2019-04-10 13:48:50,377 - root - WARNING - connected to Sqlserver.
2019-04-10 13:48:50,377 - root - INFO - Processing: eventab.dbf
2019-04-10 13:48:50,378 - root - INFO - new table to create: "create table HN1.dbo.vw_origin_eventab (rowNum numeric (20), "EVENTO" varchar(max), "DESCRIP" varchar(max), "TIPO_EVENT" varchar(max), "INFO_ADI" varchar(max), "ETI_COMENT" varchar(max), "ETI_NUMERO" varchar(max), DELETED varchar (5))"
2019-04-10 13:48:50,379 - root - WARNING - Going to insert to table: eventab
2019-04-10 13:48:50,407 - root - WARNING - insert finished
2019-04-10 13:48:50,407 - root - WARNING - connected to Sqlserver.
2019-04-10 13:48:50,407 - root - INFO - Processing: marca.DBF
2019-04-10 13:48:50,409 - root - INFO - new table to create: "create table HN1.dbo.vw_origin_marca (rowNum numeric (20), "NRO_SOLICI" varchar(max), "SOLICITADA" varchar(max), "TIPO_MARCA" varchar(max), "SIGNO" varchar(max), "NOM_MARCA" varchar(max), "REGISTRO" varchar(max), "REGISTRADA" varchar(max), "RENUEVA" varchar(max), "EXPIRA" varchar(max), "AGENTE" varchar(max), "STATUS" varchar(max), "STAT_DESDE" varchar(max), "PESO_RASGO" varchar(max), "LARFON" varchar(max), "PESO_R" varchar(max), "PUBLICADA" varchar(max), "DIARIO" varchar(max), "LIMITACION" varchar(max), "HORA" varchar(max), "RTOMO" varchar(max), "RFOLIO" varchar(max), "RESERVA" varchar(max), "NRO_PODER" varchar(max), "MODIFICA" varchar(max), "NRO_GACETA" varchar(max), "QUIEN" varchar(max), "CALIDAD" varchar(max), "CLASE" varchar(max), "MODIFICADO" varchar(max), "ANUALIDAD" varchar(max), "NRO_RESOL" varchar(max), "LEY" varchar(max), "CLASES_TXT" varchar(max), DELETED varchar (5))"
2019-04-10 13:48:50,411 - root - WARNING - Going to insert to table: marca
2019-04-10 13:48:50,411 - root - ERROR - >>>>>>>>>>>>>>> issue with table creation:'datetime.date' object has no attribute 'strip'
2019-04-10 13:48:50,411 - root - WARNING - insert finished
2019-04-10 13:48:50,411 - root - WARNING - connected to Sqlserver.
2019-04-10 13:48:50,411 - root - INFO - Processing: migracio.dbf
2019-04-10 13:48:50,413 - root - INFO - new table to create: "create table HN1.dbo.vw_origin_migracio (rowNum numeric (20), "STATUS_INI" varchar(max), "EVENTO" varchar(max), "STATUS_FIN" varchar(max), "TRAMITE" varchar(max), DELETED varchar (5))"
2019-04-10 13:48:50,414 - root - WARNING - Going to insert to table: migracio
2019-04-10 13:48:50,440 - root - WARNING - insert finished
2019-04-10 13:48:50,440 - root - WARNING - connected to Sqlserver.
2019-04-10 13:48:50,440 - root - INFO - Processing: movimi.DBF
2019-04-10 13:48:50,442 - root - INFO - new table to create: "create table HN1.dbo.vw_origin_movimi (rowNum numeric (20), "NRO_SOLICI" varchar(max), "COMENTARIO" varchar(max), "F_EVENTO" varchar(max), "F_VENCIM" varchar(max), "F_TRANS" varchar(max), "NRO_MOV" varchar(max), "EVENTO" varchar(max), "STATUS" varchar(max), "HORA" varchar(max), "DOCUMENTO" varchar(max), "USUARIO" varchar(max), "N_ENTRADA" varchar(max), DELETED varchar (5))"
2019-04-10 13:48:50,443 - root - WARNING - Going to insert to table: movimi
2019-04-10 13:48:50,444 - root - ERROR - >>>>>>>>>>>>>>> issue with table creation:'datetime.date' object has no attribute 'strip'
2019-04-10 13:48:50,444 - root - WARNING - insert finished
2019-04-10 13:48:50,444 - root - WARNING - connected to Sqlserver.
2019-04-10 13:48:50,444 - root - INFO - Processing: nuenoms.DBF
2019-04-10 13:48:50,445 - root - INFO - new table to create: "create table HN1.dbo.vw_origin_nuenoms (rowNum numeric (20), "NUM_SERIE" varchar(max), "TITULAR" varchar(max), DELETED varchar (5))"
2019-04-10 13:48:50,446 - root - WARNING - Going to insert to table: nuenoms
