2019-04-10 11:10:11,580 - root - WARNING - connected to Sqlserver.
2019-04-10 11:10:11,585 - root - INFO - Connections to database severed
2019-04-10 11:10:11,607 - root - INFO - database dropped
2019-04-10 11:10:11,875 - root - INFO - New Intermediate databas created
2019-04-10 11:10:11,892 - root - WARNING - connected to Sqlserver.
2019-04-10 11:10:11,892 - root - INFO - Processing: agentes.DBF
2019-04-10 11:10:11,895 - root - INFO - new table to create: "create table HN1.dbo.vw_origin_agentes (rowNum numeric (20), "AGENTE" varchar(max), "NOMBRE" varchar(max), "DIRECCION" varchar(max), "CONTACTO" varchar(max), "CALIDAD" varchar(max), DELETED varchar (5))"
2019-04-10 11:10:11,897 - root - WARNING - Going to insert to table: agentes
2019-04-10 11:10:11,918 - root - INFO - wrong query:INSERT INTO HN1.dbo.vw_origin_agentes(rowNum,AGENTE, NOMBRE, DIRECCION, CONTACTO, CALIDAD, DELETED) VALUES inserting data
2019-04-10 11:10:11,918 - root - ERROR - >>>>>>>>>>>>>>> issue with insert query ('The SQL contains 0 parameter markers, but 1 parameters were supplied', 'HY000')
2019-04-10 11:10:11,937 - root - INFO - wrong query:INSERT INTO HN1.dbo.vw_origin_agentes(rowNum,AGENTE, NOMBRE, DIRECCION, CONTACTO, CALIDAD, DELETED) VALUES inserting data
2019-04-10 11:10:11,938 - root - ERROR - >>>>>>>>>>>>>>> issue with insert query ('The SQL contains 0 parameter markers, but 1 parameters were supplied', 'HY000')
2019-04-10 11:10:11,957 - root - INFO - wrong query:INSERT INTO HN1.dbo.vw_origin_agentes(rowNum,AGENTE, NOMBRE, DIRECCION, CONTACTO, CALIDAD, DELETED) VALUES inserting data
2019-04-10 11:10:11,958 - root - ERROR - >>>>>>>>>>>>>>> issue with insert query ('The SQL contains 0 parameter markers, but 1 parameters were supplied', 'HY000')
2019-04-10 11:10:11,977 - root - INFO - wrong query:INSERT INTO HN1.dbo.vw_origin_agentes(rowNum,AGENTE, NOMBRE, DIRECCION, CONTACTO, CALIDAD, DELETED) VALUES inserting data
2019-04-10 11:10:11,977 - root - ERROR - >>>>>>>>>>>>>>> issue with insert query ('The SQL contains 0 parameter markers, but 1 parameters were supplied', 'HY000')
2019-04-10 11:10:11,996 - root - INFO - wrong query:INSERT INTO HN1.dbo.vw_origin_agentes(rowNum,AGENTE, NOMBRE, DIRECCION, CONTACTO, CALIDAD, DELETED) VALUES inserting data
2019-04-10 11:10:11,996 - root - ERROR - >>>>>>>>>>>>>>> issue with insert query ('The SQL contains 0 parameter markers, but 1 parameters were supplied', 'HY000')
2019-04-10 11:10:12,015 - root - INFO - wrong query:INSERT INTO HN1.dbo.vw_origin_agentes(rowNum,AGENTE, NOMBRE, DIRECCION, CONTACTO, CALIDAD, DELETED) VALUES inserting data
2019-04-10 11:10:12,015 - root - ERROR - >>>>>>>>>>>>>>> issue with insert query ('The SQL contains 0 parameter markers, but 1 parameters were supplied', 'HY000')
2019-04-10 11:10:12,034 - root - INFO - wrong query:INSERT INTO HN1.dbo.vw_origin_agentes(rowNum,AGENTE, NOMBRE, DIRECCION, CONTACTO, CALIDAD, DELETED) VALUES inserting data
2019-04-10 11:10:12,034 - root - ERROR - >>>>>>>>>>>>>>> issue with insert query ('The SQL contains 0 parameter markers, but 1 parameters were supplied', 'HY000')
2019-04-10 11:10:12,054 - root - INFO - wrong query:INSERT INTO HN1.dbo.vw_origin_agentes(rowNum,AGENTE, NOMBRE, DIRECCION, CONTACTO, CALIDAD, DELETED) VALUES inserting data
2019-04-10 11:10:12,054 - root - ERROR - >>>>>>>>>>>>>>> issue with insert query ('The SQL contains 0 parameter markers, but 1 parameters were supplied', 'HY000')
2019-04-10 11:10:12,073 - root - INFO - wrong query:INSERT INTO HN1.dbo.vw_origin_agentes(rowNum,AGENTE, NOMBRE, DIRECCION, CONTACTO, CALIDAD, DELETED) VALUES inserting data
2019-04-10 11:10:12,073 - root - ERROR - >>>>>>>>>>>>>>> issue with insert query ('The SQL contains 0 parameter markers, but 1 parameters were supplied', 'HY000')
2019-04-10 11:10:12,092 - root - INFO - wrong query:INSERT INTO HN1.dbo.vw_origin_agentes(rowNum,AGENTE, NOMBRE, DIRECCION, CONTACTO, CALIDAD, DELETED) VALUES inserting data
2019-04-10 11:10:12,092 - root - ERROR - >>>>>>>>>>>>>>> issue with insert query ('The SQL contains 0 parameter markers, but 1 parameters were supplied', 'HY000')
2019-04-10 11:10:12,111 - root - INFO - wrong query:INSERT INTO HN1.dbo.vw_origin_agentes(rowNum,AGENTE, NOMBRE, DIRECCION, CONTACTO, CALIDAD, DELETED) VALUES inserting data
2019-04-10 11:10:12,111 - root - ERROR - >>>>>>>>>>>>>>> issue with insert query ('The SQL contains 0 parameter markers, but 1 parameters were supplied', 'HY000')
2019-04-10 11:10:12,113 - root - ERROR - >>>>>>>>>>>>>>> issue with table creation:can only concatenate str (not "tuple") to str
2019-04-10 11:10:12,113 - root - WARNING - insert finished
2019-04-10 11:10:12,116 - root - WARNING - connected to Sqlserver.
2019-04-10 11:10:12,116 - root - INFO - Processing: ccvs.DBF
2019-04-10 11:10:12,117 - root - INFO - new table to create: "create table HN1.dbo.vw_origin_ccvs (rowNum numeric (20), "CCV" varchar(max), "NRO_SOLICI" varchar(max), DELETED varchar (5))"
2019-04-10 11:10:12,120 - root - WARNING - Going to insert to table: ccvs
2019-04-10 11:10:12,128 - root - INFO - wrong query:INSERT INTO HN1.dbo.vw_origin_ccvs(rowNum,CCV, NRO_SOLICI, DELETED) VALUES inserting data
2019-04-10 11:10:12,129 - root - ERROR - >>>>>>>>>>>>>>> issue with insert query ('The SQL contains 0 parameter markers, but 1 parameters were supplied', 'HY000')
2019-04-10 11:10:12,137 - root - INFO - wrong query:INSERT INTO HN1.dbo.vw_origin_ccvs(rowNum,CCV, NRO_SOLICI, DELETED) VALUES inserting data
2019-04-10 11:10:12,137 - root - ERROR - >>>>>>>>>>>>>>> issue with insert query ('The SQL contains 0 parameter markers, but 1 parameters were supplied', 'HY000')
2019-04-10 11:10:12,145 - root - INFO - wrong query:INSERT INTO HN1.dbo.vw_origin_ccvs(rowNum,CCV, NRO_SOLICI, DELETED) VALUES inserting data
2019-04-10 11:10:12,146 - root - ERROR - >>>>>>>>>>>>>>> issue with insert query ('The SQL contains 0 parameter markers, but 1 parameters were supplied', 'HY000')
2019-04-10 11:10:12,153 - root - INFO - wrong query:INSERT INTO HN1.dbo.vw_origin_ccvs(rowNum,CCV, NRO_SOLICI, DELETED) VALUES inserting data
2019-04-10 11:10:12,153 - root - ERROR - >>>>>>>>>>>>>>> issue with insert query ('The SQL contains 0 parameter markers, but 1 parameters were supplied', 'HY000')
2019-04-10 11:10:12,162 - root - INFO - wrong query:INSERT INTO HN1.dbo.vw_origin_ccvs(rowNum,CCV, NRO_SOLICI, DELETED) VALUES inserting data
2019-04-10 11:10:12,162 - root - ERROR - >>>>>>>>>>>>>>> issue with insert query ('The SQL contains 0 parameter markers, but 1 parameters were supplied', 'HY000')
2019-04-10 11:10:12,170 - root - INFO - wrong query:INSERT INTO HN1.dbo.vw_origin_ccvs(rowNum,CCV, NRO_SOLICI, DELETED) VALUES inserting data
2019-04-10 11:10:12,170 - root - ERROR - >>>>>>>>>>>>>>> issue with insert query ('The SQL contains 0 parameter markers, but 1 parameters were supplied', 'HY000')
2019-04-10 11:10:12,179 - root - INFO - wrong query:INSERT INTO HN1.dbo.vw_origin_ccvs(rowNum,CCV, NRO_SOLICI, DELETED) VALUES inserting data
2019-04-10 11:10:12,179 - root - ERROR - >>>>>>>>>>>>>>> issue with insert query ('The SQL contains 0 parameter markers, but 1 parameters were supplied', 'HY000')
2019-04-10 11:10:12,188 - root - INFO - wrong query:INSERT INTO HN1.dbo.vw_origin_ccvs(rowNum,CCV, NRO_SOLICI, DELETED) VALUES inserting data
2019-04-10 11:10:12,188 - root - ERROR - >>>>>>>>>>>>>>> issue with insert query ('The SQL contains 0 parameter markers, but 1 parameters were supplied', 'HY000')
2019-04-10 11:10:12,197 - root - INFO - wrong query:INSERT INTO HN1.dbo.vw_origin_ccvs(rowNum,CCV, NRO_SOLICI, DELETED) VALUES inserting data
2019-04-10 11:10:12,197 - root - ERROR - >>>>>>>>>>>>>>> issue with insert query ('The SQL contains 0 parameter markers, but 1 parameters were supplied', 'HY000')
2019-04-10 11:10:12,206 - root - INFO - wrong query:INSERT INTO HN1.dbo.vw_origin_ccvs(rowNum,CCV, NRO_SOLICI, DELETED) VALUES inserting data
2019-04-10 11:10:12,206 - root - ERROR - >>>>>>>>>>>>>>> issue with insert query ('The SQL contains 0 parameter markers, but 1 parameters were supplied', 'HY000')
2019-04-10 11:10:12,214 - root - INFO - wrong query:INSERT INTO HN1.dbo.vw_origin_ccvs(rowNum,CCV, NRO_SOLICI, DELETED) VALUES inserting data
2019-04-10 11:10:12,214 - root - ERROR - >>>>>>>>>>>>>>> issue with insert query ('The SQL contains 0 parameter markers, but 1 parameters were supplied', 'HY000')
2019-04-10 11:10:12,223 - root - INFO - wrong query:INSERT INTO HN1.dbo.vw_origin_ccvs(rowNum,CCV, NRO_SOLICI, DELETED) VALUES inserting data
2019-04-10 11:10:12,223 - root - ERROR - >>>>>>>>>>>>>>> issue with insert query ('The SQL contains 0 parameter markers, but 1 parameters were supplied', 'HY000')
2019-04-10 11:10:12,230 - root - INFO - wrong query:INSERT INTO HN1.dbo.vw_origin_ccvs(rowNum,CCV, NRO_SOLICI, DELETED) VALUES inserting data
2019-04-10 11:10:12,230 - root - ERROR - >>>>>>>>>>>>>>> issue with insert query ('The SQL contains 0 parameter markers, but 1 parameters were supplied', 'HY000')
2019-04-10 11:10:12,239 - root - INFO - wrong query:INSERT INTO HN1.dbo.vw_origin_ccvs(rowNum,CCV, NRO_SOLICI, DELETED) VALUES inserting data
2019-04-10 11:10:12,239 - root - ERROR - >>>>>>>>>>>>>>> issue with insert query ('The SQL contains 0 parameter markers, but 1 parameters were supplied', 'HY000')
2019-04-10 11:10:12,248 - root - INFO - wrong query:INSERT INTO HN1.dbo.vw_origin_ccvs(rowNum,CCV, NRO_SOLICI, DELETED) VALUES inserting data
2019-04-10 11:10:12,248 - root - ERROR - >>>>>>>>>>>>>>> issue with insert query ('The SQL contains 0 parameter markers, but 1 parameters were supplied', 'HY000')
2019-04-10 11:10:12,256 - root - INFO - wrong query:INSERT INTO HN1.dbo.vw_origin_ccvs(rowNum,CCV, NRO_SOLICI, DELETED) VALUES inserting data
2019-04-10 11:10:12,256 - root - ERROR - >>>>>>>>>>>>>>> issue with insert query ('The SQL contains 0 parameter markers, but 1 parameters were supplied', 'HY000')
2019-04-10 11:10:12,265 - root - INFO - wrong query:INSERT INTO HN1.dbo.vw_origin_ccvs(rowNum,CCV, NRO_SOLICI, DELETED) VALUES inserting data
2019-04-10 11:10:12,265 - root - ERROR - >>>>>>>>>>>>>>> issue with insert query ('The SQL contains 0 parameter markers, but 1 parameters were supplied', 'HY000')
2019-04-10 11:10:12,273 - root - INFO - wrong query:INSERT INTO HN1.dbo.vw_origin_ccvs(rowNum,CCV, NRO_SOLICI, DELETED) VALUES inserting data
2019-04-10 11:10:12,273 - root - ERROR - >>>>>>>>>>>>>>> issue with insert query ('The SQL contains 0 parameter markers, but 1 parameters were supplied', 'HY000')
2019-04-10 11:10:12,281 - root - INFO - wrong query:INSERT INTO HN1.dbo.vw_origin_ccvs(rowNum,CCV, NRO_SOLICI, DELETED) VALUES inserting data
2019-04-10 11:10:12,281 - root - ERROR - >>>>>>>>>>>>>>> issue with insert query ('The SQL contains 0 parameter markers, but 1 parameters were supplied', 'HY000')
2019-04-10 11:10:12,290 - root - INFO - wrong query:INSERT INTO HN1.dbo.vw_origin_ccvs(rowNum,CCV, NRO_SOLICI, DELETED) VALUES inserting data
2019-04-10 11:10:12,290 - root - ERROR - >>>>>>>>>>>>>>> issue with insert query ('The SQL contains 0 parameter markers, but 1 parameters were supplied', 'HY000')
2019-04-10 11:10:12,298 - root - INFO - wrong query:INSERT INTO HN1.dbo.vw_origin_ccvs(rowNum,CCV, NRO_SOLICI, DELETED) VALUES inserting data
2019-04-10 11:10:12,298 - root - ERROR - >>>>>>>>>>>>>>> issue with insert query ('The SQL contains 0 parameter markers, but 1 parameters were supplied', 'HY000')
2019-04-10 11:10:12,306 - root - INFO - wrong query:INSERT INTO HN1.dbo.vw_origin_ccvs(rowNum,CCV, NRO_SOLICI, DELETED) VALUES inserting data
2019-04-10 11:10:12,306 - root - ERROR - >>>>>>>>>>>>>>> issue with insert query ('The SQL contains 0 parameter markers, but 1 parameters were supplied', 'HY000')
2019-04-10 11:10:12,315 - root - INFO - wrong query:INSERT INTO HN1.dbo.vw_origin_ccvs(rowNum,CCV, NRO_SOLICI, DELETED) VALUES inserting data
2019-04-10 11:10:12,316 - root - ERROR - >>>>>>>>>>>>>>> issue with insert query ('The SQL contains 0 parameter markers, but 1 parameters were supplied', 'HY000')
2019-04-10 11:10:12,324 - root - INFO - wrong query:INSERT INTO HN1.dbo.vw_origin_ccvs(rowNum,CCV, NRO_SOLICI, DELETED) VALUES inserting data
2019-04-10 11:10:12,324 - root - ERROR - >>>>>>>>>>>>>>> issue with insert query ('The SQL contains 0 parameter markers, but 1 parameters were supplied', 'HY000')
2019-04-10 11:10:12,332 - root - INFO - wrong query:INSERT INTO HN1.dbo.vw_origin_ccvs(rowNum,CCV, NRO_SOLICI, DELETED) VALUES inserting data
2019-04-10 11:10:12,332 - root - ERROR - >>>>>>>>>>>>>>> issue with insert query ('The SQL contains 0 parameter markers, but 1 parameters were supplied', 'HY000')
2019-04-10 11:10:12,341 - root - INFO - wrong query:INSERT INTO HN1.dbo.vw_origin_ccvs(rowNum,CCV, NRO_SOLICI, DELETED) VALUES inserting data
2019-04-10 11:10:12,341 - root - ERROR - >>>>>>>>>>>>>>> issue with insert query ('The SQL contains 0 parameter markers, but 1 parameters were supplied', 'HY000')
2019-04-10 11:10:12,349 - root - INFO - wrong query:INSERT INTO HN1.dbo.vw_origin_ccvs(rowNum,CCV, NRO_SOLICI, DELETED) VALUES inserting data
2019-04-10 11:10:12,349 - root - ERROR - >>>>>>>>>>>>>>> issue with insert query ('The SQL contains 0 parameter markers, but 1 parameters were supplied', 'HY000')
2019-04-10 11:10:12,358 - root - INFO - wrong query:INSERT INTO HN1.dbo.vw_origin_ccvs(rowNum,CCV, NRO_SOLICI, DELETED) VALUES inserting data
2019-04-10 11:10:12,358 - root - ERROR - >>>>>>>>>>>>>>> issue with insert query ('The SQL contains 0 parameter markers, but 1 parameters were supplied', 'HY000')
2019-04-10 11:10:12,366 - root - INFO - wrong query:INSERT INTO HN1.dbo.vw_origin_ccvs(rowNum,CCV, NRO_SOLICI, DELETED) VALUES inserting data
2019-04-10 11:10:12,366 - root - ERROR - >>>>>>>>>>>>>>> issue with insert query ('The SQL contains 0 parameter markers, but 1 parameters were supplied', 'HY000')
2019-04-10 11:10:12,374 - root - INFO - wrong query:INSERT INTO HN1.dbo.vw_origin_ccvs(rowNum,CCV, NRO_SOLICI, DELETED) VALUES inserting data
2019-04-10 11:10:12,374 - root - ERROR - >>>>>>>>>>>>>>> issue with insert query ('The SQL contains 0 parameter markers, but 1 parameters were supplied', 'HY000')
2019-04-10 11:10:12,384 - root - INFO - wrong query:INSERT INTO HN1.dbo.vw_origin_ccvs(rowNum,CCV, NRO_SOLICI, DELETED) VALUES inserting data
2019-04-10 11:10:12,384 - root - ERROR - >>>>>>>>>>>>>>> issue with insert query ('The SQL contains 0 parameter markers, but 1 parameters were supplied', 'HY000')
2019-04-10 11:10:12,391 - root - INFO - wrong query:INSERT INTO HN1.dbo.vw_origin_ccvs(rowNum,CCV, NRO_SOLICI, DELETED) VALUES inserting data
2019-04-10 11:10:12,391 - root - ERROR - >>>>>>>>>>>>>>> issue with insert query ('The SQL contains 0 parameter markers, but 1 parameters were supplied', 'HY000')
2019-04-10 11:10:12,400 - root - INFO - wrong query:INSERT INTO HN1.dbo.vw_origin_ccvs(rowNum,CCV, NRO_SOLICI, DELETED) VALUES inserting data
2019-04-10 11:10:12,401 - root - ERROR - >>>>>>>>>>>>>>> issue with insert query ('The SQL contains 0 parameter markers, but 1 parameters were supplied', 'HY000')
2019-04-10 11:10:12,410 - root - INFO - wrong query:INSERT INTO HN1.dbo.vw_origin_ccvs(rowNum,CCV, NRO_SOLICI, DELETED) VALUES inserting data
2019-04-10 11:10:12,410 - root - ERROR - >>>>>>>>>>>>>>> issue with insert query ('The SQL contains 0 parameter markers, but 1 parameters were supplied', 'HY000')
2019-04-10 11:10:12,419 - root - INFO - wrong query:INSERT INTO HN1.dbo.vw_origin_ccvs(rowNum,CCV, NRO_SOLICI, DELETED) VALUES inserting data
2019-04-10 11:10:12,419 - root - ERROR - >>>>>>>>>>>>>>> issue with insert query ('The SQL contains 0 parameter markers, but 1 parameters were supplied', 'HY000')
2019-04-10 11:10:12,428 - root - INFO - wrong query:INSERT INTO HN1.dbo.vw_origin_ccvs(rowNum,CCV, NRO_SOLICI, DELETED) VALUES inserting data
2019-04-10 11:10:12,428 - root - ERROR - >>>>>>>>>>>>>>> issue with insert query ('The SQL contains 0 parameter markers, but 1 parameters were supplied', 'HY000')
2019-04-10 11:10:12,435 - root - INFO - wrong query:INSERT INTO HN1.dbo.vw_origin_ccvs(rowNum,CCV, NRO_SOLICI, DELETED) VALUES inserting data
2019-04-10 11:10:12,435 - root - ERROR - >>>>>>>>>>>>>>> issue with insert query ('The SQL contains 0 parameter markers, but 1 parameters were supplied', 'HY000')
2019-04-10 11:10:12,444 - root - INFO - wrong query:INSERT INTO HN1.dbo.vw_origin_ccvs(rowNum,CCV, NRO_SOLICI, DELETED) VALUES inserting data
2019-04-10 11:10:12,444 - root - ERROR - >>>>>>>>>>>>>>> issue with insert query ('The SQL contains 0 parameter markers, but 1 parameters were supplied', 'HY000')
2019-04-10 11:10:12,452 - root - INFO - wrong query:INSERT INTO HN1.dbo.vw_origin_ccvs(rowNum,CCV, NRO_SOLICI, DELETED) VALUES inserting data
2019-04-10 11:10:12,452 - root - ERROR - >>>>>>>>>>>>>>> issue with insert query ('The SQL contains 0 parameter markers, but 1 parameters were supplied', 'HY000')
2019-04-10 11:10:12,460 - root - INFO - wrong query:INSERT INTO HN1.dbo.vw_origin_ccvs(rowNum,CCV, NRO_SOLICI, DELETED) VALUES inserting data
2019-04-10 11:10:12,460 - root - ERROR - >>>>>>>>>>>>>>> issue with insert query ('The SQL contains 0 parameter markers, but 1 parameters were supplied', 'HY000')
2019-04-10 11:10:12,468 - root - INFO - wrong query:INSERT INTO HN1.dbo.vw_origin_ccvs(rowNum,CCV, NRO_SOLICI, DELETED) VALUES inserting data
2019-04-10 11:10:12,468 - root - ERROR - >>>>>>>>>>>>>>> issue with insert query ('The SQL contains 0 parameter markers, but 1 parameters were supplied', 'HY000')
2019-04-10 11:10:12,476 - root - INFO - wrong query:INSERT INTO HN1.dbo.vw_origin_ccvs(rowNum,CCV, NRO_SOLICI, DELETED) VALUES inserting data
2019-04-10 11:10:12,476 - root - ERROR - >>>>>>>>>>>>>>> issue with insert query ('The SQL contains 0 parameter markers, but 1 parameters were supplied', 'HY000')
2019-04-10 11:10:12,484 - root - INFO - wrong query:INSERT INTO HN1.dbo.vw_origin_ccvs(rowNum,CCV, NRO_SOLICI, DELETED) VALUES inserting data
2019-04-10 11:10:12,484 - root - ERROR - >>>>>>>>>>>>>>> issue with insert query ('The SQL contains 0 parameter markers, but 1 parameters were supplied', 'HY000')
2019-04-10 11:10:12,493 - root - INFO - wrong query:INSERT INTO HN1.dbo.vw_origin_ccvs(rowNum,CCV, NRO_SOLICI, DELETED) VALUES inserting data
2019-04-10 11:10:12,493 - root - ERROR - >>>>>>>>>>>>>>> issue with insert query ('The SQL contains 0 parameter markers, but 1 parameters were supplied', 'HY000')
2019-04-10 11:10:12,501 - root - INFO - wrong query:INSERT INTO HN1.dbo.vw_origin_ccvs(rowNum,CCV, NRO_SOLICI, DELETED) VALUES inserting data
2019-04-10 11:10:12,501 - root - ERROR - >>>>>>>>>>>>>>> issue with insert query ('The SQL contains 0 parameter markers, but 1 parameters were supplied', 'HY000')
2019-04-10 11:10:12,509 - root - INFO - wrong query:INSERT INTO HN1.dbo.vw_origin_ccvs(rowNum,CCV, NRO_SOLICI, DELETED) VALUES inserting data
2019-04-10 11:10:12,509 - root - ERROR - >>>>>>>>>>>>>>> issue with insert query ('The SQL contains 0 parameter markers, but 1 parameters were supplied', 'HY000')
2019-04-10 11:10:12,517 - root - INFO - wrong query:INSERT INTO HN1.dbo.vw_origin_ccvs(rowNum,CCV, NRO_SOLICI, DELETED) VALUES inserting data
2019-04-10 11:10:12,517 - root - ERROR - >>>>>>>>>>>>>>> issue with insert query ('The SQL contains 0 parameter markers, but 1 parameters were supplied', 'HY000')
2019-04-10 11:10:12,526 - root - INFO - wrong query:INSERT INTO HN1.dbo.vw_origin_ccvs(rowNum,CCV, NRO_SOLICI, DELETED) VALUES inserting data
2019-04-10 11:10:12,526 - root - ERROR - >>>>>>>>>>>>>>> issue with insert query ('The SQL contains 0 parameter markers, but 1 parameters were supplied', 'HY000')
2019-04-10 11:10:12,538 - root - INFO - wrong query:INSERT INTO HN1.dbo.vw_origin_ccvs(rowNum,CCV, NRO_SOLICI, DELETED) VALUES inserting data
2019-04-10 11:10:12,538 - root - ERROR - >>>>>>>>>>>>>>> issue with insert query ('The SQL contains 0 parameter markers, but 1 parameters were supplied', 'HY000')
2019-04-10 11:10:12,547 - root - INFO - wrong query:INSERT INTO HN1.dbo.vw_origin_ccvs(rowNum,CCV, NRO_SOLICI, DELETED) VALUES inserting data
2019-04-10 11:10:12,547 - root - ERROR - >>>>>>>>>>>>>>> issue with insert query ('The SQL contains 0 parameter markers, but 1 parameters were supplied', 'HY000')
2019-04-10 11:10:12,560 - root - INFO - wrong query:INSERT INTO HN1.dbo.vw_origin_ccvs(rowNum,CCV, NRO_SOLICI, DELETED) VALUES inserting data
2019-04-10 11:10:12,561 - root - ERROR - >>>>>>>>>>>>>>> issue with insert query ('The SQL contains 0 parameter markers, but 1 parameters were supplied', 'HY000')
2019-04-10 11:10:12,570 - root - INFO - wrong query:INSERT INTO HN1.dbo.vw_origin_ccvs(rowNum,CCV, NRO_SOLICI, DELETED) VALUES inserting data
2019-04-10 11:10:12,570 - root - ERROR - >>>>>>>>>>>>>>> issue with insert query ('The SQL contains 0 parameter markers, but 1 parameters were supplied', 'HY000')
2019-04-10 11:10:12,578 - root - INFO - wrong query:INSERT INTO HN1.dbo.vw_origin_ccvs(rowNum,CCV, NRO_SOLICI, DELETED) VALUES inserting data
2019-04-10 11:10:12,578 - root - ERROR - >>>>>>>>>>>>>>> issue with insert query ('The SQL contains 0 parameter markers, but 1 parameters were supplied', 'HY000')
2019-04-10 11:10:12,587 - root - INFO - wrong query:INSERT INTO HN1.dbo.vw_origin_ccvs(rowNum,CCV, NRO_SOLICI, DELETED) VALUES inserting data
2019-04-10 11:10:12,588 - root - ERROR - >>>>>>>>>>>>>>> issue with insert query ('The SQL contains 0 parameter markers, but 1 parameters were supplied', 'HY000')
2019-04-10 11:10:12,596 - root - INFO - wrong query:INSERT INTO HN1.dbo.vw_origin_ccvs(rowNum,CCV, NRO_SOLICI, DELETED) VALUES inserting data
2019-04-10 11:10:12,596 - root - ERROR - >>>>>>>>>>>>>>> issue with insert query ('The SQL contains 0 parameter markers, but 1 parameters were supplied', 'HY000')
2019-04-10 11:10:12,605 - root - INFO - wrong query:INSERT INTO HN1.dbo.vw_origin_ccvs(rowNum,CCV, NRO_SOLICI, DELETED) VALUES inserting data
2019-04-10 11:10:12,605 - root - ERROR - >>>>>>>>>>>>>>> issue with insert query ('The SQL contains 0 parameter markers, but 1 parameters were supplied', 'HY000')
2019-04-10 11:10:12,613 - root - INFO - wrong query:INSERT INTO HN1.dbo.vw_origin_ccvs(rowNum,CCV, NRO_SOLICI, DELETED) VALUES inserting data
2019-04-10 11:10:12,613 - root - ERROR - >>>>>>>>>>>>>>> issue with insert query ('The SQL contains 0 parameter markers, but 1 parameters were supplied', 'HY000')
2019-04-10 11:10:12,621 - root - INFO - wrong query:INSERT INTO HN1.dbo.vw_origin_ccvs(rowNum,CCV, NRO_SOLICI, DELETED) VALUES inserting data
2019-04-10 11:10:12,621 - root - ERROR - >>>>>>>>>>>>>>> issue with insert query ('The SQL contains 0 parameter markers, but 1 parameters were supplied', 'HY000')
2019-04-10 11:10:12,629 - root - INFO - wrong query:INSERT INTO HN1.dbo.vw_origin_ccvs(rowNum,CCV, NRO_SOLICI, DELETED) VALUES inserting data
2019-04-10 11:10:12,629 - root - ERROR - >>>>>>>>>>>>>>> issue with insert query ('The SQL contains 0 parameter markers, but 1 parameters were supplied', 'HY000')
2019-04-10 11:10:12,638 - root - INFO - wrong query:INSERT INTO HN1.dbo.vw_origin_ccvs(rowNum,CCV, NRO_SOLICI, DELETED) VALUES inserting data
2019-04-10 11:10:12,639 - root - ERROR - >>>>>>>>>>>>>>> issue with insert query ('The SQL contains 0 parameter markers, but 1 parameters were supplied', 'HY000')
2019-04-10 11:10:12,647 - root - INFO - wrong query:INSERT INTO HN1.dbo.vw_origin_ccvs(rowNum,CCV, NRO_SOLICI, DELETED) VALUES inserting data
2019-04-10 11:10:12,647 - root - ERROR - >>>>>>>>>>>>>>> issue with insert query ('The SQL contains 0 parameter markers, but 1 parameters were supplied', 'HY000')
2019-04-10 11:10:12,655 - root - INFO - wrong query:INSERT INTO HN1.dbo.vw_origin_ccvs(rowNum,CCV, NRO_SOLICI, DELETED) VALUES inserting data
2019-04-10 11:10:12,655 - root - ERROR - >>>>>>>>>>>>>>> issue with insert query ('The SQL contains 0 parameter markers, but 1 parameters were supplied', 'HY000')
2019-04-10 11:10:12,664 - root - INFO - wrong query:INSERT INTO HN1.dbo.vw_origin_ccvs(rowNum,CCV, NRO_SOLICI, DELETED) VALUES inserting data
2019-04-10 11:10:12,664 - root - ERROR - >>>>>>>>>>>>>>> issue with insert query ('The SQL contains 0 parameter markers, but 1 parameters were supplied', 'HY000')
2019-04-10 11:10:12,668 - root - ERROR - >>>>>>>>>>>>>>> issue with table creation:can only concatenate str (not "tuple") to str
2019-04-10 11:10:12,668 - root - WARNING - insert finished
2019-04-10 11:10:12,668 - root - WARNING - connected to Sqlserver.
2019-04-10 11:10:12,668 - root - INFO - Processing: codigos.dbf
2019-04-10 11:10:12,669 - root - INFO - new table to create: "create table HN1.dbo.vw_origin_codigos (rowNum numeric (20), "ID_CODIGO" varchar(max), "CODIGO" varchar(max), "DESCRIPCOD" varchar(max), DELETED varchar (5))"
2019-04-10 11:10:12,672 - root - WARNING - Going to insert to table: codigos
2019-04-10 11:10:12,673 - root - ERROR - >>>>>>>>>>>>>>> issue with table creation:can only concatenate str (not "tuple") to str
2019-04-10 11:10:12,673 - root - WARNING - insert finished
2019-04-10 11:10:12,673 - root - WARNING - connected to Sqlserver.
2019-04-10 11:10:12,673 - root - INFO - Processing: eventab.dbf
2019-04-10 11:10:12,674 - root - INFO - new table to create: "create table HN1.dbo.vw_origin_eventab (rowNum numeric (20), "EVENTO" varchar(max), "DESCRIP" varchar(max), "TIPO_EVENT" varchar(max), "INFO_ADI" varchar(max), "ETI_COMENT" varchar(max), "ETI_NUMERO" varchar(max), DELETED varchar (5))"
2019-04-10 11:10:12,676 - root - WARNING - Going to insert to table: eventab
2019-04-10 11:10:12,678 - root - ERROR - >>>>>>>>>>>>>>> issue with table creation:can only concatenate str (not "tuple") to str
2019-04-10 11:10:12,678 - root - WARNING - insert finished
2019-04-10 11:10:12,678 - root - WARNING - connected to Sqlserver.
2019-04-10 11:10:12,678 - root - INFO - Processing: marca.DBF
2019-04-10 11:10:12,680 - root - INFO - new table to create: "create table HN1.dbo.vw_origin_marca (rowNum numeric (20), "NRO_SOLICI" varchar(max), "SOLICITADA" varchar(max), "TIPO_MARCA" varchar(max), "SIGNO" varchar(max), "NOM_MARCA" varchar(max), "REGISTRO" varchar(max), "REGISTRADA" varchar(max), "RENUEVA" varchar(max), "EXPIRA" varchar(max), "AGENTE" varchar(max), "STATUS" varchar(max), "STAT_DESDE" varchar(max), "PESO_RASGO" varchar(max), "LARFON" varchar(max), "PESO_R" varchar(max), "PUBLICADA" varchar(max), "DIARIO" varchar(max), "LIMITACION" varchar(max), "HORA" varchar(max), "RTOMO" varchar(max), "RFOLIO" varchar(max), "RESERVA" varchar(max), "NRO_PODER" varchar(max), "MODIFICA" varchar(max), "NRO_GACETA" varchar(max), "QUIEN" varchar(max), "CALIDAD" varchar(max), "CLASE" varchar(max), "MODIFICADO" varchar(max), "ANUALIDAD" varchar(max), "NRO_RESOL" varchar(max), "LEY" varchar(max), "CLASES_TXT" varchar(max), DELETED varchar (5))"
2019-04-10 11:10:12,682 - root - WARNING - Going to insert to table: marca
2019-04-10 11:10:12,805 - root - INFO - wrong query:INSERT INTO HN1.dbo.vw_origin_marca(rowNum,NRO_SOLICI, SOLICITADA, TIPO_MARCA, SIGNO, NOM_MARCA, REGISTRO, REGISTRADA, RENUEVA, EXPIRA, AGENTE, STATUS, STAT_DESDE, PESO_RASGO, LARFON, PESO_R, PUBLICADA, DIARIO, LIMITACION, HORA, RTOMO, RFOLIO, RESERVA, NRO_PODER, MODIFICA, NRO_GACETA, QUIEN, CALIDAD, CLASE, MODIFICADO, ANUALIDAD, NRO_RESOL, LEY, CLASES_TXT, DELETED) VALUES inserting data
2019-04-10 11:10:12,806 - root - ERROR - >>>>>>>>>>>>>>> issue with insert query ('The SQL contains 0 parameter markers, but 1 parameters were supplied', 'HY000')
2019-04-10 11:10:12,925 - root - INFO - wrong query:INSERT INTO HN1.dbo.vw_origin_marca(rowNum,NRO_SOLICI, SOLICITADA, TIPO_MARCA, SIGNO, NOM_MARCA, REGISTRO, REGISTRADA, RENUEVA, EXPIRA, AGENTE, STATUS, STAT_DESDE, PESO_RASGO, LARFON, PESO_R, PUBLICADA, DIARIO, LIMITACION, HORA, RTOMO, RFOLIO, RESERVA, NRO_PODER, MODIFICA, NRO_GACETA, QUIEN, CALIDAD, CLASE, MODIFICADO, ANUALIDAD, NRO_RESOL, LEY, CLASES_TXT, DELETED) VALUES inserting data
2019-04-10 11:10:12,925 - root - ERROR - >>>>>>>>>>>>>>> issue with insert query ('The SQL contains 0 parameter markers, but 1 parameters were supplied', 'HY000')
2019-04-10 11:10:13,050 - root - INFO - wrong query:INSERT INTO HN1.dbo.vw_origin_marca(rowNum,NRO_SOLICI, SOLICITADA, TIPO_MARCA, SIGNO, NOM_MARCA, REGISTRO, REGISTRADA, RENUEVA, EXPIRA, AGENTE, STATUS, STAT_DESDE, PESO_RASGO, LARFON, PESO_R, PUBLICADA, DIARIO, LIMITACION, HORA, RTOMO, RFOLIO, RESERVA, NRO_PODER, MODIFICA, NRO_GACETA, QUIEN, CALIDAD, CLASE, MODIFICADO, ANUALIDAD, NRO_RESOL, LEY, CLASES_TXT, DELETED) VALUES inserting data
2019-04-10 11:10:13,051 - root - ERROR - >>>>>>>>>>>>>>> issue with insert query ('The SQL contains 0 parameter markers, but 1 parameters were supplied', 'HY000')
2019-04-10 11:10:13,190 - root - INFO - wrong query:INSERT INTO HN1.dbo.vw_origin_marca(rowNum,NRO_SOLICI, SOLICITADA, TIPO_MARCA, SIGNO, NOM_MARCA, REGISTRO, REGISTRADA, RENUEVA, EXPIRA, AGENTE, STATUS, STAT_DESDE, PESO_RASGO, LARFON, PESO_R, PUBLICADA, DIARIO, LIMITACION, HORA, RTOMO, RFOLIO, RESERVA, NRO_PODER, MODIFICA, NRO_GACETA, QUIEN, CALIDAD, CLASE, MODIFICADO, ANUALIDAD, NRO_RESOL, LEY, CLASES_TXT, DELETED) VALUES inserting data
2019-04-10 11:10:13,190 - root - ERROR - >>>>>>>>>>>>>>> issue with insert query ('The SQL contains 0 parameter markers, but 1 parameters were supplied', 'HY000')
2019-04-10 11:10:13,314 - root - INFO - wrong query:INSERT INTO HN1.dbo.vw_origin_marca(rowNum,NRO_SOLICI, SOLICITADA, TIPO_MARCA, SIGNO, NOM_MARCA, REGISTRO, REGISTRADA, RENUEVA, EXPIRA, AGENTE, STATUS, STAT_DESDE, PESO_RASGO, LARFON, PESO_R, PUBLICADA, DIARIO, LIMITACION, HORA, RTOMO, RFOLIO, RESERVA, NRO_PODER, MODIFICA, NRO_GACETA, QUIEN, CALIDAD, CLASE, MODIFICADO, ANUALIDAD, NRO_RESOL, LEY, CLASES_TXT, DELETED) VALUES inserting data
2019-04-10 11:10:13,315 - root - ERROR - >>>>>>>>>>>>>>> issue with insert query ('The SQL contains 0 parameter markers, but 1 parameters were supplied', 'HY000')
2019-04-10 11:10:13,434 - root - INFO - wrong query:INSERT INTO HN1.dbo.vw_origin_marca(rowNum,NRO_SOLICI, SOLICITADA, TIPO_MARCA, SIGNO, NOM_MARCA, REGISTRO, REGISTRADA, RENUEVA, EXPIRA, AGENTE, STATUS, STAT_DESDE, PESO_RASGO, LARFON, PESO_R, PUBLICADA, DIARIO, LIMITACION, HORA, RTOMO, RFOLIO, RESERVA, NRO_PODER, MODIFICA, NRO_GACETA, QUIEN, CALIDAD, CLASE, MODIFICADO, ANUALIDAD, NRO_RESOL, LEY, CLASES_TXT, DELETED) VALUES inserting data
2019-04-10 11:10:13,434 - root - ERROR - >>>>>>>>>>>>>>> issue with insert query ('The SQL contains 0 parameter markers, but 1 parameters were supplied', 'HY000')
2019-04-10 11:10:13,558 - root - INFO - wrong query:INSERT INTO HN1.dbo.vw_origin_marca(rowNum,NRO_SOLICI, SOLICITADA, TIPO_MARCA, SIGNO, NOM_MARCA, REGISTRO, REGISTRADA, RENUEVA, EXPIRA, AGENTE, STATUS, STAT_DESDE, PESO_RASGO, LARFON, PESO_R, PUBLICADA, DIARIO, LIMITACION, HORA, RTOMO, RFOLIO, RESERVA, NRO_PODER, MODIFICA, NRO_GACETA, QUIEN, CALIDAD, CLASE, MODIFICADO, ANUALIDAD, NRO_RESOL, LEY, CLASES_TXT, DELETED) VALUES inserting data
2019-04-10 11:10:13,558 - root - ERROR - >>>>>>>>>>>>>>> issue with insert query ('The SQL contains 0 parameter markers, but 1 parameters were supplied', 'HY000')
2019-04-10 11:10:13,676 - root - INFO - wrong query:INSERT INTO HN1.dbo.vw_origin_marca(rowNum,NRO_SOLICI, SOLICITADA, TIPO_MARCA, SIGNO, NOM_MARCA, REGISTRO, REGISTRADA, RENUEVA, EXPIRA, AGENTE, STATUS, STAT_DESDE, PESO_RASGO, LARFON, PESO_R, PUBLICADA, DIARIO, LIMITACION, HORA, RTOMO, RFOLIO, RESERVA, NRO_PODER, MODIFICA, NRO_GACETA, QUIEN, CALIDAD, CLASE, MODIFICADO, ANUALIDAD, NRO_RESOL, LEY, CLASES_TXT, DELETED) VALUES inserting data
2019-04-10 11:10:13,677 - root - ERROR - >>>>>>>>>>>>>>> issue with insert query ('The SQL contains 0 parameter markers, but 1 parameters were supplied', 'HY000')
2019-04-10 11:10:13,797 - root - INFO - wrong query:INSERT INTO HN1.dbo.vw_origin_marca(rowNum,NRO_SOLICI, SOLICITADA, TIPO_MARCA, SIGNO, NOM_MARCA, REGISTRO, REGISTRADA, RENUEVA, EXPIRA, AGENTE, STATUS, STAT_DESDE, PESO_RASGO, LARFON, PESO_R, PUBLICADA, DIARIO, LIMITACION, HORA, RTOMO, RFOLIO, RESERVA, NRO_PODER, MODIFICA, NRO_GACETA, QUIEN, CALIDAD, CLASE, MODIFICADO, ANUALIDAD, NRO_RESOL, LEY, CLASES_TXT, DELETED) VALUES inserting data
2019-04-10 11:10:13,797 - root - ERROR - >>>>>>>>>>>>>>> issue with insert query ('The SQL contains 0 parameter markers, but 1 parameters were supplied', 'HY000')
2019-04-10 11:10:13,915 - root - INFO - wrong query:INSERT INTO HN1.dbo.vw_origin_marca(rowNum,NRO_SOLICI, SOLICITADA, TIPO_MARCA, SIGNO, NOM_MARCA, REGISTRO, REGISTRADA, RENUEVA, EXPIRA, AGENTE, STATUS, STAT_DESDE, PESO_RASGO, LARFON, PESO_R, PUBLICADA, DIARIO, LIMITACION, HORA, RTOMO, RFOLIO, RESERVA, NRO_PODER, MODIFICA, NRO_GACETA, QUIEN, CALIDAD, CLASE, MODIFICADO, ANUALIDAD, NRO_RESOL, LEY, CLASES_TXT, DELETED) VALUES inserting data
2019-04-10 11:10:13,915 - root - ERROR - >>>>>>>>>>>>>>> issue with insert query ('The SQL contains 0 parameter markers, but 1 parameters were supplied', 'HY000')
2019-04-10 11:10:14,039 - root - INFO - wrong query:INSERT INTO HN1.dbo.vw_origin_marca(rowNum,NRO_SOLICI, SOLICITADA, TIPO_MARCA, SIGNO, NOM_MARCA, REGISTRO, REGISTRADA, RENUEVA, EXPIRA, AGENTE, STATUS, STAT_DESDE, PESO_RASGO, LARFON, PESO_R, PUBLICADA, DIARIO, LIMITACION, HORA, RTOMO, RFOLIO, RESERVA, NRO_PODER, MODIFICA, NRO_GACETA, QUIEN, CALIDAD, CLASE, MODIFICADO, ANUALIDAD, NRO_RESOL, LEY, CLASES_TXT, DELETED) VALUES inserting data
2019-04-10 11:10:14,039 - root - ERROR - >>>>>>>>>>>>>>> issue with insert query ('The SQL contains 0 parameter markers, but 1 parameters were supplied', 'HY000')
2019-04-10 11:10:14,155 - root - INFO - wrong query:INSERT INTO HN1.dbo.vw_origin_marca(rowNum,NRO_SOLICI, SOLICITADA, TIPO_MARCA, SIGNO, NOM_MARCA, REGISTRO, REGISTRADA, RENUEVA, EXPIRA, AGENTE, STATUS, STAT_DESDE, PESO_RASGO, LARFON, PESO_R, PUBLICADA, DIARIO, LIMITACION, HORA, RTOMO, RFOLIO, RESERVA, NRO_PODER, MODIFICA, NRO_GACETA, QUIEN, CALIDAD, CLASE, MODIFICADO, ANUALIDAD, NRO_RESOL, LEY, CLASES_TXT, DELETED) VALUES inserting data
2019-04-10 11:10:14,156 - root - ERROR - >>>>>>>>>>>>>>> issue with insert query ('The SQL contains 0 parameter markers, but 1 parameters were supplied', 'HY000')
2019-04-10 11:10:14,276 - root - INFO - wrong query:INSERT INTO HN1.dbo.vw_origin_marca(rowNum,NRO_SOLICI, SOLICITADA, TIPO_MARCA, SIGNO, NOM_MARCA, REGISTRO, REGISTRADA, RENUEVA, EXPIRA, AGENTE, STATUS, STAT_DESDE, PESO_RASGO, LARFON, PESO_R, PUBLICADA, DIARIO, LIMITACION, HORA, RTOMO, RFOLIO, RESERVA, NRO_PODER, MODIFICA, NRO_GACETA, QUIEN, CALIDAD, CLASE, MODIFICADO, ANUALIDAD, NRO_RESOL, LEY, CLASES_TXT, DELETED) VALUES inserting data
2019-04-10 11:10:14,277 - root - ERROR - >>>>>>>>>>>>>>> issue with insert query ('The SQL contains 0 parameter markers, but 1 parameters were supplied', 'HY000')
2019-04-10 11:10:14,396 - root - INFO - wrong query:INSERT INTO HN1.dbo.vw_origin_marca(rowNum,NRO_SOLICI, SOLICITADA, TIPO_MARCA, SIGNO, NOM_MARCA, REGISTRO, REGISTRADA, RENUEVA, EXPIRA, AGENTE, STATUS, STAT_DESDE, PESO_RASGO, LARFON, PESO_R, PUBLICADA, DIARIO, LIMITACION, HORA, RTOMO, RFOLIO, RESERVA, NRO_PODER, MODIFICA, NRO_GACETA, QUIEN, CALIDAD, CLASE, MODIFICADO, ANUALIDAD, NRO_RESOL, LEY, CLASES_TXT, DELETED) VALUES inserting data
2019-04-10 11:10:14,396 - root - ERROR - >>>>>>>>>>>>>>> issue with insert query ('The SQL contains 0 parameter markers, but 1 parameters were supplied', 'HY000')
2019-04-10 11:10:14,515 - root - INFO - wrong query:INSERT INTO HN1.dbo.vw_origin_marca(rowNum,NRO_SOLICI, SOLICITADA, TIPO_MARCA, SIGNO, NOM_MARCA, REGISTRO, REGISTRADA, RENUEVA, EXPIRA, AGENTE, STATUS, STAT_DESDE, PESO_RASGO, LARFON, PESO_R, PUBLICADA, DIARIO, LIMITACION, HORA, RTOMO, RFOLIO, RESERVA, NRO_PODER, MODIFICA, NRO_GACETA, QUIEN, CALIDAD, CLASE, MODIFICADO, ANUALIDAD, NRO_RESOL, LEY, CLASES_TXT, DELETED) VALUES inserting data
2019-04-10 11:10:14,515 - root - ERROR - >>>>>>>>>>>>>>> issue with insert query ('The SQL contains 0 parameter markers, but 1 parameters were supplied', 'HY000')
2019-04-10 11:10:14,636 - root - INFO - wrong query:INSERT INTO HN1.dbo.vw_origin_marca(rowNum,NRO_SOLICI, SOLICITADA, TIPO_MARCA, SIGNO, NOM_MARCA, REGISTRO, REGISTRADA, RENUEVA, EXPIRA, AGENTE, STATUS, STAT_DESDE, PESO_RASGO, LARFON, PESO_R, PUBLICADA, DIARIO, LIMITACION, HORA, RTOMO, RFOLIO, RESERVA, NRO_PODER, MODIFICA, NRO_GACETA, QUIEN, CALIDAD, CLASE, MODIFICADO, ANUALIDAD, NRO_RESOL, LEY, CLASES_TXT, DELETED) VALUES inserting data
2019-04-10 11:10:14,636 - root - ERROR - >>>>>>>>>>>>>>> issue with insert query ('The SQL contains 0 parameter markers, but 1 parameters were supplied', 'HY000')
2019-04-10 11:10:14,758 - root - INFO - wrong query:INSERT INTO HN1.dbo.vw_origin_marca(rowNum,NRO_SOLICI, SOLICITADA, TIPO_MARCA, SIGNO, NOM_MARCA, REGISTRO, REGISTRADA, RENUEVA, EXPIRA, AGENTE, STATUS, STAT_DESDE, PESO_RASGO, LARFON, PESO_R, PUBLICADA, DIARIO, LIMITACION, HORA, RTOMO, RFOLIO, RESERVA, NRO_PODER, MODIFICA, NRO_GACETA, QUIEN, CALIDAD, CLASE, MODIFICADO, ANUALIDAD, NRO_RESOL, LEY, CLASES_TXT, DELETED) VALUES inserting data
2019-04-10 11:10:14,758 - root - ERROR - >>>>>>>>>>>>>>> issue with insert query ('The SQL contains 0 parameter markers, but 1 parameters were supplied', 'HY000')
2019-04-10 11:10:14,876 - root - INFO - wrong query:INSERT INTO HN1.dbo.vw_origin_marca(rowNum,NRO_SOLICI, SOLICITADA, TIPO_MARCA, SIGNO, NOM_MARCA, REGISTRO, REGISTRADA, RENUEVA, EXPIRA, AGENTE, STATUS, STAT_DESDE, PESO_RASGO, LARFON, PESO_R, PUBLICADA, DIARIO, LIMITACION, HORA, RTOMO, RFOLIO, RESERVA, NRO_PODER, MODIFICA, NRO_GACETA, QUIEN, CALIDAD, CLASE, MODIFICADO, ANUALIDAD, NRO_RESOL, LEY, CLASES_TXT, DELETED) VALUES inserting data
2019-04-10 11:10:14,877 - root - ERROR - >>>>>>>>>>>>>>> issue with insert query ('The SQL contains 0 parameter markers, but 1 parameters were supplied', 'HY000')
2019-04-10 11:10:16,620 - root - WARNING - connected to Sqlserver.
2019-04-10 11:10:16,624 - root - INFO - Connections to database severed
2019-04-10 11:10:16,646 - root - INFO - database dropped
2019-04-10 11:10:16,912 - root - INFO - New Intermediate databas created
2019-04-10 11:10:16,929 - root - WARNING - connected to Sqlserver.
2019-04-10 11:10:16,929 - root - INFO - Processing: agentes.DBF
2019-04-10 11:10:16,931 - root - INFO - new table to create: "create table HN1.dbo.vw_origin_agentes (rowNum numeric (20), "AGENTE" varchar(max), "NOMBRE" varchar(max), "DIRECCION" varchar(max), "CONTACTO" varchar(max), "CALIDAD" varchar(max), DELETED varchar (5))"
2019-04-10 11:10:16,933 - root - WARNING - Going to insert to table: agentes
2019-04-10 11:10:16,953 - root - INFO - wrong query:INSERT INTO HN1.dbo.vw_origin_agentes(rowNum,AGENTE, NOMBRE, DIRECCION, CONTACTO, CALIDAD, DELETED) VALUES inserting data
2019-04-10 11:10:16,953 - root - ERROR - >>>>>>>>>>>>>>> issue with insert query ('The SQL contains 0 parameter markers, but 1 parameters were supplied', 'HY000')
2019-04-10 11:10:16,972 - root - INFO - wrong query:INSERT INTO HN1.dbo.vw_origin_agentes(rowNum,AGENTE, NOMBRE, DIRECCION, CONTACTO, CALIDAD, DELETED) VALUES inserting data
2019-04-10 11:10:16,972 - root - ERROR - >>>>>>>>>>>>>>> issue with insert query ('The SQL contains 0 parameter markers, but 1 parameters were supplied', 'HY000')
2019-04-10 11:10:16,991 - root - INFO - wrong query:INSERT INTO HN1.dbo.vw_origin_agentes(rowNum,AGENTE, NOMBRE, DIRECCION, CONTACTO, CALIDAD, DELETED) VALUES inserting data
2019-04-10 11:10:16,991 - root - ERROR - >>>>>>>>>>>>>>> issue with insert query ('The SQL contains 0 parameter markers, but 1 parameters were supplied', 'HY000')
2019-04-10 11:10:17,011 - root - INFO - wrong query:INSERT INTO HN1.dbo.vw_origin_agentes(rowNum,AGENTE, NOMBRE, DIRECCION, CONTACTO, CALIDAD, DELETED) VALUES inserting data
2019-04-10 11:10:17,011 - root - ERROR - >>>>>>>>>>>>>>> issue with insert query ('The SQL contains 0 parameter markers, but 1 parameters were supplied', 'HY000')
2019-04-10 11:10:17,027 - root - INFO - wrong query:INSERT INTO HN1.dbo.vw_origin_agentes(rowNum,AGENTE, NOMBRE, DIRECCION, CONTACTO, CALIDAD, DELETED) VALUES inserting data
2019-04-10 11:10:17,027 - root - ERROR - >>>>>>>>>>>>>>> issue with insert query ('The SQL contains 0 parameter markers, but 1 parameters were supplied', 'HY000')
2019-04-10 11:10:17,046 - root - INFO - wrong query:INSERT INTO HN1.dbo.vw_origin_agentes(rowNum,AGENTE, NOMBRE, DIRECCION, CONTACTO, CALIDAD, DELETED) VALUES inserting data
2019-04-10 11:10:17,046 - root - ERROR - >>>>>>>>>>>>>>> issue with insert query ('The SQL contains 0 parameter markers, but 1 parameters were supplied', 'HY000')
2019-04-10 11:10:17,065 - root - INFO - wrong query:INSERT INTO HN1.dbo.vw_origin_agentes(rowNum,AGENTE, NOMBRE, DIRECCION, CONTACTO, CALIDAD, DELETED) VALUES inserting data
2019-04-10 11:10:17,066 - root - ERROR - >>>>>>>>>>>>>>> issue with insert query ('The SQL contains 0 parameter markers, but 1 parameters were supplied', 'HY000')
2019-04-10 11:10:17,085 - root - INFO - wrong query:INSERT INTO HN1.dbo.vw_origin_agentes(rowNum,AGENTE, NOMBRE, DIRECCION, CONTACTO, CALIDAD, DELETED) VALUES inserting data
2019-04-10 11:10:17,085 - root - ERROR - >>>>>>>>>>>>>>> issue with insert query ('The SQL contains 0 parameter markers, but 1 parameters were supplied', 'HY000')
2019-04-10 11:10:17,104 - root - INFO - wrong query:INSERT INTO HN1.dbo.vw_origin_agentes(rowNum,AGENTE, NOMBRE, DIRECCION, CONTACTO, CALIDAD, DELETED) VALUES inserting data
2019-04-10 11:10:17,105 - root - ERROR - >>>>>>>>>>>>>>> issue with insert query ('The SQL contains 0 parameter markers, but 1 parameters were supplied', 'HY000')
2019-04-10 11:10:17,124 - root - INFO - wrong query:INSERT INTO HN1.dbo.vw_origin_agentes(rowNum,AGENTE, NOMBRE, DIRECCION, CONTACTO, CALIDAD, DELETED) VALUES inserting data
2019-04-10 11:10:17,124 - root - ERROR - >>>>>>>>>>>>>>> issue with insert query ('The SQL contains 0 parameter markers, but 1 parameters were supplied', 'HY000')
2019-04-10 11:10:17,144 - root - INFO - wrong query:INSERT INTO HN1.dbo.vw_origin_agentes(rowNum,AGENTE, NOMBRE, DIRECCION, CONTACTO, CALIDAD, DELETED) VALUES inserting data
2019-04-10 11:10:17,144 - root - ERROR - >>>>>>>>>>>>>>> issue with insert query ('The SQL contains 0 parameter markers, but 1 parameters were supplied', 'HY000')
2019-04-10 11:10:17,146 - root - ERROR - >>>>>>>>>>>>>>> issue with table creation:can only concatenate str (not "tuple") to str
2019-04-10 11:10:17,146 - root - WARNING - insert finished
2019-04-10 11:10:17,148 - root - WARNING - connected to Sqlserver.
2019-04-10 11:10:17,149 - root - INFO - Processing: ccvs.DBF
2019-04-10 11:10:17,150 - root - INFO - new table to create: "create table HN1.dbo.vw_origin_ccvs (rowNum numeric (20), "CCV" varchar(max), "NRO_SOLICI" varchar(max), DELETED varchar (5))"
2019-04-10 11:10:17,153 - root - WARNING - Going to insert to table: ccvs
2019-04-10 11:10:17,162 - root - INFO - wrong query:INSERT INTO HN1.dbo.vw_origin_ccvs(rowNum,CCV, NRO_SOLICI, DELETED) VALUES inserting data
2019-04-10 11:10:17,162 - root - ERROR - >>>>>>>>>>>>>>> issue with insert query ('The SQL contains 0 parameter markers, but 1 parameters were supplied', 'HY000')
2019-04-10 11:10:17,170 - root - INFO - wrong query:INSERT INTO HN1.dbo.vw_origin_ccvs(rowNum,CCV, NRO_SOLICI, DELETED) VALUES inserting data
2019-04-10 11:10:17,170 - root - ERROR - >>>>>>>>>>>>>>> issue with insert query ('The SQL contains 0 parameter markers, but 1 parameters were supplied', 'HY000')
2019-04-10 11:10:17,183 - root - INFO - wrong query:INSERT INTO HN1.dbo.vw_origin_ccvs(rowNum,CCV, NRO_SOLICI, DELETED) VALUES inserting data
2019-04-10 11:10:17,183 - root - ERROR - >>>>>>>>>>>>>>> issue with insert query ('The SQL contains 0 parameter markers, but 1 parameters were supplied', 'HY000')
2019-04-10 11:10:17,191 - root - INFO - wrong query:INSERT INTO HN1.dbo.vw_origin_ccvs(rowNum,CCV, NRO_SOLICI, DELETED) VALUES inserting data
2019-04-10 11:10:17,191 - root - ERROR - >>>>>>>>>>>>>>> issue with insert query ('The SQL contains 0 parameter markers, but 1 parameters were supplied', 'HY000')
2019-04-10 11:10:17,200 - root - INFO - wrong query:INSERT INTO HN1.dbo.vw_origin_ccvs(rowNum,CCV, NRO_SOLICI, DELETED) VALUES inserting data
2019-04-10 11:10:17,200 - root - ERROR - >>>>>>>>>>>>>>> issue with insert query ('The SQL contains 0 parameter markers, but 1 parameters were supplied', 'HY000')
2019-04-10 11:10:17,209 - root - INFO - wrong query:INSERT INTO HN1.dbo.vw_origin_ccvs(rowNum,CCV, NRO_SOLICI, DELETED) VALUES inserting data
2019-04-10 11:10:17,209 - root - ERROR - >>>>>>>>>>>>>>> issue with insert query ('The SQL contains 0 parameter markers, but 1 parameters were supplied', 'HY000')
2019-04-10 11:10:17,217 - root - INFO - wrong query:INSERT INTO HN1.dbo.vw_origin_ccvs(rowNum,CCV, NRO_SOLICI, DELETED) VALUES inserting data
2019-04-10 11:10:17,217 - root - ERROR - >>>>>>>>>>>>>>> issue with insert query ('The SQL contains 0 parameter markers, but 1 parameters were supplied', 'HY000')
2019-04-10 11:10:17,225 - root - INFO - wrong query:INSERT INTO HN1.dbo.vw_origin_ccvs(rowNum,CCV, NRO_SOLICI, DELETED) VALUES inserting data
2019-04-10 11:10:17,226 - root - ERROR - >>>>>>>>>>>>>>> issue with insert query ('The SQL contains 0 parameter markers, but 1 parameters were supplied', 'HY000')
2019-04-10 11:10:17,233 - root - INFO - wrong query:INSERT INTO HN1.dbo.vw_origin_ccvs(rowNum,CCV, NRO_SOLICI, DELETED) VALUES inserting data
2019-04-10 11:10:17,234 - root - ERROR - >>>>>>>>>>>>>>> issue with insert query ('The SQL contains 0 parameter markers, but 1 parameters were supplied', 'HY000')
2019-04-10 11:10:17,242 - root - INFO - wrong query:INSERT INTO HN1.dbo.vw_origin_ccvs(rowNum,CCV, NRO_SOLICI, DELETED) VALUES inserting data
2019-04-10 11:10:17,242 - root - ERROR - >>>>>>>>>>>>>>> issue with insert query ('The SQL contains 0 parameter markers, but 1 parameters were supplied', 'HY000')
2019-04-10 11:10:17,250 - root - INFO - wrong query:INSERT INTO HN1.dbo.vw_origin_ccvs(rowNum,CCV, NRO_SOLICI, DELETED) VALUES inserting data
2019-04-10 11:10:17,251 - root - ERROR - >>>>>>>>>>>>>>> issue with insert query ('The SQL contains 0 parameter markers, but 1 parameters were supplied', 'HY000')
2019-04-10 11:10:17,259 - root - INFO - wrong query:INSERT INTO HN1.dbo.vw_origin_ccvs(rowNum,CCV, NRO_SOLICI, DELETED) VALUES inserting data
2019-04-10 11:10:17,259 - root - ERROR - >>>>>>>>>>>>>>> issue with insert query ('The SQL contains 0 parameter markers, but 1 parameters were supplied', 'HY000')
2019-04-10 11:10:17,268 - root - INFO - wrong query:INSERT INTO HN1.dbo.vw_origin_ccvs(rowNum,CCV, NRO_SOLICI, DELETED) VALUES inserting data
2019-04-10 11:10:17,268 - root - ERROR - >>>>>>>>>>>>>>> issue with insert query ('The SQL contains 0 parameter markers, but 1 parameters were supplied', 'HY000')
2019-04-10 11:10:17,277 - root - INFO - wrong query:INSERT INTO HN1.dbo.vw_origin_ccvs(rowNum,CCV, NRO_SOLICI, DELETED) VALUES inserting data
2019-04-10 11:10:17,277 - root - ERROR - >>>>>>>>>>>>>>> issue with insert query ('The SQL contains 0 parameter markers, but 1 parameters were supplied', 'HY000')
2019-04-10 11:10:17,284 - root - INFO - wrong query:INSERT INTO HN1.dbo.vw_origin_ccvs(rowNum,CCV, NRO_SOLICI, DELETED) VALUES inserting data
2019-04-10 11:10:17,284 - root - ERROR - >>>>>>>>>>>>>>> issue with insert query ('The SQL contains 0 parameter markers, but 1 parameters were supplied', 'HY000')
2019-04-10 11:10:17,292 - root - INFO - wrong query:INSERT INTO HN1.dbo.vw_origin_ccvs(rowNum,CCV, NRO_SOLICI, DELETED) VALUES inserting data
2019-04-10 11:10:17,292 - root - ERROR - >>>>>>>>>>>>>>> issue with insert query ('The SQL contains 0 parameter markers, but 1 parameters were supplied', 'HY000')
2019-04-10 11:10:17,301 - root - INFO - wrong query:INSERT INTO HN1.dbo.vw_origin_ccvs(rowNum,CCV, NRO_SOLICI, DELETED) VALUES inserting data
2019-04-10 11:10:17,301 - root - ERROR - >>>>>>>>>>>>>>> issue with insert query ('The SQL contains 0 parameter markers, but 1 parameters were supplied', 'HY000')
2019-04-10 11:10:17,309 - root - INFO - wrong query:INSERT INTO HN1.dbo.vw_origin_ccvs(rowNum,CCV, NRO_SOLICI, DELETED) VALUES inserting data
2019-04-10 11:10:17,309 - root - ERROR - >>>>>>>>>>>>>>> issue with insert query ('The SQL contains 0 parameter markers, but 1 parameters were supplied', 'HY000')
2019-04-10 11:10:17,317 - root - INFO - wrong query:INSERT INTO HN1.dbo.vw_origin_ccvs(rowNum,CCV, NRO_SOLICI, DELETED) VALUES inserting data
2019-04-10 11:10:17,317 - root - ERROR - >>>>>>>>>>>>>>> issue with insert query ('The SQL contains 0 parameter markers, but 1 parameters were supplied', 'HY000')
2019-04-10 11:10:17,326 - root - INFO - wrong query:INSERT INTO HN1.dbo.vw_origin_ccvs(rowNum,CCV, NRO_SOLICI, DELETED) VALUES inserting data
2019-04-10 11:10:17,326 - root - ERROR - >>>>>>>>>>>>>>> issue with insert query ('The SQL contains 0 parameter markers, but 1 parameters were supplied', 'HY000')
2019-04-10 11:10:17,334 - root - INFO - wrong query:INSERT INTO HN1.dbo.vw_origin_ccvs(rowNum,CCV, NRO_SOLICI, DELETED) VALUES inserting data
2019-04-10 11:10:17,334 - root - ERROR - >>>>>>>>>>>>>>> issue with insert query ('The SQL contains 0 parameter markers, but 1 parameters were supplied', 'HY000')
2019-04-10 11:10:17,342 - root - INFO - wrong query:INSERT INTO HN1.dbo.vw_origin_ccvs(rowNum,CCV, NRO_SOLICI, DELETED) VALUES inserting data
2019-04-10 11:10:17,342 - root - ERROR - >>>>>>>>>>>>>>> issue with insert query ('The SQL contains 0 parameter markers, but 1 parameters were supplied', 'HY000')
2019-04-10 11:10:17,351 - root - INFO - wrong query:INSERT INTO HN1.dbo.vw_origin_ccvs(rowNum,CCV, NRO_SOLICI, DELETED) VALUES inserting data
2019-04-10 11:10:17,351 - root - ERROR - >>>>>>>>>>>>>>> issue with insert query ('The SQL contains 0 parameter markers, but 1 parameters were supplied', 'HY000')
2019-04-10 11:10:17,359 - root - INFO - wrong query:INSERT INTO HN1.dbo.vw_origin_ccvs(rowNum,CCV, NRO_SOLICI, DELETED) VALUES inserting data
2019-04-10 11:10:17,359 - root - ERROR - >>>>>>>>>>>>>>> issue with insert query ('The SQL contains 0 parameter markers, but 1 parameters were supplied', 'HY000')
2019-04-10 11:10:17,367 - root - INFO - wrong query:INSERT INTO HN1.dbo.vw_origin_ccvs(rowNum,CCV, NRO_SOLICI, DELETED) VALUES inserting data
2019-04-10 11:10:17,367 - root - ERROR - >>>>>>>>>>>>>>> issue with insert query ('The SQL contains 0 parameter markers, but 1 parameters were supplied', 'HY000')
2019-04-10 11:10:17,376 - root - INFO - wrong query:INSERT INTO HN1.dbo.vw_origin_ccvs(rowNum,CCV, NRO_SOLICI, DELETED) VALUES inserting data
2019-04-10 11:10:17,376 - root - ERROR - >>>>>>>>>>>>>>> issue with insert query ('The SQL contains 0 parameter markers, but 1 parameters were supplied', 'HY000')
2019-04-10 11:10:17,385 - root - INFO - wrong query:INSERT INTO HN1.dbo.vw_origin_ccvs(rowNum,CCV, NRO_SOLICI, DELETED) VALUES inserting data
2019-04-10 11:10:17,385 - root - ERROR - >>>>>>>>>>>>>>> issue with insert query ('The SQL contains 0 parameter markers, but 1 parameters were supplied', 'HY000')
2019-04-10 11:10:17,394 - root - INFO - wrong query:INSERT INTO HN1.dbo.vw_origin_ccvs(rowNum,CCV, NRO_SOLICI, DELETED) VALUES inserting data
2019-04-10 11:10:17,394 - root - ERROR - >>>>>>>>>>>>>>> issue with insert query ('The SQL contains 0 parameter markers, but 1 parameters were supplied', 'HY000')
2019-04-10 11:10:17,402 - root - INFO - wrong query:INSERT INTO HN1.dbo.vw_origin_ccvs(rowNum,CCV, NRO_SOLICI, DELETED) VALUES inserting data
2019-04-10 11:10:17,403 - root - ERROR - >>>>>>>>>>>>>>> issue with insert query ('The SQL contains 0 parameter markers, but 1 parameters were supplied', 'HY000')
2019-04-10 11:10:17,411 - root - INFO - wrong query:INSERT INTO HN1.dbo.vw_origin_ccvs(rowNum,CCV, NRO_SOLICI, DELETED) VALUES inserting data
2019-04-10 11:10:17,411 - root - ERROR - >>>>>>>>>>>>>>> issue with insert query ('The SQL contains 0 parameter markers, but 1 parameters were supplied', 'HY000')
2019-04-10 11:10:17,419 - root - INFO - wrong query:INSERT INTO HN1.dbo.vw_origin_ccvs(rowNum,CCV, NRO_SOLICI, DELETED) VALUES inserting data
2019-04-10 11:10:17,419 - root - ERROR - >>>>>>>>>>>>>>> issue with insert query ('The SQL contains 0 parameter markers, but 1 parameters were supplied', 'HY000')
2019-04-10 11:10:17,428 - root - INFO - wrong query:INSERT INTO HN1.dbo.vw_origin_ccvs(rowNum,CCV, NRO_SOLICI, DELETED) VALUES inserting data
2019-04-10 11:10:17,428 - root - ERROR - >>>>>>>>>>>>>>> issue with insert query ('The SQL contains 0 parameter markers, but 1 parameters were supplied', 'HY000')
2019-04-10 11:10:17,435 - root - INFO - wrong query:INSERT INTO HN1.dbo.vw_origin_ccvs(rowNum,CCV, NRO_SOLICI, DELETED) VALUES inserting data
2019-04-10 11:10:17,435 - root - ERROR - >>>>>>>>>>>>>>> issue with insert query ('The SQL contains 0 parameter markers, but 1 parameters were supplied', 'HY000')
2019-04-10 11:10:17,443 - root - INFO - wrong query:INSERT INTO HN1.dbo.vw_origin_ccvs(rowNum,CCV, NRO_SOLICI, DELETED) VALUES inserting data
2019-04-10 11:10:17,444 - root - ERROR - >>>>>>>>>>>>>>> issue with insert query ('The SQL contains 0 parameter markers, but 1 parameters were supplied', 'HY000')
2019-04-10 11:10:17,452 - root - INFO - wrong query:INSERT INTO HN1.dbo.vw_origin_ccvs(rowNum,CCV, NRO_SOLICI, DELETED) VALUES inserting data
2019-04-10 11:10:17,452 - root - ERROR - >>>>>>>>>>>>>>> issue with insert query ('The SQL contains 0 parameter markers, but 1 parameters were supplied', 'HY000')
2019-04-10 11:10:17,460 - root - INFO - wrong query:INSERT INTO HN1.dbo.vw_origin_ccvs(rowNum,CCV, NRO_SOLICI, DELETED) VALUES inserting data
2019-04-10 11:10:17,461 - root - ERROR - >>>>>>>>>>>>>>> issue with insert query ('The SQL contains 0 parameter markers, but 1 parameters were supplied', 'HY000')
2019-04-10 11:10:17,468 - root - INFO - wrong query:INSERT INTO HN1.dbo.vw_origin_ccvs(rowNum,CCV, NRO_SOLICI, DELETED) VALUES inserting data
2019-04-10 11:10:17,468 - root - ERROR - >>>>>>>>>>>>>>> issue with insert query ('The SQL contains 0 parameter markers, but 1 parameters were supplied', 'HY000')
2019-04-10 11:10:17,477 - root - INFO - wrong query:INSERT INTO HN1.dbo.vw_origin_ccvs(rowNum,CCV, NRO_SOLICI, DELETED) VALUES inserting data
2019-04-10 11:10:17,477 - root - ERROR - >>>>>>>>>>>>>>> issue with insert query ('The SQL contains 0 parameter markers, but 1 parameters were supplied', 'HY000')
2019-04-10 11:10:17,485 - root - INFO - wrong query:INSERT INTO HN1.dbo.vw_origin_ccvs(rowNum,CCV, NRO_SOLICI, DELETED) VALUES inserting data
2019-04-10 11:10:17,485 - root - ERROR - >>>>>>>>>>>>>>> issue with insert query ('The SQL contains 0 parameter markers, but 1 parameters were supplied', 'HY000')
2019-04-10 11:10:17,493 - root - INFO - wrong query:INSERT INTO HN1.dbo.vw_origin_ccvs(rowNum,CCV, NRO_SOLICI, DELETED) VALUES inserting data
2019-04-10 11:10:17,493 - root - ERROR - >>>>>>>>>>>>>>> issue with insert query ('The SQL contains 0 parameter markers, but 1 parameters were supplied', 'HY000')
2019-04-10 11:10:17,501 - root - INFO - wrong query:INSERT INTO HN1.dbo.vw_origin_ccvs(rowNum,CCV, NRO_SOLICI, DELETED) VALUES inserting data
2019-04-10 11:10:17,501 - root - ERROR - >>>>>>>>>>>>>>> issue with insert query ('The SQL contains 0 parameter markers, but 1 parameters were supplied', 'HY000')
2019-04-10 11:10:17,510 - root - INFO - wrong query:INSERT INTO HN1.dbo.vw_origin_ccvs(rowNum,CCV, NRO_SOLICI, DELETED) VALUES inserting data
2019-04-10 11:10:17,510 - root - ERROR - >>>>>>>>>>>>>>> issue with insert query ('The SQL contains 0 parameter markers, but 1 parameters were supplied', 'HY000')
2019-04-10 11:10:17,517 - root - INFO - wrong query:INSERT INTO HN1.dbo.vw_origin_ccvs(rowNum,CCV, NRO_SOLICI, DELETED) VALUES inserting data
2019-04-10 11:10:17,517 - root - ERROR - >>>>>>>>>>>>>>> issue with insert query ('The SQL contains 0 parameter markers, but 1 parameters were supplied', 'HY000')
2019-04-10 11:10:17,525 - root - INFO - wrong query:INSERT INTO HN1.dbo.vw_origin_ccvs(rowNum,CCV, NRO_SOLICI, DELETED) VALUES inserting data
2019-04-10 11:10:17,525 - root - ERROR - >>>>>>>>>>>>>>> issue with insert query ('The SQL contains 0 parameter markers, but 1 parameters were supplied', 'HY000')
2019-04-10 11:10:17,533 - root - INFO - wrong query:INSERT INTO HN1.dbo.vw_origin_ccvs(rowNum,CCV, NRO_SOLICI, DELETED) VALUES inserting data
2019-04-10 11:10:17,533 - root - ERROR - >>>>>>>>>>>>>>> issue with insert query ('The SQL contains 0 parameter markers, but 1 parameters were supplied', 'HY000')
2019-04-10 11:10:17,542 - root - INFO - wrong query:INSERT INTO HN1.dbo.vw_origin_ccvs(rowNum,CCV, NRO_SOLICI, DELETED) VALUES inserting data
2019-04-10 11:10:17,542 - root - ERROR - >>>>>>>>>>>>>>> issue with insert query ('The SQL contains 0 parameter markers, but 1 parameters were supplied', 'HY000')
2019-04-10 11:10:17,550 - root - INFO - wrong query:INSERT INTO HN1.dbo.vw_origin_ccvs(rowNum,CCV, NRO_SOLICI, DELETED) VALUES inserting data
2019-04-10 11:10:17,550 - root - ERROR - >>>>>>>>>>>>>>> issue with insert query ('The SQL contains 0 parameter markers, but 1 parameters were supplied', 'HY000')
2019-04-10 11:10:17,558 - root - INFO - wrong query:INSERT INTO HN1.dbo.vw_origin_ccvs(rowNum,CCV, NRO_SOLICI, DELETED) VALUES inserting data
2019-04-10 11:10:17,558 - root - ERROR - >>>>>>>>>>>>>>> issue with insert query ('The SQL contains 0 parameter markers, but 1 parameters were supplied', 'HY000')
2019-04-10 11:10:17,567 - root - INFO - wrong query:INSERT INTO HN1.dbo.vw_origin_ccvs(rowNum,CCV, NRO_SOLICI, DELETED) VALUES inserting data
2019-04-10 11:10:17,567 - root - ERROR - >>>>>>>>>>>>>>> issue with insert query ('The SQL contains 0 parameter markers, but 1 parameters were supplied', 'HY000')
2019-04-10 11:10:17,576 - root - INFO - wrong query:INSERT INTO HN1.dbo.vw_origin_ccvs(rowNum,CCV, NRO_SOLICI, DELETED) VALUES inserting data
2019-04-10 11:10:17,576 - root - ERROR - >>>>>>>>>>>>>>> issue with insert query ('The SQL contains 0 parameter markers, but 1 parameters were supplied', 'HY000')
2019-04-10 11:10:17,589 - root - INFO - wrong query:INSERT INTO HN1.dbo.vw_origin_ccvs(rowNum,CCV, NRO_SOLICI, DELETED) VALUES inserting data
2019-04-10 11:10:17,589 - root - ERROR - >>>>>>>>>>>>>>> issue with insert query ('The SQL contains 0 parameter markers, but 1 parameters were supplied', 'HY000')
2019-04-10 11:10:17,597 - root - INFO - wrong query:INSERT INTO HN1.dbo.vw_origin_ccvs(rowNum,CCV, NRO_SOLICI, DELETED) VALUES inserting data
2019-04-10 11:10:17,597 - root - ERROR - >>>>>>>>>>>>>>> issue with insert query ('The SQL contains 0 parameter markers, but 1 parameters were supplied', 'HY000')
2019-04-10 11:10:17,605 - root - INFO - wrong query:INSERT INTO HN1.dbo.vw_origin_ccvs(rowNum,CCV, NRO_SOLICI, DELETED) VALUES inserting data
2019-04-10 11:10:17,605 - root - ERROR - >>>>>>>>>>>>>>> issue with insert query ('The SQL contains 0 parameter markers, but 1 parameters were supplied', 'HY000')
2019-04-10 11:10:17,614 - root - INFO - wrong query:INSERT INTO HN1.dbo.vw_origin_ccvs(rowNum,CCV, NRO_SOLICI, DELETED) VALUES inserting data
2019-04-10 11:10:17,615 - root - ERROR - >>>>>>>>>>>>>>> issue with insert query ('The SQL contains 0 parameter markers, but 1 parameters were supplied', 'HY000')
2019-04-10 11:10:17,622 - root - INFO - wrong query:INSERT INTO HN1.dbo.vw_origin_ccvs(rowNum,CCV, NRO_SOLICI, DELETED) VALUES inserting data
2019-04-10 11:10:17,622 - root - ERROR - >>>>>>>>>>>>>>> issue with insert query ('The SQL contains 0 parameter markers, but 1 parameters were supplied', 'HY000')
2019-04-10 11:10:17,631 - root - INFO - wrong query:INSERT INTO HN1.dbo.vw_origin_ccvs(rowNum,CCV, NRO_SOLICI, DELETED) VALUES inserting data
2019-04-10 11:10:17,631 - root - ERROR - >>>>>>>>>>>>>>> issue with insert query ('The SQL contains 0 parameter markers, but 1 parameters were supplied', 'HY000')
2019-04-10 11:10:17,639 - root - INFO - wrong query:INSERT INTO HN1.dbo.vw_origin_ccvs(rowNum,CCV, NRO_SOLICI, DELETED) VALUES inserting data
2019-04-10 11:10:17,639 - root - ERROR - >>>>>>>>>>>>>>> issue with insert query ('The SQL contains 0 parameter markers, but 1 parameters were supplied', 'HY000')
2019-04-10 11:10:17,649 - root - INFO - wrong query:INSERT INTO HN1.dbo.vw_origin_ccvs(rowNum,CCV, NRO_SOLICI, DELETED) VALUES inserting data
2019-04-10 11:10:17,649 - root - ERROR - >>>>>>>>>>>>>>> issue with insert query ('The SQL contains 0 parameter markers, but 1 parameters were supplied', 'HY000')
2019-04-10 11:10:17,657 - root - INFO - wrong query:INSERT INTO HN1.dbo.vw_origin_ccvs(rowNum,CCV, NRO_SOLICI, DELETED) VALUES inserting data
2019-04-10 11:10:17,657 - root - ERROR - >>>>>>>>>>>>>>> issue with insert query ('The SQL contains 0 parameter markers, but 1 parameters were supplied', 'HY000')
2019-04-10 11:10:17,670 - root - INFO - wrong query:INSERT INTO HN1.dbo.vw_origin_ccvs(rowNum,CCV, NRO_SOLICI, DELETED) VALUES inserting data
2019-04-10 11:10:17,670 - root - ERROR - >>>>>>>>>>>>>>> issue with insert query ('The SQL contains 0 parameter markers, but 1 parameters were supplied', 'HY000')
2019-04-10 11:10:17,679 - root - INFO - wrong query:INSERT INTO HN1.dbo.vw_origin_ccvs(rowNum,CCV, NRO_SOLICI, DELETED) VALUES inserting data
2019-04-10 11:10:17,679 - root - ERROR - >>>>>>>>>>>>>>> issue with insert query ('The SQL contains 0 parameter markers, but 1 parameters were supplied', 'HY000')
2019-04-10 11:10:17,687 - root - INFO - wrong query:INSERT INTO HN1.dbo.vw_origin_ccvs(rowNum,CCV, NRO_SOLICI, DELETED) VALUES inserting data
2019-04-10 11:10:17,687 - root - ERROR - >>>>>>>>>>>>>>> issue with insert query ('The SQL contains 0 parameter markers, but 1 parameters were supplied', 'HY000')
2019-04-10 11:10:17,696 - root - INFO - wrong query:INSERT INTO HN1.dbo.vw_origin_ccvs(rowNum,CCV, NRO_SOLICI, DELETED) VALUES inserting data
2019-04-10 11:10:17,696 - root - ERROR - >>>>>>>>>>>>>>> issue with insert query ('The SQL contains 0 parameter markers, but 1 parameters were supplied', 'HY000')
2019-04-10 11:10:17,699 - root - ERROR - >>>>>>>>>>>>>>> issue with table creation:can only concatenate str (not "tuple") to str
2019-04-10 11:10:17,700 - root - WARNING - insert finished
2019-04-10 11:10:17,700 - root - WARNING - connected to Sqlserver.
2019-04-10 11:10:17,700 - root - INFO - Processing: codigos.dbf
2019-04-10 11:10:17,701 - root - INFO - new table to create: "create table HN1.dbo.vw_origin_codigos (rowNum numeric (20), "ID_CODIGO" varchar(max), "CODIGO" varchar(max), "DESCRIPCOD" varchar(max), DELETED varchar (5))"
2019-04-10 11:10:17,704 - root - WARNING - Going to insert to table: codigos
2019-04-10 11:10:17,704 - root - ERROR - >>>>>>>>>>>>>>> issue with table creation:can only concatenate str (not "tuple") to str
2019-04-10 11:10:17,704 - root - WARNING - insert finished
2019-04-10 11:10:17,704 - root - WARNING - connected to Sqlserver.
2019-04-10 11:10:17,705 - root - INFO - Processing: eventab.dbf
2019-04-10 11:10:17,706 - root - INFO - new table to create: "create table HN1.dbo.vw_origin_eventab (rowNum numeric (20), "EVENTO" varchar(max), "DESCRIP" varchar(max), "TIPO_EVENT" varchar(max), "INFO_ADI" varchar(max), "ETI_COMENT" varchar(max), "ETI_NUMERO" varchar(max), DELETED varchar (5))"
2019-04-10 11:10:17,707 - root - WARNING - Going to insert to table: eventab
2019-04-10 11:10:17,710 - root - ERROR - >>>>>>>>>>>>>>> issue with table creation:can only concatenate str (not "tuple") to str
2019-04-10 11:10:17,710 - root - WARNING - insert finished
2019-04-10 11:10:17,710 - root - WARNING - connected to Sqlserver.
2019-04-10 11:10:17,710 - root - INFO - Processing: marca.DBF
2019-04-10 11:10:17,712 - root - INFO - new table to create: "create table HN1.dbo.vw_origin_marca (rowNum numeric (20), "NRO_SOLICI" varchar(max), "SOLICITADA" varchar(max), "TIPO_MARCA" varchar(max), "SIGNO" varchar(max), "NOM_MARCA" varchar(max), "REGISTRO" varchar(max), "REGISTRADA" varchar(max), "RENUEVA" varchar(max), "EXPIRA" varchar(max), "AGENTE" varchar(max), "STATUS" varchar(max), "STAT_DESDE" varchar(max), "PESO_RASGO" varchar(max), "LARFON" varchar(max), "PESO_R" varchar(max), "PUBLICADA" varchar(max), "DIARIO" varchar(max), "LIMITACION" varchar(max), "HORA" varchar(max), "RTOMO" varchar(max), "RFOLIO" varchar(max), "RESERVA" varchar(max), "NRO_PODER" varchar(max), "MODIFICA" varchar(max), "NRO_GACETA" varchar(max), "QUIEN" varchar(max), "CALIDAD" varchar(max), "CLASE" varchar(max), "MODIFICADO" varchar(max), "ANUALIDAD" varchar(max), "NRO_RESOL" varchar(max), "LEY" varchar(max), "CLASES_TXT" varchar(max), DELETED varchar (5))"
2019-04-10 11:10:17,714 - root - WARNING - Going to insert to table: marca
