2019-04-10 13:03:26,286 - root - WARNING - connected to Sqlserver.
2019-04-10 13:03:26,322 - root - INFO - Connections to database severed
2019-04-10 13:03:26,360 - root - INFO - database dropped
2019-04-10 13:03:26,570 - root - INFO - New Intermediate databas created
2019-04-10 13:03:26,588 - root - WARNING - connected to Sqlserver.
2019-04-10 13:03:26,589 - root - INFO - Processing: agentes.DBF
2019-04-10 13:03:26,591 - root - INFO - new table to create: "create table HN1.dbo.vw_origin_agentes (rowNum numeric (20), "AGENTE" varchar(max), "NOMBRE" varchar(max), "DIRECCION" varchar(max), "CONTACTO" varchar(max), "CALIDAD" varchar(max), DELETED varchar (5))"
2019-04-10 13:03:26,593 - root - WARNING - Going to insert to table: agentes
2019-04-10 13:03:28,639 - root - WARNING - insert finished
2019-04-10 13:03:28,641 - root - WARNING - connected to Sqlserver.
2019-04-10 13:03:28,641 - root - INFO - Processing: ccvs.DBF
2019-04-10 13:03:28,643 - root - INFO - new table to create: "create table HN1.dbo.vw_origin_ccvs (rowNum numeric (20), "CCV" varchar(max), "NRO_SOLICI" varchar(max), DELETED varchar (5))"
2019-04-10 13:03:28,644 - root - WARNING - Going to insert to table: ccvs
2019-04-10 13:03:38,707 - root - WARNING - insert finished
2019-04-10 13:03:38,707 - root - WARNING - connected to Sqlserver.
2019-04-10 13:03:38,707 - root - INFO - Processing: codigos.dbf
2019-04-10 13:03:38,708 - root - INFO - new table to create: "create table HN1.dbo.vw_origin_codigos (rowNum numeric (20), "ID_CODIGO" varchar(max), "CODIGO" varchar(max), "DESCRIPCOD" varchar(max), DELETED varchar (5))"
2019-04-10 13:03:38,710 - root - WARNING - Going to insert to table: codigos
2019-04-10 13:03:38,719 - root - WARNING - insert finished
2019-04-10 13:03:38,719 - root - WARNING - connected to Sqlserver.
2019-04-10 13:03:38,719 - root - INFO - Processing: eventab.dbf
2019-04-10 13:03:38,721 - root - INFO - new table to create: "create table HN1.dbo.vw_origin_eventab (rowNum numeric (20), "EVENTO" varchar(max), "DESCRIP" varchar(max), "TIPO_EVENT" varchar(max), "INFO_ADI" varchar(max), "ETI_COMENT" varchar(max), "ETI_NUMERO" varchar(max), DELETED varchar (5))"
2019-04-10 13:03:38,722 - root - WARNING - Going to insert to table: eventab
2019-04-10 13:03:38,752 - root - WARNING - insert finished
2019-04-10 13:03:38,752 - root - WARNING - connected to Sqlserver.
2019-04-10 13:03:38,752 - root - INFO - Processing: marca.DBF
2019-04-10 13:03:38,754 - root - INFO - new table to create: "create table HN1.dbo.vw_origin_marca (rowNum numeric (20), "NRO_SOLICI" varchar(max), "SOLICITADA" varchar(max), "TIPO_MARCA" varchar(max), "SIGNO" varchar(max), "NOM_MARCA" varchar(max), "REGISTRO" varchar(max), "REGISTRADA" varchar(max), "RENUEVA" varchar(max), "EXPIRA" varchar(max), "AGENTE" varchar(max), "STATUS" varchar(max), "STAT_DESDE" varchar(max), "PESO_RASGO" varchar(max), "LARFON" varchar(max), "PESO_R" varchar(max), "PUBLICADA" varchar(max), "DIARIO" varchar(max), "LIMITACION" varchar(max), "HORA" varchar(max), "RTOMO" varchar(max), "RFOLIO" varchar(max), "RESERVA" varchar(max), "NRO_PODER" varchar(max), "MODIFICA" varchar(max), "NRO_GACETA" varchar(max), "QUIEN" varchar(max), "CALIDAD" varchar(max), "CLASE" varchar(max), "MODIFICADO" varchar(max), "ANUALIDAD" varchar(max), "NRO_RESOL" varchar(max), "LEY" varchar(max), "CLASES_TXT" varchar(max), DELETED varchar (5))"
2019-04-10 13:03:38,757 - root - WARNING - Going to insert to table: marca
2019-04-10 13:04:04,181 - root - ERROR - records[79523]['STAT_DESDE'] == InvalidValue(b'00001228')
2019-04-10 13:04:04,181 - root - ERROR - >>>>>>>>>>>>>>> issue with table creation:'odict_values' object does not support item assignment
2019-04-10 13:04:04,181 - root - WARNING - insert finished
2019-04-10 13:04:04,181 - root - WARNING - connected to Sqlserver.
2019-04-10 13:04:04,181 - root - INFO - Processing: migracio.dbf
2019-04-10 13:04:04,183 - root - INFO - new table to create: "create table HN1.dbo.vw_origin_migracio (rowNum numeric (20), "STATUS_INI" varchar(max), "EVENTO" varchar(max), "STATUS_FIN" varchar(max), "TRAMITE" varchar(max), DELETED varchar (5))"
2019-04-10 13:04:04,186 - root - WARNING - Going to insert to table: migracio
2019-04-10 13:04:04,213 - root - WARNING - insert finished
2019-04-10 13:04:04,214 - root - WARNING - connected to Sqlserver.
2019-04-10 13:04:04,214 - root - INFO - Processing: movimi.DBF
2019-04-10 13:04:04,215 - root - INFO - new table to create: "create table HN1.dbo.vw_origin_movimi (rowNum numeric (20), "NRO_SOLICI" varchar(max), "COMENTARIO" varchar(max), "F_EVENTO" varchar(max), "F_VENCIM" varchar(max), "F_TRANS" varchar(max), "NRO_MOV" varchar(max), "EVENTO" varchar(max), "STATUS" varchar(max), "HORA" varchar(max), "DOCUMENTO" varchar(max), "USUARIO" varchar(max), "N_ENTRADA" varchar(max), DELETED varchar (5))"
2019-04-10 13:04:04,216 - root - WARNING - Going to insert to table: movimi
