2019-04-10 13:46:52,266 - root - WARNING - connected to Sqlserver.
2019-04-10 13:46:55,309 - root - INFO - Connections to database severed
2019-04-10 13:46:55,331 - root - INFO - database dropped
2019-04-10 13:46:55,524 - root - INFO - New Intermediate databas created
2019-04-10 13:46:55,541 - root - WARNING - connected to Sqlserver.
2019-04-10 13:46:55,541 - root - INFO - Processing: agentes.DBF
2019-04-10 13:46:55,543 - root - INFO - new table to create: "create table HN1.dbo.vw_origin_agentes (rowNum numeric (20), "AGENTE" varchar(max), "NOMBRE" varchar(max), "DIRECCION" varchar(max), "CONTACTO" varchar(max), "CALIDAD" varchar(max), DELETED varchar (5))"
2019-04-10 13:46:55,545 - root - WARNING - Going to insert to table: agentes
2019-04-10 13:46:57,549 - root - WARNING - insert finished
2019-04-10 13:46:57,552 - root - WARNING - connected to Sqlserver.
2019-04-10 13:46:57,552 - root - INFO - Processing: ccvs.DBF
2019-04-10 13:46:57,553 - root - INFO - new table to create: "create table HN1.dbo.vw_origin_ccvs (rowNum numeric (20), "CCV" varchar(max), "NRO_SOLICI" varchar(max), DELETED varchar (5))"
2019-04-10 13:46:57,554 - root - WARNING - Going to insert to table: ccvs
2019-04-10 13:47:07,492 - root - WARNING - insert finished
2019-04-10 13:47:07,492 - root - WARNING - connected to Sqlserver.
2019-04-10 13:47:07,493 - root - INFO - Processing: codigos.dbf
2019-04-10 13:47:07,494 - root - INFO - new table to create: "create table HN1.dbo.vw_origin_codigos (rowNum numeric (20), "ID_CODIGO" varchar(max), "CODIGO" varchar(max), "DESCRIPCOD" varchar(max), DELETED varchar (5))"
2019-04-10 13:47:07,495 - root - WARNING - Going to insert to table: codigos
2019-04-10 13:47:07,503 - root - WARNING - insert finished
2019-04-10 13:47:07,503 - root - WARNING - connected to Sqlserver.
2019-04-10 13:47:07,503 - root - INFO - Processing: eventab.dbf
2019-04-10 13:47:07,505 - root - INFO - new table to create: "create table HN1.dbo.vw_origin_eventab (rowNum numeric (20), "EVENTO" varchar(max), "DESCRIP" varchar(max), "TIPO_EVENT" varchar(max), "INFO_ADI" varchar(max), "ETI_COMENT" varchar(max), "ETI_NUMERO" varchar(max), DELETED varchar (5))"
2019-04-10 13:47:07,506 - root - WARNING - Going to insert to table: eventab
2019-04-10 13:47:07,532 - root - WARNING - insert finished
2019-04-10 13:47:07,532 - root - WARNING - connected to Sqlserver.
2019-04-10 13:47:07,533 - root - INFO - Processing: marca.DBF
2019-04-10 13:47:07,535 - root - INFO - new table to create: "create table HN1.dbo.vw_origin_marca (rowNum numeric (20), "NRO_SOLICI" varchar(max), "SOLICITADA" varchar(max), "TIPO_MARCA" varchar(max), "SIGNO" varchar(max), "NOM_MARCA" varchar(max), "REGISTRO" varchar(max), "REGISTRADA" varchar(max), "RENUEVA" varchar(max), "EXPIRA" varchar(max), "AGENTE" varchar(max), "STATUS" varchar(max), "STAT_DESDE" varchar(max), "PESO_RASGO" varchar(max), "LARFON" varchar(max), "PESO_R" varchar(max), "PUBLICADA" varchar(max), "DIARIO" varchar(max), "LIMITACION" varchar(max), "HORA" varchar(max), "RTOMO" varchar(max), "RFOLIO" varchar(max), "RESERVA" varchar(max), "NRO_PODER" varchar(max), "MODIFICA" varchar(max), "NRO_GACETA" varchar(max), "QUIEN" varchar(max), "CALIDAD" varchar(max), "CLASE" varchar(max), "MODIFICADO" varchar(max), "ANUALIDAD" varchar(max), "NRO_RESOL" varchar(max), "LEY" varchar(max), "CLASES_TXT" varchar(max), DELETED varchar (5))"
2019-04-10 13:47:07,536 - root - WARNING - Going to insert to table: marca
2019-04-10 13:47:07,537 - root - ERROR - >>>>>>>>>>>>>>> issue with table creation:'datetime.date' object has no attribute 'strip'
2019-04-10 13:47:07,537 - root - WARNING - insert finished
2019-04-10 13:47:07,537 - root - WARNING - connected to Sqlserver.
2019-04-10 13:47:07,537 - root - INFO - Processing: migracio.dbf
2019-04-10 13:47:07,538 - root - INFO - new table to create: "create table HN1.dbo.vw_origin_migracio (rowNum numeric (20), "STATUS_INI" varchar(max), "EVENTO" varchar(max), "STATUS_FIN" varchar(max), "TRAMITE" varchar(max), DELETED varchar (5))"
2019-04-10 13:47:07,539 - root - WARNING - Going to insert to table: migracio
2019-04-10 13:47:07,564 - root - WARNING - insert finished
2019-04-10 13:47:07,564 - root - WARNING - connected to Sqlserver.
2019-04-10 13:47:07,564 - root - INFO - Processing: movimi.DBF
2019-04-10 13:47:07,566 - root - INFO - new table to create: "create table HN1.dbo.vw_origin_movimi (rowNum numeric (20), "NRO_SOLICI" varchar(max), "COMENTARIO" varchar(max), "F_EVENTO" varchar(max), "F_VENCIM" varchar(max), "F_TRANS" varchar(max), "NRO_MOV" varchar(max), "EVENTO" varchar(max), "STATUS" varchar(max), "HORA" varchar(max), "DOCUMENTO" varchar(max), "USUARIO" varchar(max), "N_ENTRADA" varchar(max), DELETED varchar (5))"
2019-04-10 13:47:07,568 - root - WARNING - Going to insert to table: movimi
2019-04-10 13:47:07,568 - root - ERROR - >>>>>>>>>>>>>>> issue with table creation:'datetime.date' object has no attribute 'strip'
2019-04-10 13:47:07,568 - root - WARNING - insert finished
2019-04-10 13:47:07,568 - root - WARNING - connected to Sqlserver.
2019-04-10 13:47:07,568 - root - INFO - Processing: nuenoms.DBF
2019-04-10 13:47:07,569 - root - INFO - new table to create: "create table HN1.dbo.vw_origin_nuenoms (rowNum numeric (20), "NUM_SERIE" varchar(max), "TITULAR" varchar(max), DELETED varchar (5))"
2019-04-10 13:47:07,571 - root - WARNING - Going to insert to table: nuenoms
