2019-04-10 16:20:08,390 - root - WARNING - connected to Sqlserver.
2019-04-10 16:20:11,395 - root - INFO - Connections to database severed
2019-04-10 16:20:11,484 - root - INFO - database dropped
2019-04-10 16:20:11,734 - root - INFO - New Intermediate databas created
2019-04-10 16:20:11,751 - root - WARNING - connected to Sqlserver.
2019-04-10 16:20:11,752 - root - INFO - Processing: agentes.DBF
2019-04-10 16:20:11,754 - root - INFO - new table to create: "create table HN1.dbo.vw_origin_agentes (rowNum numeric (20), "AGENTE" varchar(max), "NOMBRE" varchar(max), "DIRECCION" varchar(max), "CONTACTO" varchar(max), "CALIDAD" varchar(max), DELETED varchar (5))"
2019-04-10 16:20:11,756 - root - WARNING - Going to insert to table: agentes
2019-04-10 16:20:13,858 - root - WARNING - insert finished
2019-04-10 16:20:13,861 - root - WARNING - connected to Sqlserver.
2019-04-10 16:20:13,861 - root - INFO - Processing: ccvs.DBF
2019-04-10 16:20:13,862 - root - INFO - new table to create: "create table HN1.dbo.vw_origin_ccvs (rowNum numeric (20), "CCV" varchar(max), "NRO_SOLICI" varchar(max), DELETED varchar (5))"
2019-04-10 16:20:13,863 - root - WARNING - Going to insert to table: ccvs
2019-04-10 16:20:24,393 - root - WARNING - insert finished
2019-04-10 16:20:24,393 - root - WARNING - connected to Sqlserver.
2019-04-10 16:20:24,394 - root - INFO - Processing: codigos.dbf
2019-04-10 16:20:24,395 - root - INFO - new table to create: "create table HN1.dbo.vw_origin_codigos (rowNum numeric (20), "ID_CODIGO" varchar(max), "CODIGO" varchar(max), "DESCRIPCOD" varchar(max), DELETED varchar (5))"
2019-04-10 16:20:24,396 - root - WARNING - Going to insert to table: codigos
2019-04-10 16:20:24,407 - root - WARNING - insert finished
2019-04-10 16:20:24,407 - root - WARNING - connected to Sqlserver.
2019-04-10 16:20:24,408 - root - INFO - Processing: eventab.dbf
2019-04-10 16:20:24,409 - root - INFO - new table to create: "create table HN1.dbo.vw_origin_eventab (rowNum numeric (20), "EVENTO" varchar(max), "DESCRIP" varchar(max), "TIPO_EVENT" varchar(max), "INFO_ADI" varchar(max), "ETI_COMENT" varchar(max), "ETI_NUMERO" varchar(max), DELETED varchar (5))"
2019-04-10 16:20:24,411 - root - WARNING - Going to insert to table: eventab
2019-04-10 16:20:24,440 - root - WARNING - insert finished
2019-04-10 16:20:24,440 - root - WARNING - connected to Sqlserver.
2019-04-10 16:20:24,440 - root - INFO - Processing: marca.DBF
2019-04-10 16:20:24,443 - root - INFO - new table to create: "create table HN1.dbo.vw_origin_marca (rowNum numeric (20), "NRO_SOLICI" varchar(max), "SOLICITADA" date, "TIPO_MARCA" varchar(max), "SIGNO" varchar(max), "NOM_MARCA" varchar(max), "REGISTRO" varchar(max), "REGISTRADA" date, "RENUEVA" date, "EXPIRA" date, "AGENTE" varchar(max), "STATUS" varchar(max), "STAT_DESDE" date, "PESO_RASGO" real, "LARFON" real, "PESO_R" real, "PUBLICADA" date, "DIARIO" varchar(max), "LIMITACION" varchar(max), "HORA" varchar(max), "RTOMO" real, "RFOLIO" real, "RESERVA" varchar(max), "NRO_PODER" varchar(max), "MODIFICA" varchar(max), "NRO_GACETA" real, "QUIEN" varchar(max), "CALIDAD" varchar(max), "CLASE" real, "MODIFICADO" varchar(max), "ANUALIDAD" real, "NRO_RESOL" varchar(max), "LEY" varchar(max), "CLASES_TXT" varchar(max), DELETED varchar (5))"
2019-04-10 16:20:24,445 - root - WARNING - Going to insert to table: marca
2019-04-10 16:20:47,654 - root - INFO - records[79523]['STAT_DESDE'] == InvalidValue(b'00001228')
2019-04-10 16:20:48,523 - root - INFO - records[82440]['REGISTRADA'] == InvalidValue(b'00001229')
2019-04-10 16:20:48,523 - root - INFO - records[82440]['STAT_DESDE'] == InvalidValue(b'00001229')
2019-04-10 16:21:27,184 - root - ERROR - >>>>>>>>>>>>>>> issue with table creation:time data '19 03 1978' does not match format '%Y %m %d'
2019-04-10 16:21:27,184 - root - WARNING - insert finished
2019-04-10 16:21:27,186 - root - WARNING - connected to Sqlserver.
2019-04-10 16:21:27,186 - root - INFO - Processing: migracio.dbf
2019-04-10 16:21:27,187 - root - INFO - new table to create: "create table HN1.dbo.vw_origin_migracio (rowNum numeric (20), "STATUS_INI" varchar(max), "EVENTO" varchar(max), "STATUS_FIN" varchar(max), "TRAMITE" varchar(max), DELETED varchar (5))"
2019-04-10 16:21:27,189 - root - WARNING - Going to insert to table: migracio
2019-04-10 16:21:27,215 - root - WARNING - insert finished
2019-04-10 16:21:27,216 - root - WARNING - connected to Sqlserver.
2019-04-10 16:21:27,216 - root - INFO - Processing: movimi.DBF
2019-04-10 16:21:27,218 - root - INFO - new table to create: "create table HN1.dbo.vw_origin_movimi (rowNum numeric (20), "NRO_SOLICI" varchar(max), "COMENTARIO" varchar(max), "F_EVENTO" date, "F_VENCIM" date, "F_TRANS" date, "NRO_MOV" varchar(max), "EVENTO" varchar(max), "STATUS" varchar(max), "HORA" varchar(max), "DOCUMENTO" varchar(max), "USUARIO" varchar(max), "N_ENTRADA" varchar(max), DELETED varchar (5))"
2019-04-10 16:21:27,219 - root - WARNING - Going to insert to table: movimi
2019-04-10 16:21:54,300 - root - INFO - records[121364]['F_EVENTO'] == InvalidValue(b'00001228')
2019-04-10 16:21:54,314 - root - INFO - records[121654]['F_EVENTO'] == InvalidValue(b'00001229')
2019-04-10 16:22:06,598 - root - INFO - records[178956]['F_EVENTO'] == InvalidValue(b'\x00\x00\x00\x00\x00\x00\x00\x00')
2019-04-10 16:22:06,599 - root - INFO - records[178956]['F_VENCIM'] == InvalidValue(b'\x00\x00\x00\x00\x00\x00\x00\x00')
2019-04-10 16:22:06,599 - root - INFO - records[178956]['F_TRANS'] == InvalidValue(b'\x00\x00\x00\x00\x00\x00\x00\x00')
2019-04-10 16:22:14,652 - root - INFO - records[215740]['F_EVENTO'] == InvalidValue(b'\x00\x00\x00\x00\x00\x00\x00\x00')
2019-04-10 16:22:14,652 - root - INFO - records[215740]['F_VENCIM'] == InvalidValue(b'\x00\x00\x00\x00\x00\x00\x00\x00')
2019-04-10 16:22:14,652 - root - INFO - records[215740]['F_TRANS'] == InvalidValue(b'\x00\x00\x00\x00\x00\x00\x00\x00')
2019-04-10 16:22:14,652 - root - INFO - records[215741]['F_EVENTO'] == InvalidValue(b'\x00\x00\x00\x00\x00\x00\x00\x00')
2019-04-10 16:22:14,652 - root - INFO - records[215741]['F_VENCIM'] == InvalidValue(b'\x00\x00\x00\x00\x00\x00\x00\x00')
2019-04-10 16:22:14,652 - root - INFO - records[215741]['F_TRANS'] == InvalidValue(b'\x00\x00\x00\x00\x00\x00\x00\x00')
2019-04-10 16:22:16,113 - root - INFO - records[222679]['F_EVENTO'] == InvalidValue(b'\x00\x00\x00\x00\x00\x00\x00\x00')
2019-04-10 16:22:16,113 - root - INFO - records[222679]['F_VENCIM'] == InvalidValue(b'\x00\x00\x00\x00\x00\x00\x00\x00')
2019-04-10 16:22:16,113 - root - INFO - records[222679]['F_TRANS'] == InvalidValue(b'\x00\x00\x00\x00\x00\x00\x00\x00')
2019-04-10 16:22:16,113 - root - INFO - records[222680]['F_EVENTO'] == InvalidValue(b'\x00\x00\x00\x00\x00\x00\x00\x00')
2019-04-10 16:22:16,113 - root - INFO - records[222680]['F_VENCIM'] == InvalidValue(b'\x00\x00\x00\x00\x00\x00\x00\x00')
2019-04-10 16:22:16,113 - root - INFO - records[222680]['F_TRANS'] == InvalidValue(b'\x00\x00\x00\x00\x00\x00\x00\x00')
2019-04-10 16:22:16,113 - root - INFO - records[222681]['F_EVENTO'] == InvalidValue(b'\x00\x00\x00\x00\x00\x00\x00\x00')
2019-04-10 16:22:16,113 - root - INFO - records[222681]['F_VENCIM'] == InvalidValue(b'\x00\x00\x00\x00\x00\x00\x00\x00')
2019-04-10 16:22:16,113 - root - INFO - records[222681]['F_TRANS'] == InvalidValue(b'\x00\x00\x00\x00\x00\x00\x00\x00')
