2019-04-12 16:35:25,258 - root - WARNING - connected to Sqlserver.
2019-04-12 16:35:25,263 - root - INFO - Connections to database severed
2019-04-12 16:35:25,299 - root - INFO - database dropped
2019-04-12 16:35:25,300 - root - INFO - user ready
2019-04-12 16:35:25,301 - root - INFO - access granted
2019-04-12 16:35:25,302 - root - INFO - access granted
2019-04-12 16:35:25,302 - root - INFO - password changed
2019-04-12 16:35:26,037 - root - INFO - <_io.TextIOWrapper name='<stderr>' mode='w' encoding='UTF-8'>Child returned, 0
2019-04-12 16:35:26,051 - root - WARNING - connected to Sqlserver.
2019-04-12 16:35:26,081 - root - INFO - repository synced
2019-04-12 16:35:26,086 - root - INFO - repository synced
2019-04-12 16:35:26,091 - root - WARNING - connected to Sqlserver.
2019-04-12 16:35:26,098 - root - INFO - wrong query:insert into HNMARCAS.HNADMIN.[CF_GEO_COUNTRY] ([ROW_VERSION]
      ,[COUNTRY_CODE]      ,[COUNTRY_NAME]      ,[NATIONALITY]      ,[IND_WIPO_STATISTICS]) values
	  (1,'XX','pais desconocido','XX','N'),(1,'EA','Eurasian patent offi','EA','N' )corr pais
2019-04-12 16:35:26,098 - root - ERROR - >>>>>>>>>>>>>>> issue with insert query ('23000', "[23000] [Microsoft][ODBC Driver 17 for SQL Server][SQL Server]Violation of PRIMARY KEY constraint 'PAIS_PK'. Cannot insert duplicate key in object 'HNADMIN.CF_GEO_COUNTRY'. The duplicate key value is (XX). (2627) (SQLExecDirectW); [23000] [Microsoft][ODBC Driver 17 for SQL Server][SQL Server]The statement has been terminated. (3621)")
2019-04-12 16:35:26,105 - root - INFO - wrong query:insert into HNMARCAS.HNADMIN.[CF_CLASS_NICE] ([ROW_VERSION]      ,[NICE_CLASS_CODE]      ,[NICE_CLASS_NAME]      ,[XML_DESIGNER]
      ,[CLASS_DETAIL]      ,[NICE_CLASS_EDITION]      ,[NICE_CLASS_VERSION]) values
    	  (1,	46,	'CLASS 46',	'<PARAMS></PARAMS>','',11,0),(1,	46,	'CLASS 46',	'<PARAMS></PARAMS>','',11,2017.01)corr nice class nombres
2019-04-12 16:35:26,105 - root - ERROR - >>>>>>>>>>>>>>> issue with insert query ('23000', "[23000] [Microsoft][ODBC Driver 17 for SQL Server][SQL Server]Violation of PRIMARY KEY constraint 'CLASE_INTERNACIONAL_PK'. Cannot insert duplicate key in object 'HNADMIN.CF_CLASS_NICE'. The duplicate key value is (11, 0.00, 46). (2627) (SQLExecDirectW); [23000] [Microsoft][ODBC Driver 17 for SQL Server][SQL Server]The statement has been terminated. (3621)")
2019-04-12 16:35:26,223 - root - INFO - changing database to intermed
2019-04-12 16:35:26,228 - root - WARNING - connected to Sqlserver.
2019-04-12 16:35:27,042 - root - INFO - admin user connected
2019-04-12 16:35:27,043 - root - INFO - access granted
2019-04-12 16:35:27,044 - root - INFO - access granted
2019-04-12 16:35:29,405 - root - WARNING - Running initial updates to intermed.
2019-04-12 16:35:29,405 - root - INFO - changing database to intermed
2019-04-12 16:35:30,883 - root - INFO - changing database to ipas
2019-04-12 16:35:30,888 - root - WARNING - connected to Sqlserver.
2019-04-12 16:35:30,888 - root - WARNING - Creating store procedures and wrk tables.
2019-04-12 16:35:31,038 - root - INFO - cleanning manual validation tables
2019-04-12 16:35:31,039 - root - INFO - creating store procedure0-ImportSetPersonNbr
2019-04-12 16:35:31,116 - root - INFO - <_io.TextIOWrapper name='<stderr>' mode='w' encoding='UTF-8'>Child returned, 0
2019-04-12 16:35:31,117 - root - INFO - creating store procedure1-MarkDateValidationPROC
2019-04-12 16:35:31,186 - root - INFO - <_io.TextIOWrapper name='<stderr>' mode='w' encoding='UTF-8'>Child returned, 0
2019-04-12 16:35:31,186 - root - INFO - creating store procedure10-ImportAgentProcessAll
2019-04-12 16:35:31,255 - root - INFO - <_io.TextIOWrapper name='<stderr>' mode='w' encoding='UTF-8'>Child returned, 0
2019-04-12 16:35:31,255 - root - INFO - creating store procedure11-ImportMarkProcess
2019-04-12 16:35:31,336 - root - INFO - <_io.TextIOWrapper name='<stderr>' mode='w' encoding='UTF-8'>Child returned, 0
2019-04-12 16:35:31,336 - root - INFO - creating store procedure12-userdocImport-1
2019-04-12 16:35:31,410 - root - INFO - <_io.TextIOWrapper name='<stderr>' mode='w' encoding='UTF-8'>Child returned, 0
2019-04-12 16:35:31,411 - root - INFO - creating store procedure13-userdocImport-2
2019-04-12 16:35:31,483 - root - INFO - <_io.TextIOWrapper name='<stderr>' mode='w' encoding='UTF-8'>Child returned, 0
2019-04-12 16:35:31,484 - root - INFO - creating store procedure2-PatentDateValidationPROC
2019-04-12 16:35:31,558 - root - INFO - <_io.TextIOWrapper name='<stderr>' mode='w' encoding='UTF-8'>Child returned, 0
2019-04-12 16:35:31,558 - root - INFO - creating store procedure3-UserDocDateValidationPROC
2019-04-12 16:35:31,626 - root - INFO - <_io.TextIOWrapper name='<stderr>' mode='w' encoding='UTF-8'>Child returned, 0
2019-04-12 16:35:31,626 - root - INFO - creating store procedure4-CallToDateValidationPROC
2019-04-12 16:35:31,693 - root - INFO - <_io.TextIOWrapper name='<stderr>' mode='w' encoding='UTF-8'>Child returned, 0
2019-04-12 16:35:31,693 - root - INFO - creating store procedure5-ImportAgentValidate
2019-04-12 16:35:31,768 - root - INFO - <_io.TextIOWrapper name='<stderr>' mode='w' encoding='UTF-8'>Child returned, 0
2019-04-12 16:35:31,768 - root - INFO - creating store procedure6-ImportMarkValidate
2019-04-12 16:35:31,884 - root - INFO - <_io.TextIOWrapper name='<stderr>' mode='w' encoding='UTF-8'>Child returned, 0
2019-04-12 16:35:31,885 - root - INFO - creating store procedure8-ImportUserdocValidate
2019-04-12 16:35:31,993 - root - INFO - <_io.TextIOWrapper name='<stderr>' mode='w' encoding='UTF-8'>Child returned, 0
2019-04-12 16:35:31,993 - root - INFO - creating store procedure9-ImportWorkTablesCreate
2019-04-12 16:35:32,749 - root - INFO - <_io.TextIOWrapper name='<stderr>' mode='w' encoding='UTF-8'>Child returned, 0
2019-04-12 16:35:32,749 - root - WARNING - Running validation and migration.
2019-04-12 16:35:32,916 - root - WARNING - Migrating agents.
2019-04-12 16:35:37,684 - root - WARNING - Validation TM .
2019-04-12 16:35:59,509 - root - INFO - wrong query:INSERT INTO HNMARCAS.HNADMIN.CF_APPLICATION_SUBTYPE(ROW_VERSION,APPL_TYP,APPL_SUBTYP,APPL_SUBTYPE_NAME)  VALUES (1,'MAR','RO','ROTULO')running TM updates
2019-04-12 16:35:59,509 - root - ERROR - >>>>>>>>>>>>>>> issue with insert query ('23000', "[23000] [Microsoft][ODBC Driver 17 for SQL Server][SQL Server]Violation of PRIMARY KEY constraint 'SUBTIPO_SOLICITUD_PK'. Cannot insert duplicate key in object 'HNADMIN.CF_APPLICATION_SUBTYPE'. The duplicate key value is (MAR, RO). (2627) (SQLExecDirectW); [23000] [Microsoft][ODBC Driver 17 for SQL Server][SQL Server]The statement has been terminated. (3621)")
2019-04-12 16:36:16,818 - root - INFO - wrong query:INSERT INTO HNMARCAS.HNADMIN.CF_DOC_SEQUENCE (ROW_VERSION  ,DOC_SEQ_TYP   ,DOC_SEQ_NAME     ,IND_ANNUAL_SERIES   ,FIXED_SERIES    ,IND_CONT_NBR_FOR_FILE) SELECT DISTINCT 1,USERDOC_SEQ,'SEQ ALTERNATIVA USERDOCS'+USERDOC_SEQ,'S',NULL,'N' FROM HN1.dbo.VW_IMPORT_USERDOC WHERE USERDOC_SEQ!='M'running TM updates
2019-04-12 16:36:16,818 - root - ERROR - >>>>>>>>>>>>>>> issue with insert query ('23000', "[23000] [Microsoft][ODBC Driver 17 for SQL Server][SQL Server]Violation of PRIMARY KEY constraint 'SECUENCIA_PROMOCION_PK'. Cannot insert duplicate key in object 'HNADMIN.CF_DOC_SEQUENCE'. The duplicate key value is (M-66). (2627) (SQLExecDirectW); [23000] [Microsoft][ODBC Driver 17 for SQL Server][SQL Server]The statement has been terminated. (3621)")
2019-04-12 16:36:16,819 - root - INFO - wrong query:INSERT INTO HNMARCAS.HNADMIN.CF_DOC_SEQUENCE (ROW_VERSION  ,DOC_SEQ_TYP   ,DOC_SEQ_NAME     ,IND_ANNUAL_SERIES   ,FIXED_SERIES    ,IND_CONT_NBR_FOR_FILE) VALUES(1,'M-A', 'SEQ ALTERNATIVA OVERLAP','S',NULL,'N')running TM updates
2019-04-12 16:36:16,819 - root - ERROR - >>>>>>>>>>>>>>> issue with insert query ('23000', "[23000] [Microsoft][ODBC Driver 17 for SQL Server][SQL Server]Violation of PRIMARY KEY constraint 'SECUENCIA_PROMOCION_PK'. Cannot insert duplicate key in object 'HNADMIN.CF_DOC_SEQUENCE'. The duplicate key value is (M-A). (2627) (SQLExecDirectW); [23000] [Microsoft][ODBC Driver 17 for SQL Server][SQL Server]The statement has been terminated. (3621)")
2019-04-12 16:36:16,819 - root - WARNING - Validation TM post correction.
2019-04-12 16:36:35,284 - root - WARNING - Migrating trademarks.
2019-04-12 16:36:35,389 - root - INFO - From SQLCMD: b'Msg 2812, Level 16, State 62, Server WS538539, Line 1\r\n'
2019-04-12 16:36:35,389 - root - INFO - From SQLCMD: b"Could not find stored procedure 'HNMARCAS.dbo.ImportMarkProcess'.\r\n"
2019-04-12 16:36:35,488 - root - INFO - From SQLCMD: b'Msg 2812, Level 16, State 62, Server WS538539, Line 1\r\n'
2019-04-12 16:36:35,488 - root - INFO - From SQLCMD: b"Could not find stored procedure 'HNMARCAS.dbo.ImportMarkProcess'.\r\n"
2019-04-12 16:36:35,593 - root - INFO - From SQLCMD: b'Msg 2812, Level 16, State 62, Server WS538539, Line 1\r\n'
2019-04-12 16:36:35,593 - root - INFO - From SQLCMD: b"Could not find stored procedure 'HNMARCAS.dbo.ImportMarkProcess'.\r\n"
2019-04-12 16:36:35,698 - root - INFO - From SQLCMD: b'Msg 2812, Level 16, State 62, Server WS538539, Line 1\r\n'
2019-04-12 16:36:35,698 - root - INFO - From SQLCMD: b"Could not find stored procedure 'HNMARCAS.dbo.ImportMarkProcess'.\r\n"
2019-04-12 16:36:35,831 - root - INFO - From SQLCMD: b'Msg 2812, Level 16, State 62, Server WS538539, Line 1\r\n'
2019-04-12 16:36:35,831 - root - INFO - From SQLCMD: b"Could not find stored procedure 'HNMARCAS.dbo.ImportMarkProcess'.\r\n"
2019-04-12 16:36:35,949 - root - INFO - From SQLCMD: b'Msg 2812, Level 16, State 62, Server WS538539, Line 1\r\n'
2019-04-12 16:36:35,949 - root - INFO - From SQLCMD: b"Could not find stored procedure 'HNMARCAS.dbo.ImportMarkProcess'.\r\n"
2019-04-12 16:36:36,067 - root - INFO - From SQLCMD: b'Msg 2812, Level 16, State 62, Server WS538539, Line 1\r\n'
2019-04-12 16:36:36,067 - root - INFO - From SQLCMD: b"Could not find stored procedure 'HNMARCAS.dbo.ImportMarkProcess'.\r\n"
2019-04-12 16:36:36,228 - root - INFO - From SQLCMD: b'Msg 2812, Level 16, State 62, Server WS538539, Line 1\r\n'
2019-04-12 16:36:36,229 - root - INFO - From SQLCMD: b"Could not find stored procedure 'HNMARCAS.dbo.ImportMarkProcess'.\r\n"
2019-04-12 16:36:36,377 - root - INFO - From SQLCMD: b'Msg 2812, Level 16, State 62, Server WS538539, Line 1\r\n'
2019-04-12 16:36:36,377 - root - INFO - From SQLCMD: b"Could not find stored procedure 'HNMARCAS.dbo.ImportMarkProcess'.\r\n"
2019-04-12 16:36:36,511 - root - INFO - From SQLCMD: b'Msg 2812, Level 16, State 62, Server WS538539, Line 1\r\n'
2019-04-12 16:36:36,511 - root - INFO - From SQLCMD: b"Could not find stored procedure 'HNMARCAS.dbo.ImportMarkProcess'.\r\n"
2019-04-12 16:36:36,649 - root - INFO - From SQLCMD: b'Msg 2812, Level 16, State 62, Server WS538539, Line 1\r\n'
2019-04-12 16:36:36,649 - root - INFO - From SQLCMD: b"Could not find stored procedure 'HNMARCAS.dbo.ImportMarkProcess'.\r\n"
2019-04-12 16:36:36,798 - root - INFO - From SQLCMD: b'Msg 2812, Level 16, State 62, Server WS538539, Line 1\r\n'
2019-04-12 16:36:36,799 - root - INFO - From SQLCMD: b"Could not find stored procedure 'HNMARCAS.dbo.ImportMarkProcess'.\r\n"
2019-04-12 16:36:36,976 - root - INFO - From SQLCMD: b'Msg 2812, Level 16, State 62, Server WS538539, Line 1\r\n'
2019-04-12 16:36:36,977 - root - INFO - From SQLCMD: b"Could not find stored procedure 'HNMARCAS.dbo.ImportMarkProcess'.\r\n"
2019-04-12 16:36:37,134 - root - INFO - From SQLCMD: b'Msg 2812, Level 16, State 62, Server WS538539, Line 1\r\n'
2019-04-12 16:36:37,134 - root - INFO - From SQLCMD: b"Could not find stored procedure 'HNMARCAS.dbo.ImportMarkProcess'.\r\n"
2019-04-12 16:36:37,306 - root - INFO - From SQLCMD: b'Msg 2812, Level 16, State 62, Server WS538539, Line 1\r\n'
2019-04-12 16:36:37,306 - root - INFO - From SQLCMD: b"Could not find stored procedure 'HNMARCAS.dbo.ImportMarkProcess'.\r\n"
2019-04-12 16:36:37,475 - root - INFO - From SQLCMD: b'Msg 2812, Level 16, State 62, Server WS538539, Line 1\r\n'
2019-04-12 16:36:37,475 - root - INFO - From SQLCMD: b"Could not find stored procedure 'HNMARCAS.dbo.ImportMarkProcess'.\r\n"
2019-04-12 16:36:37,666 - root - INFO - From SQLCMD: b'Msg 2812, Level 16, State 62, Server WS538539, Line 1\r\n'
2019-04-12 16:36:37,666 - root - INFO - From SQLCMD: b"Could not find stored procedure 'HNMARCAS.dbo.ImportMarkProcess'.\r\n"
2019-04-12 16:36:37,871 - root - INFO - From SQLCMD: b'Msg 2812, Level 16, State 62, Server WS538539, Line 1\r\n'
2019-04-12 16:36:37,872 - root - INFO - From SQLCMD: b"Could not find stored procedure 'HNMARCAS.dbo.ImportMarkProcess'.\r\n"
2019-04-12 16:36:38,053 - root - INFO - From SQLCMD: b'Msg 2812, Level 16, State 62, Server WS538539, Line 1\r\n'
2019-04-12 16:36:38,053 - root - INFO - From SQLCMD: b"Could not find stored procedure 'HNMARCAS.dbo.ImportMarkProcess'.\r\n"
2019-04-12 16:36:38,224 - root - INFO - From SQLCMD: b'Msg 2812, Level 16, State 62, Server WS538539, Line 1\r\n'
2019-04-12 16:36:38,224 - root - INFO - From SQLCMD: b"Could not find stored procedure 'HNMARCAS.dbo.ImportMarkProcess'.\r\n"
2019-04-12 16:36:38,234 - root - INFO - changing database to intermed
2019-04-12 16:36:38,236 - root - WARNING - connected to Sqlserver.
2019-04-12 16:36:38,236 - root - WARNING - 

2019-04-12 16:36:38,236 - root - WARNING - Validation UD post correction.
2019-04-12 16:36:50,169 - root - WARNING - Validation UD post correction.
2019-04-12 16:36:59,400 - root - WARNING - importing UD.
2019-04-12 16:37:01,837 - root - INFO - From SQLCMD: b'\r\n'
2019-04-12 16:37:01,838 - root - INFO - From SQLCMD: b'(0 rows affected)\r\n'
2019-04-12 16:37:01,838 - root - INFO - From SQLCMD: b'\r\n'
2019-04-12 16:37:01,838 - root - INFO - From SQLCMD: b'(9029 rows affected)\r\n'
2019-04-12 16:37:01,838 - root - INFO - From SQLCMD: b'\r\n'
2019-04-12 16:37:01,838 - root - INFO - From SQLCMD: b'(0 rows affected)\r\n'
2019-04-12 16:37:01,838 - root - INFO - From SQLCMD: b'\r\n'
2019-04-12 16:37:01,838 - root - INFO - From SQLCMD: b'(0 rows affected)\r\n'
2019-04-12 16:37:01,838 - root - INFO - From SQLCMD: b'\r\n'
2019-04-12 16:37:01,838 - root - INFO - From SQLCMD: b'(0 rows affected)\r\n'
2019-04-12 16:37:01,839 - root - INFO - From SQLCMD: b'\r\n'
2019-04-12 16:37:01,839 - root - INFO - From SQLCMD: b'(7143 rows affected)\r\n'
2019-04-12 16:37:01,839 - root - INFO - From SQLCMD: b'\r\n'
2019-04-12 16:37:01,839 - root - INFO - From SQLCMD: b'(0 rows affected)\r\n'
2019-04-12 16:37:01,839 - root - INFO - From SQLCMD: b'\r\n'
2019-04-12 16:37:01,839 - root - INFO - From SQLCMD: b'(2511 rows affected)\r\n'
2019-04-12 16:37:01,839 - root - INFO - From SQLCMD: b'\r\n'
2019-04-12 16:37:01,839 - root - INFO - From SQLCMD: b'(0 rows affected)\r\n'
2019-04-12 16:37:01,839 - root - INFO - From SQLCMD: b'\r\n'
2019-04-12 16:37:01,839 - root - INFO - From SQLCMD: b'(0 rows affected)\r\n'
2019-04-12 16:37:01,839 - root - INFO - From SQLCMD: b'\r\n'
2019-04-12 16:37:01,839 - root - INFO - From SQLCMD: b'(0 rows affected)\r\n'
2019-04-12 16:37:01,839 - root - INFO - From SQLCMD: b'\r\n'
2019-04-12 16:37:01,839 - root - INFO - From SQLCMD: b'(0 rows affected)\r\n'
2019-04-12 16:37:01,839 - root - INFO - From SQLCMD: b'\r\n'
2019-04-12 16:37:01,839 - root - INFO - From SQLCMD: b'(11500 rows affected)\r\n'
2019-04-12 16:37:01,839 - root - INFO - From SQLCMD: b'\r\n'
2019-04-12 16:37:01,839 - root - INFO - From SQLCMD: b'(7143 rows affected)\r\n'
2019-04-12 16:37:01,840 - root - INFO - From SQLCMD: b'\r\n'
2019-04-12 16:37:01,840 - root - INFO - From SQLCMD: b'(7143 rows affected)\r\n'
2019-04-12 16:37:01,840 - root - INFO - From SQLCMD: b'\r\n'
2019-04-12 16:37:01,840 - root - INFO - From SQLCMD: b'(7143 rows affected)\r\n'
2019-04-12 16:37:01,840 - root - INFO - From SQLCMD: b'\r\n'
2019-04-12 16:37:01,840 - root - INFO - From SQLCMD: b'(2511 rows affected)\r\n'
2019-04-12 16:37:01,840 - root - INFO - From SQLCMD: b'\r\n'
2019-04-12 16:37:01,840 - root - INFO - From SQLCMD: b'(2511 rows affected)\r\n'
2019-04-12 16:37:01,840 - root - INFO - From SQLCMD: b'USERDOC_SEQ  USERDOC_SERIES USERDOC_NBR       PROCESS_FILE_SEQ PROCESS_FILE_TYPE PROCESS_FILE_SERIES PROCESS_FILE_NBR ACTION_TYPE ACTION_DATE             MANUAL_DUE_DATE         RESPONSIBLE_USER ACTION_NOTES1                                                                                                                                                                                                                                                    ACTION_NOTES2                                                                                                                                                                                                                                                  ACTION_NOTES3                                                                                                                                                                                                                                                  ACTION_NOTES4                                                                                                                                                                                                                                                  ACTION_NOTES5                                                                                                                                                                                                                                                  GENERAL_NOTES                                                                                                                                                                                                                                                  SELECTED_OPTIONS_TEXT                                                                                                                                                                                                                                            ACTION_USER ACTION_CATEGORY SPECIAL_FINAL_STATUS JOURNAL_CODE PUBLICATION_DATE        IPAS_PROC_TYP IPAS_PROC_NBR IPAS_ACTION_NBR ACTION_NBR  \r\n'
2019-04-12 16:37:01,840 - root - INFO - From SQLCMD: b'------------ -------------- ----------------- ---------------- ----------------- ------------------- ---------------- ----------- ----------------------- ----------------------- ---------------- ---------------------------------------------------------------------------------------------------------------------------------------------------------------------------------------------------------------------------------------------------------------- -------------------------------------------------------------------------------------------------------------------------------------------------------------------------------------------------------------------------------------------------------------- -------------------------------------------------------------------------------------------------------------------------------------------------------------------------------------------------------------------------------------------------------------- -------------------------------------------------------------------------------------------------------------------------------------------------------------------------------------------------------------------------------------------------------------- -------------------------------------------------------------------------------------------------------------------------------------------------------------------------------------------------------------------------------------------------------------- -------------------------------------------------------------------------------------------------------------------------------------------------------------------------------------------------------------------------------------------------------------- ---------------------------------------------------------------------------------------------------------------------------------------------------------------------------------------------------------------------------------------------------------------- ----------- --------------- -------------------- ------------ ----------------------- ------------- ------------- --------------- ------------\r\n'
2019-04-12 16:37:01,840 - root - INFO - From SQLCMD: b'\r\n'
2019-04-12 16:37:01,840 - root - INFO - From SQLCMD: b'(0 rows affected)\r\n'
2019-04-12 16:37:01,840 - root - INFO - From SQLCMD: b'\r\n'
2019-04-12 16:37:01,840 - root - INFO - From SQLCMD: b'(0 rows affected)\r\n'
2019-04-12 16:37:01,841 - root - INFO - From SQLCMD: b'\r\n'
2019-04-12 16:37:01,841 - root - INFO - From SQLCMD: b'(0 rows affected)\r\n'
2019-04-12 16:37:01,841 - root - INFO - From SQLCMD: b'\r\n'
2019-04-12 16:37:01,841 - root - INFO - From SQLCMD: b'(0 rows affected)\r\n'
2019-04-12 16:37:01,841 - root - INFO - From SQLCMD: b'\r\n'
2019-04-12 16:37:01,841 - root - INFO - From SQLCMD: b'(2511 rows affected)\r\n'
2019-04-12 16:37:01,841 - root - INFO - From SQLCMD: b'\r\n'
2019-04-12 16:37:01,841 - root - INFO - From SQLCMD: b'(9029 rows affected)\r\n'
2019-04-12 16:37:01,841 - root - INFO - From SQLCMD: b'\r\n'
2019-04-12 16:37:01,841 - root - INFO - From SQLCMD: b'(9029 rows affected)\r\n'
2019-04-12 16:37:01,841 - root - INFO - From SQLCMD: b'\r\n'
2019-04-12 16:37:01,841 - root - INFO - From SQLCMD: b'(9029 rows affected)\r\n'
2019-04-12 16:37:01,841 - root - INFO - From SQLCMD: b'\r\n'
2019-04-12 16:37:01,841 - root - INFO - From SQLCMD: b'(0 rows affected)\r\n'
2019-04-12 16:37:01,841 - root - INFO - From SQLCMD: b'Warning: Null value is eliminated by an aggregate or other SET operation.\r\n'
2019-04-12 16:37:01,841 - root - INFO - From SQLCMD: b'\r\n'
2019-04-12 16:37:01,841 - root - INFO - From SQLCMD: b'(0 rows affected)\r\n'
2019-04-12 16:37:02,889 - root - INFO - From SQLCMD: b'\r\n'
2019-04-12 16:37:02,889 - root - INFO - From SQLCMD: b'(22 rows affected)\r\n'
2019-04-12 16:37:02,889 - root - INFO - From SQLCMD: b'\r\n'
2019-04-12 16:37:02,889 - root - INFO - From SQLCMD: b'(1 rows affected)\r\n'
2019-04-12 16:37:02,889 - root - INFO - From SQLCMD: b'\r\n'
2019-04-12 16:37:02,890 - root - INFO - From SQLCMD: b'(1698 rows affected)\r\n'
2019-04-12 16:37:02,890 - root - INFO - From SQLCMD: b'\r\n'
2019-04-12 16:37:02,890 - root - INFO - From SQLCMD: b'(1698 rows affected)\r\n'
2019-04-12 16:37:02,890 - root - INFO - From SQLCMD: b'\r\n'
2019-04-12 16:37:02,890 - root - INFO - From SQLCMD: b'(9029 rows affected)\r\n'
2019-04-12 16:37:02,890 - root - INFO - From SQLCMD: b'\r\n'
2019-04-12 16:37:02,890 - root - INFO - From SQLCMD: b'(0 rows affected)\r\n'
2019-04-12 16:37:02,890 - root - INFO - From SQLCMD: b'\r\n'
2019-04-12 16:37:02,890 - root - INFO - From SQLCMD: b'(9029 rows affected)\r\n'
2019-04-12 16:37:02,890 - root - INFO - From SQLCMD: b'\r\n'
2019-04-12 16:37:02,890 - root - INFO - From SQLCMD: b'(9029 rows affected)\r\n'
2019-04-12 16:37:02,890 - root - INFO - From SQLCMD: b'\r\n'
2019-04-12 16:37:02,890 - root - INFO - From SQLCMD: b'(7143 rows affected)\r\n'
2019-04-12 16:37:02,890 - root - INFO - From SQLCMD: b'\r\n'
2019-04-12 16:37:02,890 - root - INFO - From SQLCMD: b'(2511 rows affected)\r\n'
2019-04-12 16:37:02,890 - root - INFO - From SQLCMD: b'\r\n'
2019-04-12 16:37:02,890 - root - INFO - From SQLCMD: b'(0 rows affected)\r\n'
2019-04-12 16:37:02,891 - root - INFO - From SQLCMD: b'\r\n'
2019-04-12 16:37:02,891 - root - INFO - From SQLCMD: b'(0 rows affected)\r\n'
2019-04-12 16:37:02,891 - root - INFO - From SQLCMD: b'\r\n'
2019-04-12 16:37:02,891 - root - INFO - From SQLCMD: b'(0 rows affected)\r\n'
2019-04-12 16:37:02,891 - root - INFO - From SQLCMD: b'\r\n'
2019-04-12 16:37:02,891 - root - INFO - From SQLCMD: b'(0 rows affected)\r\n'
2019-04-12 16:37:02,891 - root - INFO - From SQLCMD: b'\r\n'
2019-04-12 16:37:02,891 - root - INFO - From SQLCMD: b'(0 rows affected)\r\n'
2019-04-12 16:37:02,891 - root - INFO - From SQLCMD: b'\r\n'
2019-04-12 16:37:02,891 - root - INFO - From SQLCMD: b'(0 rows affected)\r\n'
2019-04-12 16:37:02,891 - root - INFO - From SQLCMD: b'\r\n'
2019-04-12 16:37:02,891 - root - INFO - From SQLCMD: b'(0 rows affected)\r\n'
2019-04-12 16:37:02,891 - root - INFO - From SQLCMD: b'\r\n'
2019-04-12 16:37:02,891 - root - INFO - From SQLCMD: b'(0 rows affected)\r\n'
2019-04-12 16:37:02,891 - root - INFO - From SQLCMD: b'\r\n'
2019-04-12 16:37:02,891 - root - INFO - From SQLCMD: b'(0 rows affected)\r\n'
2019-04-12 16:37:02,892 - root - INFO - From SQLCMD: b'\r\n'
2019-04-12 16:37:02,892 - root - INFO - From SQLCMD: b'(0 rows affected)\r\n'
2019-04-12 16:37:02,892 - root - INFO - From SQLCMD: b'\r\n'
2019-04-12 16:37:02,892 - root - INFO - From SQLCMD: b'(0 rows affected)\r\n'
2019-04-12 16:37:03,422 - root - INFO - From SQLCMD: b'\r\n'
2019-04-12 16:37:03,422 - root - INFO - From SQLCMD: b'(9029 rows affected)\r\n'
2019-04-12 16:37:03,422 - root - INFO - From SQLCMD: b'\r\n'
2019-04-12 16:37:03,422 - root - INFO - From SQLCMD: b'(0 rows affected)\r\n'
2019-04-12 16:37:03,422 - root - INFO - From SQLCMD: b'\r\n'
2019-04-12 16:37:03,422 - root - INFO - From SQLCMD: b'(0 rows affected)\r\n'
2019-04-12 16:37:03,422 - root - INFO - From SQLCMD: b'\r\n'
2019-04-12 16:37:03,422 - root - INFO - From SQLCMD: b'(0 rows affected)\r\n'
2019-04-12 16:37:03,422 - root - INFO - From SQLCMD: b'\r\n'
2019-04-12 16:37:03,422 - root - INFO - From SQLCMD: b'(7143 rows affected)\r\n'
2019-04-12 16:37:03,422 - root - INFO - From SQLCMD: b'\r\n'
2019-04-12 16:37:03,422 - root - INFO - From SQLCMD: b'(0 rows affected)\r\n'
2019-04-12 16:37:03,423 - root - INFO - From SQLCMD: b'\r\n'
2019-04-12 16:37:03,423 - root - INFO - From SQLCMD: b'(2511 rows affected)\r\n'
2019-04-12 16:37:03,423 - root - INFO - From SQLCMD: b'\r\n'
2019-04-12 16:37:03,423 - root - INFO - From SQLCMD: b'(0 rows affected)\r\n'
2019-04-12 16:37:03,423 - root - INFO - From SQLCMD: b'\r\n'
2019-04-12 16:37:03,423 - root - INFO - From SQLCMD: b'(0 rows affected)\r\n'
2019-04-12 16:37:03,423 - root - INFO - From SQLCMD: b'\r\n'
2019-04-12 16:37:03,423 - root - INFO - From SQLCMD: b'(0 rows affected)\r\n'
2019-04-12 16:37:03,423 - root - INFO - From SQLCMD: b'\r\n'
2019-04-12 16:37:03,423 - root - INFO - From SQLCMD: b'(0 rows affected)\r\n'
2019-04-12 16:37:03,423 - root - INFO - From SQLCMD: b'\r\n'
2019-04-12 16:37:03,423 - root - INFO - From SQLCMD: b'(0 rows affected)\r\n'
2019-04-12 16:37:03,423 - root - INFO - From SQLCMD: b'\r\n'
2019-04-12 16:37:03,423 - root - INFO - From SQLCMD: b'(9029 rows affected)\r\n'
2019-04-12 16:37:03,423 - root - INFO - From SQLCMD: b'\r\n'
2019-04-12 16:37:03,423 - root - INFO - From SQLCMD: b'(0 rows affected)\r\n'
2019-04-12 16:37:03,423 - root - INFO - From SQLCMD: b'\r\n'
2019-04-12 16:37:03,423 - root - INFO - From SQLCMD: b'(0 rows affected)\r\n'
2019-04-12 16:37:03,424 - root - INFO - From SQLCMD: b'\r\n'
2019-04-12 16:37:03,424 - root - INFO - From SQLCMD: b'(0 rows affected)\r\n'
2019-04-12 16:37:03,424 - root - INFO - From SQLCMD: b'\r\n'
2019-04-12 16:37:03,424 - root - INFO - From SQLCMD: b'(0 rows affected)\r\n'
2019-04-12 16:37:03,424 - root - INFO - From SQLCMD: b'\r\n'
2019-04-12 16:37:03,424 - root - INFO - From SQLCMD: b'(0 rows affected)\r\n'
2019-04-12 16:37:03,424 - root - INFO - From SQLCMD: b'USERDOC_SEQ  USERDOC_SERIES USERDOC_NBR       PROCESS_FILE_SEQ PROCESS_FILE_TYPE PROCESS_FILE_SERIES PROCESS_FILE_NBR ACTION_TYPE ACTION_DATE             MANUAL_DUE_DATE         RESPONSIBLE_USER ACTION_NOTES1                                                                                                                                                                                                                                                    ACTION_NOTES2                                                                                                                                                                                                                                                  ACTION_NOTES3                                                                                                                                                                                                                                                  ACTION_NOTES4                                                                                                                                                                                                                                                  ACTION_NOTES5                                                                                                                                                                                                                                                  GENERAL_NOTES                                                                                                                                                                                                                                                  SELECTED_OPTIONS_TEXT                                                                                                                                                                                                                                            ACTION_USER ACTION_CATEGORY SPECIAL_FINAL_STATUS JOURNAL_CODE PUBLICATION_DATE        IPAS_PROC_TYP IPAS_PROC_NBR IPAS_ACTION_NBR ACTION_NBR  \r\n'
2019-04-12 16:37:03,424 - root - INFO - From SQLCMD: b'------------ -------------- ----------------- ---------------- ----------------- ------------------- ---------------- ----------- ----------------------- ----------------------- ---------------- ---------------------------------------------------------------------------------------------------------------------------------------------------------------------------------------------------------------------------------------------------------------- -------------------------------------------------------------------------------------------------------------------------------------------------------------------------------------------------------------------------------------------------------------- -------------------------------------------------------------------------------------------------------------------------------------------------------------------------------------------------------------------------------------------------------------- -------------------------------------------------------------------------------------------------------------------------------------------------------------------------------------------------------------------------------------------------------------- -------------------------------------------------------------------------------------------------------------------------------------------------------------------------------------------------------------------------------------------------------------- -------------------------------------------------------------------------------------------------------------------------------------------------------------------------------------------------------------------------------------------------------------- ---------------------------------------------------------------------------------------------------------------------------------------------------------------------------------------------------------------------------------------------------------------- ----------- --------------- -------------------- ------------ ----------------------- ------------- ------------- --------------- ------------\r\n'
2019-04-12 16:37:03,424 - root - INFO - From SQLCMD: b'\r\n'
2019-04-12 16:37:03,424 - root - INFO - From SQLCMD: b'(0 rows affected)\r\n'
2019-04-12 16:37:03,424 - root - INFO - From SQLCMD: b'\r\n'
2019-04-12 16:37:03,424 - root - INFO - From SQLCMD: b'(0 rows affected)\r\n'
2019-04-12 16:37:03,424 - root - INFO - From SQLCMD: b'\r\n'
2019-04-12 16:37:03,424 - root - INFO - From SQLCMD: b'(0 rows affected)\r\n'
2019-04-12 16:37:03,424 - root - INFO - From SQLCMD: b'\r\n'
2019-04-12 16:37:03,425 - root - INFO - From SQLCMD: b'(0 rows affected)\r\n'
2019-04-12 16:37:03,425 - root - INFO - From SQLCMD: b'\r\n'
2019-04-12 16:37:03,425 - root - INFO - From SQLCMD: b'(0 rows affected)\r\n'
2019-04-12 16:37:03,425 - root - INFO - From SQLCMD: b'\r\n'
2019-04-12 16:37:03,425 - root - INFO - From SQLCMD: b'(0 rows affected)\r\n'
2019-04-12 16:37:03,425 - root - INFO - From SQLCMD: b'\r\n'
2019-04-12 16:37:03,425 - root - INFO - From SQLCMD: b'(0 rows affected)\r\n'
2019-04-12 16:37:03,425 - root - INFO - From SQLCMD: b'\r\n'
2019-04-12 16:37:03,425 - root - INFO - From SQLCMD: b'(0 rows affected)\r\n'
2019-04-12 16:37:03,425 - root - INFO - From SQLCMD: b'\r\n'
2019-04-12 16:37:03,425 - root - INFO - From SQLCMD: b'(0 rows affected)\r\n'
2019-04-12 16:37:03,425 - root - INFO - From SQLCMD: b'\r\n'
2019-04-12 16:37:03,425 - root - INFO - From SQLCMD: b'(0 rows affected)\r\n'
2019-04-12 16:37:03,638 - root - INFO - From SQLCMD: b'\r\n'
2019-04-12 16:37:03,638 - root - INFO - From SQLCMD: b'(0 rows affected)\r\n'
2019-04-12 16:37:03,638 - root - INFO - From SQLCMD: b'\r\n'
2019-04-12 16:37:03,638 - root - INFO - From SQLCMD: b'(0 rows affected)\r\n'
2019-04-12 16:37:03,638 - root - INFO - From SQLCMD: b'\r\n'
2019-04-12 16:37:03,638 - root - INFO - From SQLCMD: b'(0 rows affected)\r\n'
2019-04-12 16:37:03,638 - root - INFO - From SQLCMD: b'\r\n'
2019-04-12 16:37:03,638 - root - INFO - From SQLCMD: b'(0 rows affected)\r\n'
2019-04-12 16:37:03,638 - root - INFO - From SQLCMD: b'\r\n'
2019-04-12 16:37:03,638 - root - INFO - From SQLCMD: b'(0 rows affected)\r\n'
2019-04-12 16:37:03,639 - root - INFO - From SQLCMD: b'\r\n'
2019-04-12 16:37:03,639 - root - INFO - From SQLCMD: b'(0 rows affected)\r\n'
2019-04-12 16:37:03,639 - root - INFO - From SQLCMD: b'\r\n'
2019-04-12 16:37:03,639 - root - INFO - From SQLCMD: b'(0 rows affected)\r\n'
2019-04-12 16:37:03,639 - root - INFO - From SQLCMD: b'\r\n'
2019-04-12 16:37:03,639 - root - INFO - From SQLCMD: b'(0 rows affected)\r\n'
2019-04-12 16:37:03,639 - root - INFO - From SQLCMD: b'\r\n'
2019-04-12 16:37:03,639 - root - INFO - From SQLCMD: b'(0 rows affected)\r\n'
2019-04-12 16:37:03,639 - root - INFO - From SQLCMD: b'\r\n'
2019-04-12 16:37:03,639 - root - INFO - From SQLCMD: b'(0 rows affected)\r\n'
2019-04-12 16:37:03,639 - root - INFO - From SQLCMD: b'\r\n'
2019-04-12 16:37:03,639 - root - INFO - From SQLCMD: b'(0 rows affected)\r\n'
2019-04-12 16:37:03,639 - root - INFO - From SQLCMD: b'\r\n'
2019-04-12 16:37:03,639 - root - INFO - From SQLCMD: b'(0 rows affected)\r\n'
2019-04-12 16:37:03,639 - root - INFO - From SQLCMD: b'\r\n'
2019-04-12 16:37:03,639 - root - INFO - From SQLCMD: b'(0 rows affected)\r\n'
2019-04-12 16:37:03,639 - root - INFO - From SQLCMD: b'\r\n'
2019-04-12 16:37:03,639 - root - INFO - From SQLCMD: b'(0 rows affected)\r\n'
2019-04-12 16:37:03,640 - root - INFO - From SQLCMD: b'\r\n'
2019-04-12 16:37:03,640 - root - INFO - From SQLCMD: b'(0 rows affected)\r\n'
2019-04-12 16:37:03,640 - root - INFO - From SQLCMD: b'\r\n'
2019-04-12 16:37:03,640 - root - INFO - From SQLCMD: b'(0 rows affected)\r\n'
2019-04-12 16:37:03,640 - root - INFO - From SQLCMD: b'\r\n'
2019-04-12 16:37:03,640 - root - INFO - From SQLCMD: b'(0 rows affected)\r\n'
2019-04-12 16:37:03,640 - root - INFO - From SQLCMD: b'\r\n'
2019-04-12 16:37:03,640 - root - INFO - From SQLCMD: b'(0 rows affected)\r\n'
2019-04-12 16:37:03,640 - root - INFO - From SQLCMD: b'\r\n'
2019-04-12 16:37:03,640 - root - INFO - From SQLCMD: b'(0 rows affected)\r\n'
2019-04-12 16:37:03,640 - root - INFO - From SQLCMD: b'\r\n'
2019-04-12 16:37:03,640 - root - INFO - From SQLCMD: b'(0 rows affected)\r\n'
2019-04-12 16:37:03,640 - root - INFO - From SQLCMD: b'\r\n'
2019-04-12 16:37:03,640 - root - INFO - From SQLCMD: b'(0 rows affected)\r\n'
2019-04-12 16:37:03,833 - root - INFO - From SQLCMD: b'\r\n'
2019-04-12 16:37:03,833 - root - INFO - From SQLCMD: b'(0 rows affected)\r\n'
2019-04-12 16:37:03,833 - root - INFO - From SQLCMD: b'\r\n'
2019-04-12 16:37:03,833 - root - INFO - From SQLCMD: b'(0 rows affected)\r\n'
2019-04-12 16:37:03,833 - root - INFO - From SQLCMD: b'\r\n'
2019-04-12 16:37:03,833 - root - INFO - From SQLCMD: b'(0 rows affected)\r\n'
2019-04-12 16:37:03,834 - root - INFO - From SQLCMD: b'\r\n'
2019-04-12 16:37:03,834 - root - INFO - From SQLCMD: b'(0 rows affected)\r\n'
2019-04-12 16:37:03,834 - root - INFO - From SQLCMD: b'\r\n'
2019-04-12 16:37:03,834 - root - INFO - From SQLCMD: b'(0 rows affected)\r\n'
2019-04-12 16:37:03,834 - root - INFO - From SQLCMD: b'\r\n'
2019-04-12 16:37:03,834 - root - INFO - From SQLCMD: b'(0 rows affected)\r\n'
2019-04-12 16:37:03,834 - root - INFO - From SQLCMD: b'\r\n'
2019-04-12 16:37:03,834 - root - INFO - From SQLCMD: b'(0 rows affected)\r\n'
2019-04-12 16:37:03,834 - root - INFO - From SQLCMD: b'\r\n'
2019-04-12 16:37:03,834 - root - INFO - From SQLCMD: b'(0 rows affected)\r\n'
2019-04-12 16:37:03,834 - root - INFO - From SQLCMD: b'\r\n'
2019-04-12 16:37:03,834 - root - INFO - From SQLCMD: b'(0 rows affected)\r\n'
2019-04-12 16:37:03,834 - root - INFO - From SQLCMD: b'\r\n'
2019-04-12 16:37:03,834 - root - INFO - From SQLCMD: b'(0 rows affected)\r\n'
2019-04-12 16:37:03,834 - root - INFO - From SQLCMD: b'\r\n'
2019-04-12 16:37:03,834 - root - INFO - From SQLCMD: b'(0 rows affected)\r\n'
2019-04-12 16:37:03,835 - root - INFO - From SQLCMD: b'\r\n'
2019-04-12 16:37:03,835 - root - INFO - From SQLCMD: b'(0 rows affected)\r\n'
2019-04-12 16:37:03,835 - root - INFO - From SQLCMD: b'\r\n'
2019-04-12 16:37:03,835 - root - INFO - From SQLCMD: b'(0 rows affected)\r\n'
2019-04-12 16:37:03,835 - root - INFO - From SQLCMD: b'\r\n'
2019-04-12 16:37:03,835 - root - INFO - From SQLCMD: b'(0 rows affected)\r\n'
2019-04-12 16:37:03,835 - root - INFO - From SQLCMD: b'\r\n'
2019-04-12 16:37:03,835 - root - INFO - From SQLCMD: b'(0 rows affected)\r\n'
2019-04-12 16:37:03,835 - root - INFO - From SQLCMD: b'\r\n'
2019-04-12 16:37:03,835 - root - INFO - From SQLCMD: b'(0 rows affected)\r\n'
2019-04-12 16:37:03,835 - root - INFO - From SQLCMD: b'\r\n'
2019-04-12 16:37:03,835 - root - INFO - From SQLCMD: b'(0 rows affected)\r\n'
2019-04-12 16:37:03,835 - root - INFO - From SQLCMD: b'\r\n'
2019-04-12 16:37:03,835 - root - INFO - From SQLCMD: b'(0 rows affected)\r\n'
2019-04-12 16:37:03,835 - root - INFO - From SQLCMD: b'USERDOC_SEQ  USERDOC_SERIES USERDOC_NBR       PROCESS_FILE_SEQ PROCESS_FILE_TYPE PROCESS_FILE_SERIES PROCESS_FILE_NBR ACTION_TYPE ACTION_DATE             MANUAL_DUE_DATE         RESPONSIBLE_USER ACTION_NOTES1                                                                                                                                                                                                                                                    ACTION_NOTES2                                                                                                                                                                                                                                                  ACTION_NOTES3                                                                                                                                                                                                                                                  ACTION_NOTES4                                                                                                                                                                                                                                                  ACTION_NOTES5                                                                                                                                                                                                                                                  GENERAL_NOTES                                                                                                                                                                                                                                                  SELECTED_OPTIONS_TEXT                                                                                                                                                                                                                                            ACTION_USER ACTION_CATEGORY SPECIAL_FINAL_STATUS JOURNAL_CODE PUBLICATION_DATE        IPAS_PROC_TYP IPAS_PROC_NBR IPAS_ACTION_NBR ACTION_NBR  \r\n'
2019-04-12 16:37:03,835 - root - INFO - From SQLCMD: b'------------ -------------- ----------------- ---------------- ----------------- ------------------- ---------------- ----------- ----------------------- ----------------------- ---------------- ---------------------------------------------------------------------------------------------------------------------------------------------------------------------------------------------------------------------------------------------------------------- -------------------------------------------------------------------------------------------------------------------------------------------------------------------------------------------------------------------------------------------------------------- -------------------------------------------------------------------------------------------------------------------------------------------------------------------------------------------------------------------------------------------------------------- -------------------------------------------------------------------------------------------------------------------------------------------------------------------------------------------------------------------------------------------------------------- -------------------------------------------------------------------------------------------------------------------------------------------------------------------------------------------------------------------------------------------------------------- -------------------------------------------------------------------------------------------------------------------------------------------------------------------------------------------------------------------------------------------------------------- ---------------------------------------------------------------------------------------------------------------------------------------------------------------------------------------------------------------------------------------------------------------- ----------- --------------- -------------------- ------------ ----------------------- ------------- ------------- --------------- ------------\r\n'
2019-04-12 16:37:03,836 - root - INFO - From SQLCMD: b'\r\n'
2019-04-12 16:37:03,836 - root - INFO - From SQLCMD: b'(0 rows affected)\r\n'
2019-04-12 16:37:03,836 - root - INFO - From SQLCMD: b'\r\n'
2019-04-12 16:37:03,836 - root - INFO - From SQLCMD: b'(0 rows affected)\r\n'
2019-04-12 16:37:03,836 - root - INFO - From SQLCMD: b'\r\n'
2019-04-12 16:37:03,836 - root - INFO - From SQLCMD: b'(0 rows affected)\r\n'
2019-04-12 16:37:03,836 - root - INFO - From SQLCMD: b'\r\n'
2019-04-12 16:37:03,836 - root - INFO - From SQLCMD: b'(0 rows affected)\r\n'
2019-04-12 16:37:03,836 - root - INFO - From SQLCMD: b'\r\n'
2019-04-12 16:37:03,836 - root - INFO - From SQLCMD: b'(0 rows affected)\r\n'
2019-04-12 16:37:03,836 - root - INFO - From SQLCMD: b'\r\n'
2019-04-12 16:37:03,836 - root - INFO - From SQLCMD: b'(0 rows affected)\r\n'
2019-04-12 16:37:03,836 - root - INFO - From SQLCMD: b'\r\n'
2019-04-12 16:37:03,836 - root - INFO - From SQLCMD: b'(0 rows affected)\r\n'
2019-04-12 16:37:03,836 - root - INFO - From SQLCMD: b'\r\n'
2019-04-12 16:37:03,836 - root - INFO - From SQLCMD: b'(0 rows affected)\r\n'
2019-04-12 16:37:03,837 - root - INFO - From SQLCMD: b'\r\n'
2019-04-12 16:37:03,837 - root - INFO - From SQLCMD: b'(0 rows affected)\r\n'
2019-04-12 16:37:03,837 - root - INFO - From SQLCMD: b'\r\n'
2019-04-12 16:37:03,837 - root - INFO - From SQLCMD: b'(0 rows affected)\r\n'
2019-04-12 16:37:04,001 - root - INFO - From SQLCMD: b'\r\n'
2019-04-12 16:37:04,001 - root - INFO - From SQLCMD: b'(0 rows affected)\r\n'
2019-04-12 16:37:04,001 - root - INFO - From SQLCMD: b'\r\n'
2019-04-12 16:37:04,001 - root - INFO - From SQLCMD: b'(0 rows affected)\r\n'
2019-04-12 16:37:04,001 - root - INFO - From SQLCMD: b'\r\n'
2019-04-12 16:37:04,001 - root - INFO - From SQLCMD: b'(0 rows affected)\r\n'
2019-04-12 16:37:04,001 - root - INFO - From SQLCMD: b'\r\n'
2019-04-12 16:37:04,002 - root - INFO - From SQLCMD: b'(0 rows affected)\r\n'
2019-04-12 16:37:04,002 - root - INFO - From SQLCMD: b'\r\n'
2019-04-12 16:37:04,002 - root - INFO - From SQLCMD: b'(0 rows affected)\r\n'
2019-04-12 16:37:04,002 - root - INFO - From SQLCMD: b'\r\n'
2019-04-12 16:37:04,002 - root - INFO - From SQLCMD: b'(0 rows affected)\r\n'
2019-04-12 16:37:04,002 - root - INFO - From SQLCMD: b'\r\n'
2019-04-12 16:37:04,002 - root - INFO - From SQLCMD: b'(0 rows affected)\r\n'
2019-04-12 16:37:04,002 - root - INFO - From SQLCMD: b'\r\n'
2019-04-12 16:37:04,002 - root - INFO - From SQLCMD: b'(0 rows affected)\r\n'
2019-04-12 16:37:04,002 - root - INFO - From SQLCMD: b'\r\n'
2019-04-12 16:37:04,002 - root - INFO - From SQLCMD: b'(0 rows affected)\r\n'
2019-04-12 16:37:04,002 - root - INFO - From SQLCMD: b'\r\n'
2019-04-12 16:37:04,002 - root - INFO - From SQLCMD: b'(0 rows affected)\r\n'
2019-04-12 16:37:04,002 - root - INFO - From SQLCMD: b'\r\n'
2019-04-12 16:37:04,002 - root - INFO - From SQLCMD: b'(0 rows affected)\r\n'
2019-04-12 16:37:04,002 - root - INFO - From SQLCMD: b'\r\n'
2019-04-12 16:37:04,003 - root - INFO - From SQLCMD: b'(0 rows affected)\r\n'
2019-04-12 16:37:04,003 - root - INFO - From SQLCMD: b'\r\n'
2019-04-12 16:37:04,003 - root - INFO - From SQLCMD: b'(0 rows affected)\r\n'
2019-04-12 16:37:04,003 - root - INFO - From SQLCMD: b'\r\n'
2019-04-12 16:37:04,003 - root - INFO - From SQLCMD: b'(0 rows affected)\r\n'
2019-04-12 16:37:04,003 - root - INFO - From SQLCMD: b'\r\n'
2019-04-12 16:37:04,003 - root - INFO - From SQLCMD: b'(0 rows affected)\r\n'
2019-04-12 16:37:04,003 - root - INFO - From SQLCMD: b'\r\n'
2019-04-12 16:37:04,003 - root - INFO - From SQLCMD: b'(0 rows affected)\r\n'
2019-04-12 16:37:04,003 - root - INFO - From SQLCMD: b'\r\n'
2019-04-12 16:37:04,003 - root - INFO - From SQLCMD: b'(0 rows affected)\r\n'
2019-04-12 16:37:04,003 - root - INFO - From SQLCMD: b'\r\n'
2019-04-12 16:37:04,003 - root - INFO - From SQLCMD: b'(0 rows affected)\r\n'
2019-04-12 16:37:04,003 - root - INFO - From SQLCMD: b'\r\n'
2019-04-12 16:37:04,003 - root - INFO - From SQLCMD: b'(0 rows affected)\r\n'
2019-04-12 16:37:04,003 - root - INFO - From SQLCMD: b'\r\n'
2019-04-12 16:37:04,003 - root - INFO - From SQLCMD: b'(0 rows affected)\r\n'
2019-04-12 16:37:04,004 - root - INFO - From SQLCMD: b'\r\n'
2019-04-12 16:37:04,004 - root - INFO - From SQLCMD: b'(0 rows affected)\r\n'
