2019-04-10 13:19:29,986 - root - WARNING - connected to Sqlserver.
2019-04-10 13:19:33,028 - root - INFO - Connections to database severed
2019-04-10 13:19:33,051 - root - INFO - database dropped
2019-04-10 13:19:33,240 - root - INFO - New Intermediate databas created
2019-04-10 13:19:33,255 - root - WARNING - connected to Sqlserver.
2019-04-10 13:19:33,256 - root - INFO - Processing: agentes.DBF
2019-04-10 13:19:33,258 - root - INFO - new table to create: "create table HN1.dbo.vw_origin_agentes (rowNum numeric (20), "AGENTE" varchar(max), "NOMBRE" varchar(max), "DIRECCION" varchar(max), "CONTACTO" varchar(max), "CALIDAD" varchar(max), DELETED varchar (5))"
2019-04-10 13:19:33,260 - root - WARNING - Going to insert to table: agentes
2019-04-10 13:19:35,205 - root - WARNING - insert finished
2019-04-10 13:19:35,208 - root - WARNING - connected to Sqlserver.
2019-04-10 13:19:35,208 - root - INFO - Processing: ccvs.DBF
2019-04-10 13:19:35,209 - root - INFO - new table to create: "create table HN1.dbo.vw_origin_ccvs (rowNum numeric (20), "CCV" varchar(max), "NRO_SOLICI" varchar(max), DELETED varchar (5))"
2019-04-10 13:19:35,210 - root - WARNING - Going to insert to table: ccvs
2019-04-10 13:19:44,943 - root - WARNING - insert finished
2019-04-10 13:19:44,943 - root - WARNING - connected to Sqlserver.
2019-04-10 13:19:44,944 - root - INFO - Processing: codigos.dbf
2019-04-10 13:19:44,945 - root - INFO - new table to create: "create table HN1.dbo.vw_origin_codigos (rowNum numeric (20), "ID_CODIGO" varchar(max), "CODIGO" varchar(max), "DESCRIPCOD" varchar(max), DELETED varchar (5))"
2019-04-10 13:19:44,946 - root - WARNING - Going to insert to table: codigos
2019-04-10 13:19:44,955 - root - WARNING - insert finished
2019-04-10 13:19:44,955 - root - WARNING - connected to Sqlserver.
2019-04-10 13:19:44,955 - root - INFO - Processing: eventab.dbf
2019-04-10 13:19:44,956 - root - INFO - new table to create: "create table HN1.dbo.vw_origin_eventab (rowNum numeric (20), "EVENTO" varchar(max), "DESCRIP" varchar(max), "TIPO_EVENT" varchar(max), "INFO_ADI" varchar(max), "ETI_COMENT" varchar(max), "ETI_NUMERO" varchar(max), DELETED varchar (5))"
2019-04-10 13:19:44,957 - root - WARNING - Going to insert to table: eventab
2019-04-10 13:19:44,983 - root - WARNING - insert finished
2019-04-10 13:19:44,983 - root - WARNING - connected to Sqlserver.
2019-04-10 13:19:44,983 - root - INFO - Processing: marca.DBF
2019-04-10 13:19:44,985 - root - INFO - new table to create: "create table HN1.dbo.vw_origin_marca (rowNum numeric (20), "NRO_SOLICI" varchar(max), "SOLICITADA" varchar(max), "TIPO_MARCA" varchar(max), "SIGNO" varchar(max), "NOM_MARCA" varchar(max), "REGISTRO" varchar(max), "REGISTRADA" varchar(max), "RENUEVA" varchar(max), "EXPIRA" varchar(max), "AGENTE" varchar(max), "STATUS" varchar(max), "STAT_DESDE" varchar(max), "PESO_RASGO" varchar(max), "LARFON" varchar(max), "PESO_R" varchar(max), "PUBLICADA" varchar(max), "DIARIO" varchar(max), "LIMITACION" varchar(max), "HORA" varchar(max), "RTOMO" varchar(max), "RFOLIO" varchar(max), "RESERVA" varchar(max), "NRO_PODER" varchar(max), "MODIFICA" varchar(max), "NRO_GACETA" varchar(max), "QUIEN" varchar(max), "CALIDAD" varchar(max), "CLASE" varchar(max), "MODIFICADO" varchar(max), "ANUALIDAD" varchar(max), "NRO_RESOL" varchar(max), "LEY" varchar(max), "CLASES_TXT" varchar(max), DELETED varchar (5))"
2019-04-10 13:19:44,987 - root - WARNING - Going to insert to table: marca
2019-04-10 13:20:04,648 - root - ERROR - records[79523]['STAT_DESDE'] == InvalidValue(b'00001228')
2019-04-10 13:20:04,648 - root - ERROR - >>>>>>>>>>>>>>> issue with table creation:'odict_items' object is not subscriptable
2019-04-10 13:20:04,648 - root - WARNING - insert finished
2019-04-10 13:20:04,649 - root - WARNING - connected to Sqlserver.
2019-04-10 13:20:04,649 - root - INFO - Processing: migracio.dbf
2019-04-10 13:20:04,650 - root - INFO - new table to create: "create table HN1.dbo.vw_origin_migracio (rowNum numeric (20), "STATUS_INI" varchar(max), "EVENTO" varchar(max), "STATUS_FIN" varchar(max), "TRAMITE" varchar(max), DELETED varchar (5))"
2019-04-10 13:20:04,652 - root - WARNING - Going to insert to table: migracio
2019-04-10 13:20:04,679 - root - WARNING - insert finished
2019-04-10 13:20:04,679 - root - WARNING - connected to Sqlserver.
2019-04-10 13:20:04,679 - root - INFO - Processing: movimi.DBF
2019-04-10 13:20:04,681 - root - INFO - new table to create: "create table HN1.dbo.vw_origin_movimi (rowNum numeric (20), "NRO_SOLICI" varchar(max), "COMENTARIO" varchar(max), "F_EVENTO" varchar(max), "F_VENCIM" varchar(max), "F_TRANS" varchar(max), "NRO_MOV" varchar(max), "EVENTO" varchar(max), "STATUS" varchar(max), "HORA" varchar(max), "DOCUMENTO" varchar(max), "USUARIO" varchar(max), "N_ENTRADA" varchar(max), DELETED varchar (5))"
2019-04-10 13:20:04,683 - root - WARNING - Going to insert to table: movimi
