2019-04-10 09:42:01,957 - root - WARNING - connected to Sqlserver.
2019-04-10 09:42:01,962 - root - INFO - Connections to database severed
2019-04-10 09:42:02,001 - root - INFO - database dropped
2019-04-10 09:42:02,271 - root - INFO - New Intermediate databas created
2019-04-10 09:42:02,288 - root - WARNING - connected to Sqlserver.
2019-04-10 09:42:02,289 - root - INFO - Processing: agentes.DBF
2019-04-10 09:42:02,291 - root - INFO - new table to create: "create table HN1.dbo.vw_origin_agentes (rowNum numeric (20), "AGENTE" varchar(max), "NOMBRE" varchar(max), "DIRECCION" varchar(max), "CONTACTO" varchar(max), "CALIDAD" varchar(max), DELETED varchar (5))"
2019-04-10 09:42:02,293 - root - WARNING - Going to insert to table: agentes
2019-04-10 09:42:02,294 - root - ERROR - >>>>>>>>>>>>>>> issue with table creation:unsupported operand type(s) for +: 'NoneType' and 'str'
2019-04-10 09:42:02,294 - root - WARNING - insert finished
2019-04-10 09:42:02,297 - root - WARNING - connected to Sqlserver.
2019-04-10 09:42:02,297 - root - INFO - Processing: ccvs.DBF
2019-04-10 09:42:02,299 - root - INFO - new table to create: "create table HN1.dbo.vw_origin_ccvs (rowNum numeric (20), "CCV" varchar(max), "NRO_SOLICI" varchar(max), DELETED varchar (5))"
2019-04-10 09:42:02,300 - root - WARNING - Going to insert to table: ccvs
2019-04-10 09:42:07,609 - root - WARNING - insert finished
2019-04-10 09:42:07,609 - root - WARNING - connected to Sqlserver.
2019-04-10 09:42:07,610 - root - INFO - Processing: codigos.dbf
2019-04-10 09:42:07,611 - root - INFO - new table to create: "create table HN1.dbo.vw_origin_codigos (rowNum numeric (20), "ID_CODIGO" varchar(max), "CODIGO" varchar(max), "DESCRIPCOD" varchar(max), DELETED varchar (5))"
2019-04-10 09:42:07,612 - root - WARNING - Going to insert to table: codigos
2019-04-10 09:42:07,617 - root - WARNING - insert finished
2019-04-10 09:42:07,617 - root - WARNING - connected to Sqlserver.
2019-04-10 09:42:07,618 - root - INFO - Processing: eventab.dbf
2019-04-10 09:42:07,619 - root - INFO - new table to create: "create table HN1.dbo.vw_origin_eventab (rowNum numeric (20), "EVENTO" varchar(max), "DESCRIP" varchar(max), "TIPO_EVENT" varchar(max), "INFO_ADI" varchar(max), "ETI_COMENT" varchar(max), "ETI_NUMERO" varchar(max), DELETED varchar (5))"
2019-04-10 09:42:07,620 - root - WARNING - Going to insert to table: eventab
2019-04-10 09:42:07,651 - root - WARNING - insert finished
2019-04-10 09:42:07,651 - root - WARNING - connected to Sqlserver.
2019-04-10 09:42:07,651 - root - INFO - Processing: marca.DBF
2019-04-10 09:42:07,653 - root - INFO - new table to create: "create table HN1.dbo.vw_origin_marca (rowNum numeric (20), "NRO_SOLICI" varchar(max), "SOLICITADA" varchar(max), "TIPO_MARCA" varchar(max), "SIGNO" varchar(max), "NOM_MARCA" varchar(max), "REGISTRO" varchar(max), "REGISTRADA" varchar(max), "RENUEVA" varchar(max), "EXPIRA" varchar(max), "AGENTE" varchar(max), "STATUS" varchar(max), "STAT_DESDE" varchar(max), "PESO_RASGO" varchar(max), "LARFON" varchar(max), "PESO_R" varchar(max), "PUBLICADA" varchar(max), "DIARIO" varchar(max), "LIMITACION" varchar(max), "HORA" varchar(max), "RTOMO" varchar(max), "RFOLIO" varchar(max), "RESERVA" varchar(max), "NRO_PODER" varchar(max), "MODIFICA" varchar(max), "NRO_GACETA" varchar(max), "QUIEN" varchar(max), "CALIDAD" varchar(max), "CLASE" varchar(max), "MODIFICADO" varchar(max), "ANUALIDAD" varchar(max), "NRO_RESOL" varchar(max), "LEY" varchar(max), "CLASES_TXT" varchar(max), DELETED varchar (5))"
2019-04-10 09:42:07,655 - root - WARNING - Going to insert to table: marca
2019-04-10 09:42:07,656 - root - ERROR - >>>>>>>>>>>>>>> issue with table creation:unsupported operand type(s) for +: 'NoneType' and 'str'
2019-04-10 09:42:07,656 - root - WARNING - insert finished
2019-04-10 09:42:07,656 - root - WARNING - connected to Sqlserver.
2019-04-10 09:42:07,656 - root - INFO - Processing: migracio.dbf
2019-04-10 09:42:07,657 - root - INFO - new table to create: "create table HN1.dbo.vw_origin_migracio (rowNum numeric (20), "STATUS_INI" varchar(max), "EVENTO" varchar(max), "STATUS_FIN" varchar(max), "TRAMITE" varchar(max), DELETED varchar (5))"
2019-04-10 09:42:07,659 - root - WARNING - Going to insert to table: migracio
2019-04-10 09:42:07,679 - root - WARNING - insert finished
2019-04-10 09:42:07,679 - root - WARNING - connected to Sqlserver.
2019-04-10 09:42:07,679 - root - INFO - Processing: movimi.DBF
2019-04-10 09:42:07,681 - root - INFO - new table to create: "create table HN1.dbo.vw_origin_movimi (rowNum numeric (20), "NRO_SOLICI" varchar(max), "COMENTARIO" varchar(max), "F_EVENTO" varchar(max), "F_VENCIM" varchar(max), "F_TRANS" varchar(max), "NRO_MOV" varchar(max), "EVENTO" varchar(max), "STATUS" varchar(max), "HORA" varchar(max), "DOCUMENTO" varchar(max), "USUARIO" varchar(max), "N_ENTRADA" varchar(max), DELETED varchar (5))"
2019-04-10 09:42:07,683 - root - WARNING - Going to insert to table: movimi
2019-04-10 09:42:07,683 - root - ERROR - >>>>>>>>>>>>>>> issue with table creation:unsupported operand type(s) for +: 'NoneType' and 'str'
2019-04-10 09:42:07,683 - root - WARNING - insert finished
2019-04-10 09:42:07,683 - root - WARNING - connected to Sqlserver.
2019-04-10 09:42:07,684 - root - INFO - Processing: nuenoms.DBF
2019-04-10 09:42:07,685 - root - INFO - new table to create: "create table HN1.dbo.vw_origin_nuenoms (rowNum numeric (20), "NUM_SERIE" varchar(max), "TITULAR" varchar(max), DELETED varchar (5))"
2019-04-10 09:42:07,686 - root - WARNING - Going to insert to table: nuenoms
