2019-04-10 15:02:19,922 - root - WARNING - connected to Sqlserver.
2019-04-10 15:02:22,930 - root - INFO - Connections to database severed
2019-04-10 15:02:22,960 - root - INFO - database dropped
2019-04-10 15:02:23,172 - root - INFO - New Intermediate databas created
2019-04-10 15:02:23,189 - root - WARNING - connected to Sqlserver.
2019-04-10 15:02:23,189 - root - INFO - Processing: agentes.DBF
2019-04-10 15:02:23,191 - root - INFO - new table to create: "create table HN1.dbo.vw_origin_agentes (rowNum numeric (20), "AGENTE" varchar(max), "NOMBRE" varchar(max), "DIRECCION" varchar(max), "CONTACTO" varchar(max), "CALIDAD" varchar(max), DELETED varchar (5))"
2019-04-10 15:02:23,193 - root - WARNING - Going to insert to table: agentes
2019-04-10 15:02:25,277 - root - WARNING - insert finished
2019-04-10 15:02:25,280 - root - WARNING - connected to Sqlserver.
2019-04-10 15:02:25,280 - root - INFO - Processing: ccvs.DBF
2019-04-10 15:02:25,281 - root - INFO - new table to create: "create table HN1.dbo.vw_origin_ccvs (rowNum numeric (20), "CCV" varchar(max), "NRO_SOLICI" varchar(max), DELETED varchar (5))"
2019-04-10 15:02:25,282 - root - WARNING - Going to insert to table: ccvs
2019-04-10 15:02:35,369 - root - WARNING - insert finished
2019-04-10 15:02:35,369 - root - WARNING - connected to Sqlserver.
2019-04-10 15:02:35,369 - root - INFO - Processing: codigos.dbf
2019-04-10 15:02:35,371 - root - INFO - new table to create: "create table HN1.dbo.vw_origin_codigos (rowNum numeric (20), "ID_CODIGO" varchar(max), "CODIGO" varchar(max), "DESCRIPCOD" varchar(max), DELETED varchar (5))"
2019-04-10 15:02:35,372 - root - WARNING - Going to insert to table: codigos
2019-04-10 15:02:35,381 - root - WARNING - insert finished
2019-04-10 15:02:35,381 - root - WARNING - connected to Sqlserver.
2019-04-10 15:02:35,381 - root - INFO - Processing: eventab.dbf
2019-04-10 15:02:35,382 - root - INFO - new table to create: "create table HN1.dbo.vw_origin_eventab (rowNum numeric (20), "EVENTO" varchar(max), "DESCRIP" varchar(max), "TIPO_EVENT" varchar(max), "INFO_ADI" varchar(max), "ETI_COMENT" varchar(max), "ETI_NUMERO" varchar(max), DELETED varchar (5))"
2019-04-10 15:02:35,383 - root - WARNING - Going to insert to table: eventab
2019-04-10 15:02:35,410 - root - WARNING - insert finished
2019-04-10 15:02:35,411 - root - WARNING - connected to Sqlserver.
2019-04-10 15:02:35,411 - root - INFO - Processing: marca.DBF
2019-04-10 15:02:35,413 - root - INFO - new table to create: "create table HN1.dbo.vw_origin_marca (rowNum numeric (20), "NRO_SOLICI" varchar(max), "SOLICITADA" date, "TIPO_MARCA" varchar(max), "SIGNO" varchar(max), "NOM_MARCA" varchar(max), "REGISTRO" varchar(max), "REGISTRADA" date, "RENUEVA" date, "EXPIRA" date, "AGENTE" varchar(max), "STATUS" varchar(max), "STAT_DESDE" date, "PESO_RASGO" real, "LARFON" real, "PESO_R" real, "PUBLICADA" date, "DIARIO" varchar(max), "LIMITACION" varchar(max), "HORA" varchar(max), "RTOMO" real, "RFOLIO" real, "RESERVA" varchar(max), "NRO_PODER" varchar(max), "MODIFICA" varchar(max), "NRO_GACETA" real, "QUIEN" varchar(max), "CALIDAD" varchar(max), "CLASE" real, "MODIFICADO" varchar(max), "ANUALIDAD" real, "NRO_RESOL" varchar(max), "LEY" varchar(max), "CLASES_TXT" varchar(max), DELETED varchar (5))"
2019-04-10 15:02:35,415 - root - WARNING - Going to insert to table: marca
