2019-04-10 15:39:06,513 - root - WARNING - connected to Sqlserver.
2019-04-10 15:39:09,519 - root - INFO - Connections to database severed
2019-04-10 15:39:09,543 - root - INFO - database dropped
2019-04-10 15:39:09,818 - root - INFO - New Intermediate databas created
2019-04-10 15:39:09,835 - root - WARNING - connected to Sqlserver.
2019-04-10 15:39:09,835 - root - INFO - Processing: agentes.DBF
2019-04-10 15:39:09,837 - root - INFO - new table to create: "create table HN1.dbo.vw_origin_agentes (rowNum numeric (20), "AGENTE" varchar(max), "NOMBRE" varchar(max), "DIRECCION" varchar(max), "CONTACTO" varchar(max), "CALIDAD" varchar(max), DELETED varchar (5))"
2019-04-10 15:39:09,840 - root - WARNING - Going to insert to table: agentes
2019-04-10 15:39:11,891 - root - WARNING - insert finished
2019-04-10 15:39:11,893 - root - WARNING - connected to Sqlserver.
2019-04-10 15:39:11,893 - root - INFO - Processing: ccvs.DBF
2019-04-10 15:39:11,894 - root - INFO - new table to create: "create table HN1.dbo.vw_origin_ccvs (rowNum numeric (20), "CCV" varchar(max), "NRO_SOLICI" varchar(max), DELETED varchar (5))"
2019-04-10 15:39:11,895 - root - WARNING - Going to insert to table: ccvs
2019-04-10 15:39:21,920 - root - WARNING - insert finished
2019-04-10 15:39:21,920 - root - WARNING - connected to Sqlserver.
2019-04-10 15:39:21,921 - root - INFO - Processing: codigos.dbf
2019-04-10 15:39:21,922 - root - INFO - new table to create: "create table HN1.dbo.vw_origin_codigos (rowNum numeric (20), "ID_CODIGO" varchar(max), "CODIGO" varchar(max), "DESCRIPCOD" varchar(max), DELETED varchar (5))"
2019-04-10 15:39:21,923 - root - WARNING - Going to insert to table: codigos
2019-04-10 15:39:21,932 - root - WARNING - insert finished
2019-04-10 15:39:21,933 - root - WARNING - connected to Sqlserver.
2019-04-10 15:39:21,933 - root - INFO - Processing: eventab.dbf
2019-04-10 15:39:21,934 - root - INFO - new table to create: "create table HN1.dbo.vw_origin_eventab (rowNum numeric (20), "EVENTO" varchar(max), "DESCRIP" varchar(max), "TIPO_EVENT" varchar(max), "INFO_ADI" varchar(max), "ETI_COMENT" varchar(max), "ETI_NUMERO" varchar(max), DELETED varchar (5))"
2019-04-10 15:39:21,935 - root - WARNING - Going to insert to table: eventab
2019-04-10 15:39:21,963 - root - WARNING - insert finished
2019-04-10 15:39:21,963 - root - WARNING - connected to Sqlserver.
2019-04-10 15:39:21,963 - root - INFO - Processing: marca.DBF
2019-04-10 15:39:21,966 - root - INFO - new table to create: "create table HN1.dbo.vw_origin_marca (rowNum numeric (20), "NRO_SOLICI" varchar(max), "SOLICITADA" date, "TIPO_MARCA" varchar(max), "SIGNO" varchar(max), "NOM_MARCA" varchar(max), "REGISTRO" varchar(max), "REGISTRADA" date, "RENUEVA" date, "EXPIRA" date, "AGENTE" varchar(max), "STATUS" varchar(max), "STAT_DESDE" date, "PESO_RASGO" real, "LARFON" real, "PESO_R" real, "PUBLICADA" date, "DIARIO" varchar(max), "LIMITACION" varchar(max), "HORA" varchar(max), "RTOMO" real, "RFOLIO" real, "RESERVA" varchar(max), "NRO_PODER" varchar(max), "MODIFICA" varchar(max), "NRO_GACETA" real, "QUIEN" varchar(max), "CALIDAD" varchar(max), "CLASE" real, "MODIFICADO" varchar(max), "ANUALIDAD" real, "NRO_RESOL" varchar(max), "LEY" varchar(max), "CLASES_TXT" varchar(max), DELETED varchar (5))"
2019-04-10 15:39:21,967 - root - WARNING - Going to insert to table: marca
2019-04-10 15:39:21,968 - root - ERROR - >>>>>>>>>>>>>>> issue with table creation:'<' not supported between instances of 'str' and 'int'
2019-04-10 15:39:21,968 - root - WARNING - insert finished
2019-04-10 15:39:21,968 - root - WARNING - connected to Sqlserver.
2019-04-10 15:39:21,968 - root - INFO - Processing: migracio.dbf
2019-04-10 15:39:21,969 - root - INFO - new table to create: "create table HN1.dbo.vw_origin_migracio (rowNum numeric (20), "STATUS_INI" varchar(max), "EVENTO" varchar(max), "STATUS_FIN" varchar(max), "TRAMITE" varchar(max), DELETED varchar (5))"
2019-04-10 15:39:21,970 - root - WARNING - Going to insert to table: migracio
2019-04-10 15:39:21,995 - root - WARNING - insert finished
2019-04-10 15:39:21,995 - root - WARNING - connected to Sqlserver.
2019-04-10 15:39:21,995 - root - INFO - Processing: movimi.DBF
2019-04-10 15:39:21,998 - root - INFO - new table to create: "create table HN1.dbo.vw_origin_movimi (rowNum numeric (20), "NRO_SOLICI" varchar(max), "COMENTARIO" varchar(max), "F_EVENTO" date, "F_VENCIM" date, "F_TRANS" date, "NRO_MOV" varchar(max), "EVENTO" varchar(max), "STATUS" varchar(max), "HORA" varchar(max), "DOCUMENTO" varchar(max), "USUARIO" varchar(max), "N_ENTRADA" varchar(max), DELETED varchar (5))"
2019-04-10 15:39:21,999 - root - WARNING - Going to insert to table: movimi
2019-04-10 15:39:22,000 - root - ERROR - >>>>>>>>>>>>>>> issue with table creation:'<' not supported between instances of 'str' and 'int'
2019-04-10 15:39:22,000 - root - WARNING - insert finished
2019-04-10 15:39:22,000 - root - WARNING - connected to Sqlserver.
2019-04-10 15:39:22,000 - root - INFO - Processing: nuenoms.DBF
2019-04-10 15:39:22,001 - root - INFO - new table to create: "create table HN1.dbo.vw_origin_nuenoms (rowNum numeric (20), "NUM_SERIE" varchar(max), "TITULAR" varchar(max), DELETED varchar (5))"
2019-04-10 15:39:22,003 - root - WARNING - Going to insert to table: nuenoms
2019-04-10 15:39:54,924 - root - WARNING - connected to Sqlserver.
2019-04-10 15:39:54,929 - root - INFO - Connections to database severed
2019-04-10 15:39:54,952 - root - INFO - database dropped
2019-04-10 15:39:55,157 - root - INFO - New Intermediate databas created
2019-04-10 15:39:55,173 - root - WARNING - connected to Sqlserver.
2019-04-10 15:39:55,173 - root - INFO - Processing: agentes.DBF
2019-04-10 15:39:55,175 - root - INFO - new table to create: "create table HN1.dbo.vw_origin_agentes (rowNum numeric (20), "AGENTE" varchar(max), "NOMBRE" varchar(max), "DIRECCION" varchar(max), "CONTACTO" varchar(max), "CALIDAD" varchar(max), DELETED varchar (5))"
2019-04-10 15:39:55,177 - root - WARNING - Going to insert to table: agentes
2019-04-10 15:39:57,253 - root - WARNING - insert finished
2019-04-10 15:39:57,255 - root - WARNING - connected to Sqlserver.
2019-04-10 15:39:57,256 - root - INFO - Processing: ccvs.DBF
2019-04-10 15:39:57,257 - root - INFO - new table to create: "create table HN1.dbo.vw_origin_ccvs (rowNum numeric (20), "CCV" varchar(max), "NRO_SOLICI" varchar(max), DELETED varchar (5))"
2019-04-10 15:39:57,258 - root - WARNING - Going to insert to table: ccvs
2019-04-10 15:40:07,672 - root - WARNING - insert finished
2019-04-10 15:40:07,672 - root - WARNING - connected to Sqlserver.
2019-04-10 15:40:07,672 - root - INFO - Processing: codigos.dbf
2019-04-10 15:40:07,673 - root - INFO - new table to create: "create table HN1.dbo.vw_origin_codigos (rowNum numeric (20), "ID_CODIGO" varchar(max), "CODIGO" varchar(max), "DESCRIPCOD" varchar(max), DELETED varchar (5))"
2019-04-10 15:40:07,674 - root - WARNING - Going to insert to table: codigos
2019-04-10 15:40:07,684 - root - WARNING - insert finished
2019-04-10 15:40:07,684 - root - WARNING - connected to Sqlserver.
2019-04-10 15:40:07,684 - root - INFO - Processing: eventab.dbf
2019-04-10 15:40:07,685 - root - INFO - new table to create: "create table HN1.dbo.vw_origin_eventab (rowNum numeric (20), "EVENTO" varchar(max), "DESCRIP" varchar(max), "TIPO_EVENT" varchar(max), "INFO_ADI" varchar(max), "ETI_COMENT" varchar(max), "ETI_NUMERO" varchar(max), DELETED varchar (5))"
2019-04-10 15:40:07,686 - root - WARNING - Going to insert to table: eventab
2019-04-10 15:40:07,714 - root - WARNING - insert finished
2019-04-10 15:40:07,714 - root - WARNING - connected to Sqlserver.
2019-04-10 15:40:07,714 - root - INFO - Processing: marca.DBF
2019-04-10 15:40:07,717 - root - INFO - new table to create: "create table HN1.dbo.vw_origin_marca (rowNum numeric (20), "NRO_SOLICI" varchar(max), "SOLICITADA" date, "TIPO_MARCA" varchar(max), "SIGNO" varchar(max), "NOM_MARCA" varchar(max), "REGISTRO" varchar(max), "REGISTRADA" date, "RENUEVA" date, "EXPIRA" date, "AGENTE" varchar(max), "STATUS" varchar(max), "STAT_DESDE" date, "PESO_RASGO" real, "LARFON" real, "PESO_R" real, "PUBLICADA" date, "DIARIO" varchar(max), "LIMITACION" varchar(max), "HORA" varchar(max), "RTOMO" real, "RFOLIO" real, "RESERVA" varchar(max), "NRO_PODER" varchar(max), "MODIFICA" varchar(max), "NRO_GACETA" real, "QUIEN" varchar(max), "CALIDAD" varchar(max), "CLASE" real, "MODIFICADO" varchar(max), "ANUALIDAD" real, "NRO_RESOL" varchar(max), "LEY" varchar(max), "CLASES_TXT" varchar(max), DELETED varchar (5))"
2019-04-10 15:40:07,718 - root - WARNING - Going to insert to table: marca
2019-04-10 15:40:07,728 - root - ERROR - >>>>>>>>>>>>>>> issue with table creation:'str' object has no attribute 'substring'
2019-04-10 15:40:07,728 - root - WARNING - insert finished
2019-04-10 15:40:07,728 - root - WARNING - connected to Sqlserver.
2019-04-10 15:40:07,728 - root - INFO - Processing: migracio.dbf
2019-04-10 15:40:07,729 - root - INFO - new table to create: "create table HN1.dbo.vw_origin_migracio (rowNum numeric (20), "STATUS_INI" varchar(max), "EVENTO" varchar(max), "STATUS_FIN" varchar(max), "TRAMITE" varchar(max), DELETED varchar (5))"
2019-04-10 15:40:07,731 - root - WARNING - Going to insert to table: migracio
2019-04-10 15:40:07,758 - root - WARNING - insert finished
2019-04-10 15:40:07,759 - root - WARNING - connected to Sqlserver.
2019-04-10 15:40:07,759 - root - INFO - Processing: movimi.DBF
2019-04-10 15:40:07,761 - root - INFO - new table to create: "create table HN1.dbo.vw_origin_movimi (rowNum numeric (20), "NRO_SOLICI" varchar(max), "COMENTARIO" varchar(max), "F_EVENTO" date, "F_VENCIM" date, "F_TRANS" date, "NRO_MOV" varchar(max), "EVENTO" varchar(max), "STATUS" varchar(max), "HORA" varchar(max), "DOCUMENTO" varchar(max), "USUARIO" varchar(max), "N_ENTRADA" varchar(max), DELETED varchar (5))"
2019-04-10 15:40:07,762 - root - WARNING - Going to insert to table: movimi
2019-04-10 15:40:10,142 - root - ERROR - >>>>>>>>>>>>>>> issue with table creation:'str' object has no attribute 'substring'
2019-04-10 15:40:10,142 - root - WARNING - insert finished
2019-04-10 15:40:10,142 - root - WARNING - connected to Sqlserver.
2019-04-10 15:40:10,142 - root - INFO - Processing: nuenoms.DBF
2019-04-10 15:40:10,143 - root - INFO - new table to create: "create table HN1.dbo.vw_origin_nuenoms (rowNum numeric (20), "NUM_SERIE" varchar(max), "TITULAR" varchar(max), DELETED varchar (5))"
2019-04-10 15:40:10,144 - root - WARNING - Going to insert to table: nuenoms
