2019-04-12 17:32:29,466 - root - WARNING - connected to Sqlserver.
2019-04-12 17:32:29,471 - root - INFO - Connections to database severed
2019-04-12 17:32:29,523 - root - INFO - database dropped
2019-04-12 17:32:29,525 - root - INFO - user ready
2019-04-12 17:32:29,526 - root - INFO - access granted
2019-04-12 17:32:29,526 - root - INFO - access granted
2019-04-12 17:32:29,527 - root - INFO - password changed
2019-04-12 17:32:30,266 - root - INFO - <_io.TextIOWrapper name='<stderr>' mode='w' encoding='UTF-8'>Child returned, 0
2019-04-12 17:32:30,280 - root - WARNING - connected to Sqlserver.
2019-04-12 17:32:30,311 - root - INFO - repository synced
2019-04-12 17:32:30,316 - root - INFO - repository synced
2019-04-12 17:32:30,321 - root - WARNING - connected to Sqlserver.
2019-04-12 17:32:30,438 - root - INFO - changing database to intermed
2019-04-12 17:32:30,442 - root - WARNING - connected to Sqlserver.
2019-04-12 17:32:31,363 - root - INFO - access granted
2019-04-12 17:32:31,364 - root - INFO - access granted
2019-04-12 17:32:33,646 - root - WARNING - Running initial updates to intermed.
2019-04-12 17:32:33,646 - root - INFO - changing database to intermed
2019-04-12 17:32:35,112 - root - INFO - changing database to ipas
2019-04-12 17:32:35,117 - root - WARNING - connected to Sqlserver.
2019-04-12 17:32:35,117 - root - WARNING - Creating store procedures and wrk tables.
2019-04-12 17:32:35,266 - root - INFO - cleanning manual validation tables
2019-04-12 17:32:35,266 - root - INFO - creating store procedure0-ImportSetPersonNbr
2019-04-12 17:32:35,344 - root - INFO - <_io.TextIOWrapper name='<stderr>' mode='w' encoding='UTF-8'>Child returned, 0
2019-04-12 17:32:35,344 - root - INFO - creating store procedure1-MarkDateValidationPROC
2019-04-12 17:32:35,413 - root - INFO - <_io.TextIOWrapper name='<stderr>' mode='w' encoding='UTF-8'>Child returned, 0
2019-04-12 17:32:35,413 - root - INFO - creating store procedure10-ImportAgentProcessAll
2019-04-12 17:32:35,483 - root - INFO - <_io.TextIOWrapper name='<stderr>' mode='w' encoding='UTF-8'>Child returned, 0
2019-04-12 17:32:35,483 - root - INFO - creating store procedure11-ImportMarkProcess
2019-04-12 17:32:35,575 - root - INFO - <_io.TextIOWrapper name='<stderr>' mode='w' encoding='UTF-8'>Child returned, 0
2019-04-12 17:32:35,575 - root - INFO - creating store procedure12-userdocImport-1
2019-04-12 17:32:35,649 - root - INFO - <_io.TextIOWrapper name='<stderr>' mode='w' encoding='UTF-8'>Child returned, 0
2019-04-12 17:32:35,650 - root - INFO - creating store procedure13-userdocImport-2
2019-04-12 17:32:35,721 - root - INFO - <_io.TextIOWrapper name='<stderr>' mode='w' encoding='UTF-8'>Child returned, 0
2019-04-12 17:32:35,722 - root - INFO - creating store procedure2-PatentDateValidationPROC
2019-04-12 17:32:35,793 - root - INFO - <_io.TextIOWrapper name='<stderr>' mode='w' encoding='UTF-8'>Child returned, 0
2019-04-12 17:32:35,793 - root - INFO - creating store procedure3-UserDocDateValidationPROC
2019-04-12 17:32:35,860 - root - INFO - <_io.TextIOWrapper name='<stderr>' mode='w' encoding='UTF-8'>Child returned, 0
2019-04-12 17:32:35,860 - root - INFO - creating store procedure4-CallToDateValidationPROC
2019-04-12 17:32:35,926 - root - INFO - <_io.TextIOWrapper name='<stderr>' mode='w' encoding='UTF-8'>Child returned, 0
2019-04-12 17:32:35,926 - root - INFO - creating store procedure5-ImportAgentValidate
2019-04-12 17:32:35,998 - root - INFO - <_io.TextIOWrapper name='<stderr>' mode='w' encoding='UTF-8'>Child returned, 0
2019-04-12 17:32:35,999 - root - INFO - creating store procedure6-ImportMarkValidate
2019-04-12 17:32:36,109 - root - INFO - <_io.TextIOWrapper name='<stderr>' mode='w' encoding='UTF-8'>Child returned, 0
2019-04-12 17:32:36,110 - root - INFO - creating store procedure8-ImportUserdocValidate
2019-04-12 17:32:36,208 - root - INFO - <_io.TextIOWrapper name='<stderr>' mode='w' encoding='UTF-8'>Child returned, 0
2019-04-12 17:32:36,208 - root - INFO - creating store procedure9-ImportWorkTablesCreate
2019-04-12 17:32:36,597 - root - INFO - <_io.TextIOWrapper name='<stderr>' mode='w' encoding='UTF-8'>Child returned, 0
2019-04-12 17:32:36,597 - root - WARNING - Running validation and migration.
2019-04-12 17:32:36,717 - root - WARNING - Migrating agents.
2019-04-12 17:32:41,731 - root - WARNING - Validation TM .
2019-04-12 17:33:14,838 - root - WARNING - Validation TM post correction.
