2019-04-10 15:55:39,206 - root - WARNING - connected to Sqlserver.
2019-04-10 15:55:39,211 - root - INFO - Connections to database severed
2019-04-10 15:55:39,233 - root - INFO - database dropped
2019-04-10 15:55:39,494 - root - INFO - New Intermediate databas created
2019-04-10 15:55:39,510 - root - WARNING - connected to Sqlserver.
2019-04-10 15:55:39,510 - root - INFO - Processing: agentes.DBF
2019-04-10 15:55:39,513 - root - INFO - new table to create: "create table HN1.dbo.vw_origin_agentes (rowNum numeric (20), "AGENTE" varchar(max), "NOMBRE" varchar(max), "DIRECCION" varchar(max), "CONTACTO" varchar(max), "CALIDAD" varchar(max), DELETED varchar (5))"
2019-04-10 15:55:39,515 - root - WARNING - Going to insert to table: agentes
2019-04-10 15:55:41,662 - root - WARNING - insert finished
2019-04-10 15:55:41,664 - root - WARNING - connected to Sqlserver.
2019-04-10 15:55:41,664 - root - INFO - Processing: ccvs.DBF
2019-04-10 15:55:41,665 - root - INFO - new table to create: "create table HN1.dbo.vw_origin_ccvs (rowNum numeric (20), "CCV" varchar(max), "NRO_SOLICI" varchar(max), DELETED varchar (5))"
2019-04-10 15:55:41,667 - root - WARNING - Going to insert to table: ccvs
2019-04-10 15:55:52,062 - root - WARNING - insert finished
2019-04-10 15:55:52,062 - root - WARNING - connected to Sqlserver.
2019-04-10 15:55:52,062 - root - INFO - Processing: codigos.dbf
2019-04-10 15:55:52,063 - root - INFO - new table to create: "create table HN1.dbo.vw_origin_codigos (rowNum numeric (20), "ID_CODIGO" varchar(max), "CODIGO" varchar(max), "DESCRIPCOD" varchar(max), DELETED varchar (5))"
2019-04-10 15:55:52,065 - root - WARNING - Going to insert to table: codigos
2019-04-10 15:55:52,074 - root - WARNING - insert finished
2019-04-10 15:55:52,074 - root - WARNING - connected to Sqlserver.
2019-04-10 15:55:52,075 - root - INFO - Processing: eventab.dbf
2019-04-10 15:55:52,076 - root - INFO - new table to create: "create table HN1.dbo.vw_origin_eventab (rowNum numeric (20), "EVENTO" varchar(max), "DESCRIP" varchar(max), "TIPO_EVENT" varchar(max), "INFO_ADI" varchar(max), "ETI_COMENT" varchar(max), "ETI_NUMERO" varchar(max), DELETED varchar (5))"
2019-04-10 15:55:52,077 - root - WARNING - Going to insert to table: eventab
2019-04-10 15:55:52,104 - root - WARNING - insert finished
2019-04-10 15:55:52,105 - root - WARNING - connected to Sqlserver.
2019-04-10 15:55:52,105 - root - INFO - Processing: marca.DBF
2019-04-10 15:55:52,107 - root - INFO - new table to create: "create table HN1.dbo.vw_origin_marca (rowNum numeric (20), "NRO_SOLICI" varchar(max), "SOLICITADA" date, "TIPO_MARCA" varchar(max), "SIGNO" varchar(max), "NOM_MARCA" varchar(max), "REGISTRO" varchar(max), "REGISTRADA" date, "RENUEVA" date, "EXPIRA" date, "AGENTE" varchar(max), "STATUS" varchar(max), "STAT_DESDE" date, "PESO_RASGO" real, "LARFON" real, "PESO_R" real, "PUBLICADA" date, "DIARIO" varchar(max), "LIMITACION" varchar(max), "HORA" varchar(max), "RTOMO" real, "RFOLIO" real, "RESERVA" varchar(max), "NRO_PODER" varchar(max), "MODIFICA" varchar(max), "NRO_GACETA" real, "QUIEN" varchar(max), "CALIDAD" varchar(max), "CLASE" real, "MODIFICADO" varchar(max), "ANUALIDAD" real, "NRO_RESOL" varchar(max), "LEY" varchar(max), "CLASES_TXT" varchar(max), DELETED varchar (5))"
2019-04-10 15:55:52,109 - root - WARNING - Going to insert to table: marca
2019-04-10 15:55:52,123 - root - ERROR - >>>>>>>>>>>>>>> issue with table creation:time data '19681004' does not match format '%Y %b %d'
2019-04-10 15:55:52,123 - root - WARNING - insert finished
2019-04-10 15:55:52,123 - root - WARNING - connected to Sqlserver.
2019-04-10 15:55:52,123 - root - INFO - Processing: migracio.dbf
2019-04-10 15:55:52,124 - root - INFO - new table to create: "create table HN1.dbo.vw_origin_migracio (rowNum numeric (20), "STATUS_INI" varchar(max), "EVENTO" varchar(max), "STATUS_FIN" varchar(max), "TRAMITE" varchar(max), DELETED varchar (5))"
2019-04-10 15:55:52,125 - root - WARNING - Going to insert to table: migracio
2019-04-10 15:55:52,152 - root - WARNING - insert finished
2019-04-10 15:55:52,152 - root - WARNING - connected to Sqlserver.
2019-04-10 15:55:52,152 - root - INFO - Processing: movimi.DBF
2019-04-10 15:55:52,155 - root - INFO - new table to create: "create table HN1.dbo.vw_origin_movimi (rowNum numeric (20), "NRO_SOLICI" varchar(max), "COMENTARIO" varchar(max), "F_EVENTO" date, "F_VENCIM" date, "F_TRANS" date, "NRO_MOV" varchar(max), "EVENTO" varchar(max), "STATUS" varchar(max), "HORA" varchar(max), "DOCUMENTO" varchar(max), "USUARIO" varchar(max), "N_ENTRADA" varchar(max), DELETED varchar (5))"
2019-04-10 15:55:52,156 - root - WARNING - Going to insert to table: movimi
2019-04-10 15:55:54,490 - root - ERROR - >>>>>>>>>>>>>>> issue with table creation:time data '19961224' does not match format '%Y %b %d'
2019-04-10 15:55:54,490 - root - WARNING - insert finished
2019-04-10 15:55:54,490 - root - WARNING - connected to Sqlserver.
2019-04-10 15:55:54,490 - root - INFO - Processing: nuenoms.DBF
2019-04-10 15:55:54,491 - root - INFO - new table to create: "create table HN1.dbo.vw_origin_nuenoms (rowNum numeric (20), "NUM_SERIE" varchar(max), "TITULAR" varchar(max), DELETED varchar (5))"
2019-04-10 15:55:54,492 - root - WARNING - Going to insert to table: nuenoms
