2019-04-12 17:08:35,172 - root - WARNING - connected to Sqlserver.
2019-04-12 17:08:35,188 - root - INFO - Connections to database severed
2019-04-12 17:08:35,249 - root - INFO - database dropped
2019-04-12 17:08:35,250 - root - INFO - user ready
2019-04-12 17:08:35,251 - root - INFO - access granted
2019-04-12 17:08:35,252 - root - INFO - access granted
2019-04-12 17:08:35,253 - root - INFO - password changed
2019-04-12 17:08:35,999 - root - INFO - <_io.TextIOWrapper name='<stderr>' mode='w' encoding='UTF-8'>Child returned, 0
2019-04-12 17:08:36,013 - root - WARNING - connected to Sqlserver.
2019-04-12 17:08:36,033 - root - INFO - repository synced
2019-04-12 17:08:36,033 - root - INFO - repository synced
2019-04-12 17:08:36,048 - root - WARNING - connected to Sqlserver.
2019-04-12 17:08:36,157 - root - INFO - changing database to intermed
2019-04-12 17:08:36,157 - root - WARNING - connected to Sqlserver.
2019-04-12 17:08:37,167 - root - INFO - access granted
2019-04-12 17:08:37,168 - root - INFO - access granted
2019-04-12 17:08:39,363 - root - WARNING - Running initial updates to intermed.
2019-04-12 17:08:39,363 - root - INFO - changing database to intermed
2019-04-12 17:08:40,778 - root - INFO - changing database to ipas
2019-04-12 17:08:40,778 - root - WARNING - connected to Sqlserver.
2019-04-12 17:08:40,778 - root - WARNING - Creating store procedures and wrk tables.
2019-04-12 17:08:40,915 - root - INFO - cleanning manual validation tables
2019-04-12 17:08:40,931 - root - INFO - creating store procedure0-ImportSetPersonNbr
2019-04-12 17:08:40,994 - root - INFO - <_io.TextIOWrapper name='<stderr>' mode='w' encoding='UTF-8'>Child returned, 0
2019-04-12 17:08:40,994 - root - INFO - creating store procedure1-MarkDateValidationPROC
2019-04-12 17:08:41,062 - root - INFO - <_io.TextIOWrapper name='<stderr>' mode='w' encoding='UTF-8'>Child returned, 0
2019-04-12 17:08:41,062 - root - INFO - creating store procedure10-ImportAgentProcessAll
2019-04-12 17:08:41,131 - root - INFO - <_io.TextIOWrapper name='<stderr>' mode='w' encoding='UTF-8'>Child returned, 0
2019-04-12 17:08:41,131 - root - INFO - creating store procedure11-ImportMarkProcess
2019-04-12 17:08:41,231 - root - INFO - <_io.TextIOWrapper name='<stderr>' mode='w' encoding='UTF-8'>Child returned, 0
2019-04-12 17:08:41,232 - root - INFO - creating store procedure12-userdocImport-1
2019-04-12 17:08:41,307 - root - INFO - <_io.TextIOWrapper name='<stderr>' mode='w' encoding='UTF-8'>Child returned, 0
2019-04-12 17:08:41,307 - root - INFO - creating store procedure13-userdocImport-2
2019-04-12 17:08:41,379 - root - INFO - <_io.TextIOWrapper name='<stderr>' mode='w' encoding='UTF-8'>Child returned, 0
2019-04-12 17:08:41,380 - root - INFO - creating store procedure2-PatentDateValidationPROC
2019-04-12 17:08:41,447 - root - INFO - <_io.TextIOWrapper name='<stderr>' mode='w' encoding='UTF-8'>Child returned, 0
2019-04-12 17:08:41,447 - root - INFO - creating store procedure3-UserDocDateValidationPROC
2019-04-12 17:08:41,516 - root - INFO - <_io.TextIOWrapper name='<stderr>' mode='w' encoding='UTF-8'>Child returned, 0
2019-04-12 17:08:41,516 - root - INFO - creating store procedure4-CallToDateValidationPROC
2019-04-12 17:08:41,577 - root - INFO - <_io.TextIOWrapper name='<stderr>' mode='w' encoding='UTF-8'>Child returned, 0
2019-04-12 17:08:41,577 - root - INFO - creating store procedure5-ImportAgentValidate
2019-04-12 17:08:41,647 - root - INFO - <_io.TextIOWrapper name='<stderr>' mode='w' encoding='UTF-8'>Child returned, 0
2019-04-12 17:08:41,647 - root - INFO - creating store procedure6-ImportMarkValidate
2019-04-12 17:08:41,748 - root - INFO - <_io.TextIOWrapper name='<stderr>' mode='w' encoding='UTF-8'>Child returned, 0
2019-04-12 17:08:41,748 - root - INFO - creating store procedure8-ImportUserdocValidate
2019-04-12 17:08:41,848 - root - INFO - <_io.TextIOWrapper name='<stderr>' mode='w' encoding='UTF-8'>Child returned, 0
2019-04-12 17:08:41,848 - root - INFO - creating store procedure9-ImportWorkTablesCreate
2019-04-12 17:08:42,237 - root - INFO - <_io.TextIOWrapper name='<stderr>' mode='w' encoding='UTF-8'>Child returned, 0
2019-04-12 17:08:42,238 - root - WARNING - Running validation and migration.
2019-04-12 17:08:42,346 - root - WARNING - Migrating agents.
2019-04-12 17:08:47,168 - root - WARNING - Validation TM .
2019-04-12 17:09:22,405 - root - INFO - wrong query:/*INSERT INTO HNMARCAS.HNADMIN.CF_DOC_SEQUENCE (ROW_VERSION  ,DOC_SEQ_TYP   ,DOC_SEQ_NAME     ,IND_ANNUAL_SERIES   ,FIXED_SERIES    ,IND_CONT_NBR_FOR_FILE) SELECT DISTINCT 1,USERDOC_SEQ,'SEQ ALTERNATIVA USERDOCS'+USERDOC_SEQ,'S',NULL,'N' FROM HN1.dbo.VW_IMPORT_USERDOC WHERE USERDOC_SEQ!='M'running TM updates
2019-04-12 17:09:22,405 - root - ERROR - >>>>>>>>>>>>>>> issue with insert query ('42000', "[42000] [Microsoft][ODBC Driver 17 for SQL Server][SQL Server]Missing end comment mark '*/'. (113) (SQLExecDirectW)")
2019-04-12 17:09:22,407 - root - INFO - wrong query:INSERT INTO HNMARCAS.HNADMIN.CF_DOC_SEQUENCE (ROW_VERSION  ,DOC_SEQ_TYP   ,DOC_SEQ_NAME     ,IND_ANNUAL_SERIES   ,FIXED_SERIES    ,IND_CONT_NBR_FOR_FILE) VALUES(1,'M-A', 'SEQ ALTERNATIVA OVERLAP','S',NULL,'N')running TM updates
2019-04-12 17:09:22,407 - root - ERROR - >>>>>>>>>>>>>>> issue with insert query ('23000', "[23000] [Microsoft][ODBC Driver 17 for SQL Server][SQL Server]Violation of PRIMARY KEY constraint 'SECUENCIA_PROMOCION_PK'. Cannot insert duplicate key in object 'HNADMIN.CF_DOC_SEQUENCE'. The duplicate key value is (M-A). (2627) (SQLExecDirectW); [23000] [Microsoft][ODBC Driver 17 for SQL Server][SQL Server]The statement has been terminated. (3621)")
2019-04-12 17:09:22,407 - root - INFO - wrong query:*/running TM updates
2019-04-12 17:09:22,408 - root - ERROR - >>>>>>>>>>>>>>> issue with insert query ('42000', "[42000] [Microsoft][ODBC Driver 17 for SQL Server][SQL Server]Incorrect syntax near '*'. (102) (SQLExecDirectW)")
2019-04-12 17:09:22,408 - root - WARNING - Validation TM post correction.
