2019-04-09 17:02:27,941 - root - WARNING - connected to Sqlserver.
2019-04-09 17:02:27,942 - root - INFO - Processing: agentes.DBF
2019-04-09 17:02:27,946 - root - INFO - wrong query:create table HN1.dbo.vw_origin_agentes (rowNum numeric (20), "AGENTE" varchar(max), "NOMBRE" varchar(max), "DIRECCION" varchar(max), "CONTACTO" varchar, "CALIDAD" varchar(max), DELETED varchar (5))Creating Vw_origin_agentes table
2019-04-09 17:02:27,946 - root - ERROR - >>>>>>>>>>>>>>> issue with insert query ('42S01', "[42S01] [Microsoft][ODBC Driver 17 for SQL Server][SQL Server]There is already an object named 'vw_origin_agentes' in the database. (2714) (SQLExecDirectW)")
2019-04-09 17:02:27,947 - root - INFO - Processing: ccvs.DBF
2019-04-09 17:02:27,948 - root - INFO - wrong query:create table HN1.dbo.vw_origin_ccvs (rowNum numeric (20), "CCV" varchar(max), "NRO_SOLICI" varchar(max), DELETED varchar (5))Creating Vw_origin_ccvs table
2019-04-09 17:02:27,949 - root - ERROR - >>>>>>>>>>>>>>> issue with insert query ('42S01', "[42S01] [Microsoft][ODBC Driver 17 for SQL Server][SQL Server]There is already an object named 'vw_origin_ccvs' in the database. (2714) (SQLExecDirectW)")
2019-04-09 17:02:27,949 - root - INFO - Processing: codigos.dbf
2019-04-09 17:02:27,950 - root - INFO - wrong query:create table HN1.dbo.vw_origin_codigos (rowNum numeric (20), "ID_CODIGO" varchar(max), "CODIGO" varchar(max), "DESCRIPCOD" varchar(max), DELETED varchar (5))Creating Vw_origin_codigos table
2019-04-09 17:02:27,950 - root - ERROR - >>>>>>>>>>>>>>> issue with insert query ('42S01', "[42S01] [Microsoft][ODBC Driver 17 for SQL Server][SQL Server]There is already an object named 'vw_origin_codigos' in the database. (2714) (SQLExecDirectW)")
2019-04-09 17:02:27,950 - root - INFO - Processing: eventab.dbf
2019-04-09 17:02:27,952 - root - INFO - wrong query:create table HN1.dbo.vw_origin_eventab (rowNum numeric (20), "EVENTO" varchar(max), "DESCRIP" varchar(max), "TIPO_EVENT" varchar(max), "INFO_ADI" varchar(max), "ETI_COMENT" varchar(max), "ETI_NUMERO" varchar(max), DELETED varchar (5))Creating Vw_origin_eventab table
2019-04-09 17:02:27,952 - root - ERROR - >>>>>>>>>>>>>>> issue with insert query ('42S01', "[42S01] [Microsoft][ODBC Driver 17 for SQL Server][SQL Server]There is already an object named 'vw_origin_eventab' in the database. (2714) (SQLExecDirectW)")
2019-04-09 17:02:27,952 - root - INFO - Processing: marca.DBF
2019-04-09 17:02:27,954 - root - INFO - wrong query:create table HN1.dbo.vw_origin_marca (rowNum numeric (20), "NRO_SOLICI" varchar(max), "SOLICITADA" date, "TIPO_MARCA" varchar(max), "SIGNO" varchar(max), "NOM_MARCA" varchar(max), "REGISTRO" varchar(max), "REGISTRADA" date, "RENUEVA" date, "EXPIRA" date, "AGENTE" varchar(max), "STATUS" varchar(max), "STAT_DESDE" date, "PESO_RASGO" float, "LARFON" float, "PESO_R" float, "PUBLICADA" date, "DIARIO" varchar(max), "LIMITACION" varchar, "HORA" varchar(max), "RTOMO" float, "RFOLIO" float, "RESERVA" varchar, "NRO_PODER" varchar(max), "MODIFICA" varchar(max), "NRO_GACETA" float, "QUIEN" varchar(max), "CALIDAD" varchar(max), "CLASE" float, "MODIFICADO" varchar(max), "ANUALIDAD" float, "NRO_RESOL" varchar(max), "LEY" varchar(max), "CLASES_TXT" varchar(max), DELETED varchar (5))Creating Vw_origin_marca table
2019-04-09 17:02:27,954 - root - ERROR - >>>>>>>>>>>>>>> issue with insert query ('42S01', "[42S01] [Microsoft][ODBC Driver 17 for SQL Server][SQL Server]There is already an object named 'vw_origin_marca' in the database. (2714) (SQLExecDirectW)")
2019-04-09 17:02:27,955 - root - INFO - Processing: migracio.dbf
2019-04-09 17:02:27,956 - root - INFO - wrong query:create table HN1.dbo.vw_origin_migracio (rowNum numeric (20), "STATUS_INI" varchar(max), "EVENTO" varchar(max), "STATUS_FIN" varchar(max), "TRAMITE" varchar(max), DELETED varchar (5))Creating Vw_origin_migracio table
2019-04-09 17:02:27,956 - root - ERROR - >>>>>>>>>>>>>>> issue with insert query ('42S01', "[42S01] [Microsoft][ODBC Driver 17 for SQL Server][SQL Server]There is already an object named 'vw_origin_migracio' in the database. (2714) (SQLExecDirectW)")
2019-04-09 17:02:27,956 - root - INFO - Processing: movimi.DBF
2019-04-09 17:02:27,958 - root - INFO - wrong query:create table HN1.dbo.vw_origin_movimi (rowNum numeric (20), "NRO_SOLICI" varchar(max), "COMENTARIO" varchar, "F_EVENTO" date, "F_VENCIM" date, "F_TRANS" date, "NRO_MOV" varchar(max), "EVENTO" varchar(max), "STATUS" varchar(max), "HORA" varchar(max), "DOCUMENTO" varchar(max), "USUARIO" varchar(max), "N_ENTRADA" varchar(max), DELETED varchar (5))Creating Vw_origin_movimi table
2019-04-09 17:02:27,958 - root - ERROR - >>>>>>>>>>>>>>> issue with insert query ('42S01', "[42S01] [Microsoft][ODBC Driver 17 for SQL Server][SQL Server]There is already an object named 'vw_origin_movimi' in the database. (2714) (SQLExecDirectW)")
2019-04-09 17:02:27,958 - root - INFO - Processing: nuenoms.DBF
2019-04-09 17:02:27,960 - root - INFO - wrong query:create table HN1.dbo.vw_origin_nuenoms (rowNum numeric (20), "NUM_SERIE" varchar(max), "TITULAR" varchar(max), DELETED varchar (5))Creating Vw_origin_nuenoms table
2019-04-09 17:02:27,960 - root - ERROR - >>>>>>>>>>>>>>> issue with insert query ('42S01', "[42S01] [Microsoft][ODBC Driver 17 for SQL Server][SQL Server]There is already an object named 'vw_origin_nuenoms' in the database. (2714) (SQLExecDirectW)")
2019-04-09 17:02:27,960 - root - INFO - Processing: orinoms.DBF
2019-04-09 17:02:27,961 - root - INFO - wrong query:create table HN1.dbo.vw_origin_orinoms (rowNum numeric (20), "NUM_SERIE" varchar(max), "TITULAR" varchar(max), DELETED varchar (5))Creating Vw_origin_orinoms table
2019-04-09 17:02:27,962 - root - ERROR - >>>>>>>>>>>>>>> issue with insert query ('42S01', "[42S01] [Microsoft][ODBC Driver 17 for SQL Server][SQL Server]There is already an object named 'vw_origin_orinoms' in the database. (2714) (SQLExecDirectW)")
2019-04-09 17:02:27,962 - root - INFO - Processing: Pago.DBF
2019-04-09 17:02:27,963 - root - INFO - wrong query:create table HN1.dbo.vw_origin_pago (rowNum numeric (20), "NUM_PAGO" varchar(max), "TIPO_REF" varchar(max), "REFERENCIA" varchar(max), "DENOMINA" varchar(max), "MONTO" float, "RECIBO" varchar(max), "FECHA" date, "HORA" varchar(max), "PERSONA" varchar(max), DELETED varchar (5))Creating Vw_origin_Pago table
2019-04-09 17:02:27,963 - root - ERROR - >>>>>>>>>>>>>>> issue with insert query ('42S01', "[42S01] [Microsoft][ODBC Driver 17 for SQL Server][SQL Server]There is already an object named 'vw_origin_pago' in the database. (2714) (SQLExecDirectW)")
2019-04-09 17:02:27,963 - root - INFO - Processing: peticion.DBF
2019-04-09 17:02:27,966 - root - INFO - wrong query:create table HN1.dbo.vw_origin_peticion (rowNum numeric (20), "NUM_SERIE" varchar(max), "SOLICITADA" date, "HORA" varchar(max), "TIPO_PETI" varchar(max), "STATUS_RES" varchar(max), "STAT_DESDE" date, "AGENTE" varchar(max), "CALIDAD" varchar(max), "QUIEN" varchar(max), "CUAL" varchar(max), "NRO_RESOL" varchar(max), "OBSERVACIO" varchar, "LEY" varchar(max), "CAMBREP" integer, DELETED varchar (5))Creating Vw_origin_peticion table
2019-04-09 17:02:27,966 - root - ERROR - >>>>>>>>>>>>>>> issue with insert query ('42S01', "[42S01] [Microsoft][ODBC Driver 17 for SQL Server][SQL Server]There is already an object named 'vw_origin_peticion' in the database. (2714) (SQLExecDirectW)")
2019-04-09 17:02:27,966 - root - INFO - Processing: petireg.DBF
2019-04-09 17:02:27,967 - root - INFO - wrong query:create table HN1.dbo.vw_origin_petireg (rowNum numeric (20), "NRO_SOLICI" varchar(max), "NUM_SERIE" varchar(max), DELETED varchar (5))Creating Vw_origin_petireg table
2019-04-09 17:02:27,967 - root - ERROR - >>>>>>>>>>>>>>> issue with insert query ('42S01', "[42S01] [Microsoft][ODBC Driver 17 for SQL Server][SQL Server]There is already an object named 'vw_origin_petireg' in the database. (2714) (SQLExecDirectW)")
2019-04-09 17:02:27,968 - root - INFO - Processing: PODER.DBF
2019-04-09 17:02:27,969 - root - INFO - wrong query:create table HN1.dbo.vw_origin_poder (rowNum numeric (20), "TITULAR1" varchar(max), "TITULAR2" varchar(max), "TITULAR3" varchar(max), "APODERADO1" varchar(max), "APODERADO2" varchar(max), "APODERADO3" varchar(max), "APODERADO4" varchar(max), "APODERADO5" varchar(max), "DOMICILIO1" varchar(max), "DOMICILIO2" varchar(max), "DOMICILIO3" varchar(max), "TIPOPODER1" varchar(max), "TIPOPODER2" varchar(max), "TIPOPODER3" varchar(max), "MARCA" varchar(max), "CLASES" float, "NRO_SOLIC1" float, "NRO_SOLIC2" float, "REGISTRO" float, "ASIENTO" float, DELETED varchar (5))Creating Vw_origin_PODER table
2019-04-09 17:02:27,969 - root - ERROR - >>>>>>>>>>>>>>> issue with insert query ('42S01', "[42S01] [Microsoft][ODBC Driver 17 for SQL Server][SQL Server]There is already an object named 'vw_origin_poder' in the database. (2714) (SQLExecDirectW)")
2019-04-09 17:02:27,969 - root - INFO - Processing: poderes.dbf
2019-04-09 17:02:27,972 - root - INFO - wrong query:create table HN1.dbo.vw_origin_poderes (rowNum numeric (20), "NUM_PODER" varchar(max), "NOMBRE" varchar(max), "DOMICILIO" varchar(max), "APODERADOS" varchar, "TIPO_REF" varchar(max), "REFERENCIA" varchar(max), "DENOMINA" varchar(max), "TIPO_PODER" varchar(max), DELETED varchar (5))Creating Vw_origin_poderes table
2019-04-09 17:02:27,972 - root - ERROR - >>>>>>>>>>>>>>> issue with insert query ('42S01', "[42S01] [Microsoft][ODBC Driver 17 for SQL Server][SQL Server]There is already an object named 'vw_origin_poderes' in the database. (2714) (SQLExecDirectW)")
2019-04-09 17:02:27,972 - root - INFO - Processing: producto.DBF
2019-04-09 17:02:27,974 - root - INFO - wrong query:create table HN1.dbo.vw_origin_producto (rowNum numeric (20), "NRO_SOLICI" varchar(max), "CLASE" float, "PROD_SERV" varchar, "CL_TYPE" varchar(max), DELETED varchar (5))Creating Vw_origin_producto table
2019-04-09 17:02:27,974 - root - ERROR - >>>>>>>>>>>>>>> issue with insert query ('42S01', "[42S01] [Microsoft][ODBC Driver 17 for SQL Server][SQL Server]There is already an object named 'vw_origin_producto' in the database. (2714) (SQLExecDirectW)")
2019-04-09 17:02:27,974 - root - INFO - Processing: status.DBF
2019-04-09 17:02:27,976 - root - INFO - wrong query:create table HN1.dbo.vw_origin_status (rowNum numeric (20), "STATUS" varchar(max), "DESC_STAT" varchar(max), "PLAZO" float, "TIPO_PLAZO" varchar(max), "NOTIFIC" varchar(max), "TRAMITE" varchar(max), DELETED varchar (5))Creating Vw_origin_status table
2019-04-09 17:02:27,976 - root - ERROR - >>>>>>>>>>>>>>> issue with insert query ('42S01', "[42S01] [Microsoft][ODBC Driver 17 for SQL Server][SQL Server]There is already an object named 'vw_origin_status' in the database. (2714) (SQLExecDirectW)")
2019-04-09 17:02:27,976 - root - INFO - Processing: titular.DBF
2019-04-09 17:02:27,978 - root - INFO - Processing: titumar.DBF
2019-04-09 17:02:27,980 - root - INFO - wrong query:create table HN1.dbo.vw_origin_titumar (rowNum numeric (20), "NRO_SOLICI" varchar(max), "TITULAR" varchar(max), DELETED varchar (5))Creating Vw_origin_titumar table
2019-04-09 17:02:27,980 - root - ERROR - >>>>>>>>>>>>>>> issue with insert query ('42S01', "[42S01] [Microsoft][ODBC Driver 17 for SQL Server][SQL Server]There is already an object named 'vw_origin_titumar' in the database. (2714) (SQLExecDirectW)")
2019-04-09 17:02:27,980 - root - INFO - Processing: users.DBF
2019-04-09 17:02:27,981 - root - INFO - wrong query:create table HN1.dbo.vw_origin_users (rowNum numeric (20), "CODE_USER" varchar(max), "NAME" varchar(max), "CAPACITY" varchar(max), "PASSW" varchar(max), "POST" varchar(max), DELETED varchar (5))Creating Vw_origin_users table
2019-04-09 17:02:27,982 - root - ERROR - >>>>>>>>>>>>>>> issue with insert query ('42S01', "[42S01] [Microsoft][ODBC Driver 17 for SQL Server][SQL Server]There is already an object named 'vw_origin_users' in the database. (2714) (SQLExecDirectW)")
