2019-04-10 11:38:29,067 - root - WARNING - connected to Sqlserver.
2019-04-10 11:38:29,123 - root - INFO - Connections to database severed
2019-04-10 11:38:29,149 - root - INFO - database dropped
2019-04-10 11:38:29,374 - root - INFO - New Intermediate databas created
2019-04-10 11:38:29,390 - root - WARNING - connected to Sqlserver.
2019-04-10 11:38:29,390 - root - INFO - Processing: agentes.DBF
2019-04-10 11:38:29,392 - root - INFO - new table to create: "create table HN1.dbo.vw_origin_agentes (rowNum numeric (20), "AGENTE" varchar(max), "NOMBRE" varchar(max), "DIRECCION" varchar(max), "CONTACTO" varchar(max), "CALIDAD" varchar(max), DELETED varchar (5))"
2019-04-10 11:38:29,394 - root - WARNING - Going to insert to table: agentes
2019-04-10 11:38:31,524 - root - ERROR - >>>>>>>>>>>>>>> issue with table creation:can only concatenate str (not "tuple") to str
2019-04-10 11:38:31,524 - root - WARNING - insert finished
2019-04-10 11:38:31,527 - root - WARNING - connected to Sqlserver.
2019-04-10 11:38:31,527 - root - INFO - Processing: ccvs.DBF
2019-04-10 11:38:31,528 - root - INFO - new table to create: "create table HN1.dbo.vw_origin_ccvs (rowNum numeric (20), "CCV" varchar(max), "NRO_SOLICI" varchar(max), DELETED varchar (5))"
2019-04-10 11:38:31,529 - root - WARNING - Going to insert to table: ccvs
2019-04-10 11:38:45,776 - root - WARNING - connected to Sqlserver.
2019-04-10 11:38:45,816 - root - INFO - Connections to database severed
2019-04-10 11:38:45,838 - root - INFO - database dropped
2019-04-10 11:38:46,069 - root - INFO - New Intermediate databas created
2019-04-10 11:38:46,086 - root - WARNING - connected to Sqlserver.
2019-04-10 11:38:46,086 - root - INFO - Processing: agentes.DBF
2019-04-10 11:38:46,088 - root - INFO - new table to create: "create table HN1.dbo.vw_origin_agentes (rowNum numeric (20), "AGENTE" varchar(max), "NOMBRE" varchar(max), "DIRECCION" varchar(max), "CONTACTO" varchar(max), "CALIDAD" varchar(max), DELETED varchar (5))"
2019-04-10 11:38:46,090 - root - WARNING - Going to insert to table: agentes
2019-04-10 11:38:48,000 - root - ERROR - >>>>>>>>>>>>>>> issue with table creation:can only concatenate str (not "tuple") to str
2019-04-10 11:38:48,000 - root - WARNING - insert finished
2019-04-10 11:38:48,003 - root - WARNING - connected to Sqlserver.
2019-04-10 11:38:48,003 - root - INFO - Processing: ccvs.DBF
2019-04-10 11:38:48,004 - root - INFO - new table to create: "create table HN1.dbo.vw_origin_ccvs (rowNum numeric (20), "CCV" varchar(max), "NRO_SOLICI" varchar(max), DELETED varchar (5))"
2019-04-10 11:38:48,005 - root - WARNING - Going to insert to table: ccvs
