2019-04-12 17:59:13,172 - root - WARNING - connected to Sqlserver.
2019-04-12 17:59:16,177 - root - INFO - Connections to database severed
2019-04-12 17:59:16,215 - root - INFO - database dropped
2019-04-12 17:59:16,216 - root - INFO - user ready
2019-04-12 17:59:16,217 - root - INFO - access granted
2019-04-12 17:59:16,218 - root - INFO - access granted
2019-04-12 17:59:16,218 - root - INFO - password changed
2019-04-12 17:59:16,938 - root - INFO - <_io.TextIOWrapper name='<stderr>' mode='w' encoding='UTF-8'>Child returned, 0
2019-04-12 17:59:16,952 - root - WARNING - connected to Sqlserver.
2019-04-12 17:59:16,981 - root - INFO - repository synced
2019-04-12 17:59:16,987 - root - INFO - repository synced
2019-04-12 17:59:16,991 - root - WARNING - connected to Sqlserver.
2019-04-12 17:59:17,104 - root - INFO - changing database to intermed
2019-04-12 17:59:17,108 - root - WARNING - connected to Sqlserver.
2019-04-12 17:59:18,015 - root - INFO - access granted
2019-04-12 17:59:18,016 - root - INFO - access granted
2019-04-12 17:59:20,359 - root - WARNING - Running initial updates to intermed.
2019-04-12 17:59:20,359 - root - INFO - changing database to intermed
2019-04-12 17:59:21,912 - root - INFO - changing database to ipas
2019-04-12 17:59:21,917 - root - WARNING - connected to Sqlserver.
2019-04-12 17:59:21,917 - root - WARNING - Creating store procedures and wrk tables.
2019-04-12 17:59:22,071 - root - INFO - cleanning manual validation tables
2019-04-12 17:59:22,072 - root - INFO - creating store procedure0-ImportSetPersonNbr
2019-04-12 17:59:22,153 - root - INFO - <_io.TextIOWrapper name='<stderr>' mode='w' encoding='UTF-8'>Child returned, 0
2019-04-12 17:59:22,153 - root - INFO - creating store procedure1-MarkDateValidationPROC
2019-04-12 17:59:22,228 - root - INFO - <_io.TextIOWrapper name='<stderr>' mode='w' encoding='UTF-8'>Child returned, 0
2019-04-12 17:59:22,228 - root - INFO - creating store procedure10-ImportAgentProcessAll
2019-04-12 17:59:22,302 - root - INFO - <_io.TextIOWrapper name='<stderr>' mode='w' encoding='UTF-8'>Child returned, 0
2019-04-12 17:59:22,303 - root - INFO - creating store procedure11-ImportMarkProcess
2019-04-12 17:59:22,395 - root - INFO - <_io.TextIOWrapper name='<stderr>' mode='w' encoding='UTF-8'>Child returned, 0
2019-04-12 17:59:22,395 - root - INFO - creating store procedure12-userdocImport-1
2019-04-12 17:59:22,473 - root - INFO - <_io.TextIOWrapper name='<stderr>' mode='w' encoding='UTF-8'>Child returned, 0
2019-04-12 17:59:22,474 - root - INFO - creating store procedure13-userdocImport-2
2019-04-12 17:59:22,550 - root - INFO - <_io.TextIOWrapper name='<stderr>' mode='w' encoding='UTF-8'>Child returned, 0
2019-04-12 17:59:22,550 - root - INFO - creating store procedure2-PatentDateValidationPROC
2019-04-12 17:59:22,623 - root - INFO - <_io.TextIOWrapper name='<stderr>' mode='w' encoding='UTF-8'>Child returned, 0
2019-04-12 17:59:22,623 - root - INFO - creating store procedure3-UserDocDateValidationPROC
2019-04-12 17:59:22,698 - root - INFO - <_io.TextIOWrapper name='<stderr>' mode='w' encoding='UTF-8'>Child returned, 0
2019-04-12 17:59:22,698 - root - INFO - creating store procedure4-CallToDateValidationPROC
2019-04-12 17:59:22,773 - root - INFO - <_io.TextIOWrapper name='<stderr>' mode='w' encoding='UTF-8'>Child returned, 0
2019-04-12 17:59:22,773 - root - INFO - creating store procedure5-ImportAgentValidate
2019-04-12 17:59:22,861 - root - INFO - <_io.TextIOWrapper name='<stderr>' mode='w' encoding='UTF-8'>Child returned, 0
2019-04-12 17:59:22,862 - root - INFO - creating store procedure6-ImportMarkValidate
2019-04-12 17:59:22,989 - root - INFO - <_io.TextIOWrapper name='<stderr>' mode='w' encoding='UTF-8'>Child returned, 0
2019-04-12 17:59:22,989 - root - INFO - creating store procedure8-ImportUserdocValidate
2019-04-12 17:59:23,106 - root - INFO - <_io.TextIOWrapper name='<stderr>' mode='w' encoding='UTF-8'>Child returned, 0
2019-04-12 17:59:23,106 - root - INFO - creating store procedure9-ImportWorkTablesCreate
2019-04-12 17:59:23,511 - root - INFO - <_io.TextIOWrapper name='<stderr>' mode='w' encoding='UTF-8'>Child returned, 0
2019-04-12 17:59:23,511 - root - WARNING - Running validation and migration.
2019-04-12 17:59:23,637 - root - WARNING - Migrating agents.
2019-04-12 17:59:28,597 - root - WARNING - Validation TM .
2019-04-12 18:00:01,379 - root - WARNING - Validation TM post correction.
