2019-04-10 12:01:51,893 - root - WARNING - connected to Sqlserver.
2019-04-10 12:01:54,935 - root - INFO - Connections to database severed
2019-04-10 12:01:54,962 - root - INFO - database dropped
2019-04-10 12:01:55,156 - root - INFO - New Intermediate databas created
2019-04-10 12:01:55,172 - root - WARNING - connected to Sqlserver.
2019-04-10 12:01:55,172 - root - INFO - Processing: agentes.DBF
2019-04-10 12:01:55,174 - root - INFO - new table to create: "create table HN1.dbo.vw_origin_agentes (rowNum numeric (20), "AGENTE" varchar(max), "NOMBRE" varchar(max), "DIRECCION" varchar(max), "CONTACTO" varchar(max), "CALIDAD" varchar(max), DELETED varchar (5))"
2019-04-10 12:01:55,176 - root - WARNING - Going to insert to table: agentes
2019-04-10 12:01:57,168 - root - WARNING - insert finished
2019-04-10 12:01:57,170 - root - WARNING - connected to Sqlserver.
2019-04-10 12:01:57,170 - root - INFO - Processing: ccvs.DBF
2019-04-10 12:01:57,171 - root - INFO - new table to create: "create table HN1.dbo.vw_origin_ccvs (rowNum numeric (20), "CCV" varchar(max), "NRO_SOLICI" varchar(max), DELETED varchar (5))"
2019-04-10 12:01:57,173 - root - WARNING - Going to insert to table: ccvs
2019-04-10 12:02:07,188 - root - WARNING - insert finished
2019-04-10 12:02:07,188 - root - WARNING - connected to Sqlserver.
2019-04-10 12:02:07,189 - root - INFO - Processing: codigos.dbf
2019-04-10 12:02:07,190 - root - INFO - new table to create: "create table HN1.dbo.vw_origin_codigos (rowNum numeric (20), "ID_CODIGO" varchar(max), "CODIGO" varchar(max), "DESCRIPCOD" varchar(max), DELETED varchar (5))"
2019-04-10 12:02:07,191 - root - WARNING - Going to insert to table: codigos
2019-04-10 12:02:07,201 - root - WARNING - insert finished
2019-04-10 12:02:07,201 - root - WARNING - connected to Sqlserver.
2019-04-10 12:02:07,201 - root - INFO - Processing: eventab.dbf
2019-04-10 12:02:07,202 - root - INFO - new table to create: "create table HN1.dbo.vw_origin_eventab (rowNum numeric (20), "EVENTO" varchar(max), "DESCRIP" varchar(max), "TIPO_EVENT" varchar(max), "INFO_ADI" varchar(max), "ETI_COMENT" varchar(max), "ETI_NUMERO" varchar(max), DELETED varchar (5))"
2019-04-10 12:02:07,203 - root - WARNING - Going to insert to table: eventab
2019-04-10 12:02:07,230 - root - WARNING - insert finished
2019-04-10 12:02:07,230 - root - WARNING - connected to Sqlserver.
2019-04-10 12:02:07,230 - root - INFO - Processing: marca.DBF
2019-04-10 12:02:07,232 - root - INFO - new table to create: "create table HN1.dbo.vw_origin_marca (rowNum numeric (20), "NRO_SOLICI" varchar(max), "SOLICITADA" varchar(max), "TIPO_MARCA" varchar(max), "SIGNO" varchar(max), "NOM_MARCA" varchar(max), "REGISTRO" varchar(max), "REGISTRADA" varchar(max), "RENUEVA" varchar(max), "EXPIRA" varchar(max), "AGENTE" varchar(max), "STATUS" varchar(max), "STAT_DESDE" varchar(max), "PESO_RASGO" varchar(max), "LARFON" varchar(max), "PESO_R" varchar(max), "PUBLICADA" varchar(max), "DIARIO" varchar(max), "LIMITACION" varchar(max), "HORA" varchar(max), "RTOMO" varchar(max), "RFOLIO" varchar(max), "RESERVA" varchar(max), "NRO_PODER" varchar(max), "MODIFICA" varchar(max), "NRO_GACETA" varchar(max), "QUIEN" varchar(max), "CALIDAD" varchar(max), "CLASE" varchar(max), "MODIFICADO" varchar(max), "ANUALIDAD" varchar(max), "NRO_RESOL" varchar(max), "LEY" varchar(max), "CLASES_TXT" varchar(max), DELETED varchar (5))"
2019-04-10 12:02:07,234 - root - WARNING - Going to insert to table: marca
2019-04-10 12:02:29,961 - root - ERROR - records[79523]['STAT_DESDE'] == InvalidValue(b'00001228')
2019-04-10 12:02:30,796 - root - ERROR - records[82440]['REGISTRADA'] == InvalidValue(b'00001229')
2019-04-10 12:02:30,796 - root - ERROR - records[82440]['STAT_DESDE'] == InvalidValue(b'00001229')
