2019-04-12 17:14:02,485 - root - WARNING - connected to Sqlserver.
2019-04-12 17:14:02,490 - root - INFO - Connections to database severed
2019-04-12 17:14:02,537 - root - INFO - database dropped
2019-04-12 17:14:02,539 - root - INFO - user ready
2019-04-12 17:14:02,540 - root - INFO - access granted
2019-04-12 17:14:02,541 - root - INFO - access granted
2019-04-12 17:14:02,541 - root - INFO - password changed
2019-04-12 17:14:03,267 - root - INFO - <_io.TextIOWrapper name='<stderr>' mode='w' encoding='UTF-8'>Child returned, 0
2019-04-12 17:14:03,281 - root - WARNING - connected to Sqlserver.
2019-04-12 17:14:03,312 - root - INFO - repository synced
2019-04-12 17:14:03,317 - root - INFO - repository synced
2019-04-12 17:14:03,322 - root - WARNING - connected to Sqlserver.
2019-04-12 17:14:03,439 - root - INFO - changing database to intermed
2019-04-12 17:14:03,443 - root - WARNING - connected to Sqlserver.
2019-04-12 17:14:04,370 - root - INFO - access granted
2019-04-12 17:14:04,371 - root - INFO - access granted
2019-04-12 17:14:06,970 - root - WARNING - Running initial updates to intermed.
2019-04-12 17:14:06,970 - root - INFO - changing database to intermed
2019-04-12 17:14:09,022 - root - INFO - changing database to ipas
2019-04-12 17:14:09,027 - root - WARNING - connected to Sqlserver.
2019-04-12 17:14:09,027 - root - WARNING - Creating store procedures and wrk tables.
2019-04-12 17:14:09,196 - root - INFO - cleanning manual validation tables
2019-04-12 17:14:09,197 - root - INFO - creating store procedure0-ImportSetPersonNbr
2019-04-12 17:14:09,280 - root - INFO - <_io.TextIOWrapper name='<stderr>' mode='w' encoding='UTF-8'>Child returned, 0
2019-04-12 17:14:09,280 - root - INFO - creating store procedure1-MarkDateValidationPROC
2019-04-12 17:14:09,353 - root - INFO - <_io.TextIOWrapper name='<stderr>' mode='w' encoding='UTF-8'>Child returned, 0
2019-04-12 17:14:09,353 - root - INFO - creating store procedure10-ImportAgentProcessAll
2019-04-12 17:14:09,425 - root - INFO - <_io.TextIOWrapper name='<stderr>' mode='w' encoding='UTF-8'>Child returned, 0
2019-04-12 17:14:09,426 - root - INFO - creating store procedure11-ImportMarkProcess
2019-04-12 17:14:09,521 - root - INFO - <_io.TextIOWrapper name='<stderr>' mode='w' encoding='UTF-8'>Child returned, 0
2019-04-12 17:14:09,522 - root - INFO - creating store procedure12-userdocImport-1
2019-04-12 17:14:09,601 - root - INFO - <_io.TextIOWrapper name='<stderr>' mode='w' encoding='UTF-8'>Child returned, 0
2019-04-12 17:14:09,602 - root - INFO - creating store procedure13-userdocImport-2
2019-04-12 17:14:09,677 - root - INFO - <_io.TextIOWrapper name='<stderr>' mode='w' encoding='UTF-8'>Child returned, 0
2019-04-12 17:14:09,677 - root - INFO - creating store procedure2-PatentDateValidationPROC
2019-04-12 17:14:09,752 - root - INFO - <_io.TextIOWrapper name='<stderr>' mode='w' encoding='UTF-8'>Child returned, 0
2019-04-12 17:14:09,752 - root - INFO - creating store procedure3-UserDocDateValidationPROC
2019-04-12 17:14:09,823 - root - INFO - <_io.TextIOWrapper name='<stderr>' mode='w' encoding='UTF-8'>Child returned, 0
2019-04-12 17:14:09,823 - root - INFO - creating store procedure4-CallToDateValidationPROC
2019-04-12 17:14:09,893 - root - INFO - <_io.TextIOWrapper name='<stderr>' mode='w' encoding='UTF-8'>Child returned, 0
2019-04-12 17:14:09,894 - root - INFO - creating store procedure5-ImportAgentValidate
2019-04-12 17:14:09,975 - root - INFO - <_io.TextIOWrapper name='<stderr>' mode='w' encoding='UTF-8'>Child returned, 0
2019-04-12 17:14:09,976 - root - INFO - creating store procedure6-ImportMarkValidate
2019-04-12 17:14:10,100 - root - INFO - <_io.TextIOWrapper name='<stderr>' mode='w' encoding='UTF-8'>Child returned, 0
2019-04-12 17:14:10,100 - root - INFO - creating store procedure8-ImportUserdocValidate
2019-04-12 17:14:10,208 - root - INFO - <_io.TextIOWrapper name='<stderr>' mode='w' encoding='UTF-8'>Child returned, 0
2019-04-12 17:14:10,209 - root - INFO - creating store procedure9-ImportWorkTablesCreate
2019-04-12 17:14:10,633 - root - INFO - <_io.TextIOWrapper name='<stderr>' mode='w' encoding='UTF-8'>Child returned, 0
2019-04-12 17:14:10,634 - root - WARNING - Running validation and migration.
2019-04-12 17:14:10,772 - root - WARNING - Migrating agents.
2019-04-12 17:14:15,957 - root - WARNING - Validation TM .
2019-04-12 17:14:31,109 - root - INFO - wrong query:TH CTE AS (SELECT FILE_SEQ      ,FILE_TYPE      ,FILE_SERIES      ,FILE_NBR      ,NICE_CLASS_NBR,RN=ROW_NUMBER()OVER(PARTITION BY  FILE_SEQ      ,FILE_TYPE      ,FILE_SERIES      ,FILE_NBR      ,NICE_CLASS_NBR ORDER BY FILE_SEQ      ,FILE_TYPE      ,FILE_SERIES      ,FILE_NBR      ,NICE_CLASS_NBR) FROM HN1.dbo.VW_IMPORT_MARK_NICE_CLASSES )DELETE FROM CTE WHERE RN >1running TM updates
2019-04-12 17:14:31,109 - root - ERROR - >>>>>>>>>>>>>>> issue with insert query ('42000', "[42000] [Microsoft][ODBC Driver 17 for SQL Server][SQL Server]Incorrect syntax near the keyword 'AS'. (156) (SQLExecDirectW)")
2019-04-12 17:14:49,350 - root - WARNING - Validation TM post correction.
