2019-04-10 11:03:14,648 - root - WARNING - connected to Sqlserver.
2019-04-10 11:03:14,652 - root - INFO - Connections to database severed
2019-04-10 11:03:14,678 - root - INFO - database dropped
2019-04-10 11:03:14,913 - root - INFO - New Intermediate databas created
2019-04-10 11:03:14,930 - root - WARNING - connected to Sqlserver.
2019-04-10 11:03:14,930 - root - INFO - Processing: agentes.DBF
2019-04-10 11:03:14,932 - root - INFO - new table to create: "create table HN1.dbo.vw_origin_agentes (rowNum numeric (20), "AGENTE" varchar(max), "NOMBRE" varchar(max), "DIRECCION" varchar(max), "CONTACTO" varchar(max), "CALIDAD" varchar(max), DELETED varchar (5))"
2019-04-10 11:03:14,934 - root - WARNING - Going to insert to table: agentes
2019-04-10 11:03:14,949 - root - INFO - wrong query:INSERT INTO HN1.dbo.vw_origin_agentes(rowNum,AGENTE, NOMBRE, DIRECCION, CONTACTO, CALIDAD, DELETED) VALUES inserting data
2019-04-10 11:03:14,950 - root - ERROR - >>>>>>>>>>>>>>> issue with insert query ('42000', "[42000] [Microsoft][ODBC Driver 17 for SQL Server][SQL Server]Incorrect syntax near 'VALUES'. (102) (SQLExecDirectW)")
2019-04-10 11:03:14,964 - root - INFO - wrong query:INSERT INTO HN1.dbo.vw_origin_agentes(rowNum,AGENTE, NOMBRE, DIRECCION, CONTACTO, CALIDAD, DELETED) VALUES inserting data
2019-04-10 11:03:14,964 - root - ERROR - >>>>>>>>>>>>>>> issue with insert query ('42000', "[42000] [Microsoft][ODBC Driver 17 for SQL Server][SQL Server]Incorrect syntax near 'VALUES'. (102) (SQLExecDirectW)")
2019-04-10 11:03:14,978 - root - INFO - wrong query:INSERT INTO HN1.dbo.vw_origin_agentes(rowNum,AGENTE, NOMBRE, DIRECCION, CONTACTO, CALIDAD, DELETED) VALUES inserting data
2019-04-10 11:03:14,978 - root - ERROR - >>>>>>>>>>>>>>> issue with insert query ('42000', "[42000] [Microsoft][ODBC Driver 17 for SQL Server][SQL Server]Incorrect syntax near 'VALUES'. (102) (SQLExecDirectW)")
2019-04-10 11:03:14,992 - root - INFO - wrong query:INSERT INTO HN1.dbo.vw_origin_agentes(rowNum,AGENTE, NOMBRE, DIRECCION, CONTACTO, CALIDAD, DELETED) VALUES inserting data
2019-04-10 11:03:14,992 - root - ERROR - >>>>>>>>>>>>>>> issue with insert query ('42000', "[42000] [Microsoft][ODBC Driver 17 for SQL Server][SQL Server]Incorrect syntax near 'VALUES'. (102) (SQLExecDirectW)")
2019-04-10 11:03:15,006 - root - INFO - wrong query:INSERT INTO HN1.dbo.vw_origin_agentes(rowNum,AGENTE, NOMBRE, DIRECCION, CONTACTO, CALIDAD, DELETED) VALUES inserting data
2019-04-10 11:03:15,006 - root - ERROR - >>>>>>>>>>>>>>> issue with insert query ('42000', "[42000] [Microsoft][ODBC Driver 17 for SQL Server][SQL Server]Incorrect syntax near 'VALUES'. (102) (SQLExecDirectW)")
2019-04-10 11:03:15,021 - root - INFO - wrong query:INSERT INTO HN1.dbo.vw_origin_agentes(rowNum,AGENTE, NOMBRE, DIRECCION, CONTACTO, CALIDAD, DELETED) VALUES inserting data
2019-04-10 11:03:15,021 - root - ERROR - >>>>>>>>>>>>>>> issue with insert query ('42000', "[42000] [Microsoft][ODBC Driver 17 for SQL Server][SQL Server]Incorrect syntax near 'VALUES'. (102) (SQLExecDirectW)")
2019-04-10 11:03:15,034 - root - INFO - wrong query:INSERT INTO HN1.dbo.vw_origin_agentes(rowNum,AGENTE, NOMBRE, DIRECCION, CONTACTO, CALIDAD, DELETED) VALUES inserting data
2019-04-10 11:03:15,034 - root - ERROR - >>>>>>>>>>>>>>> issue with insert query ('42000', "[42000] [Microsoft][ODBC Driver 17 for SQL Server][SQL Server]Incorrect syntax near 'VALUES'. (102) (SQLExecDirectW)")
2019-04-10 11:03:15,048 - root - INFO - wrong query:INSERT INTO HN1.dbo.vw_origin_agentes(rowNum,AGENTE, NOMBRE, DIRECCION, CONTACTO, CALIDAD, DELETED) VALUES inserting data
2019-04-10 11:03:15,048 - root - ERROR - >>>>>>>>>>>>>>> issue with insert query ('42000', "[42000] [Microsoft][ODBC Driver 17 for SQL Server][SQL Server]Incorrect syntax near 'VALUES'. (102) (SQLExecDirectW)")
2019-04-10 11:03:15,063 - root - INFO - wrong query:INSERT INTO HN1.dbo.vw_origin_agentes(rowNum,AGENTE, NOMBRE, DIRECCION, CONTACTO, CALIDAD, DELETED) VALUES inserting data
2019-04-10 11:03:15,063 - root - ERROR - >>>>>>>>>>>>>>> issue with insert query ('42000', "[42000] [Microsoft][ODBC Driver 17 for SQL Server][SQL Server]Incorrect syntax near 'VALUES'. (102) (SQLExecDirectW)")
2019-04-10 11:03:15,077 - root - INFO - wrong query:INSERT INTO HN1.dbo.vw_origin_agentes(rowNum,AGENTE, NOMBRE, DIRECCION, CONTACTO, CALIDAD, DELETED) VALUES inserting data
2019-04-10 11:03:15,077 - root - ERROR - >>>>>>>>>>>>>>> issue with insert query ('42000', "[42000] [Microsoft][ODBC Driver 17 for SQL Server][SQL Server]Incorrect syntax near 'VALUES'. (102) (SQLExecDirectW)")
2019-04-10 11:03:15,090 - root - INFO - wrong query:INSERT INTO HN1.dbo.vw_origin_agentes(rowNum,AGENTE, NOMBRE, DIRECCION, CONTACTO, CALIDAD, DELETED) VALUES inserting data
2019-04-10 11:03:15,091 - root - ERROR - >>>>>>>>>>>>>>> issue with insert query ('42000', "[42000] [Microsoft][ODBC Driver 17 for SQL Server][SQL Server]Incorrect syntax near 'VALUES'. (102) (SQLExecDirectW)")
2019-04-10 11:03:15,092 - root - ERROR - >>>>>>>>>>>>>>> issue with table creation:can only concatenate str (not "tuple") to str
2019-04-10 11:03:15,092 - root - WARNING - insert finished
2019-04-10 11:03:15,095 - root - WARNING - connected to Sqlserver.
2019-04-10 11:03:15,095 - root - INFO - Processing: ccvs.DBF
2019-04-10 11:03:15,096 - root - INFO - new table to create: "create table HN1.dbo.vw_origin_ccvs (rowNum numeric (20), "CCV" varchar(max), "NRO_SOLICI" varchar(max), DELETED varchar (5))"
2019-04-10 11:03:15,099 - root - WARNING - Going to insert to table: ccvs
2019-04-10 11:03:15,106 - root - INFO - wrong query:INSERT INTO HN1.dbo.vw_origin_ccvs(rowNum,CCV, NRO_SOLICI, DELETED) VALUES inserting data
2019-04-10 11:03:15,106 - root - ERROR - >>>>>>>>>>>>>>> issue with insert query ('42000', "[42000] [Microsoft][ODBC Driver 17 for SQL Server][SQL Server]Incorrect syntax near 'VALUES'. (102) (SQLExecDirectW)")
2019-04-10 11:03:15,113 - root - INFO - wrong query:INSERT INTO HN1.dbo.vw_origin_ccvs(rowNum,CCV, NRO_SOLICI, DELETED) VALUES inserting data
2019-04-10 11:03:15,113 - root - ERROR - >>>>>>>>>>>>>>> issue with insert query ('42000', "[42000] [Microsoft][ODBC Driver 17 for SQL Server][SQL Server]Incorrect syntax near 'VALUES'. (102) (SQLExecDirectW)")
2019-04-10 11:03:15,120 - root - INFO - wrong query:INSERT INTO HN1.dbo.vw_origin_ccvs(rowNum,CCV, NRO_SOLICI, DELETED) VALUES inserting data
2019-04-10 11:03:15,120 - root - ERROR - >>>>>>>>>>>>>>> issue with insert query ('42000', "[42000] [Microsoft][ODBC Driver 17 for SQL Server][SQL Server]Incorrect syntax near 'VALUES'. (102) (SQLExecDirectW)")
2019-04-10 11:03:15,127 - root - INFO - wrong query:INSERT INTO HN1.dbo.vw_origin_ccvs(rowNum,CCV, NRO_SOLICI, DELETED) VALUES inserting data
2019-04-10 11:03:15,127 - root - ERROR - >>>>>>>>>>>>>>> issue with insert query ('42000', "[42000] [Microsoft][ODBC Driver 17 for SQL Server][SQL Server]Incorrect syntax near 'VALUES'. (102) (SQLExecDirectW)")
2019-04-10 11:03:15,133 - root - INFO - wrong query:INSERT INTO HN1.dbo.vw_origin_ccvs(rowNum,CCV, NRO_SOLICI, DELETED) VALUES inserting data
2019-04-10 11:03:15,133 - root - ERROR - >>>>>>>>>>>>>>> issue with insert query ('42000', "[42000] [Microsoft][ODBC Driver 17 for SQL Server][SQL Server]Incorrect syntax near 'VALUES'. (102) (SQLExecDirectW)")
2019-04-10 11:03:15,140 - root - INFO - wrong query:INSERT INTO HN1.dbo.vw_origin_ccvs(rowNum,CCV, NRO_SOLICI, DELETED) VALUES inserting data
2019-04-10 11:03:15,140 - root - ERROR - >>>>>>>>>>>>>>> issue with insert query ('42000', "[42000] [Microsoft][ODBC Driver 17 for SQL Server][SQL Server]Incorrect syntax near 'VALUES'. (102) (SQLExecDirectW)")
2019-04-10 11:03:15,147 - root - INFO - wrong query:INSERT INTO HN1.dbo.vw_origin_ccvs(rowNum,CCV, NRO_SOLICI, DELETED) VALUES inserting data
2019-04-10 11:03:15,147 - root - ERROR - >>>>>>>>>>>>>>> issue with insert query ('42000', "[42000] [Microsoft][ODBC Driver 17 for SQL Server][SQL Server]Incorrect syntax near 'VALUES'. (102) (SQLExecDirectW)")
2019-04-10 11:03:15,154 - root - INFO - wrong query:INSERT INTO HN1.dbo.vw_origin_ccvs(rowNum,CCV, NRO_SOLICI, DELETED) VALUES inserting data
2019-04-10 11:03:15,154 - root - ERROR - >>>>>>>>>>>>>>> issue with insert query ('42000', "[42000] [Microsoft][ODBC Driver 17 for SQL Server][SQL Server]Incorrect syntax near 'VALUES'. (102) (SQLExecDirectW)")
2019-04-10 11:03:15,161 - root - INFO - wrong query:INSERT INTO HN1.dbo.vw_origin_ccvs(rowNum,CCV, NRO_SOLICI, DELETED) VALUES inserting data
2019-04-10 11:03:15,162 - root - ERROR - >>>>>>>>>>>>>>> issue with insert query ('42000', "[42000] [Microsoft][ODBC Driver 17 for SQL Server][SQL Server]Incorrect syntax near 'VALUES'. (102) (SQLExecDirectW)")
2019-04-10 11:03:15,168 - root - INFO - wrong query:INSERT INTO HN1.dbo.vw_origin_ccvs(rowNum,CCV, NRO_SOLICI, DELETED) VALUES inserting data
2019-04-10 11:03:15,168 - root - ERROR - >>>>>>>>>>>>>>> issue with insert query ('42000', "[42000] [Microsoft][ODBC Driver 17 for SQL Server][SQL Server]Incorrect syntax near 'VALUES'. (102) (SQLExecDirectW)")
2019-04-10 11:03:15,175 - root - INFO - wrong query:INSERT INTO HN1.dbo.vw_origin_ccvs(rowNum,CCV, NRO_SOLICI, DELETED) VALUES inserting data
2019-04-10 11:03:15,175 - root - ERROR - >>>>>>>>>>>>>>> issue with insert query ('42000', "[42000] [Microsoft][ODBC Driver 17 for SQL Server][SQL Server]Incorrect syntax near 'VALUES'. (102) (SQLExecDirectW)")
2019-04-10 11:03:15,182 - root - INFO - wrong query:INSERT INTO HN1.dbo.vw_origin_ccvs(rowNum,CCV, NRO_SOLICI, DELETED) VALUES inserting data
2019-04-10 11:03:15,182 - root - ERROR - >>>>>>>>>>>>>>> issue with insert query ('42000', "[42000] [Microsoft][ODBC Driver 17 for SQL Server][SQL Server]Incorrect syntax near 'VALUES'. (102) (SQLExecDirectW)")
2019-04-10 11:03:15,189 - root - INFO - wrong query:INSERT INTO HN1.dbo.vw_origin_ccvs(rowNum,CCV, NRO_SOLICI, DELETED) VALUES inserting data
2019-04-10 11:03:15,189 - root - ERROR - >>>>>>>>>>>>>>> issue with insert query ('42000', "[42000] [Microsoft][ODBC Driver 17 for SQL Server][SQL Server]Incorrect syntax near 'VALUES'. (102) (SQLExecDirectW)")
2019-04-10 11:03:15,197 - root - INFO - wrong query:INSERT INTO HN1.dbo.vw_origin_ccvs(rowNum,CCV, NRO_SOLICI, DELETED) VALUES inserting data
2019-04-10 11:03:15,197 - root - ERROR - >>>>>>>>>>>>>>> issue with insert query ('42000', "[42000] [Microsoft][ODBC Driver 17 for SQL Server][SQL Server]Incorrect syntax near 'VALUES'. (102) (SQLExecDirectW)")
2019-04-10 11:03:15,203 - root - INFO - wrong query:INSERT INTO HN1.dbo.vw_origin_ccvs(rowNum,CCV, NRO_SOLICI, DELETED) VALUES inserting data
2019-04-10 11:03:15,204 - root - ERROR - >>>>>>>>>>>>>>> issue with insert query ('42000', "[42000] [Microsoft][ODBC Driver 17 for SQL Server][SQL Server]Incorrect syntax near 'VALUES'. (102) (SQLExecDirectW)")
2019-04-10 11:03:15,211 - root - INFO - wrong query:INSERT INTO HN1.dbo.vw_origin_ccvs(rowNum,CCV, NRO_SOLICI, DELETED) VALUES inserting data
2019-04-10 11:03:15,211 - root - ERROR - >>>>>>>>>>>>>>> issue with insert query ('42000', "[42000] [Microsoft][ODBC Driver 17 for SQL Server][SQL Server]Incorrect syntax near 'VALUES'. (102) (SQLExecDirectW)")
2019-04-10 11:03:15,218 - root - INFO - wrong query:INSERT INTO HN1.dbo.vw_origin_ccvs(rowNum,CCV, NRO_SOLICI, DELETED) VALUES inserting data
2019-04-10 11:03:15,218 - root - ERROR - >>>>>>>>>>>>>>> issue with insert query ('42000', "[42000] [Microsoft][ODBC Driver 17 for SQL Server][SQL Server]Incorrect syntax near 'VALUES'. (102) (SQLExecDirectW)")
2019-04-10 11:03:15,224 - root - INFO - wrong query:INSERT INTO HN1.dbo.vw_origin_ccvs(rowNum,CCV, NRO_SOLICI, DELETED) VALUES inserting data
2019-04-10 11:03:15,224 - root - ERROR - >>>>>>>>>>>>>>> issue with insert query ('42000', "[42000] [Microsoft][ODBC Driver 17 for SQL Server][SQL Server]Incorrect syntax near 'VALUES'. (102) (SQLExecDirectW)")
2019-04-10 11:03:15,231 - root - INFO - wrong query:INSERT INTO HN1.dbo.vw_origin_ccvs(rowNum,CCV, NRO_SOLICI, DELETED) VALUES inserting data
2019-04-10 11:03:15,231 - root - ERROR - >>>>>>>>>>>>>>> issue with insert query ('42000', "[42000] [Microsoft][ODBC Driver 17 for SQL Server][SQL Server]Incorrect syntax near 'VALUES'. (102) (SQLExecDirectW)")
2019-04-10 11:03:15,238 - root - INFO - wrong query:INSERT INTO HN1.dbo.vw_origin_ccvs(rowNum,CCV, NRO_SOLICI, DELETED) VALUES inserting data
2019-04-10 11:03:15,238 - root - ERROR - >>>>>>>>>>>>>>> issue with insert query ('42000', "[42000] [Microsoft][ODBC Driver 17 for SQL Server][SQL Server]Incorrect syntax near 'VALUES'. (102) (SQLExecDirectW)")
2019-04-10 11:03:15,245 - root - INFO - wrong query:INSERT INTO HN1.dbo.vw_origin_ccvs(rowNum,CCV, NRO_SOLICI, DELETED) VALUES inserting data
2019-04-10 11:03:15,245 - root - ERROR - >>>>>>>>>>>>>>> issue with insert query ('42000', "[42000] [Microsoft][ODBC Driver 17 for SQL Server][SQL Server]Incorrect syntax near 'VALUES'. (102) (SQLExecDirectW)")
2019-04-10 11:03:15,251 - root - INFO - wrong query:INSERT INTO HN1.dbo.vw_origin_ccvs(rowNum,CCV, NRO_SOLICI, DELETED) VALUES inserting data
2019-04-10 11:03:15,251 - root - ERROR - >>>>>>>>>>>>>>> issue with insert query ('42000', "[42000] [Microsoft][ODBC Driver 17 for SQL Server][SQL Server]Incorrect syntax near 'VALUES'. (102) (SQLExecDirectW)")
2019-04-10 11:03:15,258 - root - INFO - wrong query:INSERT INTO HN1.dbo.vw_origin_ccvs(rowNum,CCV, NRO_SOLICI, DELETED) VALUES inserting data
2019-04-10 11:03:15,258 - root - ERROR - >>>>>>>>>>>>>>> issue with insert query ('42000', "[42000] [Microsoft][ODBC Driver 17 for SQL Server][SQL Server]Incorrect syntax near 'VALUES'. (102) (SQLExecDirectW)")
2019-04-10 11:03:15,265 - root - INFO - wrong query:INSERT INTO HN1.dbo.vw_origin_ccvs(rowNum,CCV, NRO_SOLICI, DELETED) VALUES inserting data
2019-04-10 11:03:15,265 - root - ERROR - >>>>>>>>>>>>>>> issue with insert query ('42000', "[42000] [Microsoft][ODBC Driver 17 for SQL Server][SQL Server]Incorrect syntax near 'VALUES'. (102) (SQLExecDirectW)")
2019-04-10 11:03:15,272 - root - INFO - wrong query:INSERT INTO HN1.dbo.vw_origin_ccvs(rowNum,CCV, NRO_SOLICI, DELETED) VALUES inserting data
2019-04-10 11:03:15,272 - root - ERROR - >>>>>>>>>>>>>>> issue with insert query ('42000', "[42000] [Microsoft][ODBC Driver 17 for SQL Server][SQL Server]Incorrect syntax near 'VALUES'. (102) (SQLExecDirectW)")
2019-04-10 11:03:15,278 - root - INFO - wrong query:INSERT INTO HN1.dbo.vw_origin_ccvs(rowNum,CCV, NRO_SOLICI, DELETED) VALUES inserting data
2019-04-10 11:03:15,278 - root - ERROR - >>>>>>>>>>>>>>> issue with insert query ('42000', "[42000] [Microsoft][ODBC Driver 17 for SQL Server][SQL Server]Incorrect syntax near 'VALUES'. (102) (SQLExecDirectW)")
2019-04-10 11:03:15,285 - root - INFO - wrong query:INSERT INTO HN1.dbo.vw_origin_ccvs(rowNum,CCV, NRO_SOLICI, DELETED) VALUES inserting data
2019-04-10 11:03:15,285 - root - ERROR - >>>>>>>>>>>>>>> issue with insert query ('42000', "[42000] [Microsoft][ODBC Driver 17 for SQL Server][SQL Server]Incorrect syntax near 'VALUES'. (102) (SQLExecDirectW)")
2019-04-10 11:03:15,291 - root - INFO - wrong query:INSERT INTO HN1.dbo.vw_origin_ccvs(rowNum,CCV, NRO_SOLICI, DELETED) VALUES inserting data
2019-04-10 11:03:15,291 - root - ERROR - >>>>>>>>>>>>>>> issue with insert query ('42000', "[42000] [Microsoft][ODBC Driver 17 for SQL Server][SQL Server]Incorrect syntax near 'VALUES'. (102) (SQLExecDirectW)")
2019-04-10 11:03:15,297 - root - INFO - wrong query:INSERT INTO HN1.dbo.vw_origin_ccvs(rowNum,CCV, NRO_SOLICI, DELETED) VALUES inserting data
2019-04-10 11:03:15,297 - root - ERROR - >>>>>>>>>>>>>>> issue with insert query ('42000', "[42000] [Microsoft][ODBC Driver 17 for SQL Server][SQL Server]Incorrect syntax near 'VALUES'. (102) (SQLExecDirectW)")
2019-04-10 11:03:15,304 - root - INFO - wrong query:INSERT INTO HN1.dbo.vw_origin_ccvs(rowNum,CCV, NRO_SOLICI, DELETED) VALUES inserting data
2019-04-10 11:03:15,304 - root - ERROR - >>>>>>>>>>>>>>> issue with insert query ('42000', "[42000] [Microsoft][ODBC Driver 17 for SQL Server][SQL Server]Incorrect syntax near 'VALUES'. (102) (SQLExecDirectW)")
2019-04-10 11:03:15,310 - root - INFO - wrong query:INSERT INTO HN1.dbo.vw_origin_ccvs(rowNum,CCV, NRO_SOLICI, DELETED) VALUES inserting data
2019-04-10 11:03:15,310 - root - ERROR - >>>>>>>>>>>>>>> issue with insert query ('42000', "[42000] [Microsoft][ODBC Driver 17 for SQL Server][SQL Server]Incorrect syntax near 'VALUES'. (102) (SQLExecDirectW)")
2019-04-10 11:03:15,317 - root - INFO - wrong query:INSERT INTO HN1.dbo.vw_origin_ccvs(rowNum,CCV, NRO_SOLICI, DELETED) VALUES inserting data
2019-04-10 11:03:15,317 - root - ERROR - >>>>>>>>>>>>>>> issue with insert query ('42000', "[42000] [Microsoft][ODBC Driver 17 for SQL Server][SQL Server]Incorrect syntax near 'VALUES'. (102) (SQLExecDirectW)")
2019-04-10 11:03:15,323 - root - INFO - wrong query:INSERT INTO HN1.dbo.vw_origin_ccvs(rowNum,CCV, NRO_SOLICI, DELETED) VALUES inserting data
2019-04-10 11:03:15,323 - root - ERROR - >>>>>>>>>>>>>>> issue with insert query ('42000', "[42000] [Microsoft][ODBC Driver 17 for SQL Server][SQL Server]Incorrect syntax near 'VALUES'. (102) (SQLExecDirectW)")
2019-04-10 11:03:15,329 - root - INFO - wrong query:INSERT INTO HN1.dbo.vw_origin_ccvs(rowNum,CCV, NRO_SOLICI, DELETED) VALUES inserting data
2019-04-10 11:03:15,330 - root - ERROR - >>>>>>>>>>>>>>> issue with insert query ('42000', "[42000] [Microsoft][ODBC Driver 17 for SQL Server][SQL Server]Incorrect syntax near 'VALUES'. (102) (SQLExecDirectW)")
2019-04-10 11:03:15,336 - root - INFO - wrong query:INSERT INTO HN1.dbo.vw_origin_ccvs(rowNum,CCV, NRO_SOLICI, DELETED) VALUES inserting data
2019-04-10 11:03:15,336 - root - ERROR - >>>>>>>>>>>>>>> issue with insert query ('42000', "[42000] [Microsoft][ODBC Driver 17 for SQL Server][SQL Server]Incorrect syntax near 'VALUES'. (102) (SQLExecDirectW)")
2019-04-10 11:03:15,344 - root - INFO - wrong query:INSERT INTO HN1.dbo.vw_origin_ccvs(rowNum,CCV, NRO_SOLICI, DELETED) VALUES inserting data
2019-04-10 11:03:15,344 - root - ERROR - >>>>>>>>>>>>>>> issue with insert query ('42000', "[42000] [Microsoft][ODBC Driver 17 for SQL Server][SQL Server]Incorrect syntax near 'VALUES'. (102) (SQLExecDirectW)")
2019-04-10 11:03:15,351 - root - INFO - wrong query:INSERT INTO HN1.dbo.vw_origin_ccvs(rowNum,CCV, NRO_SOLICI, DELETED) VALUES inserting data
2019-04-10 11:03:15,351 - root - ERROR - >>>>>>>>>>>>>>> issue with insert query ('42000', "[42000] [Microsoft][ODBC Driver 17 for SQL Server][SQL Server]Incorrect syntax near 'VALUES'. (102) (SQLExecDirectW)")
2019-04-10 11:03:15,358 - root - INFO - wrong query:INSERT INTO HN1.dbo.vw_origin_ccvs(rowNum,CCV, NRO_SOLICI, DELETED) VALUES inserting data
2019-04-10 11:03:15,358 - root - ERROR - >>>>>>>>>>>>>>> issue with insert query ('42000', "[42000] [Microsoft][ODBC Driver 17 for SQL Server][SQL Server]Incorrect syntax near 'VALUES'. (102) (SQLExecDirectW)")
2019-04-10 11:03:15,365 - root - INFO - wrong query:INSERT INTO HN1.dbo.vw_origin_ccvs(rowNum,CCV, NRO_SOLICI, DELETED) VALUES inserting data
2019-04-10 11:03:15,365 - root - ERROR - >>>>>>>>>>>>>>> issue with insert query ('42000', "[42000] [Microsoft][ODBC Driver 17 for SQL Server][SQL Server]Incorrect syntax near 'VALUES'. (102) (SQLExecDirectW)")
2019-04-10 11:03:15,371 - root - INFO - wrong query:INSERT INTO HN1.dbo.vw_origin_ccvs(rowNum,CCV, NRO_SOLICI, DELETED) VALUES inserting data
2019-04-10 11:03:15,371 - root - ERROR - >>>>>>>>>>>>>>> issue with insert query ('42000', "[42000] [Microsoft][ODBC Driver 17 for SQL Server][SQL Server]Incorrect syntax near 'VALUES'. (102) (SQLExecDirectW)")
2019-04-10 11:03:15,378 - root - INFO - wrong query:INSERT INTO HN1.dbo.vw_origin_ccvs(rowNum,CCV, NRO_SOLICI, DELETED) VALUES inserting data
2019-04-10 11:03:15,378 - root - ERROR - >>>>>>>>>>>>>>> issue with insert query ('42000', "[42000] [Microsoft][ODBC Driver 17 for SQL Server][SQL Server]Incorrect syntax near 'VALUES'. (102) (SQLExecDirectW)")
2019-04-10 11:03:15,384 - root - INFO - wrong query:INSERT INTO HN1.dbo.vw_origin_ccvs(rowNum,CCV, NRO_SOLICI, DELETED) VALUES inserting data
2019-04-10 11:03:15,384 - root - ERROR - >>>>>>>>>>>>>>> issue with insert query ('42000', "[42000] [Microsoft][ODBC Driver 17 for SQL Server][SQL Server]Incorrect syntax near 'VALUES'. (102) (SQLExecDirectW)")
2019-04-10 11:03:15,390 - root - INFO - wrong query:INSERT INTO HN1.dbo.vw_origin_ccvs(rowNum,CCV, NRO_SOLICI, DELETED) VALUES inserting data
2019-04-10 11:03:15,390 - root - ERROR - >>>>>>>>>>>>>>> issue with insert query ('42000', "[42000] [Microsoft][ODBC Driver 17 for SQL Server][SQL Server]Incorrect syntax near 'VALUES'. (102) (SQLExecDirectW)")
2019-04-10 11:03:15,396 - root - INFO - wrong query:INSERT INTO HN1.dbo.vw_origin_ccvs(rowNum,CCV, NRO_SOLICI, DELETED) VALUES inserting data
2019-04-10 11:03:15,397 - root - ERROR - >>>>>>>>>>>>>>> issue with insert query ('42000', "[42000] [Microsoft][ODBC Driver 17 for SQL Server][SQL Server]Incorrect syntax near 'VALUES'. (102) (SQLExecDirectW)")
2019-04-10 11:03:15,403 - root - INFO - wrong query:INSERT INTO HN1.dbo.vw_origin_ccvs(rowNum,CCV, NRO_SOLICI, DELETED) VALUES inserting data
2019-04-10 11:03:15,403 - root - ERROR - >>>>>>>>>>>>>>> issue with insert query ('42000', "[42000] [Microsoft][ODBC Driver 17 for SQL Server][SQL Server]Incorrect syntax near 'VALUES'. (102) (SQLExecDirectW)")
2019-04-10 11:03:15,409 - root - INFO - wrong query:INSERT INTO HN1.dbo.vw_origin_ccvs(rowNum,CCV, NRO_SOLICI, DELETED) VALUES inserting data
2019-04-10 11:03:15,410 - root - ERROR - >>>>>>>>>>>>>>> issue with insert query ('42000', "[42000] [Microsoft][ODBC Driver 17 for SQL Server][SQL Server]Incorrect syntax near 'VALUES'. (102) (SQLExecDirectW)")
2019-04-10 11:03:15,416 - root - INFO - wrong query:INSERT INTO HN1.dbo.vw_origin_ccvs(rowNum,CCV, NRO_SOLICI, DELETED) VALUES inserting data
2019-04-10 11:03:15,416 - root - ERROR - >>>>>>>>>>>>>>> issue with insert query ('42000', "[42000] [Microsoft][ODBC Driver 17 for SQL Server][SQL Server]Incorrect syntax near 'VALUES'. (102) (SQLExecDirectW)")
2019-04-10 11:03:15,422 - root - INFO - wrong query:INSERT INTO HN1.dbo.vw_origin_ccvs(rowNum,CCV, NRO_SOLICI, DELETED) VALUES inserting data
2019-04-10 11:03:15,422 - root - ERROR - >>>>>>>>>>>>>>> issue with insert query ('42000', "[42000] [Microsoft][ODBC Driver 17 for SQL Server][SQL Server]Incorrect syntax near 'VALUES'. (102) (SQLExecDirectW)")
2019-04-10 11:03:15,429 - root - INFO - wrong query:INSERT INTO HN1.dbo.vw_origin_ccvs(rowNum,CCV, NRO_SOLICI, DELETED) VALUES inserting data
2019-04-10 11:03:15,429 - root - ERROR - >>>>>>>>>>>>>>> issue with insert query ('42000', "[42000] [Microsoft][ODBC Driver 17 for SQL Server][SQL Server]Incorrect syntax near 'VALUES'. (102) (SQLExecDirectW)")
2019-04-10 11:03:15,435 - root - INFO - wrong query:INSERT INTO HN1.dbo.vw_origin_ccvs(rowNum,CCV, NRO_SOLICI, DELETED) VALUES inserting data
2019-04-10 11:03:15,435 - root - ERROR - >>>>>>>>>>>>>>> issue with insert query ('42000', "[42000] [Microsoft][ODBC Driver 17 for SQL Server][SQL Server]Incorrect syntax near 'VALUES'. (102) (SQLExecDirectW)")
2019-04-10 11:03:15,442 - root - INFO - wrong query:INSERT INTO HN1.dbo.vw_origin_ccvs(rowNum,CCV, NRO_SOLICI, DELETED) VALUES inserting data
2019-04-10 11:03:15,442 - root - ERROR - >>>>>>>>>>>>>>> issue with insert query ('42000', "[42000] [Microsoft][ODBC Driver 17 for SQL Server][SQL Server]Incorrect syntax near 'VALUES'. (102) (SQLExecDirectW)")
2019-04-10 11:03:15,448 - root - INFO - wrong query:INSERT INTO HN1.dbo.vw_origin_ccvs(rowNum,CCV, NRO_SOLICI, DELETED) VALUES inserting data
2019-04-10 11:03:15,448 - root - ERROR - >>>>>>>>>>>>>>> issue with insert query ('42000', "[42000] [Microsoft][ODBC Driver 17 for SQL Server][SQL Server]Incorrect syntax near 'VALUES'. (102) (SQLExecDirectW)")
2019-04-10 11:03:15,454 - root - INFO - wrong query:INSERT INTO HN1.dbo.vw_origin_ccvs(rowNum,CCV, NRO_SOLICI, DELETED) VALUES inserting data
2019-04-10 11:03:15,455 - root - ERROR - >>>>>>>>>>>>>>> issue with insert query ('42000', "[42000] [Microsoft][ODBC Driver 17 for SQL Server][SQL Server]Incorrect syntax near 'VALUES'. (102) (SQLExecDirectW)")
2019-04-10 11:03:15,461 - root - INFO - wrong query:INSERT INTO HN1.dbo.vw_origin_ccvs(rowNum,CCV, NRO_SOLICI, DELETED) VALUES inserting data
2019-04-10 11:03:15,461 - root - ERROR - >>>>>>>>>>>>>>> issue with insert query ('42000', "[42000] [Microsoft][ODBC Driver 17 for SQL Server][SQL Server]Incorrect syntax near 'VALUES'. (102) (SQLExecDirectW)")
2019-04-10 11:03:15,467 - root - INFO - wrong query:INSERT INTO HN1.dbo.vw_origin_ccvs(rowNum,CCV, NRO_SOLICI, DELETED) VALUES inserting data
2019-04-10 11:03:15,467 - root - ERROR - >>>>>>>>>>>>>>> issue with insert query ('42000', "[42000] [Microsoft][ODBC Driver 17 for SQL Server][SQL Server]Incorrect syntax near 'VALUES'. (102) (SQLExecDirectW)")
2019-04-10 11:03:15,474 - root - INFO - wrong query:INSERT INTO HN1.dbo.vw_origin_ccvs(rowNum,CCV, NRO_SOLICI, DELETED) VALUES inserting data
2019-04-10 11:03:15,474 - root - ERROR - >>>>>>>>>>>>>>> issue with insert query ('42000', "[42000] [Microsoft][ODBC Driver 17 for SQL Server][SQL Server]Incorrect syntax near 'VALUES'. (102) (SQLExecDirectW)")
2019-04-10 11:03:15,480 - root - INFO - wrong query:INSERT INTO HN1.dbo.vw_origin_ccvs(rowNum,CCV, NRO_SOLICI, DELETED) VALUES inserting data
2019-04-10 11:03:15,480 - root - ERROR - >>>>>>>>>>>>>>> issue with insert query ('42000', "[42000] [Microsoft][ODBC Driver 17 for SQL Server][SQL Server]Incorrect syntax near 'VALUES'. (102) (SQLExecDirectW)")
2019-04-10 11:03:15,486 - root - INFO - wrong query:INSERT INTO HN1.dbo.vw_origin_ccvs(rowNum,CCV, NRO_SOLICI, DELETED) VALUES inserting data
2019-04-10 11:03:15,486 - root - ERROR - >>>>>>>>>>>>>>> issue with insert query ('42000', "[42000] [Microsoft][ODBC Driver 17 for SQL Server][SQL Server]Incorrect syntax near 'VALUES'. (102) (SQLExecDirectW)")
2019-04-10 11:03:15,492 - root - INFO - wrong query:INSERT INTO HN1.dbo.vw_origin_ccvs(rowNum,CCV, NRO_SOLICI, DELETED) VALUES inserting data
2019-04-10 11:03:15,492 - root - ERROR - >>>>>>>>>>>>>>> issue with insert query ('42000', "[42000] [Microsoft][ODBC Driver 17 for SQL Server][SQL Server]Incorrect syntax near 'VALUES'. (102) (SQLExecDirectW)")
2019-04-10 11:03:15,498 - root - INFO - wrong query:INSERT INTO HN1.dbo.vw_origin_ccvs(rowNum,CCV, NRO_SOLICI, DELETED) VALUES inserting data
2019-04-10 11:03:15,498 - root - ERROR - >>>>>>>>>>>>>>> issue with insert query ('42000', "[42000] [Microsoft][ODBC Driver 17 for SQL Server][SQL Server]Incorrect syntax near 'VALUES'. (102) (SQLExecDirectW)")
2019-04-10 11:03:15,505 - root - INFO - wrong query:INSERT INTO HN1.dbo.vw_origin_ccvs(rowNum,CCV, NRO_SOLICI, DELETED) VALUES inserting data
2019-04-10 11:03:15,505 - root - ERROR - >>>>>>>>>>>>>>> issue with insert query ('42000', "[42000] [Microsoft][ODBC Driver 17 for SQL Server][SQL Server]Incorrect syntax near 'VALUES'. (102) (SQLExecDirectW)")
2019-04-10 11:03:15,511 - root - INFO - wrong query:INSERT INTO HN1.dbo.vw_origin_ccvs(rowNum,CCV, NRO_SOLICI, DELETED) VALUES inserting data
2019-04-10 11:03:15,511 - root - ERROR - >>>>>>>>>>>>>>> issue with insert query ('42000', "[42000] [Microsoft][ODBC Driver 17 for SQL Server][SQL Server]Incorrect syntax near 'VALUES'. (102) (SQLExecDirectW)")
2019-04-10 11:03:15,517 - root - INFO - wrong query:INSERT INTO HN1.dbo.vw_origin_ccvs(rowNum,CCV, NRO_SOLICI, DELETED) VALUES inserting data
2019-04-10 11:03:15,517 - root - ERROR - >>>>>>>>>>>>>>> issue with insert query ('42000', "[42000] [Microsoft][ODBC Driver 17 for SQL Server][SQL Server]Incorrect syntax near 'VALUES'. (102) (SQLExecDirectW)")
2019-04-10 11:03:15,521 - root - ERROR - >>>>>>>>>>>>>>> issue with table creation:can only concatenate str (not "tuple") to str
2019-04-10 11:03:15,521 - root - WARNING - insert finished
2019-04-10 11:03:15,521 - root - WARNING - connected to Sqlserver.
2019-04-10 11:03:15,521 - root - INFO - Processing: codigos.dbf
2019-04-10 11:03:15,522 - root - INFO - new table to create: "create table HN1.dbo.vw_origin_codigos (rowNum numeric (20), "ID_CODIGO" varchar(max), "CODIGO" varchar(max), "DESCRIPCOD" varchar(max), DELETED varchar (5))"
2019-04-10 11:03:15,525 - root - WARNING - Going to insert to table: codigos
2019-04-10 11:03:15,525 - root - ERROR - >>>>>>>>>>>>>>> issue with table creation:can only concatenate str (not "tuple") to str
2019-04-10 11:03:15,526 - root - WARNING - insert finished
2019-04-10 11:03:15,526 - root - WARNING - connected to Sqlserver.
2019-04-10 11:03:15,526 - root - INFO - Processing: eventab.dbf
2019-04-10 11:03:15,527 - root - INFO - new table to create: "create table HN1.dbo.vw_origin_eventab (rowNum numeric (20), "EVENTO" varchar(max), "DESCRIP" varchar(max), "TIPO_EVENT" varchar(max), "INFO_ADI" varchar(max), "ETI_COMENT" varchar(max), "ETI_NUMERO" varchar(max), DELETED varchar (5))"
2019-04-10 11:03:15,528 - root - WARNING - Going to insert to table: eventab
2019-04-10 11:03:15,531 - root - ERROR - >>>>>>>>>>>>>>> issue with table creation:can only concatenate str (not "tuple") to str
2019-04-10 11:03:15,531 - root - WARNING - insert finished
2019-04-10 11:03:15,531 - root - WARNING - connected to Sqlserver.
2019-04-10 11:03:15,531 - root - INFO - Processing: marca.DBF
2019-04-10 11:03:15,533 - root - INFO - new table to create: "create table HN1.dbo.vw_origin_marca (rowNum numeric (20), "NRO_SOLICI" varchar(max), "SOLICITADA" varchar(max), "TIPO_MARCA" varchar(max), "SIGNO" varchar(max), "NOM_MARCA" varchar(max), "REGISTRO" varchar(max), "REGISTRADA" varchar(max), "RENUEVA" varchar(max), "EXPIRA" varchar(max), "AGENTE" varchar(max), "STATUS" varchar(max), "STAT_DESDE" varchar(max), "PESO_RASGO" varchar(max), "LARFON" varchar(max), "PESO_R" varchar(max), "PUBLICADA" varchar(max), "DIARIO" varchar(max), "LIMITACION" varchar(max), "HORA" varchar(max), "RTOMO" varchar(max), "RFOLIO" varchar(max), "RESERVA" varchar(max), "NRO_PODER" varchar(max), "MODIFICA" varchar(max), "NRO_GACETA" varchar(max), "QUIEN" varchar(max), "CALIDAD" varchar(max), "CLASE" varchar(max), "MODIFICADO" varchar(max), "ANUALIDAD" varchar(max), "NRO_RESOL" varchar(max), "LEY" varchar(max), "CLASES_TXT" varchar(max), DELETED varchar (5))"
2019-04-10 11:03:15,535 - root - WARNING - Going to insert to table: marca
2019-04-10 11:03:15,641 - root - INFO - wrong query:INSERT INTO HN1.dbo.vw_origin_marca(rowNum,NRO_SOLICI, SOLICITADA, TIPO_MARCA, SIGNO, NOM_MARCA, REGISTRO, REGISTRADA, RENUEVA, EXPIRA, AGENTE, STATUS, STAT_DESDE, PESO_RASGO, LARFON, PESO_R, PUBLICADA, DIARIO, LIMITACION, HORA, RTOMO, RFOLIO, RESERVA, NRO_PODER, MODIFICA, NRO_GACETA, QUIEN, CALIDAD, CLASE, MODIFICADO, ANUALIDAD, NRO_RESOL, LEY, CLASES_TXT, DELETED) VALUES inserting data
2019-04-10 11:03:15,641 - root - ERROR - >>>>>>>>>>>>>>> issue with insert query ('42000', "[42000] [Microsoft][ODBC Driver 17 for SQL Server][SQL Server]Incorrect syntax near 'VALUES'. (102) (SQLExecDirectW)")
2019-04-10 11:03:15,740 - root - INFO - wrong query:INSERT INTO HN1.dbo.vw_origin_marca(rowNum,NRO_SOLICI, SOLICITADA, TIPO_MARCA, SIGNO, NOM_MARCA, REGISTRO, REGISTRADA, RENUEVA, EXPIRA, AGENTE, STATUS, STAT_DESDE, PESO_RASGO, LARFON, PESO_R, PUBLICADA, DIARIO, LIMITACION, HORA, RTOMO, RFOLIO, RESERVA, NRO_PODER, MODIFICA, NRO_GACETA, QUIEN, CALIDAD, CLASE, MODIFICADO, ANUALIDAD, NRO_RESOL, LEY, CLASES_TXT, DELETED) VALUES inserting data
2019-04-10 11:03:15,740 - root - ERROR - >>>>>>>>>>>>>>> issue with insert query ('42000', "[42000] [Microsoft][ODBC Driver 17 for SQL Server][SQL Server]Incorrect syntax near 'VALUES'. (102) (SQLExecDirectW)")
2019-04-10 11:03:15,839 - root - INFO - wrong query:INSERT INTO HN1.dbo.vw_origin_marca(rowNum,NRO_SOLICI, SOLICITADA, TIPO_MARCA, SIGNO, NOM_MARCA, REGISTRO, REGISTRADA, RENUEVA, EXPIRA, AGENTE, STATUS, STAT_DESDE, PESO_RASGO, LARFON, PESO_R, PUBLICADA, DIARIO, LIMITACION, HORA, RTOMO, RFOLIO, RESERVA, NRO_PODER, MODIFICA, NRO_GACETA, QUIEN, CALIDAD, CLASE, MODIFICADO, ANUALIDAD, NRO_RESOL, LEY, CLASES_TXT, DELETED) VALUES inserting data
2019-04-10 11:03:15,839 - root - ERROR - >>>>>>>>>>>>>>> issue with insert query ('42000', "[42000] [Microsoft][ODBC Driver 17 for SQL Server][SQL Server]Incorrect syntax near 'VALUES'. (102) (SQLExecDirectW)")
2019-04-10 11:03:15,939 - root - INFO - wrong query:INSERT INTO HN1.dbo.vw_origin_marca(rowNum,NRO_SOLICI, SOLICITADA, TIPO_MARCA, SIGNO, NOM_MARCA, REGISTRO, REGISTRADA, RENUEVA, EXPIRA, AGENTE, STATUS, STAT_DESDE, PESO_RASGO, LARFON, PESO_R, PUBLICADA, DIARIO, LIMITACION, HORA, RTOMO, RFOLIO, RESERVA, NRO_PODER, MODIFICA, NRO_GACETA, QUIEN, CALIDAD, CLASE, MODIFICADO, ANUALIDAD, NRO_RESOL, LEY, CLASES_TXT, DELETED) VALUES inserting data
2019-04-10 11:03:15,939 - root - ERROR - >>>>>>>>>>>>>>> issue with insert query ('42000', "[42000] [Microsoft][ODBC Driver 17 for SQL Server][SQL Server]Incorrect syntax near 'VALUES'. (102) (SQLExecDirectW)")
2019-04-10 11:03:16,039 - root - INFO - wrong query:INSERT INTO HN1.dbo.vw_origin_marca(rowNum,NRO_SOLICI, SOLICITADA, TIPO_MARCA, SIGNO, NOM_MARCA, REGISTRO, REGISTRADA, RENUEVA, EXPIRA, AGENTE, STATUS, STAT_DESDE, PESO_RASGO, LARFON, PESO_R, PUBLICADA, DIARIO, LIMITACION, HORA, RTOMO, RFOLIO, RESERVA, NRO_PODER, MODIFICA, NRO_GACETA, QUIEN, CALIDAD, CLASE, MODIFICADO, ANUALIDAD, NRO_RESOL, LEY, CLASES_TXT, DELETED) VALUES inserting data
2019-04-10 11:03:16,039 - root - ERROR - >>>>>>>>>>>>>>> issue with insert query ('42000', "[42000] [Microsoft][ODBC Driver 17 for SQL Server][SQL Server]Incorrect syntax near 'VALUES'. (102) (SQLExecDirectW)")
2019-04-10 11:03:16,147 - root - INFO - wrong query:INSERT INTO HN1.dbo.vw_origin_marca(rowNum,NRO_SOLICI, SOLICITADA, TIPO_MARCA, SIGNO, NOM_MARCA, REGISTRO, REGISTRADA, RENUEVA, EXPIRA, AGENTE, STATUS, STAT_DESDE, PESO_RASGO, LARFON, PESO_R, PUBLICADA, DIARIO, LIMITACION, HORA, RTOMO, RFOLIO, RESERVA, NRO_PODER, MODIFICA, NRO_GACETA, QUIEN, CALIDAD, CLASE, MODIFICADO, ANUALIDAD, NRO_RESOL, LEY, CLASES_TXT, DELETED) VALUES inserting data
2019-04-10 11:03:16,147 - root - ERROR - >>>>>>>>>>>>>>> issue with insert query ('42000', "[42000] [Microsoft][ODBC Driver 17 for SQL Server][SQL Server]Incorrect syntax near 'VALUES'. (102) (SQLExecDirectW)")
2019-04-10 11:03:16,258 - root - INFO - wrong query:INSERT INTO HN1.dbo.vw_origin_marca(rowNum,NRO_SOLICI, SOLICITADA, TIPO_MARCA, SIGNO, NOM_MARCA, REGISTRO, REGISTRADA, RENUEVA, EXPIRA, AGENTE, STATUS, STAT_DESDE, PESO_RASGO, LARFON, PESO_R, PUBLICADA, DIARIO, LIMITACION, HORA, RTOMO, RFOLIO, RESERVA, NRO_PODER, MODIFICA, NRO_GACETA, QUIEN, CALIDAD, CLASE, MODIFICADO, ANUALIDAD, NRO_RESOL, LEY, CLASES_TXT, DELETED) VALUES inserting data
2019-04-10 11:03:16,259 - root - ERROR - >>>>>>>>>>>>>>> issue with insert query ('42000', "[42000] [Microsoft][ODBC Driver 17 for SQL Server][SQL Server]Incorrect syntax near 'VALUES'. (102) (SQLExecDirectW)")
2019-04-10 11:03:16,358 - root - INFO - wrong query:INSERT INTO HN1.dbo.vw_origin_marca(rowNum,NRO_SOLICI, SOLICITADA, TIPO_MARCA, SIGNO, NOM_MARCA, REGISTRO, REGISTRADA, RENUEVA, EXPIRA, AGENTE, STATUS, STAT_DESDE, PESO_RASGO, LARFON, PESO_R, PUBLICADA, DIARIO, LIMITACION, HORA, RTOMO, RFOLIO, RESERVA, NRO_PODER, MODIFICA, NRO_GACETA, QUIEN, CALIDAD, CLASE, MODIFICADO, ANUALIDAD, NRO_RESOL, LEY, CLASES_TXT, DELETED) VALUES inserting data
2019-04-10 11:03:16,359 - root - ERROR - >>>>>>>>>>>>>>> issue with insert query ('42000', "[42000] [Microsoft][ODBC Driver 17 for SQL Server][SQL Server]Incorrect syntax near 'VALUES'. (102) (SQLExecDirectW)")
2019-04-10 11:03:16,457 - root - INFO - wrong query:INSERT INTO HN1.dbo.vw_origin_marca(rowNum,NRO_SOLICI, SOLICITADA, TIPO_MARCA, SIGNO, NOM_MARCA, REGISTRO, REGISTRADA, RENUEVA, EXPIRA, AGENTE, STATUS, STAT_DESDE, PESO_RASGO, LARFON, PESO_R, PUBLICADA, DIARIO, LIMITACION, HORA, RTOMO, RFOLIO, RESERVA, NRO_PODER, MODIFICA, NRO_GACETA, QUIEN, CALIDAD, CLASE, MODIFICADO, ANUALIDAD, NRO_RESOL, LEY, CLASES_TXT, DELETED) VALUES inserting data
2019-04-10 11:03:16,457 - root - ERROR - >>>>>>>>>>>>>>> issue with insert query ('42000', "[42000] [Microsoft][ODBC Driver 17 for SQL Server][SQL Server]Incorrect syntax near 'VALUES'. (102) (SQLExecDirectW)")
2019-04-10 11:03:16,555 - root - INFO - wrong query:INSERT INTO HN1.dbo.vw_origin_marca(rowNum,NRO_SOLICI, SOLICITADA, TIPO_MARCA, SIGNO, NOM_MARCA, REGISTRO, REGISTRADA, RENUEVA, EXPIRA, AGENTE, STATUS, STAT_DESDE, PESO_RASGO, LARFON, PESO_R, PUBLICADA, DIARIO, LIMITACION, HORA, RTOMO, RFOLIO, RESERVA, NRO_PODER, MODIFICA, NRO_GACETA, QUIEN, CALIDAD, CLASE, MODIFICADO, ANUALIDAD, NRO_RESOL, LEY, CLASES_TXT, DELETED) VALUES inserting data
2019-04-10 11:03:16,555 - root - ERROR - >>>>>>>>>>>>>>> issue with insert query ('42000', "[42000] [Microsoft][ODBC Driver 17 for SQL Server][SQL Server]Incorrect syntax near 'VALUES'. (102) (SQLExecDirectW)")
2019-04-10 11:03:16,657 - root - INFO - wrong query:INSERT INTO HN1.dbo.vw_origin_marca(rowNum,NRO_SOLICI, SOLICITADA, TIPO_MARCA, SIGNO, NOM_MARCA, REGISTRO, REGISTRADA, RENUEVA, EXPIRA, AGENTE, STATUS, STAT_DESDE, PESO_RASGO, LARFON, PESO_R, PUBLICADA, DIARIO, LIMITACION, HORA, RTOMO, RFOLIO, RESERVA, NRO_PODER, MODIFICA, NRO_GACETA, QUIEN, CALIDAD, CLASE, MODIFICADO, ANUALIDAD, NRO_RESOL, LEY, CLASES_TXT, DELETED) VALUES inserting data
2019-04-10 11:03:16,657 - root - ERROR - >>>>>>>>>>>>>>> issue with insert query ('42000', "[42000] [Microsoft][ODBC Driver 17 for SQL Server][SQL Server]Incorrect syntax near 'VALUES'. (102) (SQLExecDirectW)")
2019-04-10 11:03:16,758 - root - INFO - wrong query:INSERT INTO HN1.dbo.vw_origin_marca(rowNum,NRO_SOLICI, SOLICITADA, TIPO_MARCA, SIGNO, NOM_MARCA, REGISTRO, REGISTRADA, RENUEVA, EXPIRA, AGENTE, STATUS, STAT_DESDE, PESO_RASGO, LARFON, PESO_R, PUBLICADA, DIARIO, LIMITACION, HORA, RTOMO, RFOLIO, RESERVA, NRO_PODER, MODIFICA, NRO_GACETA, QUIEN, CALIDAD, CLASE, MODIFICADO, ANUALIDAD, NRO_RESOL, LEY, CLASES_TXT, DELETED) VALUES inserting data
2019-04-10 11:03:16,758 - root - ERROR - >>>>>>>>>>>>>>> issue with insert query ('42000', "[42000] [Microsoft][ODBC Driver 17 for SQL Server][SQL Server]Incorrect syntax near 'VALUES'. (102) (SQLExecDirectW)")
2019-04-10 11:03:16,858 - root - INFO - wrong query:INSERT INTO HN1.dbo.vw_origin_marca(rowNum,NRO_SOLICI, SOLICITADA, TIPO_MARCA, SIGNO, NOM_MARCA, REGISTRO, REGISTRADA, RENUEVA, EXPIRA, AGENTE, STATUS, STAT_DESDE, PESO_RASGO, LARFON, PESO_R, PUBLICADA, DIARIO, LIMITACION, HORA, RTOMO, RFOLIO, RESERVA, NRO_PODER, MODIFICA, NRO_GACETA, QUIEN, CALIDAD, CLASE, MODIFICADO, ANUALIDAD, NRO_RESOL, LEY, CLASES_TXT, DELETED) VALUES inserting data
2019-04-10 11:03:16,858 - root - ERROR - >>>>>>>>>>>>>>> issue with insert query ('42000', "[42000] [Microsoft][ODBC Driver 17 for SQL Server][SQL Server]Incorrect syntax near 'VALUES'. (102) (SQLExecDirectW)")
2019-04-10 11:03:16,959 - root - INFO - wrong query:INSERT INTO HN1.dbo.vw_origin_marca(rowNum,NRO_SOLICI, SOLICITADA, TIPO_MARCA, SIGNO, NOM_MARCA, REGISTRO, REGISTRADA, RENUEVA, EXPIRA, AGENTE, STATUS, STAT_DESDE, PESO_RASGO, LARFON, PESO_R, PUBLICADA, DIARIO, LIMITACION, HORA, RTOMO, RFOLIO, RESERVA, NRO_PODER, MODIFICA, NRO_GACETA, QUIEN, CALIDAD, CLASE, MODIFICADO, ANUALIDAD, NRO_RESOL, LEY, CLASES_TXT, DELETED) VALUES inserting data
2019-04-10 11:03:16,959 - root - ERROR - >>>>>>>>>>>>>>> issue with insert query ('42000', "[42000] [Microsoft][ODBC Driver 17 for SQL Server][SQL Server]Incorrect syntax near 'VALUES'. (102) (SQLExecDirectW)")
2019-04-10 11:03:17,061 - root - INFO - wrong query:INSERT INTO HN1.dbo.vw_origin_marca(rowNum,NRO_SOLICI, SOLICITADA, TIPO_MARCA, SIGNO, NOM_MARCA, REGISTRO, REGISTRADA, RENUEVA, EXPIRA, AGENTE, STATUS, STAT_DESDE, PESO_RASGO, LARFON, PESO_R, PUBLICADA, DIARIO, LIMITACION, HORA, RTOMO, RFOLIO, RESERVA, NRO_PODER, MODIFICA, NRO_GACETA, QUIEN, CALIDAD, CLASE, MODIFICADO, ANUALIDAD, NRO_RESOL, LEY, CLASES_TXT, DELETED) VALUES inserting data
2019-04-10 11:03:17,061 - root - ERROR - >>>>>>>>>>>>>>> issue with insert query ('42000', "[42000] [Microsoft][ODBC Driver 17 for SQL Server][SQL Server]Incorrect syntax near 'VALUES'. (102) (SQLExecDirectW)")
2019-04-10 11:03:17,161 - root - INFO - wrong query:INSERT INTO HN1.dbo.vw_origin_marca(rowNum,NRO_SOLICI, SOLICITADA, TIPO_MARCA, SIGNO, NOM_MARCA, REGISTRO, REGISTRADA, RENUEVA, EXPIRA, AGENTE, STATUS, STAT_DESDE, PESO_RASGO, LARFON, PESO_R, PUBLICADA, DIARIO, LIMITACION, HORA, RTOMO, RFOLIO, RESERVA, NRO_PODER, MODIFICA, NRO_GACETA, QUIEN, CALIDAD, CLASE, MODIFICADO, ANUALIDAD, NRO_RESOL, LEY, CLASES_TXT, DELETED) VALUES inserting data
2019-04-10 11:03:17,162 - root - ERROR - >>>>>>>>>>>>>>> issue with insert query ('42000', "[42000] [Microsoft][ODBC Driver 17 for SQL Server][SQL Server]Incorrect syntax near 'VALUES'. (102) (SQLExecDirectW)")
2019-04-10 11:03:17,262 - root - INFO - wrong query:INSERT INTO HN1.dbo.vw_origin_marca(rowNum,NRO_SOLICI, SOLICITADA, TIPO_MARCA, SIGNO, NOM_MARCA, REGISTRO, REGISTRADA, RENUEVA, EXPIRA, AGENTE, STATUS, STAT_DESDE, PESO_RASGO, LARFON, PESO_R, PUBLICADA, DIARIO, LIMITACION, HORA, RTOMO, RFOLIO, RESERVA, NRO_PODER, MODIFICA, NRO_GACETA, QUIEN, CALIDAD, CLASE, MODIFICADO, ANUALIDAD, NRO_RESOL, LEY, CLASES_TXT, DELETED) VALUES inserting data
2019-04-10 11:03:17,262 - root - ERROR - >>>>>>>>>>>>>>> issue with insert query ('42000', "[42000] [Microsoft][ODBC Driver 17 for SQL Server][SQL Server]Incorrect syntax near 'VALUES'. (102) (SQLExecDirectW)")
2019-04-10 11:03:17,361 - root - INFO - wrong query:INSERT INTO HN1.dbo.vw_origin_marca(rowNum,NRO_SOLICI, SOLICITADA, TIPO_MARCA, SIGNO, NOM_MARCA, REGISTRO, REGISTRADA, RENUEVA, EXPIRA, AGENTE, STATUS, STAT_DESDE, PESO_RASGO, LARFON, PESO_R, PUBLICADA, DIARIO, LIMITACION, HORA, RTOMO, RFOLIO, RESERVA, NRO_PODER, MODIFICA, NRO_GACETA, QUIEN, CALIDAD, CLASE, MODIFICADO, ANUALIDAD, NRO_RESOL, LEY, CLASES_TXT, DELETED) VALUES inserting data
2019-04-10 11:03:17,362 - root - ERROR - >>>>>>>>>>>>>>> issue with insert query ('42000', "[42000] [Microsoft][ODBC Driver 17 for SQL Server][SQL Server]Incorrect syntax near 'VALUES'. (102) (SQLExecDirectW)")
2019-04-10 11:03:17,473 - root - INFO - wrong query:INSERT INTO HN1.dbo.vw_origin_marca(rowNum,NRO_SOLICI, SOLICITADA, TIPO_MARCA, SIGNO, NOM_MARCA, REGISTRO, REGISTRADA, RENUEVA, EXPIRA, AGENTE, STATUS, STAT_DESDE, PESO_RASGO, LARFON, PESO_R, PUBLICADA, DIARIO, LIMITACION, HORA, RTOMO, RFOLIO, RESERVA, NRO_PODER, MODIFICA, NRO_GACETA, QUIEN, CALIDAD, CLASE, MODIFICADO, ANUALIDAD, NRO_RESOL, LEY, CLASES_TXT, DELETED) VALUES inserting data
2019-04-10 11:03:17,474 - root - ERROR - >>>>>>>>>>>>>>> issue with insert query ('42000', "[42000] [Microsoft][ODBC Driver 17 for SQL Server][SQL Server]Incorrect syntax near 'VALUES'. (102) (SQLExecDirectW)")
2019-04-10 11:03:17,574 - root - INFO - wrong query:INSERT INTO HN1.dbo.vw_origin_marca(rowNum,NRO_SOLICI, SOLICITADA, TIPO_MARCA, SIGNO, NOM_MARCA, REGISTRO, REGISTRADA, RENUEVA, EXPIRA, AGENTE, STATUS, STAT_DESDE, PESO_RASGO, LARFON, PESO_R, PUBLICADA, DIARIO, LIMITACION, HORA, RTOMO, RFOLIO, RESERVA, NRO_PODER, MODIFICA, NRO_GACETA, QUIEN, CALIDAD, CLASE, MODIFICADO, ANUALIDAD, NRO_RESOL, LEY, CLASES_TXT, DELETED) VALUES inserting data
2019-04-10 11:03:17,574 - root - ERROR - >>>>>>>>>>>>>>> issue with insert query ('42000', "[42000] [Microsoft][ODBC Driver 17 for SQL Server][SQL Server]Incorrect syntax near 'VALUES'. (102) (SQLExecDirectW)")
2019-04-10 11:03:17,673 - root - INFO - wrong query:INSERT INTO HN1.dbo.vw_origin_marca(rowNum,NRO_SOLICI, SOLICITADA, TIPO_MARCA, SIGNO, NOM_MARCA, REGISTRO, REGISTRADA, RENUEVA, EXPIRA, AGENTE, STATUS, STAT_DESDE, PESO_RASGO, LARFON, PESO_R, PUBLICADA, DIARIO, LIMITACION, HORA, RTOMO, RFOLIO, RESERVA, NRO_PODER, MODIFICA, NRO_GACETA, QUIEN, CALIDAD, CLASE, MODIFICADO, ANUALIDAD, NRO_RESOL, LEY, CLASES_TXT, DELETED) VALUES inserting data
2019-04-10 11:03:17,673 - root - ERROR - >>>>>>>>>>>>>>> issue with insert query ('42000', "[42000] [Microsoft][ODBC Driver 17 for SQL Server][SQL Server]Incorrect syntax near 'VALUES'. (102) (SQLExecDirectW)")
2019-04-10 11:03:17,772 - root - INFO - wrong query:INSERT INTO HN1.dbo.vw_origin_marca(rowNum,NRO_SOLICI, SOLICITADA, TIPO_MARCA, SIGNO, NOM_MARCA, REGISTRO, REGISTRADA, RENUEVA, EXPIRA, AGENTE, STATUS, STAT_DESDE, PESO_RASGO, LARFON, PESO_R, PUBLICADA, DIARIO, LIMITACION, HORA, RTOMO, RFOLIO, RESERVA, NRO_PODER, MODIFICA, NRO_GACETA, QUIEN, CALIDAD, CLASE, MODIFICADO, ANUALIDAD, NRO_RESOL, LEY, CLASES_TXT, DELETED) VALUES inserting data
2019-04-10 11:03:17,772 - root - ERROR - >>>>>>>>>>>>>>> issue with insert query ('42000', "[42000] [Microsoft][ODBC Driver 17 for SQL Server][SQL Server]Incorrect syntax near 'VALUES'. (102) (SQLExecDirectW)")
2019-04-10 11:03:17,871 - root - INFO - wrong query:INSERT INTO HN1.dbo.vw_origin_marca(rowNum,NRO_SOLICI, SOLICITADA, TIPO_MARCA, SIGNO, NOM_MARCA, REGISTRO, REGISTRADA, RENUEVA, EXPIRA, AGENTE, STATUS, STAT_DESDE, PESO_RASGO, LARFON, PESO_R, PUBLICADA, DIARIO, LIMITACION, HORA, RTOMO, RFOLIO, RESERVA, NRO_PODER, MODIFICA, NRO_GACETA, QUIEN, CALIDAD, CLASE, MODIFICADO, ANUALIDAD, NRO_RESOL, LEY, CLASES_TXT, DELETED) VALUES inserting data
2019-04-10 11:03:17,871 - root - ERROR - >>>>>>>>>>>>>>> issue with insert query ('42000', "[42000] [Microsoft][ODBC Driver 17 for SQL Server][SQL Server]Incorrect syntax near 'VALUES'. (102) (SQLExecDirectW)")
2019-04-10 11:03:17,972 - root - INFO - wrong query:INSERT INTO HN1.dbo.vw_origin_marca(rowNum,NRO_SOLICI, SOLICITADA, TIPO_MARCA, SIGNO, NOM_MARCA, REGISTRO, REGISTRADA, RENUEVA, EXPIRA, AGENTE, STATUS, STAT_DESDE, PESO_RASGO, LARFON, PESO_R, PUBLICADA, DIARIO, LIMITACION, HORA, RTOMO, RFOLIO, RESERVA, NRO_PODER, MODIFICA, NRO_GACETA, QUIEN, CALIDAD, CLASE, MODIFICADO, ANUALIDAD, NRO_RESOL, LEY, CLASES_TXT, DELETED) VALUES inserting data
2019-04-10 11:03:17,972 - root - ERROR - >>>>>>>>>>>>>>> issue with insert query ('42000', "[42000] [Microsoft][ODBC Driver 17 for SQL Server][SQL Server]Incorrect syntax near 'VALUES'. (102) (SQLExecDirectW)")
2019-04-10 11:03:18,071 - root - INFO - wrong query:INSERT INTO HN1.dbo.vw_origin_marca(rowNum,NRO_SOLICI, SOLICITADA, TIPO_MARCA, SIGNO, NOM_MARCA, REGISTRO, REGISTRADA, RENUEVA, EXPIRA, AGENTE, STATUS, STAT_DESDE, PESO_RASGO, LARFON, PESO_R, PUBLICADA, DIARIO, LIMITACION, HORA, RTOMO, RFOLIO, RESERVA, NRO_PODER, MODIFICA, NRO_GACETA, QUIEN, CALIDAD, CLASE, MODIFICADO, ANUALIDAD, NRO_RESOL, LEY, CLASES_TXT, DELETED) VALUES inserting data
2019-04-10 11:03:18,071 - root - ERROR - >>>>>>>>>>>>>>> issue with insert query ('42000', "[42000] [Microsoft][ODBC Driver 17 for SQL Server][SQL Server]Incorrect syntax near 'VALUES'. (102) (SQLExecDirectW)")
2019-04-10 11:03:18,170 - root - INFO - wrong query:INSERT INTO HN1.dbo.vw_origin_marca(rowNum,NRO_SOLICI, SOLICITADA, TIPO_MARCA, SIGNO, NOM_MARCA, REGISTRO, REGISTRADA, RENUEVA, EXPIRA, AGENTE, STATUS, STAT_DESDE, PESO_RASGO, LARFON, PESO_R, PUBLICADA, DIARIO, LIMITACION, HORA, RTOMO, RFOLIO, RESERVA, NRO_PODER, MODIFICA, NRO_GACETA, QUIEN, CALIDAD, CLASE, MODIFICADO, ANUALIDAD, NRO_RESOL, LEY, CLASES_TXT, DELETED) VALUES inserting data
2019-04-10 11:03:18,170 - root - ERROR - >>>>>>>>>>>>>>> issue with insert query ('42000', "[42000] [Microsoft][ODBC Driver 17 for SQL Server][SQL Server]Incorrect syntax near 'VALUES'. (102) (SQLExecDirectW)")
2019-04-10 11:03:18,274 - root - INFO - wrong query:INSERT INTO HN1.dbo.vw_origin_marca(rowNum,NRO_SOLICI, SOLICITADA, TIPO_MARCA, SIGNO, NOM_MARCA, REGISTRO, REGISTRADA, RENUEVA, EXPIRA, AGENTE, STATUS, STAT_DESDE, PESO_RASGO, LARFON, PESO_R, PUBLICADA, DIARIO, LIMITACION, HORA, RTOMO, RFOLIO, RESERVA, NRO_PODER, MODIFICA, NRO_GACETA, QUIEN, CALIDAD, CLASE, MODIFICADO, ANUALIDAD, NRO_RESOL, LEY, CLASES_TXT, DELETED) VALUES inserting data
2019-04-10 11:03:18,274 - root - ERROR - >>>>>>>>>>>>>>> issue with insert query ('42000', "[42000] [Microsoft][ODBC Driver 17 for SQL Server][SQL Server]Incorrect syntax near 'VALUES'. (102) (SQLExecDirectW)")
2019-04-10 11:03:18,372 - root - INFO - wrong query:INSERT INTO HN1.dbo.vw_origin_marca(rowNum,NRO_SOLICI, SOLICITADA, TIPO_MARCA, SIGNO, NOM_MARCA, REGISTRO, REGISTRADA, RENUEVA, EXPIRA, AGENTE, STATUS, STAT_DESDE, PESO_RASGO, LARFON, PESO_R, PUBLICADA, DIARIO, LIMITACION, HORA, RTOMO, RFOLIO, RESERVA, NRO_PODER, MODIFICA, NRO_GACETA, QUIEN, CALIDAD, CLASE, MODIFICADO, ANUALIDAD, NRO_RESOL, LEY, CLASES_TXT, DELETED) VALUES inserting data
2019-04-10 11:03:18,373 - root - ERROR - >>>>>>>>>>>>>>> issue with insert query ('42000', "[42000] [Microsoft][ODBC Driver 17 for SQL Server][SQL Server]Incorrect syntax near 'VALUES'. (102) (SQLExecDirectW)")
2019-04-10 11:03:34,775 - root - WARNING - connected to Sqlserver.
2019-04-10 11:03:34,780 - root - INFO - Connections to database severed
2019-04-10 11:03:34,802 - root - INFO - database dropped
2019-04-10 11:03:35,065 - root - INFO - New Intermediate databas created
2019-04-10 11:03:35,082 - root - WARNING - connected to Sqlserver.
2019-04-10 11:03:35,082 - root - INFO - Processing: agentes.DBF
2019-04-10 11:03:35,084 - root - INFO - new table to create: "create table HN1.dbo.vw_origin_agentes (rowNum numeric (20), "AGENTE" varchar(max), "NOMBRE" varchar(max), "DIRECCION" varchar(max), "CONTACTO" varchar(max), "CALIDAD" varchar(max), DELETED varchar (5))"
2019-04-10 11:03:35,086 - root - WARNING - Going to insert to table: agentes
2019-04-10 11:03:35,102 - root - INFO - wrong query:INSERT INTO HN1.dbo.vw_origin_agentes(rowNum,AGENTE, NOMBRE, DIRECCION, CONTACTO, CALIDAD, DELETED) VALUES inserting data
2019-04-10 11:03:35,102 - root - ERROR - >>>>>>>>>>>>>>> issue with insert query ('42000', "[42000] [Microsoft][ODBC Driver 17 for SQL Server][SQL Server]Incorrect syntax near 'VALUES'. (102) (SQLExecDirectW)")
2019-04-10 11:03:35,116 - root - INFO - wrong query:INSERT INTO HN1.dbo.vw_origin_agentes(rowNum,AGENTE, NOMBRE, DIRECCION, CONTACTO, CALIDAD, DELETED) VALUES inserting data
2019-04-10 11:03:35,116 - root - ERROR - >>>>>>>>>>>>>>> issue with insert query ('42000', "[42000] [Microsoft][ODBC Driver 17 for SQL Server][SQL Server]Incorrect syntax near 'VALUES'. (102) (SQLExecDirectW)")
2019-04-10 11:03:35,130 - root - INFO - wrong query:INSERT INTO HN1.dbo.vw_origin_agentes(rowNum,AGENTE, NOMBRE, DIRECCION, CONTACTO, CALIDAD, DELETED) VALUES inserting data
2019-04-10 11:03:35,130 - root - ERROR - >>>>>>>>>>>>>>> issue with insert query ('42000', "[42000] [Microsoft][ODBC Driver 17 for SQL Server][SQL Server]Incorrect syntax near 'VALUES'. (102) (SQLExecDirectW)")
2019-04-10 11:03:35,143 - root - INFO - wrong query:INSERT INTO HN1.dbo.vw_origin_agentes(rowNum,AGENTE, NOMBRE, DIRECCION, CONTACTO, CALIDAD, DELETED) VALUES inserting data
2019-04-10 11:03:35,144 - root - ERROR - >>>>>>>>>>>>>>> issue with insert query ('42000', "[42000] [Microsoft][ODBC Driver 17 for SQL Server][SQL Server]Incorrect syntax near 'VALUES'. (102) (SQLExecDirectW)")
2019-04-10 11:03:35,157 - root - INFO - wrong query:INSERT INTO HN1.dbo.vw_origin_agentes(rowNum,AGENTE, NOMBRE, DIRECCION, CONTACTO, CALIDAD, DELETED) VALUES inserting data
2019-04-10 11:03:35,157 - root - ERROR - >>>>>>>>>>>>>>> issue with insert query ('42000', "[42000] [Microsoft][ODBC Driver 17 for SQL Server][SQL Server]Incorrect syntax near 'VALUES'. (102) (SQLExecDirectW)")
2019-04-10 11:03:35,171 - root - INFO - wrong query:INSERT INTO HN1.dbo.vw_origin_agentes(rowNum,AGENTE, NOMBRE, DIRECCION, CONTACTO, CALIDAD, DELETED) VALUES inserting data
2019-04-10 11:03:35,171 - root - ERROR - >>>>>>>>>>>>>>> issue with insert query ('42000', "[42000] [Microsoft][ODBC Driver 17 for SQL Server][SQL Server]Incorrect syntax near 'VALUES'. (102) (SQLExecDirectW)")
2019-04-10 11:03:35,185 - root - INFO - wrong query:INSERT INTO HN1.dbo.vw_origin_agentes(rowNum,AGENTE, NOMBRE, DIRECCION, CONTACTO, CALIDAD, DELETED) VALUES inserting data
2019-04-10 11:03:35,185 - root - ERROR - >>>>>>>>>>>>>>> issue with insert query ('42000', "[42000] [Microsoft][ODBC Driver 17 for SQL Server][SQL Server]Incorrect syntax near 'VALUES'. (102) (SQLExecDirectW)")
2019-04-10 11:03:35,199 - root - INFO - wrong query:INSERT INTO HN1.dbo.vw_origin_agentes(rowNum,AGENTE, NOMBRE, DIRECCION, CONTACTO, CALIDAD, DELETED) VALUES inserting data
2019-04-10 11:03:35,199 - root - ERROR - >>>>>>>>>>>>>>> issue with insert query ('42000', "[42000] [Microsoft][ODBC Driver 17 for SQL Server][SQL Server]Incorrect syntax near 'VALUES'. (102) (SQLExecDirectW)")
2019-04-10 11:03:35,212 - root - INFO - wrong query:INSERT INTO HN1.dbo.vw_origin_agentes(rowNum,AGENTE, NOMBRE, DIRECCION, CONTACTO, CALIDAD, DELETED) VALUES inserting data
2019-04-10 11:03:35,212 - root - ERROR - >>>>>>>>>>>>>>> issue with insert query ('42000', "[42000] [Microsoft][ODBC Driver 17 for SQL Server][SQL Server]Incorrect syntax near 'VALUES'. (102) (SQLExecDirectW)")
2019-04-10 11:03:35,226 - root - INFO - wrong query:INSERT INTO HN1.dbo.vw_origin_agentes(rowNum,AGENTE, NOMBRE, DIRECCION, CONTACTO, CALIDAD, DELETED) VALUES inserting data
2019-04-10 11:03:35,226 - root - ERROR - >>>>>>>>>>>>>>> issue with insert query ('42000', "[42000] [Microsoft][ODBC Driver 17 for SQL Server][SQL Server]Incorrect syntax near 'VALUES'. (102) (SQLExecDirectW)")
2019-04-10 11:03:35,240 - root - INFO - wrong query:INSERT INTO HN1.dbo.vw_origin_agentes(rowNum,AGENTE, NOMBRE, DIRECCION, CONTACTO, CALIDAD, DELETED) VALUES inserting data
2019-04-10 11:03:35,240 - root - ERROR - >>>>>>>>>>>>>>> issue with insert query ('42000', "[42000] [Microsoft][ODBC Driver 17 for SQL Server][SQL Server]Incorrect syntax near 'VALUES'. (102) (SQLExecDirectW)")
2019-04-10 11:03:35,241 - root - ERROR - >>>>>>>>>>>>>>> issue with table creation:can only concatenate str (not "tuple") to str
2019-04-10 11:03:35,241 - root - WARNING - insert finished
2019-04-10 11:03:35,244 - root - WARNING - connected to Sqlserver.
2019-04-10 11:03:35,244 - root - INFO - Processing: ccvs.DBF
2019-04-10 11:03:35,245 - root - INFO - new table to create: "create table HN1.dbo.vw_origin_ccvs (rowNum numeric (20), "CCV" varchar(max), "NRO_SOLICI" varchar(max), DELETED varchar (5))"
2019-04-10 11:03:35,248 - root - WARNING - Going to insert to table: ccvs
2019-04-10 11:03:35,255 - root - INFO - wrong query:INSERT INTO HN1.dbo.vw_origin_ccvs(rowNum,CCV, NRO_SOLICI, DELETED) VALUES inserting data
2019-04-10 11:03:35,255 - root - ERROR - >>>>>>>>>>>>>>> issue with insert query ('42000', "[42000] [Microsoft][ODBC Driver 17 for SQL Server][SQL Server]Incorrect syntax near 'VALUES'. (102) (SQLExecDirectW)")
2019-04-10 11:03:35,261 - root - INFO - wrong query:INSERT INTO HN1.dbo.vw_origin_ccvs(rowNum,CCV, NRO_SOLICI, DELETED) VALUES inserting data
2019-04-10 11:03:35,261 - root - ERROR - >>>>>>>>>>>>>>> issue with insert query ('42000', "[42000] [Microsoft][ODBC Driver 17 for SQL Server][SQL Server]Incorrect syntax near 'VALUES'. (102) (SQLExecDirectW)")
2019-04-10 11:03:35,267 - root - INFO - wrong query:INSERT INTO HN1.dbo.vw_origin_ccvs(rowNum,CCV, NRO_SOLICI, DELETED) VALUES inserting data
2019-04-10 11:03:35,267 - root - ERROR - >>>>>>>>>>>>>>> issue with insert query ('42000', "[42000] [Microsoft][ODBC Driver 17 for SQL Server][SQL Server]Incorrect syntax near 'VALUES'. (102) (SQLExecDirectW)")
2019-04-10 11:03:35,273 - root - INFO - wrong query:INSERT INTO HN1.dbo.vw_origin_ccvs(rowNum,CCV, NRO_SOLICI, DELETED) VALUES inserting data
2019-04-10 11:03:35,273 - root - ERROR - >>>>>>>>>>>>>>> issue with insert query ('42000', "[42000] [Microsoft][ODBC Driver 17 for SQL Server][SQL Server]Incorrect syntax near 'VALUES'. (102) (SQLExecDirectW)")
2019-04-10 11:03:35,279 - root - INFO - wrong query:INSERT INTO HN1.dbo.vw_origin_ccvs(rowNum,CCV, NRO_SOLICI, DELETED) VALUES inserting data
2019-04-10 11:03:35,279 - root - ERROR - >>>>>>>>>>>>>>> issue with insert query ('42000', "[42000] [Microsoft][ODBC Driver 17 for SQL Server][SQL Server]Incorrect syntax near 'VALUES'. (102) (SQLExecDirectW)")
2019-04-10 11:03:35,285 - root - INFO - wrong query:INSERT INTO HN1.dbo.vw_origin_ccvs(rowNum,CCV, NRO_SOLICI, DELETED) VALUES inserting data
2019-04-10 11:03:35,286 - root - ERROR - >>>>>>>>>>>>>>> issue with insert query ('42000', "[42000] [Microsoft][ODBC Driver 17 for SQL Server][SQL Server]Incorrect syntax near 'VALUES'. (102) (SQLExecDirectW)")
2019-04-10 11:03:35,292 - root - INFO - wrong query:INSERT INTO HN1.dbo.vw_origin_ccvs(rowNum,CCV, NRO_SOLICI, DELETED) VALUES inserting data
2019-04-10 11:03:35,292 - root - ERROR - >>>>>>>>>>>>>>> issue with insert query ('42000', "[42000] [Microsoft][ODBC Driver 17 for SQL Server][SQL Server]Incorrect syntax near 'VALUES'. (102) (SQLExecDirectW)")
2019-04-10 11:03:35,298 - root - INFO - wrong query:INSERT INTO HN1.dbo.vw_origin_ccvs(rowNum,CCV, NRO_SOLICI, DELETED) VALUES inserting data
2019-04-10 11:03:35,298 - root - ERROR - >>>>>>>>>>>>>>> issue with insert query ('42000', "[42000] [Microsoft][ODBC Driver 17 for SQL Server][SQL Server]Incorrect syntax near 'VALUES'. (102) (SQLExecDirectW)")
2019-04-10 11:03:35,304 - root - INFO - wrong query:INSERT INTO HN1.dbo.vw_origin_ccvs(rowNum,CCV, NRO_SOLICI, DELETED) VALUES inserting data
2019-04-10 11:03:35,304 - root - ERROR - >>>>>>>>>>>>>>> issue with insert query ('42000', "[42000] [Microsoft][ODBC Driver 17 for SQL Server][SQL Server]Incorrect syntax near 'VALUES'. (102) (SQLExecDirectW)")
2019-04-10 11:03:35,311 - root - INFO - wrong query:INSERT INTO HN1.dbo.vw_origin_ccvs(rowNum,CCV, NRO_SOLICI, DELETED) VALUES inserting data
2019-04-10 11:03:35,311 - root - ERROR - >>>>>>>>>>>>>>> issue with insert query ('42000', "[42000] [Microsoft][ODBC Driver 17 for SQL Server][SQL Server]Incorrect syntax near 'VALUES'. (102) (SQLExecDirectW)")
2019-04-10 11:03:35,317 - root - INFO - wrong query:INSERT INTO HN1.dbo.vw_origin_ccvs(rowNum,CCV, NRO_SOLICI, DELETED) VALUES inserting data
2019-04-10 11:03:35,317 - root - ERROR - >>>>>>>>>>>>>>> issue with insert query ('42000', "[42000] [Microsoft][ODBC Driver 17 for SQL Server][SQL Server]Incorrect syntax near 'VALUES'. (102) (SQLExecDirectW)")
2019-04-10 11:03:35,323 - root - INFO - wrong query:INSERT INTO HN1.dbo.vw_origin_ccvs(rowNum,CCV, NRO_SOLICI, DELETED) VALUES inserting data
2019-04-10 11:03:35,323 - root - ERROR - >>>>>>>>>>>>>>> issue with insert query ('42000', "[42000] [Microsoft][ODBC Driver 17 for SQL Server][SQL Server]Incorrect syntax near 'VALUES'. (102) (SQLExecDirectW)")
2019-04-10 11:03:35,330 - root - INFO - wrong query:INSERT INTO HN1.dbo.vw_origin_ccvs(rowNum,CCV, NRO_SOLICI, DELETED) VALUES inserting data
2019-04-10 11:03:35,330 - root - ERROR - >>>>>>>>>>>>>>> issue with insert query ('42000', "[42000] [Microsoft][ODBC Driver 17 for SQL Server][SQL Server]Incorrect syntax near 'VALUES'. (102) (SQLExecDirectW)")
2019-04-10 11:03:35,336 - root - INFO - wrong query:INSERT INTO HN1.dbo.vw_origin_ccvs(rowNum,CCV, NRO_SOLICI, DELETED) VALUES inserting data
2019-04-10 11:03:35,336 - root - ERROR - >>>>>>>>>>>>>>> issue with insert query ('42000', "[42000] [Microsoft][ODBC Driver 17 for SQL Server][SQL Server]Incorrect syntax near 'VALUES'. (102) (SQLExecDirectW)")
2019-04-10 11:03:35,342 - root - INFO - wrong query:INSERT INTO HN1.dbo.vw_origin_ccvs(rowNum,CCV, NRO_SOLICI, DELETED) VALUES inserting data
2019-04-10 11:03:35,342 - root - ERROR - >>>>>>>>>>>>>>> issue with insert query ('42000', "[42000] [Microsoft][ODBC Driver 17 for SQL Server][SQL Server]Incorrect syntax near 'VALUES'. (102) (SQLExecDirectW)")
2019-04-10 11:03:35,349 - root - INFO - wrong query:INSERT INTO HN1.dbo.vw_origin_ccvs(rowNum,CCV, NRO_SOLICI, DELETED) VALUES inserting data
2019-04-10 11:03:35,349 - root - ERROR - >>>>>>>>>>>>>>> issue with insert query ('42000', "[42000] [Microsoft][ODBC Driver 17 for SQL Server][SQL Server]Incorrect syntax near 'VALUES'. (102) (SQLExecDirectW)")
2019-04-10 11:03:35,355 - root - INFO - wrong query:INSERT INTO HN1.dbo.vw_origin_ccvs(rowNum,CCV, NRO_SOLICI, DELETED) VALUES inserting data
2019-04-10 11:03:35,355 - root - ERROR - >>>>>>>>>>>>>>> issue with insert query ('42000', "[42000] [Microsoft][ODBC Driver 17 for SQL Server][SQL Server]Incorrect syntax near 'VALUES'. (102) (SQLExecDirectW)")
2019-04-10 11:03:35,361 - root - INFO - wrong query:INSERT INTO HN1.dbo.vw_origin_ccvs(rowNum,CCV, NRO_SOLICI, DELETED) VALUES inserting data
2019-04-10 11:03:35,361 - root - ERROR - >>>>>>>>>>>>>>> issue with insert query ('42000', "[42000] [Microsoft][ODBC Driver 17 for SQL Server][SQL Server]Incorrect syntax near 'VALUES'. (102) (SQLExecDirectW)")
2019-04-10 11:03:35,368 - root - INFO - wrong query:INSERT INTO HN1.dbo.vw_origin_ccvs(rowNum,CCV, NRO_SOLICI, DELETED) VALUES inserting data
2019-04-10 11:03:35,368 - root - ERROR - >>>>>>>>>>>>>>> issue with insert query ('42000', "[42000] [Microsoft][ODBC Driver 17 for SQL Server][SQL Server]Incorrect syntax near 'VALUES'. (102) (SQLExecDirectW)")
2019-04-10 11:03:35,374 - root - INFO - wrong query:INSERT INTO HN1.dbo.vw_origin_ccvs(rowNum,CCV, NRO_SOLICI, DELETED) VALUES inserting data
2019-04-10 11:03:35,374 - root - ERROR - >>>>>>>>>>>>>>> issue with insert query ('42000', "[42000] [Microsoft][ODBC Driver 17 for SQL Server][SQL Server]Incorrect syntax near 'VALUES'. (102) (SQLExecDirectW)")
2019-04-10 11:03:35,381 - root - INFO - wrong query:INSERT INTO HN1.dbo.vw_origin_ccvs(rowNum,CCV, NRO_SOLICI, DELETED) VALUES inserting data
2019-04-10 11:03:35,381 - root - ERROR - >>>>>>>>>>>>>>> issue with insert query ('42000', "[42000] [Microsoft][ODBC Driver 17 for SQL Server][SQL Server]Incorrect syntax near 'VALUES'. (102) (SQLExecDirectW)")
2019-04-10 11:03:35,387 - root - INFO - wrong query:INSERT INTO HN1.dbo.vw_origin_ccvs(rowNum,CCV, NRO_SOLICI, DELETED) VALUES inserting data
2019-04-10 11:03:35,387 - root - ERROR - >>>>>>>>>>>>>>> issue with insert query ('42000', "[42000] [Microsoft][ODBC Driver 17 for SQL Server][SQL Server]Incorrect syntax near 'VALUES'. (102) (SQLExecDirectW)")
2019-04-10 11:03:35,393 - root - INFO - wrong query:INSERT INTO HN1.dbo.vw_origin_ccvs(rowNum,CCV, NRO_SOLICI, DELETED) VALUES inserting data
2019-04-10 11:03:35,393 - root - ERROR - >>>>>>>>>>>>>>> issue with insert query ('42000', "[42000] [Microsoft][ODBC Driver 17 for SQL Server][SQL Server]Incorrect syntax near 'VALUES'. (102) (SQLExecDirectW)")
2019-04-10 11:03:35,399 - root - INFO - wrong query:INSERT INTO HN1.dbo.vw_origin_ccvs(rowNum,CCV, NRO_SOLICI, DELETED) VALUES inserting data
2019-04-10 11:03:35,400 - root - ERROR - >>>>>>>>>>>>>>> issue with insert query ('42000', "[42000] [Microsoft][ODBC Driver 17 for SQL Server][SQL Server]Incorrect syntax near 'VALUES'. (102) (SQLExecDirectW)")
2019-04-10 11:03:35,406 - root - INFO - wrong query:INSERT INTO HN1.dbo.vw_origin_ccvs(rowNum,CCV, NRO_SOLICI, DELETED) VALUES inserting data
2019-04-10 11:03:35,406 - root - ERROR - >>>>>>>>>>>>>>> issue with insert query ('42000', "[42000] [Microsoft][ODBC Driver 17 for SQL Server][SQL Server]Incorrect syntax near 'VALUES'. (102) (SQLExecDirectW)")
2019-04-10 11:03:35,412 - root - INFO - wrong query:INSERT INTO HN1.dbo.vw_origin_ccvs(rowNum,CCV, NRO_SOLICI, DELETED) VALUES inserting data
2019-04-10 11:03:35,412 - root - ERROR - >>>>>>>>>>>>>>> issue with insert query ('42000', "[42000] [Microsoft][ODBC Driver 17 for SQL Server][SQL Server]Incorrect syntax near 'VALUES'. (102) (SQLExecDirectW)")
2019-04-10 11:03:35,418 - root - INFO - wrong query:INSERT INTO HN1.dbo.vw_origin_ccvs(rowNum,CCV, NRO_SOLICI, DELETED) VALUES inserting data
2019-04-10 11:03:35,418 - root - ERROR - >>>>>>>>>>>>>>> issue with insert query ('42000', "[42000] [Microsoft][ODBC Driver 17 for SQL Server][SQL Server]Incorrect syntax near 'VALUES'. (102) (SQLExecDirectW)")
2019-04-10 11:03:35,424 - root - INFO - wrong query:INSERT INTO HN1.dbo.vw_origin_ccvs(rowNum,CCV, NRO_SOLICI, DELETED) VALUES inserting data
2019-04-10 11:03:35,424 - root - ERROR - >>>>>>>>>>>>>>> issue with insert query ('42000', "[42000] [Microsoft][ODBC Driver 17 for SQL Server][SQL Server]Incorrect syntax near 'VALUES'. (102) (SQLExecDirectW)")
2019-04-10 11:03:35,430 - root - INFO - wrong query:INSERT INTO HN1.dbo.vw_origin_ccvs(rowNum,CCV, NRO_SOLICI, DELETED) VALUES inserting data
2019-04-10 11:03:35,430 - root - ERROR - >>>>>>>>>>>>>>> issue with insert query ('42000', "[42000] [Microsoft][ODBC Driver 17 for SQL Server][SQL Server]Incorrect syntax near 'VALUES'. (102) (SQLExecDirectW)")
2019-04-10 11:03:35,437 - root - INFO - wrong query:INSERT INTO HN1.dbo.vw_origin_ccvs(rowNum,CCV, NRO_SOLICI, DELETED) VALUES inserting data
2019-04-10 11:03:35,437 - root - ERROR - >>>>>>>>>>>>>>> issue with insert query ('42000', "[42000] [Microsoft][ODBC Driver 17 for SQL Server][SQL Server]Incorrect syntax near 'VALUES'. (102) (SQLExecDirectW)")
2019-04-10 11:03:35,443 - root - INFO - wrong query:INSERT INTO HN1.dbo.vw_origin_ccvs(rowNum,CCV, NRO_SOLICI, DELETED) VALUES inserting data
2019-04-10 11:03:35,443 - root - ERROR - >>>>>>>>>>>>>>> issue with insert query ('42000', "[42000] [Microsoft][ODBC Driver 17 for SQL Server][SQL Server]Incorrect syntax near 'VALUES'. (102) (SQLExecDirectW)")
2019-04-10 11:03:35,449 - root - INFO - wrong query:INSERT INTO HN1.dbo.vw_origin_ccvs(rowNum,CCV, NRO_SOLICI, DELETED) VALUES inserting data
2019-04-10 11:03:35,450 - root - ERROR - >>>>>>>>>>>>>>> issue with insert query ('42000', "[42000] [Microsoft][ODBC Driver 17 for SQL Server][SQL Server]Incorrect syntax near 'VALUES'. (102) (SQLExecDirectW)")
2019-04-10 11:03:35,455 - root - INFO - wrong query:INSERT INTO HN1.dbo.vw_origin_ccvs(rowNum,CCV, NRO_SOLICI, DELETED) VALUES inserting data
2019-04-10 11:03:35,455 - root - ERROR - >>>>>>>>>>>>>>> issue with insert query ('42000', "[42000] [Microsoft][ODBC Driver 17 for SQL Server][SQL Server]Incorrect syntax near 'VALUES'. (102) (SQLExecDirectW)")
2019-04-10 11:03:35,462 - root - INFO - wrong query:INSERT INTO HN1.dbo.vw_origin_ccvs(rowNum,CCV, NRO_SOLICI, DELETED) VALUES inserting data
2019-04-10 11:03:35,462 - root - ERROR - >>>>>>>>>>>>>>> issue with insert query ('42000', "[42000] [Microsoft][ODBC Driver 17 for SQL Server][SQL Server]Incorrect syntax near 'VALUES'. (102) (SQLExecDirectW)")
2019-04-10 11:03:35,468 - root - INFO - wrong query:INSERT INTO HN1.dbo.vw_origin_ccvs(rowNum,CCV, NRO_SOLICI, DELETED) VALUES inserting data
2019-04-10 11:03:35,468 - root - ERROR - >>>>>>>>>>>>>>> issue with insert query ('42000', "[42000] [Microsoft][ODBC Driver 17 for SQL Server][SQL Server]Incorrect syntax near 'VALUES'. (102) (SQLExecDirectW)")
2019-04-10 11:03:35,474 - root - INFO - wrong query:INSERT INTO HN1.dbo.vw_origin_ccvs(rowNum,CCV, NRO_SOLICI, DELETED) VALUES inserting data
2019-04-10 11:03:35,474 - root - ERROR - >>>>>>>>>>>>>>> issue with insert query ('42000', "[42000] [Microsoft][ODBC Driver 17 for SQL Server][SQL Server]Incorrect syntax near 'VALUES'. (102) (SQLExecDirectW)")
2019-04-10 11:03:35,480 - root - INFO - wrong query:INSERT INTO HN1.dbo.vw_origin_ccvs(rowNum,CCV, NRO_SOLICI, DELETED) VALUES inserting data
2019-04-10 11:03:35,480 - root - ERROR - >>>>>>>>>>>>>>> issue with insert query ('42000', "[42000] [Microsoft][ODBC Driver 17 for SQL Server][SQL Server]Incorrect syntax near 'VALUES'. (102) (SQLExecDirectW)")
2019-04-10 11:03:35,486 - root - INFO - wrong query:INSERT INTO HN1.dbo.vw_origin_ccvs(rowNum,CCV, NRO_SOLICI, DELETED) VALUES inserting data
2019-04-10 11:03:35,486 - root - ERROR - >>>>>>>>>>>>>>> issue with insert query ('42000', "[42000] [Microsoft][ODBC Driver 17 for SQL Server][SQL Server]Incorrect syntax near 'VALUES'. (102) (SQLExecDirectW)")
2019-04-10 11:03:35,492 - root - INFO - wrong query:INSERT INTO HN1.dbo.vw_origin_ccvs(rowNum,CCV, NRO_SOLICI, DELETED) VALUES inserting data
2019-04-10 11:03:35,492 - root - ERROR - >>>>>>>>>>>>>>> issue with insert query ('42000', "[42000] [Microsoft][ODBC Driver 17 for SQL Server][SQL Server]Incorrect syntax near 'VALUES'. (102) (SQLExecDirectW)")
2019-04-10 11:03:35,498 - root - INFO - wrong query:INSERT INTO HN1.dbo.vw_origin_ccvs(rowNum,CCV, NRO_SOLICI, DELETED) VALUES inserting data
2019-04-10 11:03:35,499 - root - ERROR - >>>>>>>>>>>>>>> issue with insert query ('42000', "[42000] [Microsoft][ODBC Driver 17 for SQL Server][SQL Server]Incorrect syntax near 'VALUES'. (102) (SQLExecDirectW)")
2019-04-10 11:03:35,505 - root - INFO - wrong query:INSERT INTO HN1.dbo.vw_origin_ccvs(rowNum,CCV, NRO_SOLICI, DELETED) VALUES inserting data
2019-04-10 11:03:35,505 - root - ERROR - >>>>>>>>>>>>>>> issue with insert query ('42000', "[42000] [Microsoft][ODBC Driver 17 for SQL Server][SQL Server]Incorrect syntax near 'VALUES'. (102) (SQLExecDirectW)")
2019-04-10 11:03:35,511 - root - INFO - wrong query:INSERT INTO HN1.dbo.vw_origin_ccvs(rowNum,CCV, NRO_SOLICI, DELETED) VALUES inserting data
2019-04-10 11:03:35,511 - root - ERROR - >>>>>>>>>>>>>>> issue with insert query ('42000', "[42000] [Microsoft][ODBC Driver 17 for SQL Server][SQL Server]Incorrect syntax near 'VALUES'. (102) (SQLExecDirectW)")
2019-04-10 11:03:35,518 - root - INFO - wrong query:INSERT INTO HN1.dbo.vw_origin_ccvs(rowNum,CCV, NRO_SOLICI, DELETED) VALUES inserting data
2019-04-10 11:03:35,518 - root - ERROR - >>>>>>>>>>>>>>> issue with insert query ('42000', "[42000] [Microsoft][ODBC Driver 17 for SQL Server][SQL Server]Incorrect syntax near 'VALUES'. (102) (SQLExecDirectW)")
2019-04-10 11:03:35,524 - root - INFO - wrong query:INSERT INTO HN1.dbo.vw_origin_ccvs(rowNum,CCV, NRO_SOLICI, DELETED) VALUES inserting data
2019-04-10 11:03:35,524 - root - ERROR - >>>>>>>>>>>>>>> issue with insert query ('42000', "[42000] [Microsoft][ODBC Driver 17 for SQL Server][SQL Server]Incorrect syntax near 'VALUES'. (102) (SQLExecDirectW)")
2019-04-10 11:03:35,531 - root - INFO - wrong query:INSERT INTO HN1.dbo.vw_origin_ccvs(rowNum,CCV, NRO_SOLICI, DELETED) VALUES inserting data
2019-04-10 11:03:35,531 - root - ERROR - >>>>>>>>>>>>>>> issue with insert query ('42000', "[42000] [Microsoft][ODBC Driver 17 for SQL Server][SQL Server]Incorrect syntax near 'VALUES'. (102) (SQLExecDirectW)")
2019-04-10 11:03:35,537 - root - INFO - wrong query:INSERT INTO HN1.dbo.vw_origin_ccvs(rowNum,CCV, NRO_SOLICI, DELETED) VALUES inserting data
2019-04-10 11:03:35,537 - root - ERROR - >>>>>>>>>>>>>>> issue with insert query ('42000', "[42000] [Microsoft][ODBC Driver 17 for SQL Server][SQL Server]Incorrect syntax near 'VALUES'. (102) (SQLExecDirectW)")
2019-04-10 11:03:35,543 - root - INFO - wrong query:INSERT INTO HN1.dbo.vw_origin_ccvs(rowNum,CCV, NRO_SOLICI, DELETED) VALUES inserting data
2019-04-10 11:03:35,544 - root - ERROR - >>>>>>>>>>>>>>> issue with insert query ('42000', "[42000] [Microsoft][ODBC Driver 17 for SQL Server][SQL Server]Incorrect syntax near 'VALUES'. (102) (SQLExecDirectW)")
2019-04-10 11:03:35,550 - root - INFO - wrong query:INSERT INTO HN1.dbo.vw_origin_ccvs(rowNum,CCV, NRO_SOLICI, DELETED) VALUES inserting data
2019-04-10 11:03:35,550 - root - ERROR - >>>>>>>>>>>>>>> issue with insert query ('42000', "[42000] [Microsoft][ODBC Driver 17 for SQL Server][SQL Server]Incorrect syntax near 'VALUES'. (102) (SQLExecDirectW)")
2019-04-10 11:03:35,556 - root - INFO - wrong query:INSERT INTO HN1.dbo.vw_origin_ccvs(rowNum,CCV, NRO_SOLICI, DELETED) VALUES inserting data
2019-04-10 11:03:35,556 - root - ERROR - >>>>>>>>>>>>>>> issue with insert query ('42000', "[42000] [Microsoft][ODBC Driver 17 for SQL Server][SQL Server]Incorrect syntax near 'VALUES'. (102) (SQLExecDirectW)")
2019-04-10 11:03:35,563 - root - INFO - wrong query:INSERT INTO HN1.dbo.vw_origin_ccvs(rowNum,CCV, NRO_SOLICI, DELETED) VALUES inserting data
2019-04-10 11:03:35,563 - root - ERROR - >>>>>>>>>>>>>>> issue with insert query ('42000', "[42000] [Microsoft][ODBC Driver 17 for SQL Server][SQL Server]Incorrect syntax near 'VALUES'. (102) (SQLExecDirectW)")
2019-04-10 11:03:35,569 - root - INFO - wrong query:INSERT INTO HN1.dbo.vw_origin_ccvs(rowNum,CCV, NRO_SOLICI, DELETED) VALUES inserting data
2019-04-10 11:03:35,569 - root - ERROR - >>>>>>>>>>>>>>> issue with insert query ('42000', "[42000] [Microsoft][ODBC Driver 17 for SQL Server][SQL Server]Incorrect syntax near 'VALUES'. (102) (SQLExecDirectW)")
2019-04-10 11:03:35,576 - root - INFO - wrong query:INSERT INTO HN1.dbo.vw_origin_ccvs(rowNum,CCV, NRO_SOLICI, DELETED) VALUES inserting data
2019-04-10 11:03:35,576 - root - ERROR - >>>>>>>>>>>>>>> issue with insert query ('42000', "[42000] [Microsoft][ODBC Driver 17 for SQL Server][SQL Server]Incorrect syntax near 'VALUES'. (102) (SQLExecDirectW)")
2019-04-10 11:03:35,582 - root - INFO - wrong query:INSERT INTO HN1.dbo.vw_origin_ccvs(rowNum,CCV, NRO_SOLICI, DELETED) VALUES inserting data
2019-04-10 11:03:35,582 - root - ERROR - >>>>>>>>>>>>>>> issue with insert query ('42000', "[42000] [Microsoft][ODBC Driver 17 for SQL Server][SQL Server]Incorrect syntax near 'VALUES'. (102) (SQLExecDirectW)")
2019-04-10 11:03:35,588 - root - INFO - wrong query:INSERT INTO HN1.dbo.vw_origin_ccvs(rowNum,CCV, NRO_SOLICI, DELETED) VALUES inserting data
2019-04-10 11:03:35,589 - root - ERROR - >>>>>>>>>>>>>>> issue with insert query ('42000', "[42000] [Microsoft][ODBC Driver 17 for SQL Server][SQL Server]Incorrect syntax near 'VALUES'. (102) (SQLExecDirectW)")
2019-04-10 11:03:35,595 - root - INFO - wrong query:INSERT INTO HN1.dbo.vw_origin_ccvs(rowNum,CCV, NRO_SOLICI, DELETED) VALUES inserting data
2019-04-10 11:03:35,595 - root - ERROR - >>>>>>>>>>>>>>> issue with insert query ('42000', "[42000] [Microsoft][ODBC Driver 17 for SQL Server][SQL Server]Incorrect syntax near 'VALUES'. (102) (SQLExecDirectW)")
2019-04-10 11:03:35,601 - root - INFO - wrong query:INSERT INTO HN1.dbo.vw_origin_ccvs(rowNum,CCV, NRO_SOLICI, DELETED) VALUES inserting data
2019-04-10 11:03:35,601 - root - ERROR - >>>>>>>>>>>>>>> issue with insert query ('42000', "[42000] [Microsoft][ODBC Driver 17 for SQL Server][SQL Server]Incorrect syntax near 'VALUES'. (102) (SQLExecDirectW)")
2019-04-10 11:03:35,607 - root - INFO - wrong query:INSERT INTO HN1.dbo.vw_origin_ccvs(rowNum,CCV, NRO_SOLICI, DELETED) VALUES inserting data
2019-04-10 11:03:35,607 - root - ERROR - >>>>>>>>>>>>>>> issue with insert query ('42000', "[42000] [Microsoft][ODBC Driver 17 for SQL Server][SQL Server]Incorrect syntax near 'VALUES'. (102) (SQLExecDirectW)")
2019-04-10 11:03:35,613 - root - INFO - wrong query:INSERT INTO HN1.dbo.vw_origin_ccvs(rowNum,CCV, NRO_SOLICI, DELETED) VALUES inserting data
2019-04-10 11:03:35,614 - root - ERROR - >>>>>>>>>>>>>>> issue with insert query ('42000', "[42000] [Microsoft][ODBC Driver 17 for SQL Server][SQL Server]Incorrect syntax near 'VALUES'. (102) (SQLExecDirectW)")
2019-04-10 11:03:35,620 - root - INFO - wrong query:INSERT INTO HN1.dbo.vw_origin_ccvs(rowNum,CCV, NRO_SOLICI, DELETED) VALUES inserting data
2019-04-10 11:03:35,620 - root - ERROR - >>>>>>>>>>>>>>> issue with insert query ('42000', "[42000] [Microsoft][ODBC Driver 17 for SQL Server][SQL Server]Incorrect syntax near 'VALUES'. (102) (SQLExecDirectW)")
2019-04-10 11:03:35,629 - root - INFO - wrong query:INSERT INTO HN1.dbo.vw_origin_ccvs(rowNum,CCV, NRO_SOLICI, DELETED) VALUES inserting data
2019-04-10 11:03:35,629 - root - ERROR - >>>>>>>>>>>>>>> issue with insert query ('42000', "[42000] [Microsoft][ODBC Driver 17 for SQL Server][SQL Server]Incorrect syntax near 'VALUES'. (102) (SQLExecDirectW)")
2019-04-10 11:03:35,636 - root - INFO - wrong query:INSERT INTO HN1.dbo.vw_origin_ccvs(rowNum,CCV, NRO_SOLICI, DELETED) VALUES inserting data
2019-04-10 11:03:35,636 - root - ERROR - >>>>>>>>>>>>>>> issue with insert query ('42000', "[42000] [Microsoft][ODBC Driver 17 for SQL Server][SQL Server]Incorrect syntax near 'VALUES'. (102) (SQLExecDirectW)")
2019-04-10 11:03:35,642 - root - INFO - wrong query:INSERT INTO HN1.dbo.vw_origin_ccvs(rowNum,CCV, NRO_SOLICI, DELETED) VALUES inserting data
2019-04-10 11:03:35,642 - root - ERROR - >>>>>>>>>>>>>>> issue with insert query ('42000', "[42000] [Microsoft][ODBC Driver 17 for SQL Server][SQL Server]Incorrect syntax near 'VALUES'. (102) (SQLExecDirectW)")
2019-04-10 11:03:35,649 - root - INFO - wrong query:INSERT INTO HN1.dbo.vw_origin_ccvs(rowNum,CCV, NRO_SOLICI, DELETED) VALUES inserting data
2019-04-10 11:03:35,649 - root - ERROR - >>>>>>>>>>>>>>> issue with insert query ('42000', "[42000] [Microsoft][ODBC Driver 17 for SQL Server][SQL Server]Incorrect syntax near 'VALUES'. (102) (SQLExecDirectW)")
2019-04-10 11:03:35,653 - root - ERROR - >>>>>>>>>>>>>>> issue with table creation:can only concatenate str (not "tuple") to str
2019-04-10 11:03:35,653 - root - WARNING - insert finished
2019-04-10 11:03:35,653 - root - WARNING - connected to Sqlserver.
2019-04-10 11:03:35,653 - root - INFO - Processing: codigos.dbf
2019-04-10 11:03:35,654 - root - INFO - new table to create: "create table HN1.dbo.vw_origin_codigos (rowNum numeric (20), "ID_CODIGO" varchar(max), "CODIGO" varchar(max), "DESCRIPCOD" varchar(max), DELETED varchar (5))"
2019-04-10 11:03:35,657 - root - WARNING - Going to insert to table: codigos
2019-04-10 11:03:35,658 - root - ERROR - >>>>>>>>>>>>>>> issue with table creation:can only concatenate str (not "tuple") to str
2019-04-10 11:03:35,658 - root - WARNING - insert finished
2019-04-10 11:03:35,658 - root - WARNING - connected to Sqlserver.
2019-04-10 11:03:35,658 - root - INFO - Processing: eventab.dbf
2019-04-10 11:03:35,659 - root - INFO - new table to create: "create table HN1.dbo.vw_origin_eventab (rowNum numeric (20), "EVENTO" varchar(max), "DESCRIP" varchar(max), "TIPO_EVENT" varchar(max), "INFO_ADI" varchar(max), "ETI_COMENT" varchar(max), "ETI_NUMERO" varchar(max), DELETED varchar (5))"
2019-04-10 11:03:35,661 - root - WARNING - Going to insert to table: eventab
2019-04-10 11:03:35,663 - root - ERROR - >>>>>>>>>>>>>>> issue with table creation:can only concatenate str (not "tuple") to str
2019-04-10 11:03:35,663 - root - WARNING - insert finished
2019-04-10 11:03:35,664 - root - WARNING - connected to Sqlserver.
2019-04-10 11:03:35,664 - root - INFO - Processing: marca.DBF
2019-04-10 11:03:35,666 - root - INFO - new table to create: "create table HN1.dbo.vw_origin_marca (rowNum numeric (20), "NRO_SOLICI" varchar(max), "SOLICITADA" varchar(max), "TIPO_MARCA" varchar(max), "SIGNO" varchar(max), "NOM_MARCA" varchar(max), "REGISTRO" varchar(max), "REGISTRADA" varchar(max), "RENUEVA" varchar(max), "EXPIRA" varchar(max), "AGENTE" varchar(max), "STATUS" varchar(max), "STAT_DESDE" varchar(max), "PESO_RASGO" varchar(max), "LARFON" varchar(max), "PESO_R" varchar(max), "PUBLICADA" varchar(max), "DIARIO" varchar(max), "LIMITACION" varchar(max), "HORA" varchar(max), "RTOMO" varchar(max), "RFOLIO" varchar(max), "RESERVA" varchar(max), "NRO_PODER" varchar(max), "MODIFICA" varchar(max), "NRO_GACETA" varchar(max), "QUIEN" varchar(max), "CALIDAD" varchar(max), "CLASE" varchar(max), "MODIFICADO" varchar(max), "ANUALIDAD" varchar(max), "NRO_RESOL" varchar(max), "LEY" varchar(max), "CLASES_TXT" varchar(max), DELETED varchar (5))"
2019-04-10 11:03:35,668 - root - WARNING - Going to insert to table: marca
2019-04-10 11:03:35,774 - root - INFO - wrong query:INSERT INTO HN1.dbo.vw_origin_marca(rowNum,NRO_SOLICI, SOLICITADA, TIPO_MARCA, SIGNO, NOM_MARCA, REGISTRO, REGISTRADA, RENUEVA, EXPIRA, AGENTE, STATUS, STAT_DESDE, PESO_RASGO, LARFON, PESO_R, PUBLICADA, DIARIO, LIMITACION, HORA, RTOMO, RFOLIO, RESERVA, NRO_PODER, MODIFICA, NRO_GACETA, QUIEN, CALIDAD, CLASE, MODIFICADO, ANUALIDAD, NRO_RESOL, LEY, CLASES_TXT, DELETED) VALUES inserting data
2019-04-10 11:03:35,774 - root - ERROR - >>>>>>>>>>>>>>> issue with insert query ('42000', "[42000] [Microsoft][ODBC Driver 17 for SQL Server][SQL Server]Incorrect syntax near 'VALUES'. (102) (SQLExecDirectW)")
2019-04-10 11:03:35,880 - root - INFO - wrong query:INSERT INTO HN1.dbo.vw_origin_marca(rowNum,NRO_SOLICI, SOLICITADA, TIPO_MARCA, SIGNO, NOM_MARCA, REGISTRO, REGISTRADA, RENUEVA, EXPIRA, AGENTE, STATUS, STAT_DESDE, PESO_RASGO, LARFON, PESO_R, PUBLICADA, DIARIO, LIMITACION, HORA, RTOMO, RFOLIO, RESERVA, NRO_PODER, MODIFICA, NRO_GACETA, QUIEN, CALIDAD, CLASE, MODIFICADO, ANUALIDAD, NRO_RESOL, LEY, CLASES_TXT, DELETED) VALUES inserting data
2019-04-10 11:03:35,880 - root - ERROR - >>>>>>>>>>>>>>> issue with insert query ('42000', "[42000] [Microsoft][ODBC Driver 17 for SQL Server][SQL Server]Incorrect syntax near 'VALUES'. (102) (SQLExecDirectW)")
2019-04-10 11:03:35,978 - root - INFO - wrong query:INSERT INTO HN1.dbo.vw_origin_marca(rowNum,NRO_SOLICI, SOLICITADA, TIPO_MARCA, SIGNO, NOM_MARCA, REGISTRO, REGISTRADA, RENUEVA, EXPIRA, AGENTE, STATUS, STAT_DESDE, PESO_RASGO, LARFON, PESO_R, PUBLICADA, DIARIO, LIMITACION, HORA, RTOMO, RFOLIO, RESERVA, NRO_PODER, MODIFICA, NRO_GACETA, QUIEN, CALIDAD, CLASE, MODIFICADO, ANUALIDAD, NRO_RESOL, LEY, CLASES_TXT, DELETED) VALUES inserting data
2019-04-10 11:03:35,978 - root - ERROR - >>>>>>>>>>>>>>> issue with insert query ('42000', "[42000] [Microsoft][ODBC Driver 17 for SQL Server][SQL Server]Incorrect syntax near 'VALUES'. (102) (SQLExecDirectW)")
2019-04-10 11:03:36,076 - root - INFO - wrong query:INSERT INTO HN1.dbo.vw_origin_marca(rowNum,NRO_SOLICI, SOLICITADA, TIPO_MARCA, SIGNO, NOM_MARCA, REGISTRO, REGISTRADA, RENUEVA, EXPIRA, AGENTE, STATUS, STAT_DESDE, PESO_RASGO, LARFON, PESO_R, PUBLICADA, DIARIO, LIMITACION, HORA, RTOMO, RFOLIO, RESERVA, NRO_PODER, MODIFICA, NRO_GACETA, QUIEN, CALIDAD, CLASE, MODIFICADO, ANUALIDAD, NRO_RESOL, LEY, CLASES_TXT, DELETED) VALUES inserting data
2019-04-10 11:03:36,076 - root - ERROR - >>>>>>>>>>>>>>> issue with insert query ('42000', "[42000] [Microsoft][ODBC Driver 17 for SQL Server][SQL Server]Incorrect syntax near 'VALUES'. (102) (SQLExecDirectW)")
2019-04-10 11:03:36,173 - root - INFO - wrong query:INSERT INTO HN1.dbo.vw_origin_marca(rowNum,NRO_SOLICI, SOLICITADA, TIPO_MARCA, SIGNO, NOM_MARCA, REGISTRO, REGISTRADA, RENUEVA, EXPIRA, AGENTE, STATUS, STAT_DESDE, PESO_RASGO, LARFON, PESO_R, PUBLICADA, DIARIO, LIMITACION, HORA, RTOMO, RFOLIO, RESERVA, NRO_PODER, MODIFICA, NRO_GACETA, QUIEN, CALIDAD, CLASE, MODIFICADO, ANUALIDAD, NRO_RESOL, LEY, CLASES_TXT, DELETED) VALUES inserting data
2019-04-10 11:03:36,173 - root - ERROR - >>>>>>>>>>>>>>> issue with insert query ('42000', "[42000] [Microsoft][ODBC Driver 17 for SQL Server][SQL Server]Incorrect syntax near 'VALUES'. (102) (SQLExecDirectW)")
2019-04-10 11:03:36,272 - root - INFO - wrong query:INSERT INTO HN1.dbo.vw_origin_marca(rowNum,NRO_SOLICI, SOLICITADA, TIPO_MARCA, SIGNO, NOM_MARCA, REGISTRO, REGISTRADA, RENUEVA, EXPIRA, AGENTE, STATUS, STAT_DESDE, PESO_RASGO, LARFON, PESO_R, PUBLICADA, DIARIO, LIMITACION, HORA, RTOMO, RFOLIO, RESERVA, NRO_PODER, MODIFICA, NRO_GACETA, QUIEN, CALIDAD, CLASE, MODIFICADO, ANUALIDAD, NRO_RESOL, LEY, CLASES_TXT, DELETED) VALUES inserting data
2019-04-10 11:03:36,272 - root - ERROR - >>>>>>>>>>>>>>> issue with insert query ('42000', "[42000] [Microsoft][ODBC Driver 17 for SQL Server][SQL Server]Incorrect syntax near 'VALUES'. (102) (SQLExecDirectW)")
2019-04-10 11:03:36,371 - root - INFO - wrong query:INSERT INTO HN1.dbo.vw_origin_marca(rowNum,NRO_SOLICI, SOLICITADA, TIPO_MARCA, SIGNO, NOM_MARCA, REGISTRO, REGISTRADA, RENUEVA, EXPIRA, AGENTE, STATUS, STAT_DESDE, PESO_RASGO, LARFON, PESO_R, PUBLICADA, DIARIO, LIMITACION, HORA, RTOMO, RFOLIO, RESERVA, NRO_PODER, MODIFICA, NRO_GACETA, QUIEN, CALIDAD, CLASE, MODIFICADO, ANUALIDAD, NRO_RESOL, LEY, CLASES_TXT, DELETED) VALUES inserting data
2019-04-10 11:03:36,371 - root - ERROR - >>>>>>>>>>>>>>> issue with insert query ('42000', "[42000] [Microsoft][ODBC Driver 17 for SQL Server][SQL Server]Incorrect syntax near 'VALUES'. (102) (SQLExecDirectW)")
2019-04-10 11:03:36,473 - root - INFO - wrong query:INSERT INTO HN1.dbo.vw_origin_marca(rowNum,NRO_SOLICI, SOLICITADA, TIPO_MARCA, SIGNO, NOM_MARCA, REGISTRO, REGISTRADA, RENUEVA, EXPIRA, AGENTE, STATUS, STAT_DESDE, PESO_RASGO, LARFON, PESO_R, PUBLICADA, DIARIO, LIMITACION, HORA, RTOMO, RFOLIO, RESERVA, NRO_PODER, MODIFICA, NRO_GACETA, QUIEN, CALIDAD, CLASE, MODIFICADO, ANUALIDAD, NRO_RESOL, LEY, CLASES_TXT, DELETED) VALUES inserting data
2019-04-10 11:03:36,473 - root - ERROR - >>>>>>>>>>>>>>> issue with insert query ('42000', "[42000] [Microsoft][ODBC Driver 17 for SQL Server][SQL Server]Incorrect syntax near 'VALUES'. (102) (SQLExecDirectW)")
2019-04-10 11:03:36,573 - root - INFO - wrong query:INSERT INTO HN1.dbo.vw_origin_marca(rowNum,NRO_SOLICI, SOLICITADA, TIPO_MARCA, SIGNO, NOM_MARCA, REGISTRO, REGISTRADA, RENUEVA, EXPIRA, AGENTE, STATUS, STAT_DESDE, PESO_RASGO, LARFON, PESO_R, PUBLICADA, DIARIO, LIMITACION, HORA, RTOMO, RFOLIO, RESERVA, NRO_PODER, MODIFICA, NRO_GACETA, QUIEN, CALIDAD, CLASE, MODIFICADO, ANUALIDAD, NRO_RESOL, LEY, CLASES_TXT, DELETED) VALUES inserting data
2019-04-10 11:03:36,573 - root - ERROR - >>>>>>>>>>>>>>> issue with insert query ('42000', "[42000] [Microsoft][ODBC Driver 17 for SQL Server][SQL Server]Incorrect syntax near 'VALUES'. (102) (SQLExecDirectW)")
2019-04-10 11:03:36,670 - root - INFO - wrong query:INSERT INTO HN1.dbo.vw_origin_marca(rowNum,NRO_SOLICI, SOLICITADA, TIPO_MARCA, SIGNO, NOM_MARCA, REGISTRO, REGISTRADA, RENUEVA, EXPIRA, AGENTE, STATUS, STAT_DESDE, PESO_RASGO, LARFON, PESO_R, PUBLICADA, DIARIO, LIMITACION, HORA, RTOMO, RFOLIO, RESERVA, NRO_PODER, MODIFICA, NRO_GACETA, QUIEN, CALIDAD, CLASE, MODIFICADO, ANUALIDAD, NRO_RESOL, LEY, CLASES_TXT, DELETED) VALUES inserting data
2019-04-10 11:03:36,670 - root - ERROR - >>>>>>>>>>>>>>> issue with insert query ('42000', "[42000] [Microsoft][ODBC Driver 17 for SQL Server][SQL Server]Incorrect syntax near 'VALUES'. (102) (SQLExecDirectW)")
2019-04-10 11:03:36,768 - root - INFO - wrong query:INSERT INTO HN1.dbo.vw_origin_marca(rowNum,NRO_SOLICI, SOLICITADA, TIPO_MARCA, SIGNO, NOM_MARCA, REGISTRO, REGISTRADA, RENUEVA, EXPIRA, AGENTE, STATUS, STAT_DESDE, PESO_RASGO, LARFON, PESO_R, PUBLICADA, DIARIO, LIMITACION, HORA, RTOMO, RFOLIO, RESERVA, NRO_PODER, MODIFICA, NRO_GACETA, QUIEN, CALIDAD, CLASE, MODIFICADO, ANUALIDAD, NRO_RESOL, LEY, CLASES_TXT, DELETED) VALUES inserting data
2019-04-10 11:03:36,768 - root - ERROR - >>>>>>>>>>>>>>> issue with insert query ('42000', "[42000] [Microsoft][ODBC Driver 17 for SQL Server][SQL Server]Incorrect syntax near 'VALUES'. (102) (SQLExecDirectW)")
2019-04-10 11:03:36,871 - root - INFO - wrong query:INSERT INTO HN1.dbo.vw_origin_marca(rowNum,NRO_SOLICI, SOLICITADA, TIPO_MARCA, SIGNO, NOM_MARCA, REGISTRO, REGISTRADA, RENUEVA, EXPIRA, AGENTE, STATUS, STAT_DESDE, PESO_RASGO, LARFON, PESO_R, PUBLICADA, DIARIO, LIMITACION, HORA, RTOMO, RFOLIO, RESERVA, NRO_PODER, MODIFICA, NRO_GACETA, QUIEN, CALIDAD, CLASE, MODIFICADO, ANUALIDAD, NRO_RESOL, LEY, CLASES_TXT, DELETED) VALUES inserting data
2019-04-10 11:03:36,871 - root - ERROR - >>>>>>>>>>>>>>> issue with insert query ('42000', "[42000] [Microsoft][ODBC Driver 17 for SQL Server][SQL Server]Incorrect syntax near 'VALUES'. (102) (SQLExecDirectW)")
2019-04-10 11:03:36,971 - root - INFO - wrong query:INSERT INTO HN1.dbo.vw_origin_marca(rowNum,NRO_SOLICI, SOLICITADA, TIPO_MARCA, SIGNO, NOM_MARCA, REGISTRO, REGISTRADA, RENUEVA, EXPIRA, AGENTE, STATUS, STAT_DESDE, PESO_RASGO, LARFON, PESO_R, PUBLICADA, DIARIO, LIMITACION, HORA, RTOMO, RFOLIO, RESERVA, NRO_PODER, MODIFICA, NRO_GACETA, QUIEN, CALIDAD, CLASE, MODIFICADO, ANUALIDAD, NRO_RESOL, LEY, CLASES_TXT, DELETED) VALUES inserting data
2019-04-10 11:03:36,971 - root - ERROR - >>>>>>>>>>>>>>> issue with insert query ('42000', "[42000] [Microsoft][ODBC Driver 17 for SQL Server][SQL Server]Incorrect syntax near 'VALUES'. (102) (SQLExecDirectW)")
2019-04-10 11:03:37,071 - root - INFO - wrong query:INSERT INTO HN1.dbo.vw_origin_marca(rowNum,NRO_SOLICI, SOLICITADA, TIPO_MARCA, SIGNO, NOM_MARCA, REGISTRO, REGISTRADA, RENUEVA, EXPIRA, AGENTE, STATUS, STAT_DESDE, PESO_RASGO, LARFON, PESO_R, PUBLICADA, DIARIO, LIMITACION, HORA, RTOMO, RFOLIO, RESERVA, NRO_PODER, MODIFICA, NRO_GACETA, QUIEN, CALIDAD, CLASE, MODIFICADO, ANUALIDAD, NRO_RESOL, LEY, CLASES_TXT, DELETED) VALUES inserting data
2019-04-10 11:03:37,071 - root - ERROR - >>>>>>>>>>>>>>> issue with insert query ('42000', "[42000] [Microsoft][ODBC Driver 17 for SQL Server][SQL Server]Incorrect syntax near 'VALUES'. (102) (SQLExecDirectW)")
2019-04-10 11:03:37,171 - root - INFO - wrong query:INSERT INTO HN1.dbo.vw_origin_marca(rowNum,NRO_SOLICI, SOLICITADA, TIPO_MARCA, SIGNO, NOM_MARCA, REGISTRO, REGISTRADA, RENUEVA, EXPIRA, AGENTE, STATUS, STAT_DESDE, PESO_RASGO, LARFON, PESO_R, PUBLICADA, DIARIO, LIMITACION, HORA, RTOMO, RFOLIO, RESERVA, NRO_PODER, MODIFICA, NRO_GACETA, QUIEN, CALIDAD, CLASE, MODIFICADO, ANUALIDAD, NRO_RESOL, LEY, CLASES_TXT, DELETED) VALUES inserting data
2019-04-10 11:03:37,171 - root - ERROR - >>>>>>>>>>>>>>> issue with insert query ('42000', "[42000] [Microsoft][ODBC Driver 17 for SQL Server][SQL Server]Incorrect syntax near 'VALUES'. (102) (SQLExecDirectW)")
2019-04-10 11:03:37,273 - root - INFO - wrong query:INSERT INTO HN1.dbo.vw_origin_marca(rowNum,NRO_SOLICI, SOLICITADA, TIPO_MARCA, SIGNO, NOM_MARCA, REGISTRO, REGISTRADA, RENUEVA, EXPIRA, AGENTE, STATUS, STAT_DESDE, PESO_RASGO, LARFON, PESO_R, PUBLICADA, DIARIO, LIMITACION, HORA, RTOMO, RFOLIO, RESERVA, NRO_PODER, MODIFICA, NRO_GACETA, QUIEN, CALIDAD, CLASE, MODIFICADO, ANUALIDAD, NRO_RESOL, LEY, CLASES_TXT, DELETED) VALUES inserting data
2019-04-10 11:03:37,273 - root - ERROR - >>>>>>>>>>>>>>> issue with insert query ('42000', "[42000] [Microsoft][ODBC Driver 17 for SQL Server][SQL Server]Incorrect syntax near 'VALUES'. (102) (SQLExecDirectW)")
2019-04-10 11:03:37,374 - root - INFO - wrong query:INSERT INTO HN1.dbo.vw_origin_marca(rowNum,NRO_SOLICI, SOLICITADA, TIPO_MARCA, SIGNO, NOM_MARCA, REGISTRO, REGISTRADA, RENUEVA, EXPIRA, AGENTE, STATUS, STAT_DESDE, PESO_RASGO, LARFON, PESO_R, PUBLICADA, DIARIO, LIMITACION, HORA, RTOMO, RFOLIO, RESERVA, NRO_PODER, MODIFICA, NRO_GACETA, QUIEN, CALIDAD, CLASE, MODIFICADO, ANUALIDAD, NRO_RESOL, LEY, CLASES_TXT, DELETED) VALUES inserting data
2019-04-10 11:03:37,374 - root - ERROR - >>>>>>>>>>>>>>> issue with insert query ('42000', "[42000] [Microsoft][ODBC Driver 17 for SQL Server][SQL Server]Incorrect syntax near 'VALUES'. (102) (SQLExecDirectW)")
2019-04-10 11:03:37,472 - root - INFO - wrong query:INSERT INTO HN1.dbo.vw_origin_marca(rowNum,NRO_SOLICI, SOLICITADA, TIPO_MARCA, SIGNO, NOM_MARCA, REGISTRO, REGISTRADA, RENUEVA, EXPIRA, AGENTE, STATUS, STAT_DESDE, PESO_RASGO, LARFON, PESO_R, PUBLICADA, DIARIO, LIMITACION, HORA, RTOMO, RFOLIO, RESERVA, NRO_PODER, MODIFICA, NRO_GACETA, QUIEN, CALIDAD, CLASE, MODIFICADO, ANUALIDAD, NRO_RESOL, LEY, CLASES_TXT, DELETED) VALUES inserting data
2019-04-10 11:03:37,472 - root - ERROR - >>>>>>>>>>>>>>> issue with insert query ('42000', "[42000] [Microsoft][ODBC Driver 17 for SQL Server][SQL Server]Incorrect syntax near 'VALUES'. (102) (SQLExecDirectW)")
2019-04-10 11:03:37,575 - root - INFO - wrong query:INSERT INTO HN1.dbo.vw_origin_marca(rowNum,NRO_SOLICI, SOLICITADA, TIPO_MARCA, SIGNO, NOM_MARCA, REGISTRO, REGISTRADA, RENUEVA, EXPIRA, AGENTE, STATUS, STAT_DESDE, PESO_RASGO, LARFON, PESO_R, PUBLICADA, DIARIO, LIMITACION, HORA, RTOMO, RFOLIO, RESERVA, NRO_PODER, MODIFICA, NRO_GACETA, QUIEN, CALIDAD, CLASE, MODIFICADO, ANUALIDAD, NRO_RESOL, LEY, CLASES_TXT, DELETED) VALUES inserting data
2019-04-10 11:03:37,575 - root - ERROR - >>>>>>>>>>>>>>> issue with insert query ('42000', "[42000] [Microsoft][ODBC Driver 17 for SQL Server][SQL Server]Incorrect syntax near 'VALUES'. (102) (SQLExecDirectW)")
2019-04-10 11:03:37,681 - root - INFO - wrong query:INSERT INTO HN1.dbo.vw_origin_marca(rowNum,NRO_SOLICI, SOLICITADA, TIPO_MARCA, SIGNO, NOM_MARCA, REGISTRO, REGISTRADA, RENUEVA, EXPIRA, AGENTE, STATUS, STAT_DESDE, PESO_RASGO, LARFON, PESO_R, PUBLICADA, DIARIO, LIMITACION, HORA, RTOMO, RFOLIO, RESERVA, NRO_PODER, MODIFICA, NRO_GACETA, QUIEN, CALIDAD, CLASE, MODIFICADO, ANUALIDAD, NRO_RESOL, LEY, CLASES_TXT, DELETED) VALUES inserting data
2019-04-10 11:03:37,681 - root - ERROR - >>>>>>>>>>>>>>> issue with insert query ('42000', "[42000] [Microsoft][ODBC Driver 17 for SQL Server][SQL Server]Incorrect syntax near 'VALUES'. (102) (SQLExecDirectW)")
2019-04-10 11:03:37,785 - root - INFO - wrong query:INSERT INTO HN1.dbo.vw_origin_marca(rowNum,NRO_SOLICI, SOLICITADA, TIPO_MARCA, SIGNO, NOM_MARCA, REGISTRO, REGISTRADA, RENUEVA, EXPIRA, AGENTE, STATUS, STAT_DESDE, PESO_RASGO, LARFON, PESO_R, PUBLICADA, DIARIO, LIMITACION, HORA, RTOMO, RFOLIO, RESERVA, NRO_PODER, MODIFICA, NRO_GACETA, QUIEN, CALIDAD, CLASE, MODIFICADO, ANUALIDAD, NRO_RESOL, LEY, CLASES_TXT, DELETED) VALUES inserting data
2019-04-10 11:03:37,785 - root - ERROR - >>>>>>>>>>>>>>> issue with insert query ('42000', "[42000] [Microsoft][ODBC Driver 17 for SQL Server][SQL Server]Incorrect syntax near 'VALUES'. (102) (SQLExecDirectW)")
2019-04-10 11:03:37,886 - root - INFO - wrong query:INSERT INTO HN1.dbo.vw_origin_marca(rowNum,NRO_SOLICI, SOLICITADA, TIPO_MARCA, SIGNO, NOM_MARCA, REGISTRO, REGISTRADA, RENUEVA, EXPIRA, AGENTE, STATUS, STAT_DESDE, PESO_RASGO, LARFON, PESO_R, PUBLICADA, DIARIO, LIMITACION, HORA, RTOMO, RFOLIO, RESERVA, NRO_PODER, MODIFICA, NRO_GACETA, QUIEN, CALIDAD, CLASE, MODIFICADO, ANUALIDAD, NRO_RESOL, LEY, CLASES_TXT, DELETED) VALUES inserting data
2019-04-10 11:03:37,886 - root - ERROR - >>>>>>>>>>>>>>> issue with insert query ('42000', "[42000] [Microsoft][ODBC Driver 17 for SQL Server][SQL Server]Incorrect syntax near 'VALUES'. (102) (SQLExecDirectW)")
2019-04-10 11:03:37,984 - root - INFO - wrong query:INSERT INTO HN1.dbo.vw_origin_marca(rowNum,NRO_SOLICI, SOLICITADA, TIPO_MARCA, SIGNO, NOM_MARCA, REGISTRO, REGISTRADA, RENUEVA, EXPIRA, AGENTE, STATUS, STAT_DESDE, PESO_RASGO, LARFON, PESO_R, PUBLICADA, DIARIO, LIMITACION, HORA, RTOMO, RFOLIO, RESERVA, NRO_PODER, MODIFICA, NRO_GACETA, QUIEN, CALIDAD, CLASE, MODIFICADO, ANUALIDAD, NRO_RESOL, LEY, CLASES_TXT, DELETED) VALUES inserting data
2019-04-10 11:03:37,985 - root - ERROR - >>>>>>>>>>>>>>> issue with insert query ('42000', "[42000] [Microsoft][ODBC Driver 17 for SQL Server][SQL Server]Incorrect syntax near 'VALUES'. (102) (SQLExecDirectW)")
2019-04-10 11:03:38,086 - root - INFO - wrong query:INSERT INTO HN1.dbo.vw_origin_marca(rowNum,NRO_SOLICI, SOLICITADA, TIPO_MARCA, SIGNO, NOM_MARCA, REGISTRO, REGISTRADA, RENUEVA, EXPIRA, AGENTE, STATUS, STAT_DESDE, PESO_RASGO, LARFON, PESO_R, PUBLICADA, DIARIO, LIMITACION, HORA, RTOMO, RFOLIO, RESERVA, NRO_PODER, MODIFICA, NRO_GACETA, QUIEN, CALIDAD, CLASE, MODIFICADO, ANUALIDAD, NRO_RESOL, LEY, CLASES_TXT, DELETED) VALUES inserting data
2019-04-10 11:03:38,086 - root - ERROR - >>>>>>>>>>>>>>> issue with insert query ('42000', "[42000] [Microsoft][ODBC Driver 17 for SQL Server][SQL Server]Incorrect syntax near 'VALUES'. (102) (SQLExecDirectW)")
2019-04-10 11:03:38,185 - root - INFO - wrong query:INSERT INTO HN1.dbo.vw_origin_marca(rowNum,NRO_SOLICI, SOLICITADA, TIPO_MARCA, SIGNO, NOM_MARCA, REGISTRO, REGISTRADA, RENUEVA, EXPIRA, AGENTE, STATUS, STAT_DESDE, PESO_RASGO, LARFON, PESO_R, PUBLICADA, DIARIO, LIMITACION, HORA, RTOMO, RFOLIO, RESERVA, NRO_PODER, MODIFICA, NRO_GACETA, QUIEN, CALIDAD, CLASE, MODIFICADO, ANUALIDAD, NRO_RESOL, LEY, CLASES_TXT, DELETED) VALUES inserting data
2019-04-10 11:03:38,185 - root - ERROR - >>>>>>>>>>>>>>> issue with insert query ('42000', "[42000] [Microsoft][ODBC Driver 17 for SQL Server][SQL Server]Incorrect syntax near 'VALUES'. (102) (SQLExecDirectW)")
