2019-04-15 15:10:40,488 - root - WARNING - loading available logos
2019-04-15 15:10:40,520 - root - WARNING - connected to Sqlserver.
2019-04-15 15:10:40,536 - root - ERROR - >>>>>> issue with [Errno 22] Invalid argument: ' E:\\Temp\\1999015223.jpg'
2019-04-15 15:10:40,539 - root - ERROR - >>>>>> issue with [Errno 22] Invalid argument: ' E:\\Temp\\2000004450.jpg'
2019-04-15 15:10:40,618 - root - ERROR - >>>>>>>>>>>>>>> issue with image upload ('23000', "[23000] [Microsoft][ODBC Driver 17 for SQL Server][SQL Server]Violation of PRIMARY KEY constraint 'LOGOTIPO_PK'. Cannot insert duplicate key in object 'HNADMIN.IP_LOGO'. The duplicate key value is (241, 1, M, 1900). (2627) (SQLParamData); [23000] [Microsoft][ODBC Driver 17 for SQL Server][SQL Server]The statement has been terminated. (3621)")
2019-04-15 15:10:40,684 - root - ERROR - >>>>>>>>>>>>>>> issue with image upload ('23000', "[23000] [Microsoft][ODBC Driver 17 for SQL Server][SQL Server]Violation of PRIMARY KEY constraint 'LOGOTIPO_PK'. Cannot insert duplicate key in object 'HNADMIN.IP_LOGO'. The duplicate key value is (379, 1, M, 1900). (2627) (SQLParamData); [23000] [Microsoft][ODBC Driver 17 for SQL Server][SQL Server]The statement has been terminated. (3621)")
2019-04-15 15:10:41,066 - root - ERROR - >>>>>>>>>>>>>>> issue with image upload ('23000', "[23000] [Microsoft][ODBC Driver 17 for SQL Server][SQL Server]Violation of PRIMARY KEY constraint 'LOGOTIPO_PK'. Cannot insert duplicate key in object 'HNADMIN.IP_LOGO'. The duplicate key value is (9551, 1, M, 1992). (2627) (SQLParamData); [23000] [Microsoft][ODBC Driver 17 for SQL Server][SQL Server]The statement has been terminated. (3621)")
2019-04-15 15:10:41,447 - root - ERROR - >>>>>>>>>>>>>>> issue with image upload ('23000', "[23000] [Microsoft][ODBC Driver 17 for SQL Server][SQL Server]Violation of PRIMARY KEY constraint 'LOGOTIPO_PK'. Cannot insert duplicate key in object 'HNADMIN.IP_LOGO'. The duplicate key value is (11996, 1, M, 2003). (2627) (SQLParamData); [23000] [Microsoft][ODBC Driver 17 for SQL Server][SQL Server]The statement has been terminated. (3621)")
2019-04-15 15:10:41,479 - root - ERROR - >>>>>>>>>>>>>>> issue with image upload ('23000', "[23000] [Microsoft][ODBC Driver 17 for SQL Server][SQL Server]Violation of PRIMARY KEY constraint 'LOGOTIPO_PK'. Cannot insert duplicate key in object 'HNADMIN.IP_LOGO'. The duplicate key value is (9445, 1, M, 2003). (2627) (SQLParamData); [23000] [Microsoft][ODBC Driver 17 for SQL Server][SQL Server]The statement has been terminated. (3621)")
2019-04-15 15:10:41,481 - root - ERROR - >>>>>>>>>>>>>>> issue with image upload ('23000', "[23000] [Microsoft][ODBC Driver 17 for SQL Server][SQL Server]Violation of PRIMARY KEY constraint 'LOGOTIPO_PK'. Cannot insert duplicate key in object 'HNADMIN.IP_LOGO'. The duplicate key value is (17769, 1, M, 2003). (2627) (SQLParamData); [23000] [Microsoft][ODBC Driver 17 for SQL Server][SQL Server]The statement has been terminated. (3621)")
2019-04-15 15:10:41,482 - root - ERROR - >>>>>>>>>>>>>>> issue with image upload ('23000', "[23000] [Microsoft][ODBC Driver 17 for SQL Server][SQL Server]Violation of PRIMARY KEY constraint 'LOGOTIPO_PK'. Cannot insert duplicate key in object 'HNADMIN.IP_LOGO'. The duplicate key value is (17974, 1, M, 2003). (2627) (SQLExecDirectW); [23000] [Microsoft][ODBC Driver 17 for SQL Server][SQL Server]The statement has been terminated. (3621)")
2019-04-15 15:10:41,483 - root - ERROR - >>>>>>>>>>>>>>> issue with image upload ('23000', "[23000] [Microsoft][ODBC Driver 17 for SQL Server][SQL Server]Violation of PRIMARY KEY constraint 'LOGOTIPO_PK'. Cannot insert duplicate key in object 'HNADMIN.IP_LOGO'. The duplicate key value is (23149, 1, M, 2003). (2627) (SQLParamData); [23000] [Microsoft][ODBC Driver 17 for SQL Server][SQL Server]The statement has been terminated. (3621)")
2019-04-15 15:10:41,484 - root - ERROR - >>>>>>>>>>>>>>> issue with image upload ('23000', "[23000] [Microsoft][ODBC Driver 17 for SQL Server][SQL Server]Violation of PRIMARY KEY constraint 'LOGOTIPO_PK'. Cannot insert duplicate key in object 'HNADMIN.IP_LOGO'. The duplicate key value is (23169, 1, M, 2003). (2627) (SQLParamData); [23000] [Microsoft][ODBC Driver 17 for SQL Server][SQL Server]The statement has been terminated. (3621)")
2019-04-15 15:10:41,485 - root - ERROR - >>>>>>>>>>>>>>> issue with image upload ('23000', "[23000] [Microsoft][ODBC Driver 17 for SQL Server][SQL Server]Violation of PRIMARY KEY constraint 'LOGOTIPO_PK'. Cannot insert duplicate key in object 'HNADMIN.IP_LOGO'. The duplicate key value is (23170, 1, M, 2003). (2627) (SQLParamData); [23000] [Microsoft][ODBC Driver 17 for SQL Server][SQL Server]The statement has been terminated. (3621)")
2019-04-15 15:10:41,715 - root - ERROR - >>>>>>>>>>>>>>> issue with image upload ('23000', "[23000] [Microsoft][ODBC Driver 17 for SQL Server][SQL Server]Violation of PRIMARY KEY constraint 'LOGOTIPO_PK'. Cannot insert duplicate key in object 'HNADMIN.IP_LOGO'. The duplicate key value is (7392, 1, M, 2007). (2627) (SQLParamData); [23000] [Microsoft][ODBC Driver 17 for SQL Server][SQL Server]The statement has been terminated. (3621)")
2019-04-15 15:10:41,787 - root - ERROR - >>>>>>>>>>>>>>> issue with image upload ('23000', "[23000] [Microsoft][ODBC Driver 17 for SQL Server][SQL Server]Violation of PRIMARY KEY constraint 'LOGOTIPO_PK'. Cannot insert duplicate key in object 'HNADMIN.IP_LOGO'. The duplicate key value is (15169, 1, M, 2007). (2627) (SQLExecDirectW); [23000] [Microsoft][ODBC Driver 17 for SQL Server][SQL Server]The statement has been terminated. (3621)")
2019-04-15 15:10:41,832 - root - ERROR - >>>>>>>>>>>>>>> issue with image upload ('23000', "[23000] [Microsoft][ODBC Driver 17 for SQL Server][SQL Server]Violation of PRIMARY KEY constraint 'LOGOTIPO_PK'. Cannot insert duplicate key in object 'HNADMIN.IP_LOGO'. The duplicate key value is (39666, 1, M, 2007). (2627) (SQLParamData); [23000] [Microsoft][ODBC Driver 17 for SQL Server][SQL Server]The statement has been terminated. (3621)")
2019-04-15 15:10:41,877 - root - ERROR - >>>>>>>>>>>>>>> issue with image upload ('23000', "[23000] [Microsoft][ODBC Driver 17 for SQL Server][SQL Server]Violation of PRIMARY KEY constraint 'LOGOTIPO_PK'. Cannot insert duplicate key in object 'HNADMIN.IP_LOGO'. The duplicate key value is (14545, 1, M, 2008). (2627) (SQLParamData); [23000] [Microsoft][ODBC Driver 17 for SQL Server][SQL Server]The statement has been terminated. (3621)")
2019-04-15 15:10:42,187 - root - ERROR - >>>>>>>>>>>>>>> issue with image upload ('23000', "[23000] [Microsoft][ODBC Driver 17 for SQL Server][SQL Server]Violation of PRIMARY KEY constraint 'LOGOTIPO_PK'. Cannot insert duplicate key in object 'HNADMIN.IP_LOGO'. The duplicate key value is (25678, 1, M, 2009). (2627) (SQLParamData); [23000] [Microsoft][ODBC Driver 17 for SQL Server][SQL Server]The statement has been terminated. (3621)")
2019-04-15 15:10:42,204 - root - ERROR - >>>>>>>>>>>>>>> issue with image upload ('23000', "[23000] [Microsoft][ODBC Driver 17 for SQL Server][SQL Server]Violation of PRIMARY KEY constraint 'LOGOTIPO_PK'. Cannot insert duplicate key in object 'HNADMIN.IP_LOGO'. The duplicate key value is (25901, 1, M, 2009). (2627) (SQLParamData); [23000] [Microsoft][ODBC Driver 17 for SQL Server][SQL Server]The statement has been terminated. (3621)")
2019-04-15 15:10:42,481 - root - ERROR - >>>>>>>>>>>>>>> issue with image upload ('23000', "[23000] [Microsoft][ODBC Driver 17 for SQL Server][SQL Server]Violation of PRIMARY KEY constraint 'LOGOTIPO_PK'. Cannot insert duplicate key in object 'HNADMIN.IP_LOGO'. The duplicate key value is (27123, 1, M, 2011). (2627) (SQLParamData); [23000] [Microsoft][ODBC Driver 17 for SQL Server][SQL Server]The statement has been terminated. (3621)")
2019-04-15 15:10:42,509 - root - ERROR - >>>>>>>>>>>>>>> issue with image upload ('23000', "[23000] [Microsoft][ODBC Driver 17 for SQL Server][SQL Server]Violation of PRIMARY KEY constraint 'LOGOTIPO_PK'. Cannot insert duplicate key in object 'HNADMIN.IP_LOGO'. The duplicate key value is (32073, 1, M, 2011). (2627) (SQLParamData); [23000] [Microsoft][ODBC Driver 17 for SQL Server][SQL Server]The statement has been terminated. (3621)")
2019-04-15 15:10:42,510 - root - ERROR - >>>>>>>>>>>>>>> issue with image upload ('23000', "[23000] [Microsoft][ODBC Driver 17 for SQL Server][SQL Server]Violation of PRIMARY KEY constraint 'LOGOTIPO_PK'. Cannot insert duplicate key in object 'HNADMIN.IP_LOGO'. The duplicate key value is (32739, 1, M, 2011). (2627) (SQLParamData); [23000] [Microsoft][ODBC Driver 17 for SQL Server][SQL Server]The statement has been terminated. (3621)")
2019-04-15 15:10:42,511 - root - ERROR - >>>>>>>>>>>>>>> issue with image upload ('23000', "[23000] [Microsoft][ODBC Driver 17 for SQL Server][SQL Server]Violation of PRIMARY KEY constraint 'LOGOTIPO_PK'. Cannot insert duplicate key in object 'HNADMIN.IP_LOGO'. The duplicate key value is (32742, 1, M, 2011). (2627) (SQLParamData); [23000] [Microsoft][ODBC Driver 17 for SQL Server][SQL Server]The statement has been terminated. (3621)")
2019-04-15 15:10:42,513 - root - ERROR - >>>>>>>>>>>>>>> issue with image upload ('23000', "[23000] [Microsoft][ODBC Driver 17 for SQL Server][SQL Server]Violation of PRIMARY KEY constraint 'LOGOTIPO_PK'. Cannot insert duplicate key in object 'HNADMIN.IP_LOGO'. The duplicate key value is (32745, 1, M, 2011). (2627) (SQLParamData); [23000] [Microsoft][ODBC Driver 17 for SQL Server][SQL Server]The statement has been terminated. (3621)")
2019-04-15 15:10:42,622 - root - ERROR - >>>>>> issue with [Errno 22] Invalid argument: ' E:\\Temp\\1900000975.jpg'
2019-04-15 15:10:42,624 - root - ERROR - >>>>>> issue with [Errno 22] Invalid argument: ' E:\\Temp\\19000010685.jpg'
2019-04-15 15:10:42,626 - root - ERROR - >>>>>> issue with [Errno 22] Invalid argument: ' E:\\Temp\\1900002569.jpg'
2019-04-15 15:10:42,628 - root - ERROR - >>>>>> issue with [Errno 22] Invalid argument: ' E:\\Temp\\1900003879.jpg'
2019-04-15 15:10:42,631 - root - ERROR - >>>>>> issue with [Errno 22] Invalid argument: ' E:\\Temp\\1900005427.jpg'
2019-04-15 15:10:42,634 - root - ERROR - >>>>>> issue with [Errno 22] Invalid argument: ' E:\\Temp\\1900005851.jpg'
2019-04-15 15:10:42,639 - root - ERROR - >>>>>> issue with [Errno 22] Invalid argument: ' E:\\Temp\\1900005852.jpg'
2019-04-15 15:10:42,643 - root - ERROR - >>>>>> issue with [Errno 22] Invalid argument: ' E:\\Temp\\1900007262.jpg'
2019-04-15 15:10:42,646 - root - ERROR - >>>>>> issue with [Errno 22] Invalid argument: ' E:\\Temp\\1900007373.jpg'
2019-04-15 15:10:42,649 - root - ERROR - >>>>>> issue with [Errno 22] Invalid argument: ' E:\\Temp\\1900008510.jpg'
2019-04-15 15:10:42,652 - root - ERROR - >>>>>> issue with [Errno 22] Invalid argument: ' E:\\Temp\\1900008701.jpg'
2019-04-15 15:10:42,655 - root - ERROR - >>>>>> issue with [Errno 22] Invalid argument: ' E:\\Temp\\1900008883.jpg'
2019-04-15 15:10:42,658 - root - ERROR - >>>>>> issue with [Errno 22] Invalid argument: ' E:\\Temp\\1900009086.jpg'
2019-04-15 15:10:42,661 - root - ERROR - >>>>>> issue with [Errno 22] Invalid argument: ' E:\\Temp\\1900010630.jpg'
2019-04-15 15:10:42,663 - root - ERROR - >>>>>> issue with [Errno 22] Invalid argument: ' E:\\Temp\\1900010695.jpg'
2019-04-15 15:10:42,665 - root - ERROR - >>>>>> issue with [Errno 22] Invalid argument: ' E:\\Temp\\1900010785.jpg'
2019-04-15 15:10:42,668 - root - ERROR - >>>>>> issue with [Errno 22] Invalid argument: ' E:\\Temp\\1900010797.jpg'
2019-04-15 15:10:42,670 - root - ERROR - >>>>>> issue with [Errno 22] Invalid argument: ' E:\\Temp\\1900010802.jpg'
2019-04-15 15:10:42,674 - root - ERROR - >>>>>> issue with [Errno 22] Invalid argument: ' E:\\Temp\\1900010947.jpg'
2019-04-15 15:10:42,676 - root - ERROR - >>>>>> issue with [Errno 22] Invalid argument: ' E:\\Temp\\1900011470.jpg'
2019-04-15 15:10:42,678 - root - ERROR - >>>>>> issue with [Errno 22] Invalid argument: ' E:\\Temp\\1900011755.jpg'
2019-04-15 15:10:42,680 - root - ERROR - >>>>>> issue with [Errno 22] Invalid argument: ' E:\\Temp\\1900012134.jpg'
2019-04-15 15:10:42,683 - root - ERROR - >>>>>> issue with [Errno 22] Invalid argument: ' E:\\Temp\\1900012181.jpg'
2019-04-15 15:10:42,698 - root - ERROR - >>>>>> issue with [Errno 22] Invalid argument: ' E:\\Temp\\1900012857.jpg'
2019-04-15 15:10:42,702 - root - ERROR - >>>>>> issue with [Errno 22] Invalid argument: ' E:\\Temp\\1900013251.jpg'
2019-04-15 15:10:42,706 - root - ERROR - >>>>>> issue with [Errno 22] Invalid argument: ' E:\\Temp\\1900013358.jpg'
2019-04-15 15:10:42,709 - root - ERROR - >>>>>> issue with [Errno 22] Invalid argument: ' E:\\Temp\\1900013372.jpg'
2019-04-15 15:10:42,713 - root - ERROR - >>>>>> issue with [Errno 22] Invalid argument: ' E:\\Temp\\1900013373.jpg'
2019-04-15 15:10:42,716 - root - ERROR - >>>>>> issue with [Errno 22] Invalid argument: ' E:\\Temp\\1900013479.jpg'
2019-04-15 15:10:42,719 - root - ERROR - >>>>>> issue with [Errno 22] Invalid argument: ' E:\\Temp\\1900014002.jpg'
2019-04-15 15:10:42,723 - root - ERROR - >>>>>> issue with [Errno 22] Invalid argument: ' E:\\Temp\\1900014795.jpg'
2019-04-15 15:10:42,730 - root - ERROR - >>>>>> issue with [Errno 22] Invalid argument: ' E:\\Temp\\1900016096.jpg'
2019-04-15 15:10:42,733 - root - ERROR - >>>>>> issue with [Errno 22] Invalid argument: ' E:\\Temp\\1900016135.jpg'
2019-04-15 15:10:42,737 - root - ERROR - >>>>>> issue with [Errno 22] Invalid argument: ' E:\\Temp\\1900016544.jpg'
2019-04-15 15:10:42,741 - root - ERROR - >>>>>> issue with [Errno 22] Invalid argument: ' E:\\Temp\\1900017948.jpg'
2019-04-15 15:10:42,743 - root - ERROR - >>>>>> issue with [Errno 22] Invalid argument: ' E:\\Temp\\1900018766.jpg'
2019-04-15 15:10:42,747 - root - ERROR - >>>>>> issue with [Errno 22] Invalid argument: ' E:\\Temp\\1900019489.jpg'
2019-04-15 15:10:42,749 - root - ERROR - >>>>>> issue with [Errno 22] Invalid argument: ' E:\\Temp\\1900019844.jpg'
2019-04-15 15:10:42,752 - root - ERROR - >>>>>> issue with [Errno 22] Invalid argument: ' E:\\Temp\\1900020278.jpg'
2019-04-15 15:10:42,754 - root - ERROR - >>>>>> issue with [Errno 22] Invalid argument: ' E:\\Temp\\1900020281.jpg'
2019-04-15 15:10:42,757 - root - ERROR - >>>>>> issue with [Errno 22] Invalid argument: ' E:\\Temp\\1900020503.jpg'
2019-04-15 15:10:42,760 - root - ERROR - >>>>>> issue with [Errno 22] Invalid argument: ' E:\\Temp\\1900020620.jpg'
2019-04-15 15:10:42,764 - root - ERROR - >>>>>> issue with [Errno 22] Invalid argument: ' E:\\Temp\\1900020957.jpg'
2019-04-15 15:10:42,766 - root - ERROR - >>>>>> issue with [Errno 22] Invalid argument: ' E:\\Temp\\1900021242.jpg'
2019-04-15 15:10:42,770 - root - ERROR - >>>>>> issue with [Errno 22] Invalid argument: ' E:\\Temp\\1900021492.jpg'
2019-04-15 15:10:42,774 - root - ERROR - >>>>>> issue with [Errno 22] Invalid argument: ' E:\\Temp\\1900021572.jpg'
2019-04-15 15:10:42,776 - root - ERROR - >>>>>> issue with [Errno 22] Invalid argument: ' E:\\Temp\\1900021576.jpg'
2019-04-15 15:10:42,780 - root - ERROR - >>>>>> issue with [Errno 22] Invalid argument: ' E:\\Temp\\1900022113.jpg'
2019-04-15 15:10:42,783 - root - ERROR - >>>>>> issue with [Errno 22] Invalid argument: ' E:\\Temp\\1900022186.jpg'
2019-04-15 15:10:42,785 - root - ERROR - >>>>>> issue with [Errno 22] Invalid argument: ' E:\\Temp\\1900022910.jpg'
2019-04-15 15:10:42,787 - root - ERROR - >>>>>> issue with [Errno 22] Invalid argument: ' E:\\Temp\\1900023100.jpg'
2019-04-15 15:10:42,790 - root - ERROR - >>>>>> issue with [Errno 22] Invalid argument: ' E:\\Temp\\1900023101.jpg'
2019-04-15 15:10:42,793 - root - ERROR - >>>>>> issue with [Errno 22] Invalid argument: ' E:\\Temp\\1900023466.jpg'
2019-04-15 15:10:42,797 - root - ERROR - >>>>>> issue with [Errno 22] Invalid argument: ' E:\\Temp\\1900023467.jpg'
2019-04-15 15:10:42,801 - root - ERROR - >>>>>> issue with [Errno 22] Invalid argument: ' E:\\Temp\\1900023471.jpg'
2019-04-15 15:10:42,805 - root - ERROR - >>>>>> issue with [Errno 22] Invalid argument: ' E:\\Temp\\1900023706.jpg'
2019-04-15 15:10:42,811 - root - ERROR - >>>>>> issue with [Errno 22] Invalid argument: ' E:\\Temp\\1900023806.jpg'
2019-04-15 15:10:42,814 - root - ERROR - >>>>>> issue with [Errno 22] Invalid argument: ' E:\\Temp\\1900023886.jpg'
2019-04-15 15:10:42,817 - root - ERROR - >>>>>> issue with [Errno 22] Invalid argument: ' E:\\Temp\\1900024006.jpg'
2019-04-15 15:10:42,820 - root - ERROR - >>>>>> issue with [Errno 22] Invalid argument: ' E:\\Temp\\1900024703.jpg'
2019-04-15 15:10:42,823 - root - ERROR - >>>>>> issue with [Errno 22] Invalid argument: ' E:\\Temp\\1900025688.jpg'
2019-04-15 15:10:42,827 - root - ERROR - >>>>>> issue with [Errno 22] Invalid argument: ' E:\\Temp\\1900025897.jpg'
2019-04-15 15:10:42,830 - root - ERROR - >>>>>> issue with [Errno 22] Invalid argument: ' E:\\Temp\\1900026031.jpg'
2019-04-15 15:10:42,832 - root - ERROR - >>>>>> issue with [Errno 22] Invalid argument: ' E:\\Temp\\1900026233.jpg'
2019-04-15 15:10:42,835 - root - ERROR - >>>>>> issue with [Errno 22] Invalid argument: ' E:\\Temp\\1900026234.jpg'
2019-04-15 15:10:42,838 - root - ERROR - >>>>>> issue with [Errno 22] Invalid argument: ' E:\\Temp\\1900026235.jpg'
2019-04-15 15:10:42,841 - root - ERROR - >>>>>> issue with [Errno 22] Invalid argument: ' E:\\Temp\\1900026236.jpg'
2019-04-15 15:10:42,844 - root - ERROR - >>>>>> issue with [Errno 22] Invalid argument: ' E:\\Temp\\1900026847.jpg'
2019-04-15 15:10:42,847 - root - ERROR - >>>>>> issue with [Errno 22] Invalid argument: ' E:\\Temp\\1900028015.jpg'
2019-04-15 15:10:42,850 - root - ERROR - >>>>>> issue with [Errno 22] Invalid argument: ' E:\\Temp\\1900028114.jpg'
2019-04-15 15:10:42,852 - root - ERROR - >>>>>> issue with [Errno 22] Invalid argument: ' E:\\Temp\\1900028161.jpg'
2019-04-15 15:10:42,854 - root - ERROR - >>>>>> issue with [Errno 22] Invalid argument: ' E:\\Temp\\1900028200.jpg'
2019-04-15 15:10:42,857 - root - ERROR - >>>>>> issue with [Errno 22] Invalid argument: ' E:\\Temp\\1900028415.jpg'
2019-04-15 15:10:42,860 - root - ERROR - >>>>>> issue with [Errno 22] Invalid argument: ' E:\\Temp\\1900028580.jpg'
2019-04-15 15:10:42,863 - root - ERROR - >>>>>> issue with [Errno 22] Invalid argument: ' E:\\Temp\\1900028581.jpg'
2019-04-15 15:10:42,865 - root - ERROR - >>>>>> issue with [Errno 22] Invalid argument: ' E:\\Temp\\1900028741.jpg'
2019-04-15 15:10:42,868 - root - ERROR - >>>>>> issue with [Errno 22] Invalid argument: ' E:\\Temp\\1900028915.jpg'
2019-04-15 15:10:42,870 - root - ERROR - >>>>>> issue with [Errno 22] Invalid argument: ' E:\\Temp\\1900029002.jpg'
2019-04-15 15:10:42,873 - root - ERROR - >>>>>> issue with [Errno 22] Invalid argument: ' E:\\Temp\\1900029015.jpg'
2019-04-15 15:10:42,877 - root - ERROR - >>>>>> issue with [Errno 22] Invalid argument: ' E:\\Temp\\1900029223.jpg'
2019-04-15 15:10:42,879 - root - ERROR - >>>>>> issue with [Errno 22] Invalid argument: ' E:\\Temp\\1900029396.jpg'
2019-04-15 15:10:42,883 - root - ERROR - >>>>>> issue with [Errno 22] Invalid argument: ' E:\\Temp\\1900029605.jpg'
2019-04-15 15:10:42,885 - root - ERROR - >>>>>> issue with [Errno 22] Invalid argument: ' E:\\Temp\\1900029722.jpg'
2019-04-15 15:10:42,887 - root - ERROR - >>>>>> issue with [Errno 22] Invalid argument: ' E:\\Temp\\1900029740.jpg'
2019-04-15 15:10:42,890 - root - ERROR - >>>>>> issue with [Errno 22] Invalid argument: ' E:\\Temp\\1900030206.jpg'
2019-04-15 15:10:42,892 - root - ERROR - >>>>>> issue with [Errno 22] Invalid argument: ' E:\\Temp\\1900030595.jpg'
2019-04-15 15:10:42,895 - root - ERROR - >>>>>> issue with [Errno 22] Invalid argument: ' E:\\Temp\\1900040016.jpg'
2019-04-15 15:10:42,897 - root - ERROR - >>>>>> issue with [Errno 22] Invalid argument: ' E:\\Temp\\1900040217.jpg'
2019-04-15 15:10:42,900 - root - ERROR - >>>>>> issue with [Errno 22] Invalid argument: ' E:\\Temp\\1900040704.jpg'
2019-04-15 15:10:42,902 - root - ERROR - >>>>>> issue with [Errno 22] Invalid argument: ' E:\\Temp\\1900040784.jpg'
2019-04-15 15:10:42,907 - root - ERROR - >>>>>> issue with [Errno 22] Invalid argument: ' E:\\Temp\\1900040984.jpg'
2019-04-15 15:10:42,910 - root - ERROR - >>>>>> issue with [Errno 22] Invalid argument: ' E:\\Temp\\1900041025.jpg'
2019-04-15 15:10:42,913 - root - ERROR - >>>>>> issue with [Errno 22] Invalid argument: ' E:\\Temp\\1900041090.jpg'
2019-04-15 15:10:42,916 - root - ERROR - >>>>>> issue with [Errno 22] Invalid argument: ' E:\\Temp\\1900041126.jpg'
2019-04-15 15:10:42,919 - root - ERROR - >>>>>> issue with [Errno 22] Invalid argument: ' E:\\Temp\\1900041356.jpg'
2019-04-15 15:10:42,922 - root - ERROR - >>>>>> issue with [Errno 22] Invalid argument: ' E:\\Temp\\1900041458.jpg'
2019-04-15 15:10:42,925 - root - ERROR - >>>>>> issue with [Errno 22] Invalid argument: ' E:\\Temp\\1900041575.jpg'
2019-04-15 15:10:42,929 - root - ERROR - >>>>>> issue with [Errno 22] Invalid argument: ' E:\\Temp\\1900041691.jpg'
2019-04-15 15:10:42,931 - root - ERROR - >>>>>> issue with [Errno 22] Invalid argument: ' E:\\Temp\\1900042868.jpg'
2019-04-15 15:10:42,934 - root - ERROR - >>>>>> issue with [Errno 22] Invalid argument: ' E:\\Temp\\1900043357.jpg'
2019-04-15 15:10:42,937 - root - ERROR - >>>>>> issue with [Errno 22] Invalid argument: ' E:\\Temp\\1900043385.jpg'
2019-04-15 15:10:42,940 - root - ERROR - >>>>>> issue with [Errno 22] Invalid argument: ' E:\\Temp\\1900043463.jpg'
2019-04-15 15:10:42,943 - root - ERROR - >>>>>> issue with [Errno 22] Invalid argument: ' E:\\Temp\\1900043672.jpg'
2019-04-15 15:10:42,945 - root - ERROR - >>>>>> issue with [Errno 22] Invalid argument: ' E:\\Temp\\1900043698.jpg'
2019-04-15 15:10:42,947 - root - ERROR - >>>>>> issue with [Errno 22] Invalid argument: ' E:\\Temp\\1900043963.jpg'
2019-04-15 15:10:42,950 - root - ERROR - >>>>>> issue with [Errno 22] Invalid argument: ' E:\\Temp\\1900044947.jpg'
2019-04-15 15:10:42,953 - root - ERROR - >>>>>> issue with [Errno 22] Invalid argument: ' E:\\Temp\\1900045189.jpg'
2019-04-15 15:10:42,956 - root - ERROR - >>>>>> issue with [Errno 22] Invalid argument: ' E:\\Temp\\1900045287.jpg'
2019-04-15 15:10:42,959 - root - ERROR - >>>>>> issue with [Errno 22] Invalid argument: ' E:\\Temp\\1900045335.jpg'
2019-04-15 15:10:42,961 - root - ERROR - >>>>>> issue with [Errno 22] Invalid argument: ' E:\\Temp\\1900045355.jpg'
2019-04-15 15:10:42,963 - root - ERROR - >>>>>> issue with [Errno 22] Invalid argument: ' E:\\Temp\\1900045598.jpg'
2019-04-15 15:10:42,966 - root - ERROR - >>>>>> issue with [Errno 22] Invalid argument: ' E:\\Temp\\1900045776.jpg'
2019-04-15 15:10:42,969 - root - ERROR - >>>>>> issue with [Errno 22] Invalid argument: ' E:\\Temp\\1900045810.jpg'
2019-04-15 15:10:42,973 - root - ERROR - >>>>>> issue with [Errno 22] Invalid argument: ' E:\\Temp\\1900045814.jpg'
2019-04-15 15:10:42,977 - root - ERROR - >>>>>> issue with [Errno 22] Invalid argument: ' E:\\Temp\\1900045827.jpg'
2019-04-15 15:10:42,982 - root - ERROR - >>>>>> issue with [Errno 22] Invalid argument: ' E:\\Temp\\1900046894.jpg'
2019-04-15 15:10:42,985 - root - ERROR - >>>>>> issue with [Errno 22] Invalid argument: ' E:\\Temp\\1900047017.jpg'
2019-04-15 15:10:42,987 - root - ERROR - >>>>>> issue with [Errno 22] Invalid argument: ' E:\\Temp\\1900047112.jpg'
2019-04-15 15:10:42,994 - root - ERROR - >>>>>> issue with [Errno 22] Invalid argument: ' E:\\Temp\\1900047198.jpg'
2019-04-15 15:10:42,997 - root - ERROR - >>>>>> issue with [Errno 22] Invalid argument: ' E:\\Temp\\1900047272.jpg'
2019-04-15 15:10:42,999 - root - ERROR - >>>>>> issue with [Errno 22] Invalid argument: ' E:\\Temp\\1900047420.jpg'
2019-04-15 15:10:43,001 - root - ERROR - >>>>>> issue with [Errno 22] Invalid argument: ' E:\\Temp\\1900047493.jpg'
2019-04-15 15:10:43,003 - root - ERROR - >>>>>> issue with [Errno 22] Invalid argument: ' E:\\Temp\\1900047621.jpg'
2019-04-15 15:10:43,006 - root - ERROR - >>>>>> issue with [Errno 22] Invalid argument: ' E:\\Temp\\1900047900.jpg'
2019-04-15 15:10:43,015 - root - ERROR - >>>>>> issue with [Errno 22] Invalid argument: ' E:\\Temp\\1900048216.jpg'
2019-04-15 15:10:43,017 - root - ERROR - >>>>>> issue with [Errno 22] Invalid argument: ' E:\\Temp\\1900048350.jpg'
2019-04-15 15:10:43,020 - root - ERROR - >>>>>> issue with [Errno 22] Invalid argument: ' E:\\Temp\\1900048424.jpg'
2019-04-15 15:10:43,022 - root - ERROR - >>>>>> issue with [Errno 22] Invalid argument: ' E:\\Temp\\1900048483.jpg'
2019-04-15 15:10:43,024 - root - ERROR - >>>>>> issue with [Errno 22] Invalid argument: ' E:\\Temp\\1900048549.jpg'
2019-04-15 15:10:43,027 - root - ERROR - >>>>>> issue with [Errno 22] Invalid argument: ' E:\\Temp\\1900048550.jpg'
2019-04-15 15:10:43,032 - root - ERROR - >>>>>> issue with [Errno 22] Invalid argument: ' E:\\Temp\\1900048741.jpg'
2019-04-15 15:10:43,037 - root - ERROR - >>>>>> issue with [Errno 22] Invalid argument: ' E:\\Temp\\1900048773.jpg'
2019-04-15 15:10:43,041 - root - ERROR - >>>>>> issue with [Errno 22] Invalid argument: ' E:\\Temp\\1900049045.jpg'
2019-04-15 15:10:43,043 - root - ERROR - >>>>>> issue with [Errno 22] Invalid argument: ' E:\\Temp\\1900049046.jpg'
2019-04-15 15:10:43,046 - root - ERROR - >>>>>> issue with [Errno 22] Invalid argument: ' E:\\Temp\\1900049059.jpg'
2019-04-15 15:10:43,048 - root - ERROR - >>>>>> issue with [Errno 22] Invalid argument: ' E:\\Temp\\1900049060.jpg'
2019-04-15 15:10:43,050 - root - ERROR - >>>>>> issue with [Errno 22] Invalid argument: ' E:\\Temp\\1900049061.jpg'
2019-04-15 15:10:43,052 - root - ERROR - >>>>>> issue with [Errno 22] Invalid argument: ' E:\\Temp\\1900049062.jpg'
2019-04-15 15:10:43,054 - root - ERROR - >>>>>> issue with [Errno 22] Invalid argument: ' E:\\Temp\\1900049148.jpg'
2019-04-15 15:10:43,056 - root - ERROR - >>>>>> issue with [Errno 22] Invalid argument: ' E:\\Temp\\1900049238.jpg'
2019-04-15 15:10:43,062 - root - ERROR - >>>>>> issue with [Errno 22] Invalid argument: ' E:\\Temp\\1900049766.jpg'
2019-04-15 15:10:43,064 - root - ERROR - >>>>>> issue with [Errno 22] Invalid argument: ' E:\\Temp\\1900049784.jpg'
2019-04-15 15:10:43,068 - root - ERROR - >>>>>> issue with [Errno 22] Invalid argument: ' E:\\Temp\\1900049831.jpg'
2019-04-15 15:10:43,070 - root - ERROR - >>>>>> issue with [Errno 22] Invalid argument: ' E:\\Temp\\1900049832.jpg'
2019-04-15 15:10:43,074 - root - ERROR - >>>>>> issue with [Errno 22] Invalid argument: ' E:\\Temp\\1900050004.jpg'
2019-04-15 15:10:43,077 - root - ERROR - >>>>>> issue with [Errno 22] Invalid argument: ' E:\\Temp\\1900050022.jpg'
2019-04-15 15:10:43,080 - root - ERROR - >>>>>>>>>>>>>>> issue with image upload ('23000', "[23000] [Microsoft][ODBC Driver 17 for SQL Server][SQL Server]Violation of PRIMARY KEY constraint 'LOGOTIPO_PK'. Cannot insert duplicate key in object 'HNADMIN.IP_LOGO'. The duplicate key value is (50153, 1, M, 1900). (2627) (SQLExecDirectW); [23000] [Microsoft][ODBC Driver 17 for SQL Server][SQL Server]The statement has been terminated. (3621)")
2019-04-15 15:10:43,081 - root - ERROR - >>>>>> issue with [Errno 22] Invalid argument: ' E:\\Temp\\1900050153.jpg'
2019-04-15 15:10:43,083 - root - ERROR - >>>>>> issue with [Errno 22] Invalid argument: ' E:\\Temp\\1900050216.jpg'
2019-04-15 15:10:43,088 - root - ERROR - >>>>>> issue with [Errno 22] Invalid argument: ' E:\\Temp\\1900051271.jpg'
2019-04-15 15:10:43,098 - root - ERROR - >>>>>> issue with [Errno 22] Invalid argument: ' E:\\Temp\\1900052870.jpg'
2019-04-15 15:10:43,100 - root - ERROR - >>>>>> issue with [Errno 22] Invalid argument: ' E:\\Temp\\1900052922.jpg'
2019-04-15 15:10:43,102 - root - ERROR - >>>>>> issue with [Errno 22] Invalid argument: ' E:\\Temp\\1900053048.jpg'
2019-04-15 15:10:43,108 - root - ERROR - >>>>>> issue with [Errno 22] Invalid argument: ' E:\\Temp\\1900053470.jpg'
2019-04-15 15:10:43,112 - root - ERROR - >>>>>> issue with [Errno 22] Invalid argument: ' E:\\Temp\\1900053893.jpg'
2019-04-15 15:10:43,114 - root - ERROR - >>>>>> issue with [Errno 22] Invalid argument: ' E:\\Temp\\1900054475.jpg'
2019-04-15 15:10:43,120 - root - ERROR - >>>>>> issue with [Errno 22] Invalid argument: ' E:\\Temp\\190005448.jpg'
2019-04-15 15:10:43,123 - root - ERROR - >>>>>> issue with [Errno 22] Invalid argument: ' E:\\Temp\\1900061409.jpg'
2019-04-15 15:10:43,126 - root - ERROR - >>>>>> issue with [Errno 22] Invalid argument: ' E:\\Temp\\1900063556.jpg'
2019-04-15 15:10:43,127 - root - ERROR - >>>>>> issue with [Errno 22] Invalid argument: ' E:\\Temp\\190007139.jpg'
2019-04-15 15:10:43,128 - root - ERROR - >>>>>>>>>>>>>>> issue with image upload ('23000', "[23000] [Microsoft][ODBC Driver 17 for SQL Server][SQL Server]Violation of PRIMARY KEY constraint 'LOGOTIPO_PK'. Cannot insert duplicate key in object 'HNADMIN.IP_LOGO'. The duplicate key value is (8510, 1, M, 1900). (2627) (SQLExecDirectW); [23000] [Microsoft][ODBC Driver 17 for SQL Server][SQL Server]The statement has been terminated. (3621)")
2019-04-15 15:10:43,129 - root - ERROR - >>>>>> issue with [Errno 22] Invalid argument: ' E:\\Temp\\190008510.jpg'
2019-04-15 15:10:43,131 - root - ERROR - >>>>>> issue with [Errno 22] Invalid argument: ' E:\\Temp\\190025282.jpg'
2019-04-15 15:10:43,134 - root - ERROR - >>>>>> issue with [Errno 22] Invalid argument: ' E:\\Temp\\1900290396.jpg'
2019-04-15 15:10:43,135 - root - ERROR - >>>>>>>>>>>>>>> issue with image upload ('23000', "[23000] [Microsoft][ODBC Driver 17 for SQL Server][SQL Server]Violation of PRIMARY KEY constraint 'LOGOTIPO_PK'. Cannot insert duplicate key in object 'HNADMIN.IP_LOGO'. The duplicate key value is (47420, 1, M, 1900). (2627) (SQLExecDirectW); [23000] [Microsoft][ODBC Driver 17 for SQL Server][SQL Server]The statement has been terminated. (3621)")
2019-04-15 15:10:43,136 - root - ERROR - >>>>>> issue with [Errno 22] Invalid argument: ' E:\\Temp\\190047420.jpg'
2019-04-15 15:10:43,139 - root - ERROR - >>>>>> issue with [Errno 22] Invalid argument: ' E:\\Temp\\1989003825.jpg'
2019-04-15 15:10:43,141 - root - ERROR - >>>>>> issue with [Errno 22] Invalid argument: ' E:\\Temp\\1990000777.jpg'
2019-04-15 15:10:43,143 - root - ERROR - >>>>>> issue with [Errno 22] Invalid argument: ' E:\\Temp\\1990005702.jpg'
2019-04-15 15:10:43,145 - root - ERROR - >>>>>> issue with [Errno 22] Invalid argument: ' E:\\Temp\\1990005853.jpg'
2019-04-15 15:10:43,148 - root - ERROR - >>>>>> issue with [Errno 22] Invalid argument: ' E:\\Temp\\1990005963.jpg'
2019-04-15 15:10:43,150 - root - ERROR - >>>>>> issue with [Errno 22] Invalid argument: ' E:\\Temp\\1990005985.jpg'
2019-04-15 15:10:43,152 - root - ERROR - >>>>>> issue with [Errno 22] Invalid argument: ' E:\\Temp\\1991000890.jpg'
2019-04-15 15:10:43,155 - root - ERROR - >>>>>> issue with [Errno 22] Invalid argument: ' E:\\Temp\\1991000975.jpg'
2019-04-15 15:10:43,157 - root - ERROR - >>>>>> issue with [Errno 22] Invalid argument: ' E:\\Temp\\1991001167.jpg'
2019-04-15 15:10:43,161 - root - ERROR - >>>>>> issue with [Errno 22] Invalid argument: ' E:\\Temp\\1991002089.jpg'
2019-04-15 15:10:43,165 - root - ERROR - >>>>>> issue with [Errno 22] Invalid argument: ' E:\\Temp\\1991004042.jpg'
2019-04-15 15:10:43,167 - root - ERROR - >>>>>> issue with [Errno 22] Invalid argument: ' E:\\Temp\\1991004207.jpg'
2019-04-15 15:10:43,169 - root - ERROR - >>>>>> issue with [Errno 22] Invalid argument: ' E:\\Temp\\1991004248.jpg'
2019-04-15 15:10:43,172 - root - ERROR - >>>>>> issue with [Errno 22] Invalid argument: ' E:\\Temp\\1991004823.jpg'
2019-04-15 15:10:43,175 - root - ERROR - >>>>>> issue with [Errno 22] Invalid argument: ' E:\\Temp\\1991007298.jpg'
2019-04-15 15:10:43,178 - root - ERROR - >>>>>> issue with [Errno 22] Invalid argument: ' E:\\Temp\\1991008627.jpg'
2019-04-15 15:10:43,180 - root - ERROR - >>>>>> issue with [Errno 22] Invalid argument: ' E:\\Temp\\1992000150.jpg'
2019-04-15 15:10:43,188 - root - ERROR - >>>>>> issue with [Errno 22] Invalid argument: ' E:\\Temp\\1992001311.jpg'
2019-04-15 15:10:43,195 - root - ERROR - >>>>>> issue with [Errno 22] Invalid argument: ' E:\\Temp\\199200336.jpg'
2019-04-15 15:10:43,197 - root - ERROR - >>>>>> issue with [Errno 22] Invalid argument: ' E:\\Temp\\1992004068.jpg'
2019-04-15 15:10:43,200 - root - ERROR - >>>>>> issue with [Errno 22] Invalid argument: ' E:\\Temp\\1992004871.jpg'
2019-04-15 15:10:43,202 - root - ERROR - >>>>>> issue with [Errno 22] Invalid argument: ' E:\\Temp\\1992007260.jpg'
2019-04-15 15:10:43,204 - root - ERROR - >>>>>> issue with [Errno 22] Invalid argument: ' E:\\Temp\\1992008266.jpg'
2019-04-15 15:10:43,207 - root - ERROR - >>>>>> issue with [Errno 22] Invalid argument: ' E:\\Temp\\1992008418.jpg'
2019-04-15 15:10:43,210 - root - ERROR - >>>>>> issue with [Errno 22] Invalid argument: ' E:\\Temp\\1992008595.jpg'
2019-04-15 15:10:43,213 - root - ERROR - >>>>>> issue with [Errno 22] Invalid argument: ' E:\\Temp\\1992008692.jpg'
2019-04-15 15:10:43,214 - root - ERROR - >>>>>> issue with [Errno 22] Invalid argument: ' E:\\Temp\\1992008865.jpg'
2019-04-15 15:10:43,217 - root - ERROR - >>>>>> issue with [Errno 22] Invalid argument: ' E:\\Temp\\1992009442.jpg'
2019-04-15 15:10:43,218 - root - ERROR - >>>>>>>>>>>>>>> issue with image upload ('23000', "[23000] [Microsoft][ODBC Driver 17 for SQL Server][SQL Server]Violation of PRIMARY KEY constraint 'LOGOTIPO_PK'. Cannot insert duplicate key in object 'HNADMIN.IP_LOGO'. The duplicate key value is (2511, 1, M, 1992). (2627) (SQLParamData); [23000] [Microsoft][ODBC Driver 17 for SQL Server][SQL Server]The statement has been terminated. (3621)")
2019-04-15 15:10:43,220 - root - ERROR - >>>>>> issue with [Errno 22] Invalid argument: ' E:\\Temp\\19930011242.jpg'
2019-04-15 15:10:43,222 - root - ERROR - >>>>>> issue with [Errno 22] Invalid argument: ' E:\\Temp\\1993003593.jpg'
2019-04-15 15:10:43,224 - root - ERROR - >>>>>> issue with [Errno 22] Invalid argument: ' E:\\Temp\\1993003785.jpg'
2019-04-15 15:10:43,229 - root - ERROR - >>>>>> issue with [Errno 22] Invalid argument: ' E:\\Temp\\1993005901.jpg'
2019-04-15 15:10:43,231 - root - ERROR - >>>>>> issue with [Errno 22] Invalid argument: ' E:\\Temp\\1993007601.jpg'
2019-04-15 15:10:43,236 - root - ERROR - >>>>>> issue with [Errno 22] Invalid argument: ' E:\\Temp\\1994000845.jpg'
2019-04-15 15:10:43,239 - root - ERROR - >>>>>> issue with [Errno 22] Invalid argument: ' E:\\Temp\\1994001317.jpg'
2019-04-15 15:10:43,242 - root - ERROR - >>>>>> issue with [Errno 22] Invalid argument: ' E:\\Temp\\1994001890.jpg'
2019-04-15 15:10:43,245 - root - ERROR - >>>>>> issue with [Errno 22] Invalid argument: ' E:\\Temp\\1994002917.jpg'
2019-04-15 15:10:43,247 - root - ERROR - >>>>>> issue with [Errno 22] Invalid argument: ' E:\\Temp\\1994003730.jpg'
2019-04-15 15:10:43,249 - root - ERROR - >>>>>> issue with [Errno 22] Invalid argument: ' E:\\Temp\\1994003736.jpg'
2019-04-15 15:10:43,253 - root - ERROR - >>>>>> issue with [Errno 22] Invalid argument: ' E:\\Temp\\1994003974.jpg'
2019-04-15 15:10:43,257 - root - ERROR - >>>>>> issue with [Errno 22] Invalid argument: ' E:\\Temp\\1994005697.jpg'
2019-04-15 15:10:43,259 - root - ERROR - >>>>>> issue with [Errno 22] Invalid argument: ' E:\\Temp\\1994006634.jpg'
2019-04-15 15:10:43,262 - root - ERROR - >>>>>> issue with [Errno 22] Invalid argument: ' E:\\Temp\\1994006782.jpg'
2019-04-15 15:10:43,264 - root - ERROR - >>>>>> issue with [Errno 22] Invalid argument: ' E:\\Temp\\1994007536.jpg'
2019-04-15 15:10:43,266 - root - ERROR - >>>>>> issue with [Errno 22] Invalid argument: ' E:\\Temp\\1994007624.jpg'
2019-04-15 15:10:43,269 - root - ERROR - >>>>>> issue with [Errno 22] Invalid argument: ' E:\\Temp\\1994008424.jpg'
2019-04-15 15:10:43,271 - root - ERROR - >>>>>> issue with [Errno 22] Invalid argument: ' E:\\Temp\\1994009947.jpg'
2019-04-15 15:10:43,274 - root - ERROR - >>>>>> issue with [Errno 22] Invalid argument: ' E:\\Temp\\1994010202.jpg'
2019-04-15 15:10:43,276 - root - ERROR - >>>>>> issue with [Errno 22] Invalid argument: ' E:\\Temp\\1995000575.jpg'
2019-04-15 15:10:43,279 - root - ERROR - >>>>>> issue with [Errno 22] Invalid argument: ' E:\\Temp\\1995000818.jpg'
2019-04-15 15:10:43,281 - root - ERROR - >>>>>> issue with [Errno 22] Invalid argument: ' E:\\Temp\\1995004322.jpg'
2019-04-15 15:10:43,283 - root - ERROR - >>>>>> issue with [Errno 22] Invalid argument: ' E:\\Temp\\1995004324.jpg'
2019-04-15 15:10:43,285 - root - ERROR - >>>>>> issue with [Errno 22] Invalid argument: ' E:\\Temp\\1995006910.jpg'
2019-04-15 15:10:43,287 - root - ERROR - >>>>>> issue with [Errno 22] Invalid argument: ' E:\\Temp\\1995006967.jpg'
2019-04-15 15:10:43,290 - root - ERROR - >>>>>> issue with [Errno 22] Invalid argument: ' E:\\Temp\\1995007905.jpg'
2019-04-15 15:10:43,294 - root - ERROR - >>>>>> issue with [Errno 22] Invalid argument: ' E:\\Temp\\1995008291.jpg'
2019-04-15 15:10:43,296 - root - ERROR - >>>>>> issue with [Errno 22] Invalid argument: ' E:\\Temp\\1995008328.jpg'
2019-04-15 15:10:43,298 - root - ERROR - >>>>>> issue with [Errno 22] Invalid argument: ' E:\\Temp\\1995009010.jpg'
2019-04-15 15:10:43,301 - root - ERROR - >>>>>> issue with [Errno 22] Invalid argument: ' E:\\Temp\\1995009540.jpg'
2019-04-15 15:10:43,303 - root - ERROR - >>>>>> issue with [Errno 22] Invalid argument: ' E:\\Temp\\1995012460.jpg'
2019-04-15 15:10:43,304 - root - ERROR - >>>>>>>>>>>>>>> issue with image upload ('23000', "[23000] [Microsoft][ODBC Driver 17 for SQL Server][SQL Server]Violation of PRIMARY KEY constraint 'LOGOTIPO_PK'. Cannot insert duplicate key in object 'HNADMIN.IP_LOGO'. The duplicate key value is (9540, 1, M, 1995). (2627) (SQLExecDirectW); [23000] [Microsoft][ODBC Driver 17 for SQL Server][SQL Server]The statement has been terminated. (3621)")
2019-04-15 15:10:43,305 - root - ERROR - >>>>>> issue with [Errno 22] Invalid argument: ' E:\\Temp\\19959540.jpg'
2019-04-15 15:10:43,307 - root - ERROR - >>>>>> issue with [Errno 22] Invalid argument: ' E:\\Temp\\1996000672.jpg'
2019-04-15 15:10:43,310 - root - ERROR - >>>>>> issue with [Errno 22] Invalid argument: ' E:\\Temp\\1996000952.jpg'
2019-04-15 15:10:43,313 - root - ERROR - >>>>>> issue with [Errno 22] Invalid argument: ' E:\\Temp\\19960012040.jpg'
2019-04-15 15:10:43,317 - root - ERROR - >>>>>> issue with [Errno 22] Invalid argument: ' E:\\Temp\\1996001358.jpg'
2019-04-15 15:10:43,319 - root - ERROR - >>>>>>>>>>>>>>> issue with image upload ('23000', "[23000] [Microsoft][ODBC Driver 17 for SQL Server][SQL Server]Violation of PRIMARY KEY constraint 'LOGOTIPO_PK'. Cannot insert duplicate key in object 'HNADMIN.IP_LOGO'. The duplicate key value is (2790, 1, M, 1996). (2627) (SQLExecDirectW); [23000] [Microsoft][ODBC Driver 17 for SQL Server][SQL Server]The statement has been terminated. (3621)")
2019-04-15 15:10:43,320 - root - ERROR - >>>>>> issue with [Errno 22] Invalid argument: ' E:\\Temp\\1996002790.jpg'
2019-04-15 15:10:43,323 - root - ERROR - >>>>>> issue with [Errno 22] Invalid argument: ' E:\\Temp\\1996003221.jpg'
2019-04-15 15:10:43,326 - root - ERROR - >>>>>> issue with [Errno 22] Invalid argument: ' E:\\Temp\\1996003222.jpg'
2019-04-15 15:10:43,328 - root - ERROR - >>>>>> issue with [Errno 22] Invalid argument: ' E:\\Temp\\1996003223.jpg'
2019-04-15 15:10:43,330 - root - ERROR - >>>>>> issue with [Errno 22] Invalid argument: ' E:\\Temp\\1996003225.jpg'
2019-04-15 15:10:43,332 - root - ERROR - >>>>>> issue with [Errno 22] Invalid argument: ' E:\\Temp\\1996003226.jpg'
2019-04-15 15:10:43,334 - root - ERROR - >>>>>> issue with [Errno 22] Invalid argument: ' E:\\Temp\\1996003318.jpg'
2019-04-15 15:10:43,337 - root - ERROR - >>>>>> issue with [Errno 22] Invalid argument: ' E:\\Temp\\1996003416.jpg'
2019-04-15 15:10:43,341 - root - ERROR - >>>>>> issue with [Errno 22] Invalid argument: ' E:\\Temp\\1996003421.jpg'
2019-04-15 15:10:43,343 - root - ERROR - >>>>>> issue with [Errno 22] Invalid argument: ' E:\\Temp\\1996004700.jpg'
2019-04-15 15:10:43,345 - root - ERROR - >>>>>> issue with [Errno 22] Invalid argument: ' E:\\Temp\\1996004705.jpg'
2019-04-15 15:10:43,348 - root - ERROR - >>>>>> issue with [Errno 22] Invalid argument: ' E:\\Temp\\1996004706.jpg'
2019-04-15 15:10:43,350 - root - ERROR - >>>>>> issue with [Errno 22] Invalid argument: ' E:\\Temp\\1996004707.jpg'
2019-04-15 15:10:43,353 - root - ERROR - >>>>>> issue with [Errno 22] Invalid argument: ' E:\\Temp\\1996005018.jpg'
2019-04-15 15:10:43,355 - root - ERROR - >>>>>> issue with [Errno 22] Invalid argument: ' E:\\Temp\\1996005512.jpg'
2019-04-15 15:10:43,369 - root - ERROR - >>>>>>>>>>>>>>> issue with image upload ('23000', "[23000] [Microsoft][ODBC Driver 17 for SQL Server][SQL Server]Violation of PRIMARY KEY constraint 'LOGOTIPO_PK'. Cannot insert duplicate key in object 'HNADMIN.IP_LOGO'. The duplicate key value is (5977, 1, M, 1996). (2627) (SQLParamData); [23000] [Microsoft][ODBC Driver 17 for SQL Server][SQL Server]The statement has been terminated. (3621)")
2019-04-15 15:10:43,371 - root - ERROR - >>>>>> issue with [Errno 22] Invalid argument: ' E:\\Temp\\1996006481.jpg'
2019-04-15 15:10:43,375 - root - ERROR - >>>>>> issue with [Errno 22] Invalid argument: ' E:\\Temp\\1996007297.jpg'
2019-04-15 15:10:43,378 - root - ERROR - >>>>>> issue with [Errno 22] Invalid argument: ' E:\\Temp\\1996008144.jpg'
2019-04-15 15:10:43,380 - root - ERROR - >>>>>> issue with [Errno 22] Invalid argument: ' E:\\Temp\\1996008570.jpg'
2019-04-15 15:10:43,387 - root - ERROR - >>>>>> issue with [Errno 22] Invalid argument: ' E:\\Temp\\1996009263.jpg'
2019-04-15 15:10:43,389 - root - ERROR - >>>>>> issue with [Errno 22] Invalid argument: ' E:\\Temp\\1996009846.jpg'
2019-04-15 15:10:43,392 - root - ERROR - >>>>>> issue with [Errno 22] Invalid argument: ' E:\\Temp\\1996010346.jpg'
2019-04-15 15:10:43,394 - root - ERROR - >>>>>> issue with [Errno 22] Invalid argument: ' E:\\Temp\\1996010662.jpg'
2019-04-15 15:10:43,397 - root - ERROR - >>>>>> issue with [Errno 22] Invalid argument: ' E:\\Temp\\1997000303.jpg'
2019-04-15 15:10:43,399 - root - ERROR - >>>>>> issue with [Errno 22] Invalid argument: ' E:\\Temp\\1997000683.jpg'
2019-04-15 15:10:43,403 - root - ERROR - >>>>>> issue with [Errno 22] Invalid argument: ' E:\\Temp\\1997001003.jpg'
2019-04-15 15:10:43,408 - root - ERROR - >>>>>> issue with [Errno 22] Invalid argument: ' E:\\Temp\\19970015159.jpg'
2019-04-15 15:10:43,413 - root - ERROR - >>>>>> issue with [Errno 22] Invalid argument: ' E:\\Temp\\1997002800.jpg'
2019-04-15 15:10:43,418 - root - ERROR - >>>>>> issue with [Errno 22] Invalid argument: ' E:\\Temp\\1997004124.jpg'
2019-04-15 15:10:43,420 - root - ERROR - >>>>>> issue with [Errno 22] Invalid argument: ' E:\\Temp\\1997004129.jpg'
2019-04-15 15:10:43,424 - root - ERROR - >>>>>> issue with [Errno 22] Invalid argument: ' E:\\Temp\\1997006885.jpg'
2019-04-15 15:10:43,426 - root - ERROR - >>>>>> issue with [Errno 22] Invalid argument: ' E:\\Temp\\1997006889.jpg'
2019-04-15 15:10:43,428 - root - ERROR - >>>>>> issue with [Errno 22] Invalid argument: ' E:\\Temp\\1997006970.jpg'
2019-04-15 15:10:43,430 - root - ERROR - >>>>>> issue with [Errno 22] Invalid argument: ' E:\\Temp\\1997007035.jpg'
2019-04-15 15:10:43,433 - root - ERROR - >>>>>> issue with [Errno 22] Invalid argument: ' E:\\Temp\\1997009132.jpg'
2019-04-15 15:10:43,435 - root - ERROR - >>>>>> issue with [Errno 22] Invalid argument: ' E:\\Temp\\1997011827.jpg'
2019-04-15 15:10:43,437 - root - ERROR - >>>>>> issue with [Errno 22] Invalid argument: ' E:\\Temp\\1997012116.jpg'
2019-04-15 15:10:43,440 - root - ERROR - >>>>>> issue with [Errno 22] Invalid argument: ' E:\\Temp\\1997015209.jpg'
2019-04-15 15:10:43,457 - root - ERROR - >>>>>> issue with [Errno 22] Invalid argument: ' E:\\Temp\\19980011036.jpg'
2019-04-15 15:10:43,459 - root - ERROR - >>>>>> issue with [Errno 22] Invalid argument: ' E:\\Temp\\19980011355.jpg'
2019-04-15 15:10:43,465 - root - ERROR - >>>>>> issue with [Errno 22] Invalid argument: ' E:\\Temp\\1998001444.jpg'
2019-04-15 15:10:43,472 - root - ERROR - >>>>>> issue with [Errno 22] Invalid argument: ' E:\\Temp\\1998003958.jpg'
2019-04-15 15:10:43,475 - root - ERROR - >>>>>> issue with [Errno 22] Invalid argument: ' E:\\Temp\\1998007443.jpg'
2019-04-15 15:10:43,477 - root - ERROR - >>>>>> issue with [Errno 22] Invalid argument: ' E:\\Temp\\1998009748.jpg'
2019-04-15 15:10:43,481 - root - ERROR - >>>>>> issue with [Errno 22] Invalid argument: ' E:\\Temp\\1998012232.jpg'
2019-04-15 15:10:43,483 - root - ERROR - >>>>>> issue with [Errno 22] Invalid argument: ' E:\\Temp\\1998012405.jpg'
2019-04-15 15:10:43,485 - root - ERROR - >>>>>> issue with [Errno 22] Invalid argument: ' E:\\Temp\\1998013614.jpg'
2019-04-15 15:10:43,487 - root - ERROR - >>>>>> issue with [Errno 22] Invalid argument: ' E:\\Temp\\1999000684.jpg'
2019-04-15 15:10:43,490 - root - ERROR - >>>>>> issue with [Errno 22] Invalid argument: ' E:\\Temp\\1999000906.jpg'
2019-04-15 15:10:43,493 - root - ERROR - >>>>>> issue with [Errno 22] Invalid argument: ' E:\\Temp\\19990014313.jpg'
2019-04-15 15:10:43,495 - root - ERROR - >>>>>> issue with [Errno 22] Invalid argument: ' E:\\Temp\\19990015238.jpg'
2019-04-15 15:10:43,497 - root - ERROR - >>>>>> issue with [Errno 22] Invalid argument: ' E:\\Temp\\19990015440.jpg'
2019-04-15 15:10:43,499 - root - ERROR - >>>>>> issue with [Errno 22] Invalid argument: ' E:\\Temp\\1999004270.jpg'
2019-04-15 15:10:43,503 - root - ERROR - >>>>>> issue with [Errno 22] Invalid argument: ' E:\\Temp\\1999005641.jpg'
2019-04-15 15:10:43,507 - root - ERROR - >>>>>> issue with [Errno 22] Invalid argument: ' E:\\Temp\\1999006175.jpg'
2019-04-15 15:10:43,511 - root - ERROR - >>>>>> issue with [Errno 22] Invalid argument: ' E:\\Temp\\1999006905.jpg'
2019-04-15 15:10:43,524 - root - ERROR - >>>>>> issue with [Errno 22] Invalid argument: ' E:\\Temp\\1999009782.jpg'
2019-04-15 15:10:43,526 - root - ERROR - >>>>>> issue with [Errno 22] Invalid argument: ' E:\\Temp\\1999009991.jpg'
2019-04-15 15:10:43,528 - root - ERROR - >>>>>> issue with [Errno 22] Invalid argument: ' E:\\Temp\\1999009998.jpg'
2019-04-15 15:10:43,530 - root - ERROR - >>>>>> issue with [Errno 22] Invalid argument: ' E:\\Temp\\1999012717.jpg'
2019-04-15 15:10:43,534 - root - ERROR - >>>>>> issue with [Errno 22] Invalid argument: ' E:\\Temp\\1999014875.jpg'
2019-04-15 15:10:43,537 - root - ERROR - >>>>>> issue with [Errno 22] Invalid argument: ' E:\\Temp\\1999014878.jpg'
2019-04-15 15:10:43,538 - root - ERROR - >>>>>>>>>>>>>>> issue with image upload ('23000', "[23000] [Microsoft][ODBC Driver 17 for SQL Server][SQL Server]Violation of PRIMARY KEY constraint 'LOGOTIPO_PK'. Cannot insert duplicate key in object 'HNADMIN.IP_LOGO'. The duplicate key value is (15238, 1, M, 1999). (2627) (SQLParamData); [23000] [Microsoft][ODBC Driver 17 for SQL Server][SQL Server]The statement has been terminated. (3621)")
2019-04-15 15:10:43,541 - root - ERROR - >>>>>> issue with [Errno 22] Invalid argument: ' E:\\Temp\\1999015487.jpg'
2019-04-15 15:10:43,543 - root - ERROR - >>>>>> issue with [Errno 22] Invalid argument: ' E:\\Temp\\1999015775.jpg'
2019-04-15 15:10:43,546 - root - ERROR - >>>>>> issue with [Errno 22] Invalid argument: ' E:\\Temp\\19997003737.jpg'
2019-04-15 15:10:43,548 - root - ERROR - >>>>>> issue with [Errno 22] Invalid argument: ' E:\\Temp\\2000000413.jpg'
2019-04-15 15:10:43,550 - root - ERROR - >>>>>> issue with [Errno 22] Invalid argument: ' E:\\Temp\\2000001909.jpg'
2019-04-15 15:10:43,553 - root - ERROR - >>>>>> issue with [Errno 22] Invalid argument: ' E:\\Temp\\2000002217.jpg'
2019-04-15 15:10:43,559 - root - ERROR - >>>>>> issue with [Errno 22] Invalid argument: ' E:\\Temp\\2000002476.jpg'
2019-04-15 15:10:43,559 - root - ERROR - >>>>>>>>>>>>>>> issue with image upload ('23000', "[23000] [Microsoft][ODBC Driver 17 for SQL Server][SQL Server]Violation of PRIMARY KEY constraint 'LOGOTIPO_PK'. Cannot insert duplicate key in object 'HNADMIN.IP_LOGO'. The duplicate key value is (413, 1, M, 2000). (2627) (SQLExecDirectW); [23000] [Microsoft][ODBC Driver 17 for SQL Server][SQL Server]The statement has been terminated. (3621)")
2019-04-15 15:10:43,561 - root - ERROR - >>>>>> issue with [Errno 22] Invalid argument: ' E:\\Temp\\200000413.jpg'
2019-04-15 15:10:43,575 - root - ERROR - >>>>>> issue with [Errno 22] Invalid argument: ' E:\\Temp\\2000006157.jpg'
2019-04-15 15:10:43,577 - root - ERROR - >>>>>> issue with [Errno 22] Invalid argument: ' E:\\Temp\\2000007272.jpg'
2019-04-15 15:10:43,580 - root - ERROR - >>>>>> issue with [Errno 22] Invalid argument: ' E:\\Temp\\2000007987.jpg'
2019-04-15 15:10:43,586 - root - ERROR - >>>>>> issue with [Errno 22] Invalid argument: ' E:\\Temp\\2000008775.jpg'
2019-04-15 15:10:43,593 - root - ERROR - >>>>>> issue with [Errno 22] Invalid argument: ' E:\\Temp\\2000010632.jpg'
2019-04-15 15:10:43,595 - root - ERROR - >>>>>> issue with [Errno 22] Invalid argument: ' E:\\Temp\\2000011660.jpg'
2019-04-15 15:10:43,598 - root - ERROR - >>>>>> issue with [Errno 22] Invalid argument: ' E:\\Temp\\2000012584.jpg'
2019-04-15 15:10:43,600 - root - ERROR - >>>>>> issue with [Errno 22] Invalid argument: ' E:\\Temp\\2000013641.jpg'
2019-04-15 15:10:43,612 - root - ERROR - >>>>>> issue with [Errno 22] Invalid argument: ' E:\\Temp\\2000017446.jpg'
2019-04-15 15:10:43,615 - root - ERROR - >>>>>> issue with [Errno 22] Invalid argument: ' E:\\Temp\\200006152.jpg'
2019-04-15 15:10:43,617 - root - ERROR - >>>>>> issue with [Errno 22] Invalid argument: ' E:\\Temp\\200006561.jpg'
2019-04-15 15:10:43,621 - root - ERROR - >>>>>> issue with [Errno 22] Invalid argument: ' E:\\Temp\\2001000389.jpg'
2019-04-15 15:10:43,623 - root - ERROR - >>>>>> issue with [Errno 22] Invalid argument: ' E:\\Temp\\2001001173.jpg'
2019-04-15 15:10:43,629 - root - ERROR - >>>>>> issue with [Errno 22] Invalid argument: ' E:\\Temp\\2001001407.jpg'
2019-04-15 15:10:43,636 - root - ERROR - >>>>>> issue with [Errno 22] Invalid argument: ' E:\\Temp\\2001002933.jpg'
2019-04-15 15:10:43,639 - root - ERROR - >>>>>> issue with [Errno 22] Invalid argument: ' E:\\Temp\\2001003283.jpg'
2019-04-15 15:10:43,641 - root - ERROR - >>>>>> issue with [Errno 22] Invalid argument: ' E:\\Temp\\2001003284.jpg'
2019-04-15 15:10:43,644 - root - ERROR - >>>>>> issue with [Errno 22] Invalid argument: ' E:\\Temp\\2001003356.jpg'
2019-04-15 15:10:43,670 - root - ERROR - >>>>>> issue with [Errno 22] Invalid argument: ' E:\\Temp\\2001003570.jpg'
2019-04-15 15:10:43,673 - root - ERROR - >>>>>> issue with [Errno 22] Invalid argument: ' E:\\Temp\\200200017289.jpg'
2019-04-15 15:10:43,675 - root - ERROR - >>>>>> issue with [Errno 22] Invalid argument: ' E:\\Temp\\2003000009323.jpg'
2019-04-15 15:10:43,677 - root - ERROR - >>>>>> issue with [Errno 22] Invalid argument: ' E:\\Temp\\200300008694.jpg'
2019-04-15 15:10:43,681 - root - ERROR - >>>>>> issue with [Errno 22] Invalid argument: ' E:\\Temp\\200300010585.jpg'
2019-04-15 15:10:43,684 - root - ERROR - >>>>>> issue with [Errno 22] Invalid argument: ' E:\\Temp\\200300013525.jpg'
2019-04-15 15:10:43,690 - root - ERROR - >>>>>> issue with [Errno 22] Invalid argument: ' E:\\Temp\\200300023195.jpg'
2019-04-15 15:10:43,692 - root - ERROR - >>>>>> issue with [Errno 22] Invalid argument: ' E:\\Temp\\20030016989.jpg'
2019-04-15 15:10:43,693 - root - ERROR - >>>>>> issue with [Errno 22] Invalid argument: ' E:\\Temp\\20030017143.jpg'
2019-04-15 15:10:43,695 - root - ERROR - >>>>>> issue with [Errno 22] Invalid argument: ' E:\\Temp\\20030017534.jpg'
2019-04-15 15:10:43,697 - root - ERROR - >>>>>> issue with [Errno 22] Invalid argument: ' E:\\Temp\\20030017537.jpg'
2019-04-15 15:10:43,699 - root - ERROR - >>>>>>>>>>>>>>> issue with image upload ('23000', "[23000] [Microsoft][ODBC Driver 17 for SQL Server][SQL Server]Violation of PRIMARY KEY constraint 'LOGOTIPO_PK'. Cannot insert duplicate key in object 'HNADMIN.IP_LOGO'. The duplicate key value is (20439, 1, M, 2003). (2627) (SQLExecDirectW); [23000] [Microsoft][ODBC Driver 17 for SQL Server][SQL Server]The statement has been terminated. (3621)")
2019-04-15 15:10:43,700 - root - ERROR - >>>>>>>>>>>>>>> issue with image upload ('23000', "[23000] [Microsoft][ODBC Driver 17 for SQL Server][SQL Server]Violation of PRIMARY KEY constraint 'LOGOTIPO_PK'. Cannot insert duplicate key in object 'HNADMIN.IP_LOGO'. The duplicate key value is (21837, 1, M, 2003). (2627) (SQLParamData); [23000] [Microsoft][ODBC Driver 17 for SQL Server][SQL Server]The statement has been terminated. (3621)")
2019-04-15 15:10:43,702 - root - ERROR - >>>>>> issue with [Errno 22] Invalid argument: ' E:\\Temp\\2006025518.jpg'
2019-04-15 15:10:43,705 - root - ERROR - >>>>>> issue with [Errno 22] Invalid argument: ' E:\\Temp\\2006025732.jpg'
2019-04-15 15:10:43,707 - root - ERROR - >>>>>> issue with [Errno 22] Invalid argument: ' E:\\Temp\\2006026499.jpg'
2019-04-15 15:10:43,712 - root - ERROR - >>>>>> issue with [Errno 22] Invalid argument: ' E:\\Temp\\2006026924.jpg'
2019-04-15 15:10:43,715 - root - ERROR - >>>>>> issue with [Errno 22] Invalid argument: ' E:\\Temp\\2006026925.jpg'
2019-04-15 15:10:43,719 - root - ERROR - >>>>>> issue with [Errno 22] Invalid argument: ' E:\\Temp\\2006027452.jpg'
2019-04-15 15:10:43,722 - root - ERROR - >>>>>> issue with [Errno 22] Invalid argument: ' E:\\Temp\\2006029013.jpg'
2019-04-15 15:10:43,725 - root - ERROR - >>>>>> issue with [Errno 22] Invalid argument: ' E:\\Temp\\2006030913.jpg'
2019-04-15 15:10:43,729 - root - ERROR - >>>>>> issue with [Errno 22] Invalid argument: ' E:\\Temp\\2006032356.jpg'
2019-04-15 15:10:43,733 - root - ERROR - >>>>>> issue with [Errno 22] Invalid argument: ' E:\\Temp\\2006032357.jpg'
2019-04-15 15:10:43,737 - root - ERROR - >>>>>> issue with [Errno 22] Invalid argument: ' E:\\Temp\\2006032360.jpg'
2019-04-15 15:10:43,739 - root - ERROR - >>>>>> issue with [Errno 22] Invalid argument: ' E:\\Temp\\2006032364.jpg'
2019-04-15 15:10:43,746 - root - ERROR - >>>>>> issue with [Errno 22] Invalid argument: ' E:\\Temp\\2006034552.jpg'
2019-04-15 15:10:43,748 - root - ERROR - >>>>>> issue with [Errno 22] Invalid argument: ' E:\\Temp\\2006036126.jpg'
2019-04-15 15:10:43,750 - root - ERROR - >>>>>> issue with [Errno 22] Invalid argument: ' E:\\Temp\\2006036127.jpg'
2019-04-15 15:10:43,752 - root - ERROR - >>>>>> issue with [Errno 22] Invalid argument: ' E:\\Temp\\2006036128.jpg'
2019-04-15 15:10:43,755 - root - ERROR - >>>>>> issue with [Errno 22] Invalid argument: ' E:\\Temp\\2006036129.jpg'
2019-04-15 15:10:43,758 - root - ERROR - >>>>>> issue with [Errno 22] Invalid argument: ' E:\\Temp\\2006036130.jpg'
2019-04-15 15:10:43,760 - root - ERROR - >>>>>> issue with [Errno 22] Invalid argument: ' E:\\Temp\\2006036131.jpg'
2019-04-15 15:10:43,762 - root - ERROR - >>>>>> issue with [Errno 22] Invalid argument: ' E:\\Temp\\2006036132.jpg'
2019-04-15 15:10:43,764 - root - ERROR - >>>>>> issue with [Errno 22] Invalid argument: ' E:\\Temp\\2006036376.jpg'
2019-04-15 15:10:43,766 - root - ERROR - >>>>>> issue with [Errno 22] Invalid argument: ' E:\\Temp\\2006036377.jpg'
2019-04-15 15:10:43,769 - root - ERROR - >>>>>> issue with [Errno 22] Invalid argument: ' E:\\Temp\\2006036378.jpg'
2019-04-15 15:10:43,771 - root - ERROR - >>>>>> issue with [Errno 22] Invalid argument: ' E:\\Temp\\2006036379.jpg'
2019-04-15 15:10:43,774 - root - ERROR - >>>>>> issue with [Errno 22] Invalid argument: ' E:\\Temp\\2006036965.jpg'
2019-04-15 15:10:43,776 - root - ERROR - >>>>>> issue with [Errno 22] Invalid argument: ' E:\\Temp\\2006037113.jpg'
2019-04-15 15:10:43,779 - root - ERROR - >>>>>> issue with [Errno 22] Invalid argument: ' E:\\Temp\\2006037539.jpg'
2019-04-15 15:10:43,781 - root - ERROR - >>>>>> issue with [Errno 22] Invalid argument: ' E:\\Temp\\2006037540.jpg'
2019-04-15 15:10:43,783 - root - ERROR - >>>>>> issue with [Errno 22] Invalid argument: ' E:\\Temp\\2006037541.jpg'
2019-04-15 15:10:43,786 - root - ERROR - >>>>>> issue with [Errno 22] Invalid argument: ' E:\\Temp\\2006037542.jpg'
2019-04-15 15:10:43,788 - root - ERROR - >>>>>> issue with [Errno 22] Invalid argument: ' E:\\Temp\\2006037543.jpg'
2019-04-15 15:10:43,791 - root - ERROR - >>>>>> issue with [Errno 22] Invalid argument: ' E:\\Temp\\2006037544.jpg'
2019-04-15 15:10:43,793 - root - ERROR - >>>>>> issue with [Errno 22] Invalid argument: ' E:\\Temp\\2006037545.jpg'
2019-04-15 15:10:43,796 - root - ERROR - >>>>>> issue with [Errno 22] Invalid argument: ' E:\\Temp\\2006037546.jpg'
2019-04-15 15:10:43,798 - root - ERROR - >>>>>> issue with [Errno 22] Invalid argument: ' E:\\Temp\\2006037547.jpg'
2019-04-15 15:10:43,800 - root - ERROR - >>>>>> issue with [Errno 22] Invalid argument: ' E:\\Temp\\2006037548.jpg'
2019-04-15 15:10:43,803 - root - ERROR - >>>>>> issue with [Errno 22] Invalid argument: ' E:\\Temp\\2006037849.jpg'
2019-04-15 15:10:43,806 - root - ERROR - >>>>>> issue with [Errno 22] Invalid argument: ' E:\\Temp\\2006037861.jpg'
2019-04-15 15:10:43,808 - root - ERROR - >>>>>> issue with [Errno 22] Invalid argument: ' E:\\Temp\\2006037862.jpg'
2019-04-15 15:10:43,811 - root - ERROR - >>>>>> issue with [Errno 22] Invalid argument: ' E:\\Temp\\2006037863.jpg'
2019-04-15 15:10:43,813 - root - ERROR - >>>>>> issue with [Errno 22] Invalid argument: ' E:\\Temp\\2006037864.jpg'
2019-04-15 15:10:43,816 - root - ERROR - >>>>>> issue with [Errno 22] Invalid argument: ' E:\\Temp\\2006037865.jpg'
2019-04-15 15:10:43,818 - root - ERROR - >>>>>> issue with [Errno 22] Invalid argument: ' E:\\Temp\\2006037866.jpg'
2019-04-15 15:10:43,820 - root - ERROR - >>>>>> issue with [Errno 22] Invalid argument: ' E:\\Temp\\2006037867.jpg'
2019-04-15 15:10:43,822 - root - ERROR - >>>>>> issue with [Errno 22] Invalid argument: ' E:\\Temp\\2006037868.jpg'
2019-04-15 15:10:43,824 - root - ERROR - >>>>>> issue with [Errno 22] Invalid argument: ' E:\\Temp\\2006037869.jpg'
2019-04-15 15:10:43,826 - root - ERROR - >>>>>> issue with [Errno 22] Invalid argument: ' E:\\Temp\\2006037870.jpg'
2019-04-15 15:10:43,829 - root - ERROR - >>>>>> issue with [Errno 22] Invalid argument: ' E:\\Temp\\2006037871.jpg'
2019-04-15 15:10:43,831 - root - ERROR - >>>>>> issue with [Errno 22] Invalid argument: ' E:\\Temp\\2006037872.jpg'
2019-04-15 15:10:43,833 - root - ERROR - >>>>>> issue with [Errno 22] Invalid argument: ' E:\\Temp\\2006037873.jpg'
2019-04-15 15:10:43,835 - root - ERROR - >>>>>> issue with [Errno 22] Invalid argument: ' E:\\Temp\\2006037874.jpg'
2019-04-15 15:10:43,838 - root - ERROR - >>>>>> issue with [Errno 22] Invalid argument: ' E:\\Temp\\2006037875.jpg'
2019-04-15 15:10:43,840 - root - ERROR - >>>>>> issue with [Errno 22] Invalid argument: ' E:\\Temp\\2006037876.jpg'
2019-04-15 15:10:43,842 - root - ERROR - >>>>>> issue with [Errno 22] Invalid argument: ' E:\\Temp\\2006037877.jpg'
2019-04-15 15:10:43,845 - root - ERROR - >>>>>> issue with [Errno 22] Invalid argument: ' E:\\Temp\\2006037878.jpg'
2019-04-15 15:10:43,847 - root - ERROR - >>>>>> issue with [Errno 22] Invalid argument: ' E:\\Temp\\2006037879.jpg'
2019-04-15 15:10:43,849 - root - ERROR - >>>>>> issue with [Errno 22] Invalid argument: ' E:\\Temp\\2006037880.jpg'
2019-04-15 15:10:43,851 - root - ERROR - >>>>>> issue with [Errno 22] Invalid argument: ' E:\\Temp\\2006037881.jpg'
2019-04-15 15:10:43,853 - root - ERROR - >>>>>> issue with [Errno 22] Invalid argument: ' E:\\Temp\\2006037882.jpg'
2019-04-15 15:10:43,855 - root - ERROR - >>>>>> issue with [Errno 22] Invalid argument: ' E:\\Temp\\2006037883.jpg'
2019-04-15 15:10:43,858 - root - ERROR - >>>>>> issue with [Errno 22] Invalid argument: ' E:\\Temp\\2006037884.jpg'
2019-04-15 15:10:43,860 - root - ERROR - >>>>>> issue with [Errno 22] Invalid argument: ' E:\\Temp\\2006037885.jpg'
2019-04-15 15:10:43,862 - root - ERROR - >>>>>> issue with [Errno 22] Invalid argument: ' E:\\Temp\\2006037886.jpg'
2019-04-15 15:10:43,864 - root - ERROR - >>>>>> issue with [Errno 22] Invalid argument: ' E:\\Temp\\2006037887.jpg'
2019-04-15 15:10:43,867 - root - ERROR - >>>>>> issue with [Errno 22] Invalid argument: ' E:\\Temp\\2006037888.jpg'
2019-04-15 15:10:43,869 - root - ERROR - >>>>>> issue with [Errno 22] Invalid argument: ' E:\\Temp\\2006037889.jpg'
2019-04-15 15:10:43,871 - root - ERROR - >>>>>> issue with [Errno 22] Invalid argument: ' E:\\Temp\\2006037890.jpg'
2019-04-15 15:10:43,873 - root - ERROR - >>>>>> issue with [Errno 22] Invalid argument: ' E:\\Temp\\2006037891.jpg'
2019-04-15 15:10:43,876 - root - ERROR - >>>>>> issue with [Errno 22] Invalid argument: ' E:\\Temp\\2006037892.jpg'
2019-04-15 15:10:43,878 - root - ERROR - >>>>>> issue with [Errno 22] Invalid argument: ' E:\\Temp\\2006037893.jpg'
2019-04-15 15:10:43,880 - root - ERROR - >>>>>> issue with [Errno 22] Invalid argument: ' E:\\Temp\\2006037894.jpg'
2019-04-15 15:10:43,882 - root - ERROR - >>>>>> issue with [Errno 22] Invalid argument: ' E:\\Temp\\2006038689.jpg'
2019-04-15 15:10:43,884 - root - ERROR - >>>>>> issue with [Errno 22] Invalid argument: ' E:\\Temp\\2006038761.jpg'
2019-04-15 15:10:43,886 - root - ERROR - >>>>>> issue with [Errno 22] Invalid argument: ' E:\\Temp\\2006039071.jpg'
2019-04-15 15:10:43,889 - root - ERROR - >>>>>> issue with [Errno 22] Invalid argument: ' E:\\Temp\\2006039400.jpg'
2019-04-15 15:10:43,891 - root - ERROR - >>>>>> issue with [Errno 22] Invalid argument: ' E:\\Temp\\2006039560.jpg'
2019-04-15 15:10:43,894 - root - ERROR - >>>>>> issue with [Errno 22] Invalid argument: ' E:\\Temp\\2006039563.jpg'
2019-04-15 15:10:43,899 - root - ERROR - >>>>>> issue with [Errno 22] Invalid argument: ' E:\\Temp\\2006039837.jpg'
2019-04-15 15:10:43,903 - root - ERROR - >>>>>> issue with [Errno 22] Invalid argument: ' E:\\Temp\\2006040904.jpg'
2019-04-15 15:10:43,906 - root - ERROR - >>>>>> issue with [Errno 22] Invalid argument: ' E:\\Temp\\2006042825.jpg'
2019-04-15 15:10:43,909 - root - ERROR - >>>>>> issue with [Errno 22] Invalid argument: ' E:\\Temp\\2006042827.jpg'
2019-04-15 15:10:44,097 - root - ERROR - >>>>>>>>>>>>>>> issue with image upload ('23000', "[23000] [Microsoft][ODBC Driver 17 for SQL Server][SQL Server]Violation of PRIMARY KEY constraint 'LOGOTIPO_PK'. Cannot insert duplicate key in object 'HNADMIN.IP_LOGO'. The duplicate key value is (32036, 1, M, 2011). (2627) (SQLParamData); [23000] [Microsoft][ODBC Driver 17 for SQL Server][SQL Server]The statement has been terminated. (3621)")
2019-04-15 15:10:44,098 - root - ERROR - >>>>>>>>>>>>>>> issue with image upload ('23000', "[23000] [Microsoft][ODBC Driver 17 for SQL Server][SQL Server]Violation of PRIMARY KEY constraint 'LOGOTIPO_PK'. Cannot insert duplicate key in object 'HNADMIN.IP_LOGO'. The duplicate key value is (42086, 1, M, 2011). (2627) (SQLParamData); [23000] [Microsoft][ODBC Driver 17 for SQL Server][SQL Server]The statement has been terminated. (3621)")
2019-04-15 15:10:44,116 - root - ERROR - >>>>>>>>>>>>>>> issue with image upload ('23000', "[23000] [Microsoft][ODBC Driver 17 for SQL Server][SQL Server]Violation of PRIMARY KEY constraint 'LOGOTIPO_PK'. Cannot insert duplicate key in object 'HNADMIN.IP_LOGO'. The duplicate key value is (5612, 1, M, 2012). (2627) (SQLParamData); [23000] [Microsoft][ODBC Driver 17 for SQL Server][SQL Server]The statement has been terminated. (3621)")
2019-04-15 15:10:44,118 - root - ERROR - >>>>>>>>>>>>>>> issue with image upload ('23000', "[23000] [Microsoft][ODBC Driver 17 for SQL Server][SQL Server]Violation of PRIMARY KEY constraint 'LOGOTIPO_PK'. Cannot insert duplicate key in object 'HNADMIN.IP_LOGO'. The duplicate key value is (5613, 1, M, 2012). (2627) (SQLParamData); [23000] [Microsoft][ODBC Driver 17 for SQL Server][SQL Server]The statement has been terminated. (3621)")
2019-04-15 15:10:44,120 - root - ERROR - >>>>>>>>>>>>>>> issue with image upload ('23000', "[23000] [Microsoft][ODBC Driver 17 for SQL Server][SQL Server]Violation of PRIMARY KEY constraint 'LOGOTIPO_PK'. Cannot insert duplicate key in object 'HNADMIN.IP_LOGO'. The duplicate key value is (5614, 1, M, 2012). (2627) (SQLParamData); [23000] [Microsoft][ODBC Driver 17 for SQL Server][SQL Server]The statement has been terminated. (3621)")
2019-04-15 15:10:44,123 - root - ERROR - >>>>>>>>>>>>>>> issue with image upload ('23000', "[23000] [Microsoft][ODBC Driver 17 for SQL Server][SQL Server]Violation of PRIMARY KEY constraint 'LOGOTIPO_PK'. Cannot insert duplicate key in object 'HNADMIN.IP_LOGO'. The duplicate key value is (5615, 1, M, 2012). (2627) (SQLParamData); [23000] [Microsoft][ODBC Driver 17 for SQL Server][SQL Server]The statement has been terminated. (3621)")
2019-04-15 15:10:44,125 - root - ERROR - >>>>>>>>>>>>>>> issue with image upload ('23000', "[23000] [Microsoft][ODBC Driver 17 for SQL Server][SQL Server]Violation of PRIMARY KEY constraint 'LOGOTIPO_PK'. Cannot insert duplicate key in object 'HNADMIN.IP_LOGO'. The duplicate key value is (5616, 1, M, 2012). (2627) (SQLParamData); [23000] [Microsoft][ODBC Driver 17 for SQL Server][SQL Server]The statement has been terminated. (3621)")
2019-04-15 15:10:44,128 - root - ERROR - >>>>>>>>>>>>>>> issue with image upload ('23000', "[23000] [Microsoft][ODBC Driver 17 for SQL Server][SQL Server]Violation of PRIMARY KEY constraint 'LOGOTIPO_PK'. Cannot insert duplicate key in object 'HNADMIN.IP_LOGO'. The duplicate key value is (5618, 1, M, 2012). (2627) (SQLParamData); [23000] [Microsoft][ODBC Driver 17 for SQL Server][SQL Server]The statement has been terminated. (3621)")
2019-04-15 15:10:44,269 - root - ERROR - >>>>>>>>>>>>>>> issue with image upload ('23000', "[23000] [Microsoft][ODBC Driver 17 for SQL Server][SQL Server]Violation of PRIMARY KEY constraint 'LOGOTIPO_PK'. Cannot insert duplicate key in object 'HNADMIN.IP_LOGO'. The duplicate key value is (24251, 1, M, 2018). (2627) (SQLParamData); [23000] [Microsoft][ODBC Driver 17 for SQL Server][SQL Server]The statement has been terminated. (3621)")
2019-04-15 15:10:44,270 - root - ERROR - >>>>>>>>>>>>>>> issue with image upload ('23000', "[23000] [Microsoft][ODBC Driver 17 for SQL Server][SQL Server]Violation of PRIMARY KEY constraint 'LOGOTIPO_PK'. Cannot insert duplicate key in object 'HNADMIN.IP_LOGO'. The duplicate key value is (24532, 1, M, 2018). (2627) (SQLParamData); [23000] [Microsoft][ODBC Driver 17 for SQL Server][SQL Server]The statement has been terminated. (3621)")
2019-04-15 15:10:44,271 - root - ERROR - >>>>>>>>>>>>>>> issue with image upload ('23000', "[23000] [Microsoft][ODBC Driver 17 for SQL Server][SQL Server]Violation of PRIMARY KEY constraint 'LOGOTIPO_PK'. Cannot insert duplicate key in object 'HNADMIN.IP_LOGO'. The duplicate key value is (25544, 1, M, 2018). (2627) (SQLParamData); [23000] [Microsoft][ODBC Driver 17 for SQL Server][SQL Server]The statement has been terminated. (3621)")
2019-04-15 15:10:44,272 - root - ERROR - >>>>>>>>>>>>>>> issue with image upload ('23000', "[23000] [Microsoft][ODBC Driver 17 for SQL Server][SQL Server]Violation of PRIMARY KEY constraint 'LOGOTIPO_PK'. Cannot insert duplicate key in object 'HNADMIN.IP_LOGO'. The duplicate key value is (26168, 1, M, 2018). (2627) (SQLParamData); [23000] [Microsoft][ODBC Driver 17 for SQL Server][SQL Server]The statement has been terminated. (3621)")
2019-04-15 15:10:44,273 - root - ERROR - >>>>>>>>>>>>>>> issue with image upload ('23000', "[23000] [Microsoft][ODBC Driver 17 for SQL Server][SQL Server]Violation of PRIMARY KEY constraint 'LOGOTIPO_PK'. Cannot insert duplicate key in object 'HNADMIN.IP_LOGO'. The duplicate key value is (26169, 1, M, 2018). (2627) (SQLParamData); [23000] [Microsoft][ODBC Driver 17 for SQL Server][SQL Server]The statement has been terminated. (3621)")
2019-04-15 15:10:44,274 - root - ERROR - >>>>>>>>>>>>>>> issue with image upload ('23000', "[23000] [Microsoft][ODBC Driver 17 for SQL Server][SQL Server]Violation of PRIMARY KEY constraint 'LOGOTIPO_PK'. Cannot insert duplicate key in object 'HNADMIN.IP_LOGO'. The duplicate key value is (26171, 1, M, 2018). (2627) (SQLParamData); [23000] [Microsoft][ODBC Driver 17 for SQL Server][SQL Server]The statement has been terminated. (3621)")
2019-04-15 15:10:44,275 - root - ERROR - >>>>>>>>>>>>>>> issue with image upload ('23000', "[23000] [Microsoft][ODBC Driver 17 for SQL Server][SQL Server]Violation of PRIMARY KEY constraint 'LOGOTIPO_PK'. Cannot insert duplicate key in object 'HNADMIN.IP_LOGO'. The duplicate key value is (26173, 1, M, 2018). (2627) (SQLParamData); [23000] [Microsoft][ODBC Driver 17 for SQL Server][SQL Server]The statement has been terminated. (3621)")
2019-04-15 15:10:44,278 - root - ERROR - >>>>>> issue with [Errno 22] Invalid argument: ' E:\\Temp\\19000002415.jpg'
2019-04-15 15:10:44,280 - root - ERROR - >>>>>> issue with [Errno 22] Invalid argument: ' E:\\Temp\\190000040275.jpg'
2019-04-15 15:10:44,282 - root - ERROR - >>>>>> issue with [Errno 22] Invalid argument: ' E:\\Temp\\190000047754.jpg'
2019-04-15 15:10:44,285 - root - ERROR - >>>>>> issue with [Errno 22] Invalid argument: ' E:\\Temp\\19000006325.jpg'
2019-04-15 15:10:44,287 - root - ERROR - >>>>>> issue with [Errno 22] Invalid argument: ' E:\\Temp\\1900010845.jpg'
2019-04-15 15:10:44,287 - root - ERROR - >>>>>>>>>>>>>>> issue with image upload ('23000', "[23000] [Microsoft][ODBC Driver 17 for SQL Server][SQL Server]Violation of PRIMARY KEY constraint 'LOGOTIPO_PK'. Cannot insert duplicate key in object 'HNADMIN.IP_LOGO'. The duplicate key value is (12181, 1, M, 1900). (2627) (SQLExecDirectW); [23000] [Microsoft][ODBC Driver 17 for SQL Server][SQL Server]The statement has been terminated. (3621)")
2019-04-15 15:10:44,288 - root - ERROR - >>>>>> issue with [Errno 22] Invalid argument: ' E:\\Temp\\1900012181.jpg'
2019-04-15 15:10:44,292 - root - ERROR - >>>>>> issue with [Errno 22] Invalid argument: ' E:\\Temp\\1900012794.jpg'
2019-04-15 15:10:44,294 - root - ERROR - >>>>>> issue with [Errno 22] Invalid argument: ' E:\\Temp\\1900014125.jpg'
2019-04-15 15:10:44,296 - root - ERROR - >>>>>> issue with [Errno 22] Invalid argument: ' E:\\Temp\\1900014860.jpg'
2019-04-15 15:10:44,298 - root - ERROR - >>>>>> issue with [Errno 22] Invalid argument: ' E:\\Temp\\1900015605.jpg'
2019-04-15 15:10:44,300 - root - ERROR - >>>>>> issue with [Errno 22] Invalid argument: ' E:\\Temp\\1900023663.jpg'
2019-04-15 15:10:44,302 - root - ERROR - >>>>>> issue with [Errno 22] Invalid argument: ' E:\\Temp\\1900023894.jpg'
2019-04-15 15:10:44,307 - root - ERROR - >>>>>> issue with [Errno 22] Invalid argument: ' E:\\Temp\\1900024003.jpg'
2019-04-15 15:10:44,308 - root - ERROR - >>>>>>>>>>>>>>> issue with image upload ('23000', "[23000] [Microsoft][ODBC Driver 17 for SQL Server][SQL Server]Violation of PRIMARY KEY constraint 'LOGOTIPO_PK'. Cannot insert duplicate key in object 'HNADMIN.IP_LOGO'. The duplicate key value is (2415, 1, M, 1900). (2627) (SQLExecDirectW); [23000] [Microsoft][ODBC Driver 17 for SQL Server][SQL Server]The statement has been terminated. (3621)")
2019-04-15 15:10:44,309 - root - ERROR - >>>>>> issue with [Errno 22] Invalid argument: ' E:\\Temp\\190002415.jpg'
2019-04-15 15:10:44,311 - root - ERROR - >>>>>> issue with [Errno 22] Invalid argument: ' E:\\Temp\\1900024709.jpg'
2019-04-15 15:10:44,314 - root - ERROR - >>>>>> issue with [Errno 22] Invalid argument: ' E:\\Temp\\1900025676.jpg'
2019-04-15 15:10:44,316 - root - ERROR - >>>>>> issue with [Errno 22] Invalid argument: ' E:\\Temp\\1900026098.jpg'
2019-04-15 15:10:44,318 - root - ERROR - >>>>>> issue with [Errno 22] Invalid argument: ' E:\\Temp\\1900026237.jpg'
2019-04-15 15:10:44,319 - root - ERROR - >>>>>> issue with [Errno 22] Invalid argument: ' E:\\Temp\\1900026273.jpg'
2019-04-15 15:10:44,322 - root - ERROR - >>>>>> issue with [Errno 22] Invalid argument: ' E:\\Temp\\1900026476.jpg'
2019-04-15 15:10:44,324 - root - ERROR - >>>>>> issue with [Errno 22] Invalid argument: ' E:\\Temp\\1900026588.jpg'
2019-04-15 15:10:44,326 - root - ERROR - >>>>>> issue with [Errno 22] Invalid argument: ' E:\\Temp\\1900026589.jpg'
2019-04-15 15:10:44,329 - root - ERROR - >>>>>> issue with [Errno 22] Invalid argument: ' E:\\Temp\\1900026693.jpg'
2019-04-15 15:10:44,332 - root - ERROR - >>>>>> issue with [Errno 22] Invalid argument: ' E:\\Temp\\1900026707.jpg'
2019-04-15 15:10:44,334 - root - ERROR - >>>>>> issue with [Errno 22] Invalid argument: ' E:\\Temp\\1900028201.jpg'
2019-04-15 15:10:44,336 - root - ERROR - >>>>>> issue with [Errno 22] Invalid argument: ' E:\\Temp\\1900028440.jpg'
2019-04-15 15:10:44,339 - root - ERROR - >>>>>> issue with [Errno 22] Invalid argument: ' E:\\Temp\\1900030064.jpg'
2019-04-15 15:10:44,342 - root - ERROR - >>>>>> issue with [Errno 22] Invalid argument: ' E:\\Temp\\1900030343.jpg'
2019-04-15 15:10:44,343 - root - ERROR - >>>>>>>>>>>>>>> issue with image upload ('23000', "[23000] [Microsoft][ODBC Driver 17 for SQL Server][SQL Server]Violation of PRIMARY KEY constraint 'LOGOTIPO_PK'. Cannot insert duplicate key in object 'HNADMIN.IP_LOGO'. The duplicate key value is (40275, 1, M, 1900). (2627) (SQLExecDirectW); [23000] [Microsoft][ODBC Driver 17 for SQL Server][SQL Server]The statement has been terminated. (3621)")
2019-04-15 15:10:44,344 - root - ERROR - >>>>>> issue with [Errno 22] Invalid argument: ' E:\\Temp\\1900040275.jpg'
2019-04-15 15:10:44,346 - root - ERROR - >>>>>> issue with [Errno 22] Invalid argument: ' E:\\Temp\\1900040356.jpg'
2019-04-15 15:10:44,348 - root - ERROR - >>>>>> issue with [Errno 22] Invalid argument: ' E:\\Temp\\1900040357.jpg'
2019-04-15 15:10:44,350 - root - ERROR - >>>>>> issue with [Errno 22] Invalid argument: ' E:\\Temp\\1900040914.jpg'
2019-04-15 15:10:44,353 - root - ERROR - >>>>>> issue with [Errno 22] Invalid argument: ' E:\\Temp\\1900040940.jpg'
2019-04-15 15:10:44,356 - root - ERROR - >>>>>> issue with [Errno 22] Invalid argument: ' E:\\Temp\\1900040985.jpg'
2019-04-15 15:10:44,359 - root - ERROR - >>>>>> issue with [Errno 22] Invalid argument: ' E:\\Temp\\1900041876.jpg'
2019-04-15 15:10:44,361 - root - ERROR - >>>>>> issue with [Errno 22] Invalid argument: ' E:\\Temp\\1900041973.jpg'
2019-04-15 15:10:44,364 - root - ERROR - >>>>>> issue with [Errno 22] Invalid argument: ' E:\\Temp\\1900042002.jpg'
2019-04-15 15:10:44,367 - root - ERROR - >>>>>> issue with [Errno 22] Invalid argument: ' E:\\Temp\\1900042003.jpg'
2019-04-15 15:10:44,370 - root - ERROR - >>>>>> issue with [Errno 22] Invalid argument: ' E:\\Temp\\1900042004.jpg'
2019-04-15 15:10:44,373 - root - ERROR - >>>>>> issue with [Errno 22] Invalid argument: ' E:\\Temp\\1900042005.jpg'
2019-04-15 15:10:44,377 - root - ERROR - >>>>>> issue with [Errno 22] Invalid argument: ' E:\\Temp\\1900042552.jpg'
2019-04-15 15:10:44,379 - root - ERROR - >>>>>> issue with [Errno 22] Invalid argument: ' E:\\Temp\\1900042811.jpg'
2019-04-15 15:10:44,382 - root - ERROR - >>>>>>>>>>>>>>> issue with image upload ('23000', "[23000] [Microsoft][ODBC Driver 17 for SQL Server][SQL Server]Violation of PRIMARY KEY constraint 'LOGOTIPO_PK'. Cannot insert duplicate key in object 'HNADMIN.IP_LOGO'. The duplicate key value is (43093, 1, M, 1900). (2627) (SQLExecDirectW); [23000] [Microsoft][ODBC Driver 17 for SQL Server][SQL Server]The statement has been terminated. (3621)")
2019-04-15 15:10:44,384 - root - ERROR - >>>>>> issue with [Errno 22] Invalid argument: ' E:\\Temp\\1900043093.jpg'
2019-04-15 15:10:44,386 - root - ERROR - >>>>>> issue with [Errno 22] Invalid argument: ' E:\\Temp\\1900043182.jpg'
2019-04-15 15:10:44,388 - root - ERROR - >>>>>> issue with [Errno 22] Invalid argument: ' E:\\Temp\\1900043321.jpg'
2019-04-15 15:10:44,391 - root - ERROR - >>>>>> issue with [Errno 22] Invalid argument: ' E:\\Temp\\1900043363.jpg'
2019-04-15 15:10:44,393 - root - ERROR - >>>>>> issue with [Errno 22] Invalid argument: ' E:\\Temp\\1900043373.jpg'
2019-04-15 15:10:44,396 - root - ERROR - >>>>>> issue with [Errno 22] Invalid argument: ' E:\\Temp\\1900043642.jpg'
2019-04-15 15:10:44,398 - root - ERROR - >>>>>> issue with [Errno 22] Invalid argument: ' E:\\Temp\\1900043660.jpg'
2019-04-15 15:10:44,400 - root - ERROR - >>>>>> issue with [Errno 22] Invalid argument: ' E:\\Temp\\1900043964.jpg'
2019-04-15 15:10:44,402 - root - ERROR - >>>>>> issue with [Errno 22] Invalid argument: ' E:\\Temp\\1900044177.jpg'
2019-04-15 15:10:44,405 - root - ERROR - >>>>>> issue with [Errno 22] Invalid argument: ' E:\\Temp\\1900044503.jpg'
2019-04-15 15:10:44,407 - root - ERROR - >>>>>> issue with [Errno 22] Invalid argument: ' E:\\Temp\\1900044944.jpg'
2019-04-15 15:10:44,409 - root - ERROR - >>>>>> issue with [Errno 22] Invalid argument: ' E:\\Temp\\1900045030.jpg'
2019-04-15 15:10:44,412 - root - ERROR - >>>>>> issue with [Errno 22] Invalid argument: ' E:\\Temp\\1900045313.jpg'
2019-04-15 15:10:44,413 - root - ERROR - >>>>>> issue with [Errno 22] Invalid argument: ' E:\\Temp\\1900045512.jpg'
2019-04-15 15:10:44,416 - root - ERROR - >>>>>> issue with [Errno 22] Invalid argument: ' E:\\Temp\\1900045971.jpg'
2019-04-15 15:10:44,418 - root - ERROR - >>>>>> issue with [Errno 22] Invalid argument: ' E:\\Temp\\1900045981.jpg'
2019-04-15 15:10:44,420 - root - ERROR - >>>>>> issue with [Errno 22] Invalid argument: ' E:\\Temp\\1900045992.jpg'
2019-04-15 15:10:44,423 - root - ERROR - >>>>>> issue with [Errno 22] Invalid argument: ' E:\\Temp\\1900047173.jpg'
2019-04-15 15:10:44,425 - root - ERROR - >>>>>> issue with [Errno 22] Invalid argument: ' E:\\Temp\\1900047672.jpg'
2019-04-15 15:10:44,426 - root - ERROR - >>>>>>>>>>>>>>> issue with image upload ('23000', "[23000] [Microsoft][ODBC Driver 17 for SQL Server][SQL Server]Violation of PRIMARY KEY constraint 'LOGOTIPO_PK'. Cannot insert duplicate key in object 'HNADMIN.IP_LOGO'. The duplicate key value is (47754, 1, M, 1900). (2627) (SQLExecDirectW); [23000] [Microsoft][ODBC Driver 17 for SQL Server][SQL Server]The statement has been terminated. (3621)")
2019-04-15 15:10:44,427 - root - ERROR - >>>>>> issue with [Errno 22] Invalid argument: ' E:\\Temp\\1900047754.jpg'
2019-04-15 15:10:44,429 - root - ERROR - >>>>>> issue with [Errno 22] Invalid argument: ' E:\\Temp\\1900047791.jpg'
2019-04-15 15:10:44,434 - root - ERROR - >>>>>> issue with [Errno 22] Invalid argument: ' E:\\Temp\\1900048055.jpg'
2019-04-15 15:10:44,436 - root - ERROR - >>>>>> issue with [Errno 22] Invalid argument: ' E:\\Temp\\1900048235.jpg'
2019-04-15 15:10:44,438 - root - ERROR - >>>>>> issue with [Errno 22] Invalid argument: ' E:\\Temp\\1900048252.jpg'
2019-04-15 15:10:44,441 - root - ERROR - >>>>>> issue with [Errno 22] Invalid argument: ' E:\\Temp\\1900048671.jpg'
2019-04-15 15:10:44,444 - root - ERROR - >>>>>> issue with [Errno 22] Invalid argument: ' E:\\Temp\\1900048672.jpg'
2019-04-15 15:10:44,447 - root - ERROR - >>>>>> issue with [Errno 22] Invalid argument: ' E:\\Temp\\1900048675.jpg'
2019-04-15 15:10:44,449 - root - ERROR - >>>>>> issue with [Errno 22] Invalid argument: ' E:\\Temp\\1900049050.jpg'
2019-04-15 15:10:44,451 - root - ERROR - >>>>>> issue with [Errno 22] Invalid argument: ' E:\\Temp\\1900049221.jpg'
2019-04-15 15:10:44,453 - root - ERROR - >>>>>> issue with [Errno 22] Invalid argument: ' E:\\Temp\\1900049239.jpg'
2019-04-15 15:10:44,455 - root - ERROR - >>>>>> issue with [Errno 22] Invalid argument: ' E:\\Temp\\1900050154.jpg'
2019-04-15 15:10:44,459 - root - ERROR - >>>>>> issue with [Errno 22] Invalid argument: ' E:\\Temp\\1900050760.jpg'
2019-04-15 15:10:44,461 - root - ERROR - >>>>>> issue with [Errno 22] Invalid argument: ' E:\\Temp\\1900051949.jpg'
2019-04-15 15:10:44,463 - root - ERROR - >>>>>> issue with [Errno 22] Invalid argument: ' E:\\Temp\\1900051953.jpg'
2019-04-15 15:10:44,465 - root - ERROR - >>>>>> issue with [Errno 22] Invalid argument: ' E:\\Temp\\1900051956.jpg'
2019-04-15 15:10:44,467 - root - ERROR - >>>>>> issue with [Errno 22] Invalid argument: ' E:\\Temp\\1900051957.jpg'
2019-04-15 15:10:44,469 - root - ERROR - >>>>>> issue with [Errno 22] Invalid argument: ' E:\\Temp\\1900052072.jpg'
2019-04-15 15:10:44,471 - root - ERROR - >>>>>> issue with [Errno 22] Invalid argument: ' E:\\Temp\\1900052181.jpg'
2019-04-15 15:10:44,473 - root - ERROR - >>>>>> issue with [Errno 22] Invalid argument: ' E:\\Temp\\1900052182.jpg'
2019-04-15 15:10:44,488 - root - ERROR - >>>>>> issue with [Errno 22] Invalid argument: ' E:\\Temp\\190005819.jpg'
2019-04-15 15:10:44,489 - root - ERROR - >>>>>>>>>>>>>>> issue with image upload ('23000', "[23000] [Microsoft][ODBC Driver 17 for SQL Server][SQL Server]Violation of PRIMARY KEY constraint 'LOGOTIPO_PK'. Cannot insert duplicate key in object 'HNADMIN.IP_LOGO'. The duplicate key value is (6325, 1, M, 1900). (2627) (SQLExecDirectW); [23000] [Microsoft][ODBC Driver 17 for SQL Server][SQL Server]The statement has been terminated. (3621)")
2019-04-15 15:10:44,491 - root - ERROR - >>>>>> issue with [Errno 22] Invalid argument: ' E:\\Temp\\190006325.jpg'
2019-04-15 15:10:44,493 - root - ERROR - >>>>>> issue with [Errno 22] Invalid argument: ' E:\\Temp\\190006977.jpg'
2019-04-15 15:10:44,497 - root - ERROR - >>>>>> issue with [Errno 22] Invalid argument: ' E:\\Temp\\1989004604.jpg'
2019-04-15 15:10:44,499 - root - ERROR - >>>>>> issue with [Errno 22] Invalid argument: ' E:\\Temp\\1990002281.jpg'
2019-04-15 15:10:44,502 - root - ERROR - >>>>>> issue with [Errno 22] Invalid argument: ' E:\\Temp\\1990005792.jpg'
2019-04-15 15:10:44,504 - root - ERROR - >>>>>> issue with [Errno 22] Invalid argument: ' E:\\Temp\\1991002048.jpg'
2019-04-15 15:10:44,506 - root - ERROR - >>>>>> issue with [Errno 22] Invalid argument: ' E:\\Temp\\1991005969.jpg'
2019-04-15 15:10:44,510 - root - ERROR - >>>>>> issue with [Errno 22] Invalid argument: ' E:\\Temp\\1991009219.jpg'
2019-04-15 15:10:44,512 - root - ERROR - >>>>>> issue with [Errno 22] Invalid argument: ' E:\\Temp\\1991009301.jpg'
2019-04-15 15:10:44,514 - root - ERROR - >>>>>> issue with [Errno 22] Invalid argument: ' E:\\Temp\\1992000533.jpg'
2019-04-15 15:10:44,519 - root - ERROR - >>>>>> issue with [Errno 22] Invalid argument: ' E:\\Temp\\1992000727.jpg'
2019-04-15 15:10:44,522 - root - ERROR - >>>>>> issue with [Errno 22] Invalid argument: ' E:\\Temp\\19920010779.jpg'
2019-04-15 15:10:44,524 - root - ERROR - >>>>>> issue with [Errno 22] Invalid argument: ' E:\\Temp\\1992001591.jpg'
2019-04-15 15:10:44,529 - root - ERROR - >>>>>> issue with [Errno 22] Invalid argument: ' E:\\Temp\\1992002479.jpg'
2019-04-15 15:10:44,533 - root - ERROR - >>>>>> issue with [Errno 22] Invalid argument: ' E:\\Temp\\1992004043.jpg'
2019-04-15 15:10:44,559 - root - ERROR - >>>>>> issue with [Errno 22] Invalid argument: ' E:\\Temp\\1992004044.jpg'
2019-04-15 15:10:44,561 - root - ERROR - >>>>>> issue with [Errno 22] Invalid argument: ' E:\\Temp\\1992004045.jpg'
2019-04-15 15:10:44,564 - root - ERROR - >>>>>> issue with [Errno 22] Invalid argument: ' E:\\Temp\\1992004900.jpg'
2019-04-15 15:10:44,566 - root - ERROR - >>>>>> issue with [Errno 22] Invalid argument: ' E:\\Temp\\1992006890.jpg'
2019-04-15 15:10:44,569 - root - ERROR - >>>>>> issue with [Errno 22] Invalid argument: ' E:\\Temp\\1993002021.jpg'
2019-04-15 15:10:44,572 - root - ERROR - >>>>>> issue with [Errno 22] Invalid argument: ' E:\\Temp\\1993003784.jpg'
2019-04-15 15:10:44,575 - root - ERROR - >>>>>> issue with [Errno 22] Invalid argument: ' E:\\Temp\\1993006694.jpg'
2019-04-15 15:10:44,577 - root - ERROR - >>>>>> issue with [Errno 22] Invalid argument: ' E:\\Temp\\1994002239.jpg'
2019-04-15 15:10:44,579 - root - ERROR - >>>>>> issue with [Errno 22] Invalid argument: ' E:\\Temp\\1994004188.jpg'
2019-04-15 15:10:44,582 - root - ERROR - >>>>>> issue with [Errno 22] Invalid argument: ' E:\\Temp\\1994004189.jpg'
2019-04-15 15:10:44,584 - root - ERROR - >>>>>> issue with [Errno 22] Invalid argument: ' E:\\Temp\\1995007511.jpg'
2019-04-15 15:10:44,586 - root - ERROR - >>>>>> issue with [Errno 22] Invalid argument: ' E:\\Temp\\1995008126.jpg'
2019-04-15 15:10:44,588 - root - ERROR - >>>>>> issue with [Errno 22] Invalid argument: ' E:\\Temp\\1995008327.jpg'
2019-04-15 15:10:44,592 - root - ERROR - >>>>>> issue with [Errno 22] Invalid argument: ' E:\\Temp\\19960010872.jpg'
2019-04-15 15:10:44,595 - root - ERROR - >>>>>> issue with [Errno 22] Invalid argument: ' E:\\Temp\\19960011866.jpg'
2019-04-15 15:10:44,596 - root - ERROR - >>>>>> issue with [Errno 22] Invalid argument: ' E:\\Temp\\19960012474.jpg'
2019-04-15 15:10:44,599 - root - ERROR - >>>>>> issue with [Errno 22] Invalid argument: ' E:\\Temp\\1997004131.jpg'
2019-04-15 15:10:44,602 - root - ERROR - >>>>>> issue with [Errno 22] Invalid argument: ' E:\\Temp\\1997006577.jpg'
2019-04-15 15:10:44,604 - root - ERROR - >>>>>> issue with [Errno 22] Invalid argument: ' E:\\Temp\\19980015991.jpg'
2019-04-15 15:10:44,607 - root - ERROR - >>>>>> issue with [Errno 22] Invalid argument: ' E:\\Temp\\1999004589.jpg'
2019-04-15 15:10:44,609 - root - ERROR - >>>>>> issue with [Errno 22] Invalid argument: ' E:\\Temp\\20000014322.jpg'
2019-04-15 15:10:44,612 - root - ERROR - >>>>>> issue with [Errno 22] Invalid argument: ' E:\\Temp\\2000002493.jpg'
2019-04-15 15:10:44,614 - root - ERROR - >>>>>> issue with [Errno 22] Invalid argument: ' E:\\Temp\\2000009317.jpg'
2019-04-15 15:10:44,617 - root - ERROR - >>>>>> issue with [Errno 22] Invalid argument: ' E:\\Temp\\2000018454.jpg'
2019-04-15 15:10:44,619 - root - ERROR - >>>>>> issue with [Errno 22] Invalid argument: ' E:\\Temp\\20006560.jpg'
2019-04-15 15:10:44,630 - root - ERROR - >>>>>> issue with [Errno 22] Invalid argument: ' E:\\Temp\\2001001197.jpg'
2019-04-15 15:10:44,635 - root - ERROR - >>>>>> issue with [Errno 22] Invalid argument: ' E:\\Temp\\200300010586.jpg'
2019-04-15 15:10:44,643 - root - ERROR - >>>>>> issue with [Errno 22] Invalid argument: ' E:\\Temp\\200300023196.jpg'
2019-04-15 15:10:44,648 - root - ERROR - >>>>>> issue with [Errno 22] Invalid argument: ' E:\\Temp\\20030020227.jpg'
2019-04-15 15:10:44,651 - root - ERROR - >>>>>> issue with [Errno 22] Invalid argument: ' E:\\Temp\\20030020228.jpg'
2019-04-15 15:10:44,654 - root - ERROR - >>>>>> issue with [Errno 22] Invalid argument: ' E:\\Temp\\20030020230.jpg'
2019-04-15 15:10:44,657 - root - ERROR - >>>>>> issue with [Errno 22] Invalid argument: ' E:\\Temp\\20030020231.jpg'
2019-04-15 15:10:44,660 - root - ERROR - >>>>>> issue with [Errno 22] Invalid argument: ' E:\\Temp\\20030020232.jpg'
2019-04-15 15:10:44,661 - root - ERROR - >>>>>>>>>>>>>>> issue with image upload ('23000', "[23000] [Microsoft][ODBC Driver 17 for SQL Server][SQL Server]Violation of PRIMARY KEY constraint 'LOGOTIPO_PK'. Cannot insert duplicate key in object 'HNADMIN.IP_LOGO'. The duplicate key value is (21836, 1, M, 2003). (2627) (SQLParamData); [23000] [Microsoft][ODBC Driver 17 for SQL Server][SQL Server]The statement has been terminated. (3621)")
2019-04-15 15:10:44,664 - root - ERROR - >>>>>> issue with [Errno 22] Invalid argument: ' E:\\Temp\\2006025991.jpg'
2019-04-15 15:10:44,666 - root - ERROR - >>>>>> issue with [Errno 22] Invalid argument: ' E:\\Temp\\2006026414.jpg'
2019-04-15 15:10:44,672 - root - ERROR - >>>>>> issue with [Errno 22] Invalid argument: ' E:\\Temp\\2006027179.jpg'
2019-04-15 15:10:44,675 - root - ERROR - >>>>>> issue with [Errno 22] Invalid argument: ' E:\\Temp\\2006028831.jpg'
2019-04-15 15:10:44,678 - root - ERROR - >>>>>> issue with [Errno 22] Invalid argument: ' E:\\Temp\\2006031646.jpg'
2019-04-15 15:10:44,680 - root - ERROR - >>>>>> issue with [Errno 22] Invalid argument: ' E:\\Temp\\2006031647.jpg'
2019-04-15 15:10:44,682 - root - ERROR - >>>>>> issue with [Errno 22] Invalid argument: ' E:\\Temp\\2006031648.jpg'
2019-04-15 15:10:44,685 - root - ERROR - >>>>>> issue with [Errno 22] Invalid argument: ' E:\\Temp\\2006036182.jpg'
2019-04-15 15:10:44,689 - root - ERROR - >>>>>> issue with [Errno 22] Invalid argument: ' E:\\Temp\\2006038763.jpg'
2019-04-15 15:10:44,691 - root - ERROR - >>>>>> issue with [Errno 22] Invalid argument: ' E:\\Temp\\2006039401.jpg'
2019-04-15 15:10:44,693 - root - ERROR - >>>>>> issue with [Errno 22] Invalid argument: ' E:\\Temp\\2006040451.jpg'
2019-04-15 15:10:44,696 - root - ERROR - >>>>>> issue with [Errno 22] Invalid argument: ' E:\\Temp\\2006041844.jpg'
2019-04-15 15:10:44,698 - root - ERROR - >>>>>> issue with [Errno 22] Invalid argument: ' E:\\Temp\\2006041845.jpg'
2019-04-15 15:10:44,701 - root - ERROR - >>>>>> issue with [Errno 22] Invalid argument: ' E:\\Temp\\2006041846.jpg'
2019-04-15 15:10:44,764 - root - ERROR - >>>>>>>>>>>>>>> issue with image upload ('23000', "[23000] [Microsoft][ODBC Driver 17 for SQL Server][SQL Server]Violation of PRIMARY KEY constraint 'LOGOTIPO_PK'. Cannot insert duplicate key in object 'HNADMIN.IP_LOGO'. The duplicate key value is (36679, 1, M, 2010). (2627) (SQLParamData); [23000] [Microsoft][ODBC Driver 17 for SQL Server][SQL Server]The statement has been terminated. (3621)")
2019-04-15 15:10:44,837 - root - ERROR - >>>>>> issue with [Errno 22] Invalid argument: ' E:\\Temp\\19000001803.jpg'
2019-04-15 15:10:44,840 - root - ERROR - >>>>>> issue with [Errno 22] Invalid argument: ' E:\\Temp\\19000002177.jpg'
2019-04-15 15:10:44,848 - root - ERROR - >>>>>> issue with [Errno 22] Invalid argument: ' E:\\Temp\\19000003253.jpg'
2019-04-15 15:10:44,850 - root - ERROR - >>>>>> issue with [Errno 22] Invalid argument: ' E:\\Temp\\19000003727.jpg'
2019-04-15 15:10:44,853 - root - ERROR - >>>>>>>>>>>>>>> issue with image upload ('23000', "[23000] [Microsoft][ODBC Driver 17 for SQL Server][SQL Server]Violation of PRIMARY KEY constraint 'LOGOTIPO_PK'. Cannot insert duplicate key in object 'HNADMIN.IP_LOGO'. The duplicate key value is (413, 1, M, 1900). (2627) (SQLParamData); [23000] [Microsoft][ODBC Driver 17 for SQL Server][SQL Server]The statement has been terminated. (3621)")
2019-04-15 15:10:44,856 - root - ERROR - >>>>>> issue with [Errno 22] Invalid argument: ' E:\\Temp\\1900000413.jpg'
2019-04-15 15:10:44,859 - root - ERROR - >>>>>> issue with [Errno 22] Invalid argument: ' E:\\Temp\\19000005292.jpg'
2019-04-15 15:10:44,862 - root - ERROR - >>>>>> issue with [Errno 22] Invalid argument: ' E:\\Temp\\19000005749.jpg'
2019-04-15 15:10:44,865 - root - ERROR - >>>>>> issue with [Errno 22] Invalid argument: ' E:\\Temp\\19000005777.jpg'
2019-04-15 15:10:44,874 - root - ERROR - >>>>>> issue with [Errno 22] Invalid argument: ' E:\\Temp\\19000005782.jpg'
2019-04-15 15:10:44,876 - root - ERROR - >>>>>> issue with [Errno 22] Invalid argument: ' E:\\Temp\\19000006366.jpg'
2019-04-15 15:10:44,882 - root - ERROR - >>>>>> issue with [Errno 22] Invalid argument: ' E:\\Temp\\19000007074.jpg'
2019-04-15 15:10:44,886 - root - ERROR - >>>>>> issue with [Errno 22] Invalid argument: ' E:\\Temp\\19000007114.jpg'
2019-04-15 15:10:44,891 - root - ERROR - >>>>>> issue with [Errno 22] Invalid argument: ' E:\\Temp\\1900003775.jpg'
2019-04-15 15:10:44,896 - root - ERROR - >>>>>> issue with [Errno 22] Invalid argument: ' E:\\Temp\\1900005293.jpg'
2019-04-15 15:10:44,907 - root - ERROR - >>>>>>>>>>>>>>> issue with image upload ('23000', "[23000] [Microsoft][ODBC Driver 17 for SQL Server][SQL Server]Violation of PRIMARY KEY constraint 'LOGOTIPO_PK'. Cannot insert duplicate key in object 'HNADMIN.IP_LOGO'. The duplicate key value is (5295, 1, M, 1900). (2627) (SQLParamData); [23000] [Microsoft][ODBC Driver 17 for SQL Server][SQL Server]The statement has been terminated. (3621)")
2019-04-15 15:10:44,909 - root - ERROR - >>>>>> issue with [Errno 22] Invalid argument: ' E:\\Temp\\1900005295.jpg'
2019-04-15 15:10:44,915 - root - ERROR - >>>>>> issue with [Errno 22] Invalid argument: ' E:\\Temp\\1900005297.jpg'
2019-04-15 15:10:44,918 - root - ERROR - >>>>>> issue with [Errno 22] Invalid argument: ' E:\\Temp\\1900006716.jpg'
2019-04-15 15:10:44,920 - root - ERROR - >>>>>> issue with [Errno 22] Invalid argument: ' E:\\Temp\\1900006863.jpg'
2019-04-15 15:10:44,925 - root - ERROR - >>>>>> issue with [Errno 22] Invalid argument: ' E:\\Temp\\1900007047.jpg'
2019-04-15 15:10:44,927 - root - ERROR - >>>>>>>>>>>>>>> issue with image upload ('23000', "[23000] [Microsoft][ODBC Driver 17 for SQL Server][SQL Server]Violation of PRIMARY KEY constraint 'LOGOTIPO_PK'. Cannot insert duplicate key in object 'HNADMIN.IP_LOGO'. The duplicate key value is (7111, 1, M, 1900). (2627) (SQLParamData); [23000] [Microsoft][ODBC Driver 17 for SQL Server][SQL Server]The statement has been terminated. (3621)")
2019-04-15 15:10:44,928 - root - ERROR - >>>>>>>>>>>>>>> issue with image upload ('23000', "[23000] [Microsoft][ODBC Driver 17 for SQL Server][SQL Server]Violation of PRIMARY KEY constraint 'LOGOTIPO_PK'. Cannot insert duplicate key in object 'HNADMIN.IP_LOGO'. The duplicate key value is (7115, 1, M, 1900). (2627) (SQLExecDirectW); [23000] [Microsoft][ODBC Driver 17 for SQL Server][SQL Server]The statement has been terminated. (3621)")
2019-04-15 15:10:44,930 - root - ERROR - >>>>>> issue with [Errno 22] Invalid argument: ' E:\\Temp\\1900007115.jpg'
2019-04-15 15:10:44,935 - root - ERROR - >>>>>> issue with [Errno 22] Invalid argument: ' E:\\Temp\\1900007279.jpg'
2019-04-15 15:10:44,938 - root - ERROR - >>>>>> issue with [Errno 22] Invalid argument: ' E:\\Temp\\1900007511.jpg'
2019-04-15 15:10:44,940 - root - ERROR - >>>>>> issue with [Errno 22] Invalid argument: ' E:\\Temp\\1900007512.jpg'
2019-04-15 15:10:44,943 - root - ERROR - >>>>>> issue with [Errno 22] Invalid argument: ' E:\\Temp\\1900008076.jpg'
2019-04-15 15:10:44,946 - root - ERROR - >>>>>> issue with [Errno 22] Invalid argument: ' E:\\Temp\\1900008225.jpg'
