2019-04-09 17:00:43,375 - root - WARNING - connected to Sqlserver.
2019-04-09 17:00:43,376 - root - INFO - Processing: agentes.DBF
2019-04-09 17:00:43,378 - root - INFO - Processing: ccvs.DBF
2019-04-09 17:00:43,379 - root - INFO - Processing: codigos.dbf
2019-04-09 17:00:43,380 - root - INFO - Processing: eventab.dbf
2019-04-09 17:00:43,381 - root - INFO - Processing: marca.DBF
2019-04-09 17:00:43,383 - root - INFO - Processing: migracio.dbf
2019-04-09 17:00:43,384 - root - INFO - Processing: movimi.DBF
2019-04-09 17:00:43,386 - root - INFO - Processing: nuenoms.DBF
2019-04-09 17:00:43,388 - root - INFO - Processing: orinoms.DBF
2019-04-09 17:00:43,389 - root - INFO - Processing: Pago.DBF
2019-04-09 17:00:43,390 - root - INFO - Processing: peticion.DBF
2019-04-09 17:00:43,392 - root - INFO - Processing: petireg.DBF
2019-04-09 17:00:43,393 - root - INFO - Processing: PODER.DBF
2019-04-09 17:00:43,394 - root - INFO - Processing: poderes.dbf
2019-04-09 17:00:43,396 - root - INFO - Processing: producto.DBF
2019-04-09 17:00:43,398 - root - INFO - Processing: status.DBF
2019-04-09 17:00:43,399 - root - INFO - Processing: titular.DBF
2019-04-09 17:00:43,400 - root - INFO - Processing: titumar.DBF
2019-04-09 17:00:43,401 - root - INFO - Processing: users.DBF
2019-04-09 17:00:50,096 - root - WARNING - connected to Sqlserver.
2019-04-09 17:00:50,097 - root - INFO - Processing: agentes.DBF
2019-04-09 17:00:50,102 - root - INFO - Processing: ccvs.DBF
2019-04-09 17:00:50,105 - root - INFO - Processing: codigos.dbf
2019-04-09 17:00:50,107 - root - INFO - Processing: eventab.dbf
2019-04-09 17:00:50,109 - root - INFO - Processing: marca.DBF
2019-04-09 17:00:50,112 - root - INFO - Processing: migracio.dbf
2019-04-09 17:00:50,114 - root - INFO - Processing: movimi.DBF
2019-04-09 17:00:50,117 - root - INFO - Processing: nuenoms.DBF
2019-04-09 17:00:50,119 - root - INFO - Processing: orinoms.DBF
2019-04-09 17:00:50,121 - root - INFO - Processing: Pago.DBF
2019-04-09 17:00:50,123 - root - INFO - Processing: peticion.DBF
2019-04-09 17:00:50,126 - root - INFO - Processing: petireg.DBF
2019-04-09 17:00:50,129 - root - INFO - Processing: PODER.DBF
2019-04-09 17:00:50,131 - root - INFO - Processing: poderes.dbf
2019-04-09 17:00:50,134 - root - INFO - Processing: producto.DBF
2019-04-09 17:00:50,137 - root - INFO - Processing: status.DBF
2019-04-09 17:00:50,139 - root - INFO - Processing: titular.DBF
2019-04-09 17:00:50,144 - root - INFO - wrong query:create table HN1.dbo.vw_origin_titular (rowNum numeric (20), "TITULAR" varchar(max), "NOMBRE" varchar(max), "DIRECCION" varchar(max), "PAIS" varchar(max), "LUGAR" varchar(max), "BANDERA" boolean, DELETED varchar (5))Creating Vw_origin_titular table
2019-04-09 17:00:50,144 - root - ERROR - >>>>>>>>>>>>>>> issue with insert query ('42000', '[42000] [Microsoft][ODBC Driver 17 for SQL Server][SQL Server]Column, parameter, or variable #7: Cannot find data type boolean. (2715) (SQLExecDirectW)')
2019-04-09 17:00:50,144 - root - INFO - Processing: titumar.DBF
2019-04-09 17:00:50,147 - root - INFO - Processing: users.DBF
