2019-04-15 09:30:51,908 - root - WARNING - connected to Sqlserver.
2019-04-15 09:30:54,949 - root - INFO - Connections to database severed
2019-04-15 09:30:55,550 - root - INFO - database dropped
2019-04-15 09:30:55,781 - root - INFO - New Intermediate databas created
2019-04-15 09:30:55,797 - root - WARNING - connected to Sqlserver.
2019-04-15 09:30:55,798 - root - INFO - Processing: agentes.DBF
2019-04-15 09:30:55,819 - root - INFO - new table to create: "create table HN1.dbo.vw_origin_agentes (rowNum numeric (20), "AGENTE" varchar(max), "NOMBRE" varchar(max), "DIRECCION" varchar(max), "CONTACTO" varchar(max), "CALIDAD" varchar(max), DELETED varchar (5))"
2019-04-15 09:30:55,821 - root - WARNING - Going to insert to table: agentes
2019-04-15 09:30:57,885 - root - WARNING - insert finished
2019-04-15 09:30:57,888 - root - WARNING - connected to Sqlserver.
2019-04-15 09:30:57,888 - root - INFO - Processing: ccvs.DBF
2019-04-15 09:30:57,902 - root - INFO - new table to create: "create table HN1.dbo.vw_origin_ccvs (rowNum numeric (20), "CCV" varchar(max), "NRO_SOLICI" varchar(max), DELETED varchar (5))"
2019-04-15 09:30:57,904 - root - WARNING - Going to insert to table: ccvs
2019-04-15 09:31:08,051 - root - WARNING - insert finished
2019-04-15 09:31:08,051 - root - WARNING - connected to Sqlserver.
2019-04-15 09:31:08,051 - root - INFO - Processing: codigos.dbf
2019-04-15 09:31:08,068 - root - INFO - new table to create: "create table HN1.dbo.vw_origin_codigos (rowNum numeric (20), "ID_CODIGO" varchar(max), "CODIGO" varchar(max), "DESCRIPCOD" varchar(max), DELETED varchar (5))"
2019-04-15 09:31:08,069 - root - WARNING - Going to insert to table: codigos
2019-04-15 09:31:08,079 - root - WARNING - insert finished
2019-04-15 09:31:08,079 - root - WARNING - connected to Sqlserver.
2019-04-15 09:31:08,079 - root - INFO - Processing: eventab.dbf
2019-04-15 09:31:08,091 - root - INFO - new table to create: "create table HN1.dbo.vw_origin_eventab (rowNum numeric (20), "EVENTO" varchar(max), "DESCRIP" varchar(max), "TIPO_EVENT" varchar(max), "INFO_ADI" varchar(max), "ETI_COMENT" varchar(max), "ETI_NUMERO" varchar(max), DELETED varchar (5))"
2019-04-15 09:31:08,093 - root - WARNING - Going to insert to table: eventab
2019-04-15 09:31:08,122 - root - WARNING - insert finished
2019-04-15 09:31:08,122 - root - WARNING - connected to Sqlserver.
2019-04-15 09:31:08,122 - root - INFO - Processing: marca.DBF
2019-04-15 09:31:08,144 - root - INFO - new table to create: "create table HN1.dbo.vw_origin_marca (rowNum numeric (20), "NRO_SOLICI" varchar(max), "SOLICITADA" date, "TIPO_MARCA" varchar(max), "SIGNO" varchar(max), "NOM_MARCA" varchar(max), "REGISTRO" varchar(max), "REGISTRADA" date, "RENUEVA" date, "EXPIRA" date, "AGENTE" varchar(max), "STATUS" varchar(max), "STAT_DESDE" date, "PESO_RASGO" real, "LARFON" real, "PESO_R" real, "PUBLICADA" date, "DIARIO" varchar(max), "LIMITACION" varchar(max), "HORA" varchar(max), "RTOMO" real, "RFOLIO" real, "RESERVA" varchar(max), "NRO_PODER" varchar(max), "MODIFICA" varchar(max), "NRO_GACETA" real, "QUIEN" varchar(max), "CALIDAD" varchar(max), "CLASE" real, "MODIFICADO" varchar(max), "ANUALIDAD" real, "NRO_RESOL" varchar(max), "LEY" varchar(max), "CLASES_TXT" varchar(max), DELETED varchar (5))"
2019-04-15 09:31:08,146 - root - WARNING - Going to insert to table: marca
2019-04-15 09:31:28,818 - root - INFO - records[79523]['STAT_DESDE'] == InvalidValue(b'00001228')
2019-04-15 09:31:30,893 - root - INFO - records[82440]['REGISTRADA'] == InvalidValue(b'00001229')
2019-04-15 09:31:30,893 - root - INFO - records[82440]['STAT_DESDE'] == InvalidValue(b'00001229')
2019-04-15 09:32:08,640 - root - WARNING - insert finished
2019-04-15 09:32:08,640 - root - WARNING - connected to Sqlserver.
2019-04-15 09:32:08,640 - root - INFO - Processing: migracio.dbf
2019-04-15 09:32:08,656 - root - INFO - new table to create: "create table HN1.dbo.vw_origin_migracio (rowNum numeric (20), "STATUS_INI" varchar(max), "EVENTO" varchar(max), "STATUS_FIN" varchar(max), "TRAMITE" varchar(max), DELETED varchar (5))"
2019-04-15 09:32:08,658 - root - WARNING - Going to insert to table: migracio
2019-04-15 09:32:08,686 - root - WARNING - insert finished
2019-04-15 09:32:08,686 - root - WARNING - connected to Sqlserver.
2019-04-15 09:32:08,686 - root - INFO - Processing: movimi.DBF
2019-04-15 09:32:08,714 - root - INFO - new table to create: "create table HN1.dbo.vw_origin_movimi (rowNum numeric (20), "NRO_SOLICI" varchar(max), "COMENTARIO" varchar(max), "F_EVENTO" date, "F_VENCIM" date, "F_TRANS" date, "NRO_MOV" varchar(max), "EVENTO" varchar(max), "STATUS" varchar(max), "HORA" varchar(max), "DOCUMENTO" varchar(max), "USUARIO" varchar(max), "N_ENTRADA" varchar(max), DELETED varchar (5))"
2019-04-15 09:32:08,715 - root - WARNING - Going to insert to table: movimi
2019-04-15 09:32:34,482 - root - INFO - records[121364]['F_EVENTO'] == InvalidValue(b'00001228')
2019-04-15 09:32:34,494 - root - INFO - records[121654]['F_EVENTO'] == InvalidValue(b'00001229')
2019-04-15 09:32:44,934 - root - INFO - records[178956]['F_EVENTO'] == InvalidValue(b'\x00\x00\x00\x00\x00\x00\x00\x00')
2019-04-15 09:32:44,934 - root - INFO - records[178956]['F_VENCIM'] == InvalidValue(b'\x00\x00\x00\x00\x00\x00\x00\x00')
2019-04-15 09:32:44,934 - root - INFO - records[178956]['F_TRANS'] == InvalidValue(b'\x00\x00\x00\x00\x00\x00\x00\x00')
2019-04-15 09:32:53,173 - root - INFO - records[215740]['F_EVENTO'] == InvalidValue(b'\x00\x00\x00\x00\x00\x00\x00\x00')
2019-04-15 09:32:53,173 - root - INFO - records[215740]['F_VENCIM'] == InvalidValue(b'\x00\x00\x00\x00\x00\x00\x00\x00')
2019-04-15 09:32:53,174 - root - INFO - records[215740]['F_TRANS'] == InvalidValue(b'\x00\x00\x00\x00\x00\x00\x00\x00')
2019-04-15 09:32:53,174 - root - INFO - records[215741]['F_EVENTO'] == InvalidValue(b'\x00\x00\x00\x00\x00\x00\x00\x00')
2019-04-15 09:32:53,174 - root - INFO - records[215741]['F_VENCIM'] == InvalidValue(b'\x00\x00\x00\x00\x00\x00\x00\x00')
2019-04-15 09:32:53,174 - root - INFO - records[215741]['F_TRANS'] == InvalidValue(b'\x00\x00\x00\x00\x00\x00\x00\x00')
2019-04-15 09:32:55,052 - root - INFO - records[222679]['F_EVENTO'] == InvalidValue(b'\x00\x00\x00\x00\x00\x00\x00\x00')
2019-04-15 09:32:55,052 - root - INFO - records[222679]['F_VENCIM'] == InvalidValue(b'\x00\x00\x00\x00\x00\x00\x00\x00')
2019-04-15 09:32:55,052 - root - INFO - records[222679]['F_TRANS'] == InvalidValue(b'\x00\x00\x00\x00\x00\x00\x00\x00')
2019-04-15 09:32:55,052 - root - INFO - records[222680]['F_EVENTO'] == InvalidValue(b'\x00\x00\x00\x00\x00\x00\x00\x00')
2019-04-15 09:32:55,052 - root - INFO - records[222680]['F_VENCIM'] == InvalidValue(b'\x00\x00\x00\x00\x00\x00\x00\x00')
2019-04-15 09:32:55,052 - root - INFO - records[222680]['F_TRANS'] == InvalidValue(b'\x00\x00\x00\x00\x00\x00\x00\x00')
2019-04-15 09:32:55,053 - root - INFO - records[222681]['F_EVENTO'] == InvalidValue(b'\x00\x00\x00\x00\x00\x00\x00\x00')
2019-04-15 09:32:55,053 - root - INFO - records[222681]['F_VENCIM'] == InvalidValue(b'\x00\x00\x00\x00\x00\x00\x00\x00')
2019-04-15 09:32:55,053 - root - INFO - records[222681]['F_TRANS'] == InvalidValue(b'\x00\x00\x00\x00\x00\x00\x00\x00')
2019-04-15 09:41:46,628 - root - INFO - records[98312]['F_EVENTO'] == InvalidValue(b'\x00\x00\x00\x00\x00\x00\x00\x00')
2019-04-15 09:41:46,629 - root - INFO - records[98312]['F_VENCIM'] == InvalidValue(b'\x00\x00\x00\x00\x00\x00\x00\x00')
2019-04-15 09:41:46,629 - root - INFO - records[98312]['F_TRANS'] == InvalidValue(b'\x00\x00\x00\x00\x00\x00\x00\x00')
2019-04-15 09:41:46,629 - root - INFO - records[98313]['F_EVENTO'] == InvalidValue(b'\x00\x00\x00\x00\x00\x00\x00\x00')
2019-04-15 09:41:46,629 - root - INFO - records[98313]['F_VENCIM'] == InvalidValue(b'\x00\x00\x00\x00\x00\x00\x00\x00')
2019-04-15 09:41:46,629 - root - INFO - records[98313]['F_TRANS'] == InvalidValue(b'\x00\x00\x00\x00\x00\x00\x00\x00')
2019-04-15 09:41:54,728 - root - WARNING - insert finished
2019-04-15 09:41:54,731 - root - WARNING - connected to Sqlserver.
2019-04-15 09:41:54,731 - root - INFO - Processing: nuenoms.DBF
2019-04-15 09:41:54,751 - root - INFO - new table to create: "create table HN1.dbo.vw_origin_nuenoms (rowNum numeric (20), "NUM_SERIE" varchar(max), "TITULAR" varchar(max), DELETED varchar (5))"
2019-04-15 09:41:54,753 - root - WARNING - Going to insert to table: nuenoms
2019-04-15 09:42:04,172 - root - WARNING - insert finished
2019-04-15 09:42:04,172 - root - WARNING - connected to Sqlserver.
2019-04-15 09:42:04,172 - root - INFO - Processing: orinoms.DBF
2019-04-15 09:42:04,191 - root - INFO - new table to create: "create table HN1.dbo.vw_origin_orinoms (rowNum numeric (20), "NUM_SERIE" varchar(max), "TITULAR" varchar(max), DELETED varchar (5))"
2019-04-15 09:42:04,193 - root - WARNING - Going to insert to table: orinoms
2019-04-15 09:42:26,026 - root - WARNING - insert finished
2019-04-15 09:42:26,027 - root - WARNING - connected to Sqlserver.
2019-04-15 09:42:26,027 - root - INFO - Processing: peticion.DBF
2019-04-15 09:42:26,055 - root - INFO - new table to create: "create table HN1.dbo.vw_origin_peticion (rowNum numeric (20), "NUM_SERIE" varchar(max), "SOLICITADA" date, "HORA" varchar(max), "TIPO_PETI" varchar(max), "STATUS_RES" varchar(max), "STAT_DESDE" date, "AGENTE" varchar(max), "CALIDAD" varchar(max), "QUIEN" varchar(max), "CUAL" varchar(max), "NRO_RESOL" varchar(max), "OBSERVACIO" varchar(max), "LEY" varchar(max), "CAMBREP" integer, DELETED varchar (5))"
2019-04-15 09:42:26,057 - root - WARNING - Going to insert to table: peticion
2019-04-15 09:43:10,837 - root - WARNING - insert finished
2019-04-15 09:43:10,837 - root - WARNING - connected to Sqlserver.
2019-04-15 09:43:10,837 - root - INFO - Processing: petireg.DBF
2019-04-15 09:43:10,855 - root - INFO - new table to create: "create table HN1.dbo.vw_origin_petireg (rowNum numeric (20), "NRO_SOLICI" varchar(max), "NUM_SERIE" varchar(max), DELETED varchar (5))"
2019-04-15 09:43:10,857 - root - WARNING - Going to insert to table: petireg
2019-04-15 09:43:38,951 - root - WARNING - insert finished
2019-04-15 09:43:38,951 - root - WARNING - connected to Sqlserver.
2019-04-15 09:43:38,951 - root - INFO - Processing: PODER.DBF
2019-04-15 09:43:38,972 - root - INFO - new table to create: "create table HN1.dbo.vw_origin_poder (rowNum numeric (20), "TITULAR1" varchar(max), "TITULAR2" varchar(max), "TITULAR3" varchar(max), "APODERADO1" varchar(max), "APODERADO2" varchar(max), "APODERADO3" varchar(max), "APODERADO4" varchar(max), "APODERADO5" varchar(max), "DOMICILIO1" varchar(max), "DOMICILIO2" varchar(max), "DOMICILIO3" varchar(max), "TIPOPODER1" varchar(max), "TIPOPODER2" varchar(max), "TIPOPODER3" varchar(max), "MARCA" varchar(max), "CLASES" real, "NRO_SOLIC1" real, "NRO_SOLIC2" real, "REGISTRO" real, "ASIENTO" real, DELETED varchar (5))"
2019-04-15 09:43:38,974 - root - WARNING - Going to insert to table: PODER
2019-04-15 09:43:39,719 - root - WARNING - insert finished
2019-04-15 09:43:39,719 - root - WARNING - connected to Sqlserver.
2019-04-15 09:43:39,720 - root - INFO - Processing: poderes.dbf
2019-04-15 09:43:39,730 - root - INFO - new table to create: "create table HN1.dbo.vw_origin_poderes (rowNum numeric (20), "NUM_PODER" varchar(max), "NOMBRE" varchar(max), "DOMICILIO" varchar(max), "APODERADOS" varchar(max), "TIPO_REF" varchar(max), "REFERENCIA" varchar(max), "DENOMINA" varchar(max), "TIPO_PODER" varchar(max), DELETED varchar (5))"
2019-04-15 09:43:39,731 - root - WARNING - Going to insert to table: poderes
2019-04-15 09:43:39,735 - root - WARNING - insert finished
2019-04-15 09:43:39,735 - root - WARNING - connected to Sqlserver.
2019-04-15 09:43:39,735 - root - INFO - Processing: PRIORIDA.DBF
2019-04-15 09:43:39,763 - root - INFO - new table to create: "create table HN1.dbo.vw_origin_priorida (rowNum numeric (20), "NRO_SOLICI" varchar(max), "FECHA" date, "NUMERO" varchar(max), "PAIS" varchar(max), "TIPO" varchar(max), DELETED varchar (5))"
2019-04-15 09:43:39,765 - root - WARNING - Going to insert to table: PRIORIDA
2019-04-15 09:43:41,097 - root - WARNING - insert finished
2019-04-15 09:43:41,097 - root - WARNING - connected to Sqlserver.
2019-04-15 09:43:41,097 - root - INFO - Processing: producto.DBF
2019-04-15 09:43:41,116 - root - INFO - new table to create: "create table HN1.dbo.vw_origin_producto (rowNum numeric (20), "NRO_SOLICI" varchar(max), "CLASE" real, "PROD_SERV" varchar(max), "CL_TYPE" varchar(max), DELETED varchar (5))"
2019-04-15 09:43:41,118 - root - WARNING - Going to insert to table: producto
2019-04-15 09:44:22,320 - root - WARNING - insert finished
2019-04-15 09:44:22,320 - root - WARNING - connected to Sqlserver.
2019-04-15 09:44:22,320 - root - INFO - Processing: status.DBF
2019-04-15 09:44:22,337 - root - INFO - new table to create: "create table HN1.dbo.vw_origin_status (rowNum numeric (20), "STATUS" varchar(max), "DESC_STAT" varchar(max), "PLAZO" real, "TIPO_PLAZO" varchar(max), "NOTIFIC" varchar(max), "TRAMITE" varchar(max), DELETED varchar (5))"
2019-04-15 09:44:22,339 - root - WARNING - Going to insert to table: status
2019-04-15 09:44:22,350 - root - WARNING - insert finished
2019-04-15 09:44:22,350 - root - WARNING - connected to Sqlserver.
2019-04-15 09:44:22,351 - root - INFO - Processing: titular.DBF
2019-04-15 09:44:22,362 - root - INFO - new table to create: "create table HN1.dbo.vw_origin_titular (rowNum numeric (20), "TITULAR" varchar(max), "NOMBRE" varchar(max), "DIRECCION" varchar(max), "PAIS" varchar(max), "LUGAR" varchar(max), "BANDERA" bit, DELETED varchar (5))"
2019-04-15 09:44:22,363 - root - WARNING - Going to insert to table: titular
2019-04-15 09:44:47,126 - root - WARNING - insert finished
2019-04-15 09:44:47,126 - root - WARNING - connected to Sqlserver.
2019-04-15 09:44:47,126 - root - INFO - Processing: titumar.DBF
2019-04-15 09:44:47,141 - root - INFO - new table to create: "create table HN1.dbo.vw_origin_titumar (rowNum numeric (20), "NRO_SOLICI" varchar(max), "TITULAR" varchar(max), DELETED varchar (5))"
2019-04-15 09:44:47,142 - root - WARNING - Going to insert to table: titumar
2019-04-15 09:45:23,165 - root - WARNING - insert finished
2019-04-15 09:45:23,166 - root - WARNING - connected to Sqlserver.
2019-04-15 09:45:23,166 - root - INFO - Processing: users.DBF
2019-04-15 09:45:23,193 - root - INFO - new table to create: "create table HN1.dbo.vw_origin_users (rowNum numeric (20), "CODE_USER" varchar(max), "NAME" varchar(max), "CAPACITY" varchar(max), "PASSW" varchar(max), "POST" varchar(max), DELETED varchar (5))"
2019-04-15 09:45:23,195 - root - WARNING - Going to insert to table: users
2019-04-15 09:45:23,232 - root - WARNING - insert finished
2019-04-15 09:45:23,235 - root - WARNING - connected to Sqlserver.
2019-04-15 09:45:23,236 - root - INFO - wrong query:ALTER TABLE HN1.dbo.vw_origin_titular DROP COLUMN tipo_persoupdating table
2019-04-15 09:45:23,236 - root - ERROR - >>>>>>>>>>>>>>> issue with insert query ('42S22', "[42S22] [Microsoft][ODBC Driver 17 for SQL Server][SQL Server]ALTER TABLE DROP COLUMN failed because column 'tipo_perso' does not exist in table 'vw_origin_titular'. (4924) (SQLExecDirectW)")
2019-04-15 09:45:23,238 - root - WARNING - Updating original tables with correction script.
2019-04-15 09:50:16,119 - root - INFO - <_io.TextIOWrapper name='<stderr>' mode='w' encoding='UTF-8'>Child returned, 0
2019-04-15 09:50:16,119 - root - WARNING - Updating orignal tables with additional correction.
2019-04-15 09:50:16,120 - root - INFO - wrong query:ALTER TABLE dbo.vw_origin_movimi DROP COLUMN ACTION_DATE_IPASrunning statementALTER TABLE dbo.vw_origin_movimi DROP COLUMN ACTION_DATE_IPAS
2019-04-15 09:50:16,120 - root - ERROR - >>>>>>>>>>>>>>> issue with insert query ('42S22', "[42S22] [Microsoft][ODBC Driver 17 for SQL Server][SQL Server]ALTER TABLE DROP COLUMN failed because column 'ACTION_DATE_IPAS' does not exist in table 'vw_origin_movimi'. (4924) (SQLExecDirectW)")
2019-04-15 09:50:34,230 - root - WARNING - Regenerating intermediate tables.
2019-04-15 09:50:34,351 - root - WARNING - creating views.
2019-04-15 09:50:34,386 - root - WARNING - connected to Sqlserver.
2019-04-15 09:50:34,388 - root - WARNING - connected to Sqlserver.
2019-04-15 09:50:34,388 - root - WARNING - starting migration to intermed.
2019-04-15 09:50:34,391 - root - WARNING - Going to insert to table: HN1.dbo.VW_IMPORT_AGENT
2019-04-15 09:50:37,145 - root - WARNING - Going to insert to table: HN1.dbo.VW_IMPORT_AGENT_PERSONS
2019-04-15 09:50:40,241 - root - WARNING - Going to insert to table: HN1.dbo.VW_IMPORT_MARK
2019-04-15 09:52:50,515 - root - WARNING - Going to insert to table: HN1.dbo.VW_IMPORT_MARK_ACTIONS
2019-04-15 10:05:41,888 - root - WARNING - Going to insert to table: HN1.dbo.VW_IMPORT_MARK_NICE_CLASSES
2019-04-15 10:06:59,004 - root - WARNING - Going to insert to table: HN1.dbo.VW_IMPORT_MARK_OWNERS
2019-04-15 10:08:32,904 - root - WARNING - Going to insert to table: HN1.dbo.VW_IMPORT_MARK_PRIORITIES
2019-04-15 10:08:35,377 - root - WARNING - Going to insert to table: HN1.dbo.VW_IMPORT_MARK_REPRS
2019-04-15 10:09:41,653 - root - WARNING - Going to insert to table: HN1.dbo.VW_IMPORT_MARK_VIENNA_CLASSES
2019-04-15 10:09:50,696 - root - WARNING - Going to insert to table: HN1.dbo.VW_IMPORT_USERDOC
2019-04-15 10:11:36,746 - root - WARNING - Going to insert to table: HN1.dbo.VW_IMPORT_USERDOC_ACTIONS
2019-04-15 10:11:36,747 - root - ERROR - >>>>>>>>>>>>>>> issue with select one query('42S22', "[42S22] [Microsoft][ODBC Driver 17 for SQL Server][SQL Server]Invalid column name 'ACTION_CATEGORY'. (207) (SQLExecDirectW)")
2019-04-15 10:11:36,748 - root - ERROR - >>>>>>>>>>>>>>> issue with get cursor('42S22', "[42S22] [Microsoft][ODBC Driver 17 for SQL Server][SQL Server]Invalid column name 'ACTION_CATEGORY'. (207) (SQLExecDirectW)")
2019-04-15 10:11:36,748 - root - ERROR - >>>>>>>>>>>>>>> issue 5 'NoneType' object has no attribute 'fetchone'
2019-04-15 10:11:36,749 - root - WARNING - Going to insert to table: HN1.dbo.VW_IMPORT_USERDOC_FILES
