2019-04-10 11:52:14,771 - root - WARNING - connected to Sqlserver.
2019-04-10 11:52:14,813 - root - INFO - Connections to database severed
2019-04-10 11:52:14,835 - root - INFO - database dropped
2019-04-10 11:52:15,040 - root - INFO - New Intermediate databas created
2019-04-10 11:52:15,056 - root - WARNING - connected to Sqlserver.
2019-04-10 11:52:15,057 - root - INFO - Processing: agentes.DBF
2019-04-10 11:52:15,059 - root - INFO - new table to create: "create table HN1.dbo.vw_origin_agentes (rowNum numeric (20), "AGENTE" varchar(max), "NOMBRE" varchar(max), "DIRECCION" varchar(max), "CONTACTO" varchar(max), "CALIDAD" varchar(max), DELETED varchar (5))"
2019-04-10 11:52:15,061 - root - WARNING - Going to insert to table: agentes
2019-04-10 11:52:17,116 - root - WARNING - insert finished
2019-04-10 11:52:17,118 - root - WARNING - connected to Sqlserver.
2019-04-10 11:52:17,118 - root - INFO - Processing: ccvs.DBF
2019-04-10 11:52:17,119 - root - INFO - new table to create: "create table HN1.dbo.vw_origin_ccvs (rowNum numeric (20), "CCV" varchar(max), "NRO_SOLICI" varchar(max), DELETED varchar (5))"
2019-04-10 11:52:17,121 - root - WARNING - Going to insert to table: ccvs
2019-04-10 11:52:27,169 - root - WARNING - insert finished
2019-04-10 11:52:27,169 - root - WARNING - connected to Sqlserver.
2019-04-10 11:52:27,169 - root - INFO - Processing: codigos.dbf
2019-04-10 11:52:27,170 - root - INFO - new table to create: "create table HN1.dbo.vw_origin_codigos (rowNum numeric (20), "ID_CODIGO" varchar(max), "CODIGO" varchar(max), "DESCRIPCOD" varchar(max), DELETED varchar (5))"
2019-04-10 11:52:27,172 - root - WARNING - Going to insert to table: codigos
2019-04-10 11:52:27,180 - root - WARNING - insert finished
2019-04-10 11:52:27,181 - root - WARNING - connected to Sqlserver.
2019-04-10 11:52:27,181 - root - INFO - Processing: eventab.dbf
2019-04-10 11:52:27,182 - root - INFO - new table to create: "create table HN1.dbo.vw_origin_eventab (rowNum numeric (20), "EVENTO" varchar(max), "DESCRIP" varchar(max), "TIPO_EVENT" varchar(max), "INFO_ADI" varchar(max), "ETI_COMENT" varchar(max), "ETI_NUMERO" varchar(max), DELETED varchar (5))"
2019-04-10 11:52:27,184 - root - WARNING - Going to insert to table: eventab
2019-04-10 11:52:27,211 - root - WARNING - insert finished
2019-04-10 11:52:27,212 - root - WARNING - connected to Sqlserver.
2019-04-10 11:52:27,212 - root - INFO - Processing: marca.DBF
2019-04-10 11:52:27,214 - root - INFO - new table to create: "create table HN1.dbo.vw_origin_marca (rowNum numeric (20), "NRO_SOLICI" varchar(max), "SOLICITADA" varchar(max), "TIPO_MARCA" varchar(max), "SIGNO" varchar(max), "NOM_MARCA" varchar(max), "REGISTRO" varchar(max), "REGISTRADA" varchar(max), "RENUEVA" varchar(max), "EXPIRA" varchar(max), "AGENTE" varchar(max), "STATUS" varchar(max), "STAT_DESDE" varchar(max), "PESO_RASGO" varchar(max), "LARFON" varchar(max), "PESO_R" varchar(max), "PUBLICADA" varchar(max), "DIARIO" varchar(max), "LIMITACION" varchar(max), "HORA" varchar(max), "RTOMO" varchar(max), "RFOLIO" varchar(max), "RESERVA" varchar(max), "NRO_PODER" varchar(max), "MODIFICA" varchar(max), "NRO_GACETA" varchar(max), "QUIEN" varchar(max), "CALIDAD" varchar(max), "CLASE" varchar(max), "MODIFICADO" varchar(max), "ANUALIDAD" varchar(max), "NRO_RESOL" varchar(max), "LEY" varchar(max), "CLASES_TXT" varchar(max), DELETED varchar (5))"
2019-04-10 11:52:27,215 - root - WARNING - Going to insert to table: marca
2019-04-10 11:52:55,600 - root - WARNING - connected to Sqlserver.
2019-04-10 11:52:55,639 - root - INFO - Connections to database severed
2019-04-10 11:52:55,665 - root - INFO - database dropped
2019-04-10 11:52:56,287 - root - INFO - New Intermediate databas created
2019-04-10 11:52:56,304 - root - WARNING - connected to Sqlserver.
2019-04-10 11:52:56,304 - root - INFO - Processing: agentes.DBF
2019-04-10 11:52:56,307 - root - INFO - new table to create: "create table HN1.dbo.vw_origin_agentes (rowNum numeric (20), "AGENTE" varchar(max), "NOMBRE" varchar(max), "DIRECCION" varchar(max), "CONTACTO" varchar(max), "CALIDAD" varchar(max), DELETED varchar (5))"
2019-04-10 11:52:56,309 - root - WARNING - Going to insert to table: agentes
2019-04-10 11:52:58,356 - root - WARNING - insert finished
2019-04-10 11:52:58,358 - root - WARNING - connected to Sqlserver.
2019-04-10 11:52:58,358 - root - INFO - Processing: ccvs.DBF
2019-04-10 11:52:58,359 - root - INFO - new table to create: "create table HN1.dbo.vw_origin_ccvs (rowNum numeric (20), "CCV" varchar(max), "NRO_SOLICI" varchar(max), DELETED varchar (5))"
2019-04-10 11:52:58,361 - root - WARNING - Going to insert to table: ccvs
2019-04-10 11:53:08,823 - root - WARNING - insert finished
2019-04-10 11:53:08,823 - root - WARNING - connected to Sqlserver.
2019-04-10 11:53:08,823 - root - INFO - Processing: codigos.dbf
2019-04-10 11:53:08,824 - root - INFO - new table to create: "create table HN1.dbo.vw_origin_codigos (rowNum numeric (20), "ID_CODIGO" varchar(max), "CODIGO" varchar(max), "DESCRIPCOD" varchar(max), DELETED varchar (5))"
2019-04-10 11:53:08,825 - root - WARNING - Going to insert to table: codigos
2019-04-10 11:53:08,834 - root - WARNING - insert finished
2019-04-10 11:53:08,834 - root - WARNING - connected to Sqlserver.
2019-04-10 11:53:08,835 - root - INFO - Processing: eventab.dbf
2019-04-10 11:53:08,836 - root - INFO - new table to create: "create table HN1.dbo.vw_origin_eventab (rowNum numeric (20), "EVENTO" varchar(max), "DESCRIP" varchar(max), "TIPO_EVENT" varchar(max), "INFO_ADI" varchar(max), "ETI_COMENT" varchar(max), "ETI_NUMERO" varchar(max), DELETED varchar (5))"
2019-04-10 11:53:08,837 - root - WARNING - Going to insert to table: eventab
2019-04-10 11:53:08,864 - root - WARNING - insert finished
2019-04-10 11:53:08,864 - root - WARNING - connected to Sqlserver.
2019-04-10 11:53:08,864 - root - INFO - Processing: marca.DBF
2019-04-10 11:53:08,866 - root - INFO - new table to create: "create table HN1.dbo.vw_origin_marca (rowNum numeric (20), "NRO_SOLICI" varchar(max), "SOLICITADA" varchar(max), "TIPO_MARCA" varchar(max), "SIGNO" varchar(max), "NOM_MARCA" varchar(max), "REGISTRO" varchar(max), "REGISTRADA" varchar(max), "RENUEVA" varchar(max), "EXPIRA" varchar(max), "AGENTE" varchar(max), "STATUS" varchar(max), "STAT_DESDE" varchar(max), "PESO_RASGO" varchar(max), "LARFON" varchar(max), "PESO_R" varchar(max), "PUBLICADA" varchar(max), "DIARIO" varchar(max), "LIMITACION" varchar(max), "HORA" varchar(max), "RTOMO" varchar(max), "RFOLIO" varchar(max), "RESERVA" varchar(max), "NRO_PODER" varchar(max), "MODIFICA" varchar(max), "NRO_GACETA" varchar(max), "QUIEN" varchar(max), "CALIDAD" varchar(max), "CLASE" varchar(max), "MODIFICADO" varchar(max), "ANUALIDAD" varchar(max), "NRO_RESOL" varchar(max), "LEY" varchar(max), "CLASES_TXT" varchar(max), DELETED varchar (5))"
2019-04-10 11:53:08,868 - root - WARNING - Going to insert to table: marca
2019-04-10 11:53:32,118 - root - ERROR - records[79523]['STAT_DESDE'] == InvalidValue(b'00001228')
2019-04-10 11:53:32,991 - root - ERROR - records[82440]['REGISTRADA'] == InvalidValue(b'00001229')
2019-04-10 11:53:32,991 - root - ERROR - records[82440]['STAT_DESDE'] == InvalidValue(b'00001229')
2019-04-10 11:54:12,334 - root - WARNING - insert finished
2019-04-10 11:54:12,335 - root - WARNING - connected to Sqlserver.
2019-04-10 11:54:12,335 - root - INFO - Processing: migracio.dbf
2019-04-10 11:54:12,336 - root - INFO - new table to create: "create table HN1.dbo.vw_origin_migracio (rowNum numeric (20), "STATUS_INI" varchar(max), "EVENTO" varchar(max), "STATUS_FIN" varchar(max), "TRAMITE" varchar(max), DELETED varchar (5))"
2019-04-10 11:54:12,337 - root - WARNING - Going to insert to table: migracio
2019-04-10 11:54:12,363 - root - WARNING - insert finished
2019-04-10 11:54:12,363 - root - WARNING - connected to Sqlserver.
2019-04-10 11:54:12,364 - root - INFO - Processing: movimi.DBF
2019-04-10 11:54:12,366 - root - INFO - new table to create: "create table HN1.dbo.vw_origin_movimi (rowNum numeric (20), "NRO_SOLICI" varchar(max), "COMENTARIO" varchar(max), "F_EVENTO" varchar(max), "F_VENCIM" varchar(max), "F_TRANS" varchar(max), "NRO_MOV" varchar(max), "EVENTO" varchar(max), "STATUS" varchar(max), "HORA" varchar(max), "DOCUMENTO" varchar(max), "USUARIO" varchar(max), "N_ENTRADA" varchar(max), DELETED varchar (5))"
2019-04-10 11:54:12,368 - root - WARNING - Going to insert to table: movimi
2019-04-10 11:54:36,681 - root - ERROR - records[121364]['F_EVENTO'] == InvalidValue(b'00001228')
2019-04-10 11:54:36,690 - root - ERROR - records[121654]['F_EVENTO'] == InvalidValue(b'00001229')
2019-04-10 11:54:48,334 - root - ERROR - records[178956]['F_EVENTO'] == InvalidValue(b'\x00\x00\x00\x00\x00\x00\x00\x00')
2019-04-10 11:54:48,334 - root - ERROR - records[178956]['F_VENCIM'] == InvalidValue(b'\x00\x00\x00\x00\x00\x00\x00\x00')
2019-04-10 11:54:48,334 - root - ERROR - records[178956]['F_TRANS'] == InvalidValue(b'\x00\x00\x00\x00\x00\x00\x00\x00')
2019-04-10 11:54:56,729 - root - ERROR - records[215740]['F_EVENTO'] == InvalidValue(b'\x00\x00\x00\x00\x00\x00\x00\x00')
2019-04-10 11:54:56,729 - root - ERROR - records[215740]['F_VENCIM'] == InvalidValue(b'\x00\x00\x00\x00\x00\x00\x00\x00')
2019-04-10 11:54:56,729 - root - ERROR - records[215740]['F_TRANS'] == InvalidValue(b'\x00\x00\x00\x00\x00\x00\x00\x00')
2019-04-10 11:54:56,729 - root - ERROR - records[215741]['F_EVENTO'] == InvalidValue(b'\x00\x00\x00\x00\x00\x00\x00\x00')
2019-04-10 11:54:56,729 - root - ERROR - records[215741]['F_VENCIM'] == InvalidValue(b'\x00\x00\x00\x00\x00\x00\x00\x00')
2019-04-10 11:54:56,729 - root - ERROR - records[215741]['F_TRANS'] == InvalidValue(b'\x00\x00\x00\x00\x00\x00\x00\x00')
2019-04-10 11:54:58,122 - root - ERROR - records[222679]['F_EVENTO'] == InvalidValue(b'\x00\x00\x00\x00\x00\x00\x00\x00')
2019-04-10 11:54:58,122 - root - ERROR - records[222679]['F_VENCIM'] == InvalidValue(b'\x00\x00\x00\x00\x00\x00\x00\x00')
2019-04-10 11:54:58,122 - root - ERROR - records[222679]['F_TRANS'] == InvalidValue(b'\x00\x00\x00\x00\x00\x00\x00\x00')
2019-04-10 11:54:58,122 - root - ERROR - records[222680]['F_EVENTO'] == InvalidValue(b'\x00\x00\x00\x00\x00\x00\x00\x00')
2019-04-10 11:54:58,122 - root - ERROR - records[222680]['F_VENCIM'] == InvalidValue(b'\x00\x00\x00\x00\x00\x00\x00\x00')
2019-04-10 11:54:58,123 - root - ERROR - records[222680]['F_TRANS'] == InvalidValue(b'\x00\x00\x00\x00\x00\x00\x00\x00')
2019-04-10 11:54:58,123 - root - ERROR - records[222681]['F_EVENTO'] == InvalidValue(b'\x00\x00\x00\x00\x00\x00\x00\x00')
2019-04-10 11:54:58,123 - root - ERROR - records[222681]['F_VENCIM'] == InvalidValue(b'\x00\x00\x00\x00\x00\x00\x00\x00')
2019-04-10 11:54:58,123 - root - ERROR - records[222681]['F_TRANS'] == InvalidValue(b'\x00\x00\x00\x00\x00\x00\x00\x00')
