2019-04-12 17:54:23,203 - root - WARNING - connected to Sqlserver.
2019-04-12 17:54:26,208 - root - INFO - Connections to database severed
2019-04-12 17:54:26,241 - root - INFO - database dropped
2019-04-12 17:54:26,243 - root - INFO - user ready
2019-04-12 17:54:26,244 - root - INFO - access granted
2019-04-12 17:54:26,245 - root - INFO - access granted
2019-04-12 17:54:26,246 - root - INFO - password changed
2019-04-12 17:54:26,977 - root - INFO - <_io.TextIOWrapper name='<stderr>' mode='w' encoding='UTF-8'>Child returned, 0
2019-04-12 17:54:26,990 - root - WARNING - connected to Sqlserver.
2019-04-12 17:54:27,021 - root - INFO - repository synced
2019-04-12 17:54:27,026 - root - INFO - repository synced
2019-04-12 17:54:27,031 - root - WARNING - connected to Sqlserver.
2019-04-12 17:54:27,143 - root - INFO - changing database to intermed
2019-04-12 17:54:27,156 - root - WARNING - connected to Sqlserver.
2019-04-12 17:54:28,057 - root - INFO - access granted
2019-04-12 17:54:28,058 - root - INFO - access granted
2019-04-12 17:54:30,334 - root - WARNING - Running initial updates to intermed.
2019-04-12 17:54:30,334 - root - INFO - changing database to intermed
2019-04-12 17:54:31,799 - root - INFO - changing database to ipas
2019-04-12 17:54:31,803 - root - WARNING - connected to Sqlserver.
2019-04-12 17:54:31,803 - root - WARNING - Creating store procedures and wrk tables.
2019-04-12 17:54:31,956 - root - INFO - cleanning manual validation tables
2019-04-12 17:54:31,956 - root - INFO - creating store procedure0-ImportSetPersonNbr
2019-04-12 17:54:32,033 - root - INFO - <_io.TextIOWrapper name='<stderr>' mode='w' encoding='UTF-8'>Child returned, 0
2019-04-12 17:54:32,034 - root - INFO - creating store procedure1-MarkDateValidationPROC
2019-04-12 17:54:32,102 - root - INFO - <_io.TextIOWrapper name='<stderr>' mode='w' encoding='UTF-8'>Child returned, 0
2019-04-12 17:54:32,102 - root - INFO - creating store procedure10-ImportAgentProcessAll
2019-04-12 17:54:32,171 - root - INFO - <_io.TextIOWrapper name='<stderr>' mode='w' encoding='UTF-8'>Child returned, 0
2019-04-12 17:54:32,171 - root - INFO - creating store procedure11-ImportMarkProcess
2019-04-12 17:54:32,262 - root - INFO - <_io.TextIOWrapper name='<stderr>' mode='w' encoding='UTF-8'>Child returned, 0
2019-04-12 17:54:32,263 - root - INFO - creating store procedure12-userdocImport-1
2019-04-12 17:54:32,338 - root - INFO - <_io.TextIOWrapper name='<stderr>' mode='w' encoding='UTF-8'>Child returned, 0
2019-04-12 17:54:32,338 - root - INFO - creating store procedure13-userdocImport-2
2019-04-12 17:54:32,412 - root - INFO - <_io.TextIOWrapper name='<stderr>' mode='w' encoding='UTF-8'>Child returned, 0
2019-04-12 17:54:32,412 - root - INFO - creating store procedure2-PatentDateValidationPROC
2019-04-12 17:54:32,484 - root - INFO - <_io.TextIOWrapper name='<stderr>' mode='w' encoding='UTF-8'>Child returned, 0
2019-04-12 17:54:32,485 - root - INFO - creating store procedure3-UserDocDateValidationPROC
2019-04-12 17:54:32,553 - root - INFO - <_io.TextIOWrapper name='<stderr>' mode='w' encoding='UTF-8'>Child returned, 0
2019-04-12 17:54:32,553 - root - INFO - creating store procedure4-CallToDateValidationPROC
2019-04-12 17:54:32,622 - root - INFO - <_io.TextIOWrapper name='<stderr>' mode='w' encoding='UTF-8'>Child returned, 0
2019-04-12 17:54:32,622 - root - INFO - creating store procedure5-ImportAgentValidate
2019-04-12 17:54:32,697 - root - INFO - <_io.TextIOWrapper name='<stderr>' mode='w' encoding='UTF-8'>Child returned, 0
2019-04-12 17:54:32,697 - root - INFO - creating store procedure6-ImportMarkValidate
2019-04-12 17:54:32,807 - root - INFO - <_io.TextIOWrapper name='<stderr>' mode='w' encoding='UTF-8'>Child returned, 0
2019-04-12 17:54:32,808 - root - INFO - creating store procedure8-ImportUserdocValidate
2019-04-12 17:54:32,920 - root - INFO - <_io.TextIOWrapper name='<stderr>' mode='w' encoding='UTF-8'>Child returned, 0
2019-04-12 17:54:32,920 - root - INFO - creating store procedure9-ImportWorkTablesCreate
2019-04-12 17:54:33,316 - root - INFO - <_io.TextIOWrapper name='<stderr>' mode='w' encoding='UTF-8'>Child returned, 0
2019-04-12 17:54:33,316 - root - WARNING - Running validation and migration.
2019-04-12 17:54:33,433 - root - WARNING - Migrating agents.
2019-04-12 17:54:38,153 - root - WARNING - Validation TM .
2019-04-12 17:55:10,882 - root - WARNING - Validation TM post correction.
2019-04-12 17:55:26,468 - root - WARNING - Migrating trademarks.
2019-04-12 17:55:26,711 - root - INFO - From SQLCMD: b'Msg 208, Level 16, State 1, Server WS538539, Procedure HNMARCAS.dbo.ImportMarkProcess, Line 117\r\n'
2019-04-12 17:55:26,712 - root - INFO - From SQLCMD: b'Invalid object name \'"+ context.intermediateDB + ".dbo.VW_IMPORT_MARK\'.\r\n'
2019-04-12 17:55:26,712 - root - INFO - From SQLCMD: b'Msg 266, Level 16, State 2, Server WS538539, Procedure HNMARCAS.dbo.ImportMarkProcess, Line 117\r\n'
2019-04-12 17:55:26,712 - root - INFO - From SQLCMD: b'Transaction count after EXECUTE indicates a mismatching number of BEGIN and COMMIT statements. Previous count = 0, current count = 1.\r\n'
2019-04-12 17:55:26,811 - root - INFO - From SQLCMD: b'Msg 208, Level 16, State 1, Server WS538539, Procedure HNMARCAS.dbo.ImportMarkProcess, Line 117\r\n'
2019-04-12 17:55:26,811 - root - INFO - From SQLCMD: b'Invalid object name \'"+ context.intermediateDB + ".dbo.VW_IMPORT_MARK\'.\r\n'
2019-04-12 17:55:26,811 - root - INFO - From SQLCMD: b'Msg 266, Level 16, State 2, Server WS538539, Procedure HNMARCAS.dbo.ImportMarkProcess, Line 117\r\n'
2019-04-12 17:55:26,811 - root - INFO - From SQLCMD: b'Transaction count after EXECUTE indicates a mismatching number of BEGIN and COMMIT statements. Previous count = 0, current count = 1.\r\n'
2019-04-12 17:55:26,913 - root - INFO - From SQLCMD: b'Msg 208, Level 16, State 1, Server WS538539, Procedure HNMARCAS.dbo.ImportMarkProcess, Line 117\r\n'
2019-04-12 17:55:26,914 - root - INFO - From SQLCMD: b'Invalid object name \'"+ context.intermediateDB + ".dbo.VW_IMPORT_MARK\'.\r\n'
2019-04-12 17:55:26,914 - root - INFO - From SQLCMD: b'Msg 266, Level 16, State 2, Server WS538539, Procedure HNMARCAS.dbo.ImportMarkProcess, Line 117\r\n'
2019-04-12 17:55:26,914 - root - INFO - From SQLCMD: b'Transaction count after EXECUTE indicates a mismatching number of BEGIN and COMMIT statements. Previous count = 0, current count = 1.\r\n'
2019-04-12 17:55:27,020 - root - INFO - From SQLCMD: b'Msg 208, Level 16, State 1, Server WS538539, Procedure HNMARCAS.dbo.ImportMarkProcess, Line 117\r\n'
2019-04-12 17:55:27,021 - root - INFO - From SQLCMD: b'Invalid object name \'"+ context.intermediateDB + ".dbo.VW_IMPORT_MARK\'.\r\n'
2019-04-12 17:55:27,021 - root - INFO - From SQLCMD: b'Msg 266, Level 16, State 2, Server WS538539, Procedure HNMARCAS.dbo.ImportMarkProcess, Line 117\r\n'
2019-04-12 17:55:27,021 - root - INFO - From SQLCMD: b'Transaction count after EXECUTE indicates a mismatching number of BEGIN and COMMIT statements. Previous count = 0, current count = 1.\r\n'
2019-04-12 17:55:27,157 - root - INFO - From SQLCMD: b'Msg 208, Level 16, State 1, Server WS538539, Procedure HNMARCAS.dbo.ImportMarkProcess, Line 117\r\n'
2019-04-12 17:55:27,157 - root - INFO - From SQLCMD: b'Invalid object name \'"+ context.intermediateDB + ".dbo.VW_IMPORT_MARK\'.\r\n'
2019-04-12 17:55:27,157 - root - INFO - From SQLCMD: b'Msg 266, Level 16, State 2, Server WS538539, Procedure HNMARCAS.dbo.ImportMarkProcess, Line 117\r\n'
2019-04-12 17:55:27,157 - root - INFO - From SQLCMD: b'Transaction count after EXECUTE indicates a mismatching number of BEGIN and COMMIT statements. Previous count = 0, current count = 1.\r\n'
2019-04-12 17:55:27,275 - root - INFO - From SQLCMD: b'Msg 208, Level 16, State 1, Server WS538539, Procedure HNMARCAS.dbo.ImportMarkProcess, Line 117\r\n'
2019-04-12 17:55:27,275 - root - INFO - From SQLCMD: b'Invalid object name \'"+ context.intermediateDB + ".dbo.VW_IMPORT_MARK\'.\r\n'
2019-04-12 17:55:27,275 - root - INFO - From SQLCMD: b'Msg 266, Level 16, State 2, Server WS538539, Procedure HNMARCAS.dbo.ImportMarkProcess, Line 117\r\n'
2019-04-12 17:55:27,275 - root - INFO - From SQLCMD: b'Transaction count after EXECUTE indicates a mismatching number of BEGIN and COMMIT statements. Previous count = 0, current count = 1.\r\n'
2019-04-12 17:55:27,401 - root - INFO - From SQLCMD: b'Msg 208, Level 16, State 1, Server WS538539, Procedure HNMARCAS.dbo.ImportMarkProcess, Line 117\r\n'
2019-04-12 17:55:27,401 - root - INFO - From SQLCMD: b'Invalid object name \'"+ context.intermediateDB + ".dbo.VW_IMPORT_MARK\'.\r\n'
2019-04-12 17:55:27,401 - root - INFO - From SQLCMD: b'Msg 266, Level 16, State 2, Server WS538539, Procedure HNMARCAS.dbo.ImportMarkProcess, Line 117\r\n'
2019-04-12 17:55:27,401 - root - INFO - From SQLCMD: b'Transaction count after EXECUTE indicates a mismatching number of BEGIN and COMMIT statements. Previous count = 0, current count = 1.\r\n'
2019-04-12 17:55:27,577 - root - INFO - From SQLCMD: b'Msg 208, Level 16, State 1, Server WS538539, Procedure HNMARCAS.dbo.ImportMarkProcess, Line 117\r\n'
2019-04-12 17:55:27,577 - root - INFO - From SQLCMD: b'Invalid object name \'"+ context.intermediateDB + ".dbo.VW_IMPORT_MARK\'.\r\n'
2019-04-12 17:55:27,577 - root - INFO - From SQLCMD: b'Msg 266, Level 16, State 2, Server WS538539, Procedure HNMARCAS.dbo.ImportMarkProcess, Line 117\r\n'
2019-04-12 17:55:27,577 - root - INFO - From SQLCMD: b'Transaction count after EXECUTE indicates a mismatching number of BEGIN and COMMIT statements. Previous count = 0, current count = 1.\r\n'
2019-04-12 17:55:27,736 - root - INFO - From SQLCMD: b'Msg 208, Level 16, State 1, Server WS538539, Procedure HNMARCAS.dbo.ImportMarkProcess, Line 117\r\n'
2019-04-12 17:55:27,737 - root - INFO - From SQLCMD: b'Invalid object name \'"+ context.intermediateDB + ".dbo.VW_IMPORT_MARK\'.\r\n'
2019-04-12 17:55:27,737 - root - INFO - From SQLCMD: b'Msg 266, Level 16, State 2, Server WS538539, Procedure HNMARCAS.dbo.ImportMarkProcess, Line 117\r\n'
2019-04-12 17:55:27,737 - root - INFO - From SQLCMD: b'Transaction count after EXECUTE indicates a mismatching number of BEGIN and COMMIT statements. Previous count = 0, current count = 1.\r\n'
2019-04-12 17:55:27,875 - root - INFO - From SQLCMD: b'Msg 208, Level 16, State 1, Server WS538539, Procedure HNMARCAS.dbo.ImportMarkProcess, Line 117\r\n'
2019-04-12 17:55:27,875 - root - INFO - From SQLCMD: b'Invalid object name \'"+ context.intermediateDB + ".dbo.VW_IMPORT_MARK\'.\r\n'
2019-04-12 17:55:27,875 - root - INFO - From SQLCMD: b'Msg 266, Level 16, State 2, Server WS538539, Procedure HNMARCAS.dbo.ImportMarkProcess, Line 117\r\n'
2019-04-12 17:55:27,876 - root - INFO - From SQLCMD: b'Transaction count after EXECUTE indicates a mismatching number of BEGIN and COMMIT statements. Previous count = 0, current count = 1.\r\n'
2019-04-12 17:55:28,017 - root - INFO - From SQLCMD: b'Msg 208, Level 16, State 1, Server WS538539, Procedure HNMARCAS.dbo.ImportMarkProcess, Line 117\r\n'
2019-04-12 17:55:28,017 - root - INFO - From SQLCMD: b'Invalid object name \'"+ context.intermediateDB + ".dbo.VW_IMPORT_MARK\'.\r\n'
2019-04-12 17:55:28,018 - root - INFO - From SQLCMD: b'Msg 266, Level 16, State 2, Server WS538539, Procedure HNMARCAS.dbo.ImportMarkProcess, Line 117\r\n'
2019-04-12 17:55:28,018 - root - INFO - From SQLCMD: b'Transaction count after EXECUTE indicates a mismatching number of BEGIN and COMMIT statements. Previous count = 0, current count = 1.\r\n'
2019-04-12 17:55:28,161 - root - INFO - From SQLCMD: b'Msg 208, Level 16, State 1, Server WS538539, Procedure HNMARCAS.dbo.ImportMarkProcess, Line 117\r\n'
2019-04-12 17:55:28,161 - root - INFO - From SQLCMD: b'Invalid object name \'"+ context.intermediateDB + ".dbo.VW_IMPORT_MARK\'.\r\n'
2019-04-12 17:55:28,161 - root - INFO - From SQLCMD: b'Msg 266, Level 16, State 2, Server WS538539, Procedure HNMARCAS.dbo.ImportMarkProcess, Line 117\r\n'
2019-04-12 17:55:28,161 - root - INFO - From SQLCMD: b'Transaction count after EXECUTE indicates a mismatching number of BEGIN and COMMIT statements. Previous count = 0, current count = 1.\r\n'
2019-04-12 17:55:28,329 - root - INFO - From SQLCMD: b'Msg 208, Level 16, State 1, Server WS538539, Procedure HNMARCAS.dbo.ImportMarkProcess, Line 117\r\n'
2019-04-12 17:55:28,329 - root - INFO - From SQLCMD: b'Invalid object name \'"+ context.intermediateDB + ".dbo.VW_IMPORT_MARK\'.\r\n'
2019-04-12 17:55:28,329 - root - INFO - From SQLCMD: b'Msg 266, Level 16, State 2, Server WS538539, Procedure HNMARCAS.dbo.ImportMarkProcess, Line 117\r\n'
2019-04-12 17:55:28,329 - root - INFO - From SQLCMD: b'Transaction count after EXECUTE indicates a mismatching number of BEGIN and COMMIT statements. Previous count = 0, current count = 1.\r\n'
2019-04-12 17:55:28,480 - root - INFO - From SQLCMD: b'Msg 208, Level 16, State 1, Server WS538539, Procedure HNMARCAS.dbo.ImportMarkProcess, Line 117\r\n'
2019-04-12 17:55:28,480 - root - INFO - From SQLCMD: b'Invalid object name \'"+ context.intermediateDB + ".dbo.VW_IMPORT_MARK\'.\r\n'
2019-04-12 17:55:28,480 - root - INFO - From SQLCMD: b'Msg 266, Level 16, State 2, Server WS538539, Procedure HNMARCAS.dbo.ImportMarkProcess, Line 117\r\n'
2019-04-12 17:55:28,481 - root - INFO - From SQLCMD: b'Transaction count after EXECUTE indicates a mismatching number of BEGIN and COMMIT statements. Previous count = 0, current count = 1.\r\n'
2019-04-12 17:55:28,638 - root - INFO - From SQLCMD: b'Msg 208, Level 16, State 1, Server WS538539, Procedure HNMARCAS.dbo.ImportMarkProcess, Line 117\r\n'
2019-04-12 17:55:28,638 - root - INFO - From SQLCMD: b'Invalid object name \'"+ context.intermediateDB + ".dbo.VW_IMPORT_MARK\'.\r\n'
2019-04-12 17:55:28,638 - root - INFO - From SQLCMD: b'Msg 266, Level 16, State 2, Server WS538539, Procedure HNMARCAS.dbo.ImportMarkProcess, Line 117\r\n'
2019-04-12 17:55:28,638 - root - INFO - From SQLCMD: b'Transaction count after EXECUTE indicates a mismatching number of BEGIN and COMMIT statements. Previous count = 0, current count = 1.\r\n'
2019-04-12 17:55:28,824 - root - INFO - From SQLCMD: b'Msg 208, Level 16, State 1, Server WS538539, Procedure HNMARCAS.dbo.ImportMarkProcess, Line 117\r\n'
2019-04-12 17:55:28,824 - root - INFO - From SQLCMD: b'Invalid object name \'"+ context.intermediateDB + ".dbo.VW_IMPORT_MARK\'.\r\n'
2019-04-12 17:55:28,824 - root - INFO - From SQLCMD: b'Msg 266, Level 16, State 2, Server WS538539, Procedure HNMARCAS.dbo.ImportMarkProcess, Line 117\r\n'
2019-04-12 17:55:28,825 - root - INFO - From SQLCMD: b'Transaction count after EXECUTE indicates a mismatching number of BEGIN and COMMIT statements. Previous count = 0, current count = 1.\r\n'
2019-04-12 17:55:29,030 - root - INFO - From SQLCMD: b'Msg 208, Level 16, State 1, Server WS538539, Procedure HNMARCAS.dbo.ImportMarkProcess, Line 117\r\n'
2019-04-12 17:55:29,030 - root - INFO - From SQLCMD: b'Invalid object name \'"+ context.intermediateDB + ".dbo.VW_IMPORT_MARK\'.\r\n'
2019-04-12 17:55:29,030 - root - INFO - From SQLCMD: b'Msg 266, Level 16, State 2, Server WS538539, Procedure HNMARCAS.dbo.ImportMarkProcess, Line 117\r\n'
2019-04-12 17:55:29,030 - root - INFO - From SQLCMD: b'Transaction count after EXECUTE indicates a mismatching number of BEGIN and COMMIT statements. Previous count = 0, current count = 1.\r\n'
2019-04-12 17:55:29,214 - root - INFO - From SQLCMD: b'Msg 208, Level 16, State 1, Server WS538539, Procedure HNMARCAS.dbo.ImportMarkProcess, Line 117\r\n'
2019-04-12 17:55:29,215 - root - INFO - From SQLCMD: b'Invalid object name \'"+ context.intermediateDB + ".dbo.VW_IMPORT_MARK\'.\r\n'
2019-04-12 17:55:29,215 - root - INFO - From SQLCMD: b'Msg 266, Level 16, State 2, Server WS538539, Procedure HNMARCAS.dbo.ImportMarkProcess, Line 117\r\n'
2019-04-12 17:55:29,215 - root - INFO - From SQLCMD: b'Transaction count after EXECUTE indicates a mismatching number of BEGIN and COMMIT statements. Previous count = 0, current count = 1.\r\n'
2019-04-12 17:55:29,393 - root - INFO - From SQLCMD: b'Msg 208, Level 16, State 1, Server WS538539, Procedure HNMARCAS.dbo.ImportMarkProcess, Line 117\r\n'
2019-04-12 17:55:29,393 - root - INFO - From SQLCMD: b'Invalid object name \'"+ context.intermediateDB + ".dbo.VW_IMPORT_MARK\'.\r\n'
2019-04-12 17:55:29,393 - root - INFO - From SQLCMD: b'Msg 266, Level 16, State 2, Server WS538539, Procedure HNMARCAS.dbo.ImportMarkProcess, Line 117\r\n'
2019-04-12 17:55:29,393 - root - INFO - From SQLCMD: b'Transaction count after EXECUTE indicates a mismatching number of BEGIN and COMMIT statements. Previous count = 0, current count = 1.\r\n'
2019-04-12 17:55:29,551 - root - INFO - From SQLCMD: b'Msg 208, Level 16, State 1, Server WS538539, Procedure HNMARCAS.dbo.ImportMarkProcess, Line 117\r\n'
2019-04-12 17:55:29,551 - root - INFO - From SQLCMD: b'Invalid object name \'"+ context.intermediateDB + ".dbo.VW_IMPORT_MARK\'.\r\n'
2019-04-12 17:55:29,551 - root - INFO - From SQLCMD: b'Msg 266, Level 16, State 2, Server WS538539, Procedure HNMARCAS.dbo.ImportMarkProcess, Line 117\r\n'
2019-04-12 17:55:29,551 - root - INFO - From SQLCMD: b'Transaction count after EXECUTE indicates a mismatching number of BEGIN and COMMIT statements. Previous count = 0, current count = 1.\r\n'
2019-04-12 17:55:29,702 - root - INFO - From SQLCMD: b'Msg 208, Level 16, State 1, Server WS538539, Procedure HNMARCAS.dbo.ImportMarkProcess, Line 117\r\n'
2019-04-12 17:55:29,703 - root - INFO - From SQLCMD: b'Invalid object name \'"+ context.intermediateDB + ".dbo.VW_IMPORT_MARK\'.\r\n'
2019-04-12 17:55:29,703 - root - INFO - From SQLCMD: b'Msg 266, Level 16, State 2, Server WS538539, Procedure HNMARCAS.dbo.ImportMarkProcess, Line 117\r\n'
2019-04-12 17:55:29,703 - root - INFO - From SQLCMD: b'Transaction count after EXECUTE indicates a mismatching number of BEGIN and COMMIT statements. Previous count = 0, current count = 1.\r\n'
2019-04-12 17:55:29,712 - root - INFO - changing database to intermed
2019-04-12 17:55:29,712 - root - WARNING - connected to Sqlserver.
