2019-04-10 10:52:34,792 - root - WARNING - connected to Sqlserver.
2019-04-10 10:52:34,797 - root - INFO - Connections to database severed
2019-04-10 10:52:34,821 - root - INFO - database dropped
2019-04-10 10:52:35,025 - root - INFO - New Intermediate databas created
2019-04-10 10:52:35,042 - root - WARNING - connected to Sqlserver.
2019-04-10 10:52:35,042 - root - INFO - Processing: agentes.DBF
2019-04-10 10:52:35,044 - root - INFO - new table to create: "create table HN1.dbo.vw_origin_agentes (rowNum numeric (20), "AGENTE" varchar(max), "NOMBRE" varchar(max), "DIRECCION" varchar(max), "CONTACTO" varchar(max), "CALIDAD" varchar(max), DELETED varchar (5))"
2019-04-10 10:52:35,047 - root - WARNING - Going to insert to table: agentes
2019-04-10 10:52:35,072 - root - INFO - wrong query:insert into "HN1.dbo.vw_origin_agentes" values (rowNum,:AGENTE, :NOMBRE, :DIRECCION, :CONTACTO, :CALIDAD, DELETED)inserting data
2019-04-10 10:52:35,072 - root - ERROR - >>>>>>>>>>>>>>> issue with insert query ('The SQL contains 0 parameter markers, but 5000 parameters were supplied', 'HY000')
2019-04-10 10:52:35,098 - root - INFO - wrong query:insert into "HN1.dbo.vw_origin_agentes" values (rowNum,:AGENTE, :NOMBRE, :DIRECCION, :CONTACTO, :CALIDAD, DELETED)inserting data
2019-04-10 10:52:35,098 - root - ERROR - >>>>>>>>>>>>>>> issue with insert query ('The SQL contains 0 parameter markers, but 4995 parameters were supplied', 'HY000')
2019-04-10 10:52:35,119 - root - INFO - wrong query:insert into "HN1.dbo.vw_origin_agentes" values (rowNum,:AGENTE, :NOMBRE, :DIRECCION, :CONTACTO, :CALIDAD, DELETED)inserting data
2019-04-10 10:52:35,119 - root - ERROR - >>>>>>>>>>>>>>> issue with insert query ('The SQL contains 0 parameter markers, but 4995 parameters were supplied', 'HY000')
2019-04-10 10:52:35,140 - root - INFO - wrong query:insert into "HN1.dbo.vw_origin_agentes" values (rowNum,:AGENTE, :NOMBRE, :DIRECCION, :CONTACTO, :CALIDAD, DELETED)inserting data
2019-04-10 10:52:35,140 - root - ERROR - >>>>>>>>>>>>>>> issue with insert query ('The SQL contains 0 parameter markers, but 4995 parameters were supplied', 'HY000')
2019-04-10 10:52:35,166 - root - INFO - wrong query:insert into "HN1.dbo.vw_origin_agentes" values (rowNum,:AGENTE, :NOMBRE, :DIRECCION, :CONTACTO, :CALIDAD, DELETED)inserting data
2019-04-10 10:52:35,166 - root - ERROR - >>>>>>>>>>>>>>> issue with insert query ('The SQL contains 0 parameter markers, but 4995 parameters were supplied', 'HY000')
2019-04-10 10:52:35,192 - root - INFO - wrong query:insert into "HN1.dbo.vw_origin_agentes" values (rowNum,:AGENTE, :NOMBRE, :DIRECCION, :CONTACTO, :CALIDAD, DELETED)inserting data
2019-04-10 10:52:35,192 - root - ERROR - >>>>>>>>>>>>>>> issue with insert query ('The SQL contains 0 parameter markers, but 4995 parameters were supplied', 'HY000')
2019-04-10 10:52:35,218 - root - INFO - wrong query:insert into "HN1.dbo.vw_origin_agentes" values (rowNum,:AGENTE, :NOMBRE, :DIRECCION, :CONTACTO, :CALIDAD, DELETED)inserting data
2019-04-10 10:52:35,218 - root - ERROR - >>>>>>>>>>>>>>> issue with insert query ('The SQL contains 0 parameter markers, but 4995 parameters were supplied', 'HY000')
2019-04-10 10:52:35,239 - root - INFO - wrong query:insert into "HN1.dbo.vw_origin_agentes" values (rowNum,:AGENTE, :NOMBRE, :DIRECCION, :CONTACTO, :CALIDAD, DELETED)inserting data
2019-04-10 10:52:35,239 - root - ERROR - >>>>>>>>>>>>>>> issue with insert query ('The SQL contains 0 parameter markers, but 4995 parameters were supplied', 'HY000')
2019-04-10 10:52:35,265 - root - INFO - wrong query:insert into "HN1.dbo.vw_origin_agentes" values (rowNum,:AGENTE, :NOMBRE, :DIRECCION, :CONTACTO, :CALIDAD, DELETED)inserting data
2019-04-10 10:52:35,266 - root - ERROR - >>>>>>>>>>>>>>> issue with insert query ('The SQL contains 0 parameter markers, but 4995 parameters were supplied', 'HY000')
2019-04-10 10:52:35,291 - root - INFO - wrong query:insert into "HN1.dbo.vw_origin_agentes" values (rowNum,:AGENTE, :NOMBRE, :DIRECCION, :CONTACTO, :CALIDAD, DELETED)inserting data
2019-04-10 10:52:35,292 - root - ERROR - >>>>>>>>>>>>>>> issue with insert query ('The SQL contains 0 parameter markers, but 4995 parameters were supplied', 'HY000')
2019-04-10 10:52:35,317 - root - INFO - wrong query:insert into "HN1.dbo.vw_origin_agentes" values (rowNum,:AGENTE, :NOMBRE, :DIRECCION, :CONTACTO, :CALIDAD, DELETED)inserting data
2019-04-10 10:52:35,317 - root - ERROR - >>>>>>>>>>>>>>> issue with insert query ('The SQL contains 0 parameter markers, but 4995 parameters were supplied', 'HY000')
2019-04-10 10:52:35,319 - root - ERROR - >>>>>>>>>>>>>>> issue with table creation:can only concatenate str (not "tuple") to str
2019-04-10 10:52:35,319 - root - WARNING - insert finished
2019-04-10 10:52:35,322 - root - WARNING - connected to Sqlserver.
2019-04-10 10:52:35,322 - root - INFO - Processing: ccvs.DBF
2019-04-10 10:52:35,323 - root - INFO - new table to create: "create table HN1.dbo.vw_origin_ccvs (rowNum numeric (20), "CCV" varchar(max), "NRO_SOLICI" varchar(max), DELETED varchar (5))"
2019-04-10 10:52:35,326 - root - WARNING - Going to insert to table: ccvs
2019-04-10 10:52:35,339 - root - INFO - wrong query:insert into "HN1.dbo.vw_origin_ccvs" values (rowNum,:CCV, :NRO_SOLICI, DELETED)inserting data
2019-04-10 10:52:35,339 - root - ERROR - >>>>>>>>>>>>>>> issue with insert query ('The SQL contains 0 parameter markers, but 2000 parameters were supplied', 'HY000')
2019-04-10 10:52:35,347 - root - INFO - wrong query:insert into "HN1.dbo.vw_origin_ccvs" values (rowNum,:CCV, :NRO_SOLICI, DELETED)inserting data
2019-04-10 10:52:35,347 - root - ERROR - >>>>>>>>>>>>>>> issue with insert query ('The SQL contains 0 parameter markers, but 1998 parameters were supplied', 'HY000')
2019-04-10 10:52:35,356 - root - INFO - wrong query:insert into "HN1.dbo.vw_origin_ccvs" values (rowNum,:CCV, :NRO_SOLICI, DELETED)inserting data
2019-04-10 10:52:35,356 - root - ERROR - >>>>>>>>>>>>>>> issue with insert query ('The SQL contains 0 parameter markers, but 1998 parameters were supplied', 'HY000')
2019-04-10 10:52:35,364 - root - INFO - wrong query:insert into "HN1.dbo.vw_origin_ccvs" values (rowNum,:CCV, :NRO_SOLICI, DELETED)inserting data
2019-04-10 10:52:35,364 - root - ERROR - >>>>>>>>>>>>>>> issue with insert query ('The SQL contains 0 parameter markers, but 1998 parameters were supplied', 'HY000')
2019-04-10 10:52:35,373 - root - INFO - wrong query:insert into "HN1.dbo.vw_origin_ccvs" values (rowNum,:CCV, :NRO_SOLICI, DELETED)inserting data
2019-04-10 10:52:35,373 - root - ERROR - >>>>>>>>>>>>>>> issue with insert query ('The SQL contains 0 parameter markers, but 1998 parameters were supplied', 'HY000')
2019-04-10 10:52:35,382 - root - INFO - wrong query:insert into "HN1.dbo.vw_origin_ccvs" values (rowNum,:CCV, :NRO_SOLICI, DELETED)inserting data
2019-04-10 10:52:35,382 - root - ERROR - >>>>>>>>>>>>>>> issue with insert query ('The SQL contains 0 parameter markers, but 1998 parameters were supplied', 'HY000')
2019-04-10 10:52:35,390 - root - INFO - wrong query:insert into "HN1.dbo.vw_origin_ccvs" values (rowNum,:CCV, :NRO_SOLICI, DELETED)inserting data
2019-04-10 10:52:35,390 - root - ERROR - >>>>>>>>>>>>>>> issue with insert query ('The SQL contains 0 parameter markers, but 1998 parameters were supplied', 'HY000')
2019-04-10 10:52:35,399 - root - INFO - wrong query:insert into "HN1.dbo.vw_origin_ccvs" values (rowNum,:CCV, :NRO_SOLICI, DELETED)inserting data
2019-04-10 10:52:35,399 - root - ERROR - >>>>>>>>>>>>>>> issue with insert query ('The SQL contains 0 parameter markers, but 1998 parameters were supplied', 'HY000')
2019-04-10 10:52:35,407 - root - INFO - wrong query:insert into "HN1.dbo.vw_origin_ccvs" values (rowNum,:CCV, :NRO_SOLICI, DELETED)inserting data
2019-04-10 10:52:35,407 - root - ERROR - >>>>>>>>>>>>>>> issue with insert query ('The SQL contains 0 parameter markers, but 1998 parameters were supplied', 'HY000')
2019-04-10 10:52:35,416 - root - INFO - wrong query:insert into "HN1.dbo.vw_origin_ccvs" values (rowNum,:CCV, :NRO_SOLICI, DELETED)inserting data
2019-04-10 10:52:35,416 - root - ERROR - >>>>>>>>>>>>>>> issue with insert query ('The SQL contains 0 parameter markers, but 1998 parameters were supplied', 'HY000')
2019-04-10 10:52:35,424 - root - INFO - wrong query:insert into "HN1.dbo.vw_origin_ccvs" values (rowNum,:CCV, :NRO_SOLICI, DELETED)inserting data
2019-04-10 10:52:35,424 - root - ERROR - >>>>>>>>>>>>>>> issue with insert query ('The SQL contains 0 parameter markers, but 1998 parameters were supplied', 'HY000')
2019-04-10 10:52:35,433 - root - INFO - wrong query:insert into "HN1.dbo.vw_origin_ccvs" values (rowNum,:CCV, :NRO_SOLICI, DELETED)inserting data
2019-04-10 10:52:35,433 - root - ERROR - >>>>>>>>>>>>>>> issue with insert query ('The SQL contains 0 parameter markers, but 1998 parameters were supplied', 'HY000')
2019-04-10 10:52:35,441 - root - INFO - wrong query:insert into "HN1.dbo.vw_origin_ccvs" values (rowNum,:CCV, :NRO_SOLICI, DELETED)inserting data
2019-04-10 10:52:35,441 - root - ERROR - >>>>>>>>>>>>>>> issue with insert query ('The SQL contains 0 parameter markers, but 1998 parameters were supplied', 'HY000')
2019-04-10 10:52:35,449 - root - INFO - wrong query:insert into "HN1.dbo.vw_origin_ccvs" values (rowNum,:CCV, :NRO_SOLICI, DELETED)inserting data
2019-04-10 10:52:35,449 - root - ERROR - >>>>>>>>>>>>>>> issue with insert query ('The SQL contains 0 parameter markers, but 1998 parameters were supplied', 'HY000')
2019-04-10 10:52:35,458 - root - INFO - wrong query:insert into "HN1.dbo.vw_origin_ccvs" values (rowNum,:CCV, :NRO_SOLICI, DELETED)inserting data
2019-04-10 10:52:35,458 - root - ERROR - >>>>>>>>>>>>>>> issue with insert query ('The SQL contains 0 parameter markers, but 1998 parameters were supplied', 'HY000')
2019-04-10 10:52:35,473 - root - INFO - wrong query:insert into "HN1.dbo.vw_origin_ccvs" values (rowNum,:CCV, :NRO_SOLICI, DELETED)inserting data
2019-04-10 10:52:35,473 - root - ERROR - >>>>>>>>>>>>>>> issue with insert query ('The SQL contains 0 parameter markers, but 1998 parameters were supplied', 'HY000')
2019-04-10 10:52:35,482 - root - INFO - wrong query:insert into "HN1.dbo.vw_origin_ccvs" values (rowNum,:CCV, :NRO_SOLICI, DELETED)inserting data
2019-04-10 10:52:35,482 - root - ERROR - >>>>>>>>>>>>>>> issue with insert query ('The SQL contains 0 parameter markers, but 1998 parameters were supplied', 'HY000')
2019-04-10 10:52:35,491 - root - INFO - wrong query:insert into "HN1.dbo.vw_origin_ccvs" values (rowNum,:CCV, :NRO_SOLICI, DELETED)inserting data
2019-04-10 10:52:35,491 - root - ERROR - >>>>>>>>>>>>>>> issue with insert query ('The SQL contains 0 parameter markers, but 1998 parameters were supplied', 'HY000')
2019-04-10 10:52:35,499 - root - INFO - wrong query:insert into "HN1.dbo.vw_origin_ccvs" values (rowNum,:CCV, :NRO_SOLICI, DELETED)inserting data
2019-04-10 10:52:35,499 - root - ERROR - >>>>>>>>>>>>>>> issue with insert query ('The SQL contains 0 parameter markers, but 1998 parameters were supplied', 'HY000')
2019-04-10 10:52:35,508 - root - INFO - wrong query:insert into "HN1.dbo.vw_origin_ccvs" values (rowNum,:CCV, :NRO_SOLICI, DELETED)inserting data
2019-04-10 10:52:35,508 - root - ERROR - >>>>>>>>>>>>>>> issue with insert query ('The SQL contains 0 parameter markers, but 1998 parameters were supplied', 'HY000')
2019-04-10 10:52:35,517 - root - INFO - wrong query:insert into "HN1.dbo.vw_origin_ccvs" values (rowNum,:CCV, :NRO_SOLICI, DELETED)inserting data
2019-04-10 10:52:35,517 - root - ERROR - >>>>>>>>>>>>>>> issue with insert query ('The SQL contains 0 parameter markers, but 1998 parameters were supplied', 'HY000')
2019-04-10 10:52:35,525 - root - INFO - wrong query:insert into "HN1.dbo.vw_origin_ccvs" values (rowNum,:CCV, :NRO_SOLICI, DELETED)inserting data
2019-04-10 10:52:35,525 - root - ERROR - >>>>>>>>>>>>>>> issue with insert query ('The SQL contains 0 parameter markers, but 1998 parameters were supplied', 'HY000')
2019-04-10 10:52:35,533 - root - INFO - wrong query:insert into "HN1.dbo.vw_origin_ccvs" values (rowNum,:CCV, :NRO_SOLICI, DELETED)inserting data
2019-04-10 10:52:35,533 - root - ERROR - >>>>>>>>>>>>>>> issue with insert query ('The SQL contains 0 parameter markers, but 1998 parameters were supplied', 'HY000')
2019-04-10 10:52:35,542 - root - INFO - wrong query:insert into "HN1.dbo.vw_origin_ccvs" values (rowNum,:CCV, :NRO_SOLICI, DELETED)inserting data
2019-04-10 10:52:35,542 - root - ERROR - >>>>>>>>>>>>>>> issue with insert query ('The SQL contains 0 parameter markers, but 1998 parameters were supplied', 'HY000')
2019-04-10 10:52:35,556 - root - INFO - wrong query:insert into "HN1.dbo.vw_origin_ccvs" values (rowNum,:CCV, :NRO_SOLICI, DELETED)inserting data
2019-04-10 10:52:35,556 - root - ERROR - >>>>>>>>>>>>>>> issue with insert query ('The SQL contains 0 parameter markers, but 1998 parameters were supplied', 'HY000')
2019-04-10 10:52:35,566 - root - INFO - wrong query:insert into "HN1.dbo.vw_origin_ccvs" values (rowNum,:CCV, :NRO_SOLICI, DELETED)inserting data
2019-04-10 10:52:35,566 - root - ERROR - >>>>>>>>>>>>>>> issue with insert query ('The SQL contains 0 parameter markers, but 1998 parameters were supplied', 'HY000')
2019-04-10 10:52:35,574 - root - INFO - wrong query:insert into "HN1.dbo.vw_origin_ccvs" values (rowNum,:CCV, :NRO_SOLICI, DELETED)inserting data
2019-04-10 10:52:35,574 - root - ERROR - >>>>>>>>>>>>>>> issue with insert query ('The SQL contains 0 parameter markers, but 1998 parameters were supplied', 'HY000')
2019-04-10 10:52:35,588 - root - INFO - wrong query:insert into "HN1.dbo.vw_origin_ccvs" values (rowNum,:CCV, :NRO_SOLICI, DELETED)inserting data
2019-04-10 10:52:35,588 - root - ERROR - >>>>>>>>>>>>>>> issue with insert query ('The SQL contains 0 parameter markers, but 1998 parameters were supplied', 'HY000')
2019-04-10 10:52:35,597 - root - INFO - wrong query:insert into "HN1.dbo.vw_origin_ccvs" values (rowNum,:CCV, :NRO_SOLICI, DELETED)inserting data
2019-04-10 10:52:35,597 - root - ERROR - >>>>>>>>>>>>>>> issue with insert query ('The SQL contains 0 parameter markers, but 1998 parameters were supplied', 'HY000')
2019-04-10 10:52:35,611 - root - INFO - wrong query:insert into "HN1.dbo.vw_origin_ccvs" values (rowNum,:CCV, :NRO_SOLICI, DELETED)inserting data
2019-04-10 10:52:35,611 - root - ERROR - >>>>>>>>>>>>>>> issue with insert query ('The SQL contains 0 parameter markers, but 1998 parameters were supplied', 'HY000')
2019-04-10 10:52:35,619 - root - INFO - wrong query:insert into "HN1.dbo.vw_origin_ccvs" values (rowNum,:CCV, :NRO_SOLICI, DELETED)inserting data
2019-04-10 10:52:35,619 - root - ERROR - >>>>>>>>>>>>>>> issue with insert query ('The SQL contains 0 parameter markers, but 1998 parameters were supplied', 'HY000')
2019-04-10 10:52:35,629 - root - INFO - wrong query:insert into "HN1.dbo.vw_origin_ccvs" values (rowNum,:CCV, :NRO_SOLICI, DELETED)inserting data
2019-04-10 10:52:35,629 - root - ERROR - >>>>>>>>>>>>>>> issue with insert query ('The SQL contains 0 parameter markers, but 1998 parameters were supplied', 'HY000')
2019-04-10 10:52:35,637 - root - INFO - wrong query:insert into "HN1.dbo.vw_origin_ccvs" values (rowNum,:CCV, :NRO_SOLICI, DELETED)inserting data
2019-04-10 10:52:35,637 - root - ERROR - >>>>>>>>>>>>>>> issue with insert query ('The SQL contains 0 parameter markers, but 1998 parameters were supplied', 'HY000')
2019-04-10 10:52:35,646 - root - INFO - wrong query:insert into "HN1.dbo.vw_origin_ccvs" values (rowNum,:CCV, :NRO_SOLICI, DELETED)inserting data
2019-04-10 10:52:35,646 - root - ERROR - >>>>>>>>>>>>>>> issue with insert query ('The SQL contains 0 parameter markers, but 1998 parameters were supplied', 'HY000')
2019-04-10 10:52:35,655 - root - INFO - wrong query:insert into "HN1.dbo.vw_origin_ccvs" values (rowNum,:CCV, :NRO_SOLICI, DELETED)inserting data
2019-04-10 10:52:35,655 - root - ERROR - >>>>>>>>>>>>>>> issue with insert query ('The SQL contains 0 parameter markers, but 1998 parameters were supplied', 'HY000')
2019-04-10 10:52:35,663 - root - INFO - wrong query:insert into "HN1.dbo.vw_origin_ccvs" values (rowNum,:CCV, :NRO_SOLICI, DELETED)inserting data
2019-04-10 10:52:35,663 - root - ERROR - >>>>>>>>>>>>>>> issue with insert query ('The SQL contains 0 parameter markers, but 1998 parameters were supplied', 'HY000')
2019-04-10 10:52:35,672 - root - INFO - wrong query:insert into "HN1.dbo.vw_origin_ccvs" values (rowNum,:CCV, :NRO_SOLICI, DELETED)inserting data
2019-04-10 10:52:35,672 - root - ERROR - >>>>>>>>>>>>>>> issue with insert query ('The SQL contains 0 parameter markers, but 1998 parameters were supplied', 'HY000')
2019-04-10 10:52:35,680 - root - INFO - wrong query:insert into "HN1.dbo.vw_origin_ccvs" values (rowNum,:CCV, :NRO_SOLICI, DELETED)inserting data
2019-04-10 10:52:35,680 - root - ERROR - >>>>>>>>>>>>>>> issue with insert query ('The SQL contains 0 parameter markers, but 1998 parameters were supplied', 'HY000')
2019-04-10 10:52:35,689 - root - INFO - wrong query:insert into "HN1.dbo.vw_origin_ccvs" values (rowNum,:CCV, :NRO_SOLICI, DELETED)inserting data
2019-04-10 10:52:35,689 - root - ERROR - >>>>>>>>>>>>>>> issue with insert query ('The SQL contains 0 parameter markers, but 1998 parameters were supplied', 'HY000')
2019-04-10 10:52:35,703 - root - INFO - wrong query:insert into "HN1.dbo.vw_origin_ccvs" values (rowNum,:CCV, :NRO_SOLICI, DELETED)inserting data
2019-04-10 10:52:35,703 - root - ERROR - >>>>>>>>>>>>>>> issue with insert query ('The SQL contains 0 parameter markers, but 1998 parameters were supplied', 'HY000')
2019-04-10 10:52:35,712 - root - INFO - wrong query:insert into "HN1.dbo.vw_origin_ccvs" values (rowNum,:CCV, :NRO_SOLICI, DELETED)inserting data
2019-04-10 10:52:35,712 - root - ERROR - >>>>>>>>>>>>>>> issue with insert query ('The SQL contains 0 parameter markers, but 1998 parameters were supplied', 'HY000')
2019-04-10 10:52:35,721 - root - INFO - wrong query:insert into "HN1.dbo.vw_origin_ccvs" values (rowNum,:CCV, :NRO_SOLICI, DELETED)inserting data
2019-04-10 10:52:35,721 - root - ERROR - >>>>>>>>>>>>>>> issue with insert query ('The SQL contains 0 parameter markers, but 1998 parameters were supplied', 'HY000')
2019-04-10 10:52:35,735 - root - INFO - wrong query:insert into "HN1.dbo.vw_origin_ccvs" values (rowNum,:CCV, :NRO_SOLICI, DELETED)inserting data
2019-04-10 10:52:35,735 - root - ERROR - >>>>>>>>>>>>>>> issue with insert query ('The SQL contains 0 parameter markers, but 1998 parameters were supplied', 'HY000')
2019-04-10 10:52:35,744 - root - INFO - wrong query:insert into "HN1.dbo.vw_origin_ccvs" values (rowNum,:CCV, :NRO_SOLICI, DELETED)inserting data
2019-04-10 10:52:35,744 - root - ERROR - >>>>>>>>>>>>>>> issue with insert query ('The SQL contains 0 parameter markers, but 1998 parameters were supplied', 'HY000')
2019-04-10 10:52:35,752 - root - INFO - wrong query:insert into "HN1.dbo.vw_origin_ccvs" values (rowNum,:CCV, :NRO_SOLICI, DELETED)inserting data
2019-04-10 10:52:35,753 - root - ERROR - >>>>>>>>>>>>>>> issue with insert query ('The SQL contains 0 parameter markers, but 1998 parameters were supplied', 'HY000')
2019-04-10 10:52:35,762 - root - INFO - wrong query:insert into "HN1.dbo.vw_origin_ccvs" values (rowNum,:CCV, :NRO_SOLICI, DELETED)inserting data
2019-04-10 10:52:35,762 - root - ERROR - >>>>>>>>>>>>>>> issue with insert query ('The SQL contains 0 parameter markers, but 1998 parameters were supplied', 'HY000')
2019-04-10 10:52:35,770 - root - INFO - wrong query:insert into "HN1.dbo.vw_origin_ccvs" values (rowNum,:CCV, :NRO_SOLICI, DELETED)inserting data
2019-04-10 10:52:35,770 - root - ERROR - >>>>>>>>>>>>>>> issue with insert query ('The SQL contains 0 parameter markers, but 1998 parameters were supplied', 'HY000')
2019-04-10 10:52:35,779 - root - INFO - wrong query:insert into "HN1.dbo.vw_origin_ccvs" values (rowNum,:CCV, :NRO_SOLICI, DELETED)inserting data
2019-04-10 10:52:35,779 - root - ERROR - >>>>>>>>>>>>>>> issue with insert query ('The SQL contains 0 parameter markers, but 1998 parameters were supplied', 'HY000')
2019-04-10 10:52:35,787 - root - INFO - wrong query:insert into "HN1.dbo.vw_origin_ccvs" values (rowNum,:CCV, :NRO_SOLICI, DELETED)inserting data
2019-04-10 10:52:35,787 - root - ERROR - >>>>>>>>>>>>>>> issue with insert query ('The SQL contains 0 parameter markers, but 1998 parameters were supplied', 'HY000')
2019-04-10 10:52:35,801 - root - INFO - wrong query:insert into "HN1.dbo.vw_origin_ccvs" values (rowNum,:CCV, :NRO_SOLICI, DELETED)inserting data
2019-04-10 10:52:35,801 - root - ERROR - >>>>>>>>>>>>>>> issue with insert query ('The SQL contains 0 parameter markers, but 1998 parameters were supplied', 'HY000')
2019-04-10 10:52:35,810 - root - INFO - wrong query:insert into "HN1.dbo.vw_origin_ccvs" values (rowNum,:CCV, :NRO_SOLICI, DELETED)inserting data
2019-04-10 10:52:35,810 - root - ERROR - >>>>>>>>>>>>>>> issue with insert query ('The SQL contains 0 parameter markers, but 1998 parameters were supplied', 'HY000')
2019-04-10 10:52:35,819 - root - INFO - wrong query:insert into "HN1.dbo.vw_origin_ccvs" values (rowNum,:CCV, :NRO_SOLICI, DELETED)inserting data
2019-04-10 10:52:35,819 - root - ERROR - >>>>>>>>>>>>>>> issue with insert query ('The SQL contains 0 parameter markers, but 1998 parameters were supplied', 'HY000')
2019-04-10 10:52:35,827 - root - INFO - wrong query:insert into "HN1.dbo.vw_origin_ccvs" values (rowNum,:CCV, :NRO_SOLICI, DELETED)inserting data
2019-04-10 10:52:35,827 - root - ERROR - >>>>>>>>>>>>>>> issue with insert query ('The SQL contains 0 parameter markers, but 1998 parameters were supplied', 'HY000')
2019-04-10 10:52:35,836 - root - INFO - wrong query:insert into "HN1.dbo.vw_origin_ccvs" values (rowNum,:CCV, :NRO_SOLICI, DELETED)inserting data
2019-04-10 10:52:35,836 - root - ERROR - >>>>>>>>>>>>>>> issue with insert query ('The SQL contains 0 parameter markers, but 1998 parameters were supplied', 'HY000')
2019-04-10 10:52:35,844 - root - INFO - wrong query:insert into "HN1.dbo.vw_origin_ccvs" values (rowNum,:CCV, :NRO_SOLICI, DELETED)inserting data
2019-04-10 10:52:35,844 - root - ERROR - >>>>>>>>>>>>>>> issue with insert query ('The SQL contains 0 parameter markers, but 1998 parameters were supplied', 'HY000')
2019-04-10 10:52:35,852 - root - INFO - wrong query:insert into "HN1.dbo.vw_origin_ccvs" values (rowNum,:CCV, :NRO_SOLICI, DELETED)inserting data
2019-04-10 10:52:35,852 - root - ERROR - >>>>>>>>>>>>>>> issue with insert query ('The SQL contains 0 parameter markers, but 1998 parameters were supplied', 'HY000')
2019-04-10 10:52:35,860 - root - INFO - wrong query:insert into "HN1.dbo.vw_origin_ccvs" values (rowNum,:CCV, :NRO_SOLICI, DELETED)inserting data
2019-04-10 10:52:35,860 - root - ERROR - >>>>>>>>>>>>>>> issue with insert query ('The SQL contains 0 parameter markers, but 1998 parameters were supplied', 'HY000')
2019-04-10 10:52:35,868 - root - INFO - wrong query:insert into "HN1.dbo.vw_origin_ccvs" values (rowNum,:CCV, :NRO_SOLICI, DELETED)inserting data
2019-04-10 10:52:35,868 - root - ERROR - >>>>>>>>>>>>>>> issue with insert query ('The SQL contains 0 parameter markers, but 1998 parameters were supplied', 'HY000')
2019-04-10 10:52:35,877 - root - INFO - wrong query:insert into "HN1.dbo.vw_origin_ccvs" values (rowNum,:CCV, :NRO_SOLICI, DELETED)inserting data
2019-04-10 10:52:35,877 - root - ERROR - >>>>>>>>>>>>>>> issue with insert query ('The SQL contains 0 parameter markers, but 1998 parameters were supplied', 'HY000')
2019-04-10 10:52:35,886 - root - INFO - wrong query:insert into "HN1.dbo.vw_origin_ccvs" values (rowNum,:CCV, :NRO_SOLICI, DELETED)inserting data
2019-04-10 10:52:35,886 - root - ERROR - >>>>>>>>>>>>>>> issue with insert query ('The SQL contains 0 parameter markers, but 1998 parameters were supplied', 'HY000')
2019-04-10 10:52:35,894 - root - INFO - wrong query:insert into "HN1.dbo.vw_origin_ccvs" values (rowNum,:CCV, :NRO_SOLICI, DELETED)inserting data
2019-04-10 10:52:35,894 - root - ERROR - >>>>>>>>>>>>>>> issue with insert query ('The SQL contains 0 parameter markers, but 1998 parameters were supplied', 'HY000')
2019-04-10 10:52:35,903 - root - INFO - wrong query:insert into "HN1.dbo.vw_origin_ccvs" values (rowNum,:CCV, :NRO_SOLICI, DELETED)inserting data
2019-04-10 10:52:35,903 - root - ERROR - >>>>>>>>>>>>>>> issue with insert query ('The SQL contains 0 parameter markers, but 1998 parameters were supplied', 'HY000')
2019-04-10 10:52:35,912 - root - INFO - wrong query:insert into "HN1.dbo.vw_origin_ccvs" values (rowNum,:CCV, :NRO_SOLICI, DELETED)inserting data
2019-04-10 10:52:35,912 - root - ERROR - >>>>>>>>>>>>>>> issue with insert query ('The SQL contains 0 parameter markers, but 1998 parameters were supplied', 'HY000')
2019-04-10 10:52:35,916 - root - ERROR - >>>>>>>>>>>>>>> issue with table creation:can only concatenate str (not "tuple") to str
2019-04-10 10:52:35,916 - root - WARNING - insert finished
2019-04-10 10:52:35,916 - root - WARNING - connected to Sqlserver.
2019-04-10 10:52:35,916 - root - INFO - Processing: codigos.dbf
2019-04-10 10:52:35,917 - root - INFO - new table to create: "create table HN1.dbo.vw_origin_codigos (rowNum numeric (20), "ID_CODIGO" varchar(max), "CODIGO" varchar(max), "DESCRIPCOD" varchar(max), DELETED varchar (5))"
2019-04-10 10:52:35,921 - root - WARNING - Going to insert to table: codigos
2019-04-10 10:52:35,923 - root - ERROR - >>>>>>>>>>>>>>> issue with table creation:can only concatenate str (not "tuple") to str
2019-04-10 10:52:35,923 - root - WARNING - insert finished
2019-04-10 10:52:35,923 - root - WARNING - connected to Sqlserver.
2019-04-10 10:52:35,923 - root - INFO - Processing: eventab.dbf
2019-04-10 10:52:35,925 - root - INFO - new table to create: "create table HN1.dbo.vw_origin_eventab (rowNum numeric (20), "EVENTO" varchar(max), "DESCRIP" varchar(max), "TIPO_EVENT" varchar(max), "INFO_ADI" varchar(max), "ETI_COMENT" varchar(max), "ETI_NUMERO" varchar(max), DELETED varchar (5))"
2019-04-10 10:52:35,926 - root - WARNING - Going to insert to table: eventab
2019-04-10 10:52:35,929 - root - ERROR - >>>>>>>>>>>>>>> issue with table creation:can only concatenate str (not "tuple") to str
2019-04-10 10:52:35,929 - root - WARNING - insert finished
2019-04-10 10:52:35,929 - root - WARNING - connected to Sqlserver.
2019-04-10 10:52:35,929 - root - INFO - Processing: marca.DBF
2019-04-10 10:52:35,932 - root - INFO - new table to create: "create table HN1.dbo.vw_origin_marca (rowNum numeric (20), "NRO_SOLICI" varchar(max), "SOLICITADA" varchar(max), "TIPO_MARCA" varchar(max), "SIGNO" varchar(max), "NOM_MARCA" varchar(max), "REGISTRO" varchar(max), "REGISTRADA" varchar(max), "RENUEVA" varchar(max), "EXPIRA" varchar(max), "AGENTE" varchar(max), "STATUS" varchar(max), "STAT_DESDE" varchar(max), "PESO_RASGO" varchar(max), "LARFON" varchar(max), "PESO_R" varchar(max), "PUBLICADA" varchar(max), "DIARIO" varchar(max), "LIMITACION" varchar(max), "HORA" varchar(max), "RTOMO" varchar(max), "RFOLIO" varchar(max), "RESERVA" varchar(max), "NRO_PODER" varchar(max), "MODIFICA" varchar(max), "NRO_GACETA" varchar(max), "QUIEN" varchar(max), "CALIDAD" varchar(max), "CLASE" varchar(max), "MODIFICADO" varchar(max), "ANUALIDAD" varchar(max), "NRO_RESOL" varchar(max), "LEY" varchar(max), "CLASES_TXT" varchar(max), DELETED varchar (5))"
2019-04-10 10:52:35,934 - root - WARNING - Going to insert to table: marca
2019-04-10 10:52:36,356 - root - INFO - wrong query:insert into "HN1.dbo.vw_origin_marca" values (rowNum,:NRO_SOLICI, :SOLICITADA, :TIPO_MARCA, :SIGNO, :NOM_MARCA, :REGISTRO, :REGISTRADA, :RENUEVA, :EXPIRA, :AGENTE, :STATUS, :STAT_DESDE, :PESO_RASGO, :LARFON, :PESO_R, :PUBLICADA, :DIARIO, :LIMITACION, :HORA, :RTOMO, :RFOLIO, :RESERVA, :NRO_PODER, :MODIFICA, :NRO_GACETA, :QUIEN, :CALIDAD, :CLASE, :MODIFICADO, :ANUALIDAD, :NRO_RESOL, :LEY, :CLASES_TXT, DELETED)inserting data
2019-04-10 10:52:36,356 - root - ERROR - >>>>>>>>>>>>>>> issue with insert query ('The SQL contains 0 parameter markers, but 33000 parameters were supplied', 'HY000')
2019-04-10 10:52:36,766 - root - INFO - wrong query:insert into "HN1.dbo.vw_origin_marca" values (rowNum,:NRO_SOLICI, :SOLICITADA, :TIPO_MARCA, :SIGNO, :NOM_MARCA, :REGISTRO, :REGISTRADA, :RENUEVA, :EXPIRA, :AGENTE, :STATUS, :STAT_DESDE, :PESO_RASGO, :LARFON, :PESO_R, :PUBLICADA, :DIARIO, :LIMITACION, :HORA, :RTOMO, :RFOLIO, :RESERVA, :NRO_PODER, :MODIFICA, :NRO_GACETA, :QUIEN, :CALIDAD, :CLASE, :MODIFICADO, :ANUALIDAD, :NRO_RESOL, :LEY, :CLASES_TXT, DELETED)inserting data
2019-04-10 10:52:36,766 - root - ERROR - >>>>>>>>>>>>>>> issue with insert query ('The SQL contains 0 parameter markers, but 32967 parameters were supplied', 'HY000')
2019-04-10 10:52:37,184 - root - INFO - wrong query:insert into "HN1.dbo.vw_origin_marca" values (rowNum,:NRO_SOLICI, :SOLICITADA, :TIPO_MARCA, :SIGNO, :NOM_MARCA, :REGISTRO, :REGISTRADA, :RENUEVA, :EXPIRA, :AGENTE, :STATUS, :STAT_DESDE, :PESO_RASGO, :LARFON, :PESO_R, :PUBLICADA, :DIARIO, :LIMITACION, :HORA, :RTOMO, :RFOLIO, :RESERVA, :NRO_PODER, :MODIFICA, :NRO_GACETA, :QUIEN, :CALIDAD, :CLASE, :MODIFICADO, :ANUALIDAD, :NRO_RESOL, :LEY, :CLASES_TXT, DELETED)inserting data
2019-04-10 10:52:37,184 - root - ERROR - >>>>>>>>>>>>>>> issue with insert query ('The SQL contains 0 parameter markers, but 32967 parameters were supplied', 'HY000')
