2019-04-10 10:54:20,418 - root - WARNING - connected to Sqlserver.
2019-04-10 10:54:20,423 - root - INFO - Connections to database severed
2019-04-10 10:54:20,444 - root - INFO - database dropped
2019-04-10 10:54:20,691 - root - INFO - New Intermediate databas created
2019-04-10 10:54:20,707 - root - WARNING - connected to Sqlserver.
2019-04-10 10:54:20,707 - root - INFO - Processing: agentes.DBF
2019-04-10 10:54:20,709 - root - INFO - new table to create: "create table HN1.dbo.vw_origin_agentes (rowNum numeric (20), "AGENTE" varchar(max), "NOMBRE" varchar(max), "DIRECCION" varchar(max), "CONTACTO" varchar(max), "CALIDAD" varchar(max), DELETED varchar (5))"
2019-04-10 10:54:20,712 - root - WARNING - Going to insert to table: agentes
2019-04-10 10:54:20,738 - root - INFO - wrong query:insert into "HN1.dbo.vw_origin_agentes" values (rowNum,AGENTE, NOMBRE, DIRECCION, CONTACTO, CALIDAD, DELETED)inserting data
2019-04-10 10:54:20,739 - root - ERROR - >>>>>>>>>>>>>>> issue with insert query ('The SQL contains 0 parameter markers, but 5000 parameters were supplied', 'HY000')
2019-04-10 10:54:20,761 - root - INFO - wrong query:insert into "HN1.dbo.vw_origin_agentes" values (rowNum,AGENTE, NOMBRE, DIRECCION, CONTACTO, CALIDAD, DELETED)inserting data
2019-04-10 10:54:20,761 - root - ERROR - >>>>>>>>>>>>>>> issue with insert query ('The SQL contains 0 parameter markers, but 4995 parameters were supplied', 'HY000')
2019-04-10 10:54:20,783 - root - INFO - wrong query:insert into "HN1.dbo.vw_origin_agentes" values (rowNum,AGENTE, NOMBRE, DIRECCION, CONTACTO, CALIDAD, DELETED)inserting data
2019-04-10 10:54:20,783 - root - ERROR - >>>>>>>>>>>>>>> issue with insert query ('The SQL contains 0 parameter markers, but 4995 parameters were supplied', 'HY000')
2019-04-10 10:54:20,804 - root - INFO - wrong query:insert into "HN1.dbo.vw_origin_agentes" values (rowNum,AGENTE, NOMBRE, DIRECCION, CONTACTO, CALIDAD, DELETED)inserting data
2019-04-10 10:54:20,804 - root - ERROR - >>>>>>>>>>>>>>> issue with insert query ('The SQL contains 0 parameter markers, but 4995 parameters were supplied', 'HY000')
2019-04-10 10:54:20,830 - root - INFO - wrong query:insert into "HN1.dbo.vw_origin_agentes" values (rowNum,AGENTE, NOMBRE, DIRECCION, CONTACTO, CALIDAD, DELETED)inserting data
2019-04-10 10:54:20,830 - root - ERROR - >>>>>>>>>>>>>>> issue with insert query ('The SQL contains 0 parameter markers, but 4995 parameters were supplied', 'HY000')
2019-04-10 10:54:20,856 - root - INFO - wrong query:insert into "HN1.dbo.vw_origin_agentes" values (rowNum,AGENTE, NOMBRE, DIRECCION, CONTACTO, CALIDAD, DELETED)inserting data
2019-04-10 10:54:20,856 - root - ERROR - >>>>>>>>>>>>>>> issue with insert query ('The SQL contains 0 parameter markers, but 4995 parameters were supplied', 'HY000')
2019-04-10 10:54:20,882 - root - INFO - wrong query:insert into "HN1.dbo.vw_origin_agentes" values (rowNum,AGENTE, NOMBRE, DIRECCION, CONTACTO, CALIDAD, DELETED)inserting data
2019-04-10 10:54:20,882 - root - ERROR - >>>>>>>>>>>>>>> issue with insert query ('The SQL contains 0 parameter markers, but 4995 parameters were supplied', 'HY000')
2019-04-10 10:54:20,908 - root - INFO - wrong query:insert into "HN1.dbo.vw_origin_agentes" values (rowNum,AGENTE, NOMBRE, DIRECCION, CONTACTO, CALIDAD, DELETED)inserting data
2019-04-10 10:54:20,909 - root - ERROR - >>>>>>>>>>>>>>> issue with insert query ('The SQL contains 0 parameter markers, but 4995 parameters were supplied', 'HY000')
2019-04-10 10:54:20,946 - root - INFO - wrong query:insert into "HN1.dbo.vw_origin_agentes" values (rowNum,AGENTE, NOMBRE, DIRECCION, CONTACTO, CALIDAD, DELETED)inserting data
2019-04-10 10:54:20,947 - root - ERROR - >>>>>>>>>>>>>>> issue with insert query ('The SQL contains 0 parameter markers, but 4995 parameters were supplied', 'HY000')
2019-04-10 10:54:20,973 - root - INFO - wrong query:insert into "HN1.dbo.vw_origin_agentes" values (rowNum,AGENTE, NOMBRE, DIRECCION, CONTACTO, CALIDAD, DELETED)inserting data
2019-04-10 10:54:20,973 - root - ERROR - >>>>>>>>>>>>>>> issue with insert query ('The SQL contains 0 parameter markers, but 4995 parameters were supplied', 'HY000')
2019-04-10 10:54:21,000 - root - INFO - wrong query:insert into "HN1.dbo.vw_origin_agentes" values (rowNum,AGENTE, NOMBRE, DIRECCION, CONTACTO, CALIDAD, DELETED)inserting data
2019-04-10 10:54:21,000 - root - ERROR - >>>>>>>>>>>>>>> issue with insert query ('The SQL contains 0 parameter markers, but 4995 parameters were supplied', 'HY000')
2019-04-10 10:54:21,002 - root - ERROR - >>>>>>>>>>>>>>> issue with table creation:can only concatenate str (not "tuple") to str
2019-04-10 10:54:21,002 - root - WARNING - insert finished
2019-04-10 10:54:21,005 - root - WARNING - connected to Sqlserver.
2019-04-10 10:54:21,005 - root - INFO - Processing: ccvs.DBF
2019-04-10 10:54:21,006 - root - INFO - new table to create: "create table HN1.dbo.vw_origin_ccvs (rowNum numeric (20), "CCV" varchar(max), "NRO_SOLICI" varchar(max), DELETED varchar (5))"
2019-04-10 10:54:21,009 - root - WARNING - Going to insert to table: ccvs
2019-04-10 10:54:21,022 - root - INFO - wrong query:insert into "HN1.dbo.vw_origin_ccvs" values (rowNum,CCV, NRO_SOLICI, DELETED)inserting data
2019-04-10 10:54:21,022 - root - ERROR - >>>>>>>>>>>>>>> issue with insert query ('The SQL contains 0 parameter markers, but 2000 parameters were supplied', 'HY000')
2019-04-10 10:54:21,036 - root - INFO - wrong query:insert into "HN1.dbo.vw_origin_ccvs" values (rowNum,CCV, NRO_SOLICI, DELETED)inserting data
2019-04-10 10:54:21,036 - root - ERROR - >>>>>>>>>>>>>>> issue with insert query ('The SQL contains 0 parameter markers, but 1998 parameters were supplied', 'HY000')
2019-04-10 10:54:21,044 - root - INFO - wrong query:insert into "HN1.dbo.vw_origin_ccvs" values (rowNum,CCV, NRO_SOLICI, DELETED)inserting data
2019-04-10 10:54:21,044 - root - ERROR - >>>>>>>>>>>>>>> issue with insert query ('The SQL contains 0 parameter markers, but 1998 parameters were supplied', 'HY000')
2019-04-10 10:54:21,052 - root - INFO - wrong query:insert into "HN1.dbo.vw_origin_ccvs" values (rowNum,CCV, NRO_SOLICI, DELETED)inserting data
2019-04-10 10:54:21,052 - root - ERROR - >>>>>>>>>>>>>>> issue with insert query ('The SQL contains 0 parameter markers, but 1998 parameters were supplied', 'HY000')
2019-04-10 10:54:21,060 - root - INFO - wrong query:insert into "HN1.dbo.vw_origin_ccvs" values (rowNum,CCV, NRO_SOLICI, DELETED)inserting data
2019-04-10 10:54:21,060 - root - ERROR - >>>>>>>>>>>>>>> issue with insert query ('The SQL contains 0 parameter markers, but 1998 parameters were supplied', 'HY000')
2019-04-10 10:54:21,068 - root - INFO - wrong query:insert into "HN1.dbo.vw_origin_ccvs" values (rowNum,CCV, NRO_SOLICI, DELETED)inserting data
2019-04-10 10:54:21,068 - root - ERROR - >>>>>>>>>>>>>>> issue with insert query ('The SQL contains 0 parameter markers, but 1998 parameters were supplied', 'HY000')
2019-04-10 10:54:21,077 - root - INFO - wrong query:insert into "HN1.dbo.vw_origin_ccvs" values (rowNum,CCV, NRO_SOLICI, DELETED)inserting data
2019-04-10 10:54:21,077 - root - ERROR - >>>>>>>>>>>>>>> issue with insert query ('The SQL contains 0 parameter markers, but 1998 parameters were supplied', 'HY000')
2019-04-10 10:54:21,086 - root - INFO - wrong query:insert into "HN1.dbo.vw_origin_ccvs" values (rowNum,CCV, NRO_SOLICI, DELETED)inserting data
2019-04-10 10:54:21,086 - root - ERROR - >>>>>>>>>>>>>>> issue with insert query ('The SQL contains 0 parameter markers, but 1998 parameters were supplied', 'HY000')
2019-04-10 10:54:21,095 - root - INFO - wrong query:insert into "HN1.dbo.vw_origin_ccvs" values (rowNum,CCV, NRO_SOLICI, DELETED)inserting data
2019-04-10 10:54:21,095 - root - ERROR - >>>>>>>>>>>>>>> issue with insert query ('The SQL contains 0 parameter markers, but 1998 parameters were supplied', 'HY000')
2019-04-10 10:54:21,104 - root - INFO - wrong query:insert into "HN1.dbo.vw_origin_ccvs" values (rowNum,CCV, NRO_SOLICI, DELETED)inserting data
2019-04-10 10:54:21,104 - root - ERROR - >>>>>>>>>>>>>>> issue with insert query ('The SQL contains 0 parameter markers, but 1998 parameters were supplied', 'HY000')
2019-04-10 10:54:21,112 - root - INFO - wrong query:insert into "HN1.dbo.vw_origin_ccvs" values (rowNum,CCV, NRO_SOLICI, DELETED)inserting data
2019-04-10 10:54:21,112 - root - ERROR - >>>>>>>>>>>>>>> issue with insert query ('The SQL contains 0 parameter markers, but 1998 parameters were supplied', 'HY000')
2019-04-10 10:54:21,120 - root - INFO - wrong query:insert into "HN1.dbo.vw_origin_ccvs" values (rowNum,CCV, NRO_SOLICI, DELETED)inserting data
2019-04-10 10:54:21,120 - root - ERROR - >>>>>>>>>>>>>>> issue with insert query ('The SQL contains 0 parameter markers, but 1998 parameters were supplied', 'HY000')
2019-04-10 10:54:21,128 - root - INFO - wrong query:insert into "HN1.dbo.vw_origin_ccvs" values (rowNum,CCV, NRO_SOLICI, DELETED)inserting data
2019-04-10 10:54:21,128 - root - ERROR - >>>>>>>>>>>>>>> issue with insert query ('The SQL contains 0 parameter markers, but 1998 parameters were supplied', 'HY000')
2019-04-10 10:54:21,137 - root - INFO - wrong query:insert into "HN1.dbo.vw_origin_ccvs" values (rowNum,CCV, NRO_SOLICI, DELETED)inserting data
2019-04-10 10:54:21,137 - root - ERROR - >>>>>>>>>>>>>>> issue with insert query ('The SQL contains 0 parameter markers, but 1998 parameters were supplied', 'HY000')
2019-04-10 10:54:21,145 - root - INFO - wrong query:insert into "HN1.dbo.vw_origin_ccvs" values (rowNum,CCV, NRO_SOLICI, DELETED)inserting data
2019-04-10 10:54:21,145 - root - ERROR - >>>>>>>>>>>>>>> issue with insert query ('The SQL contains 0 parameter markers, but 1998 parameters were supplied', 'HY000')
2019-04-10 10:54:21,163 - root - INFO - wrong query:insert into "HN1.dbo.vw_origin_ccvs" values (rowNum,CCV, NRO_SOLICI, DELETED)inserting data
2019-04-10 10:54:21,164 - root - ERROR - >>>>>>>>>>>>>>> issue with insert query ('The SQL contains 0 parameter markers, but 1998 parameters were supplied', 'HY000')
2019-04-10 10:54:21,177 - root - INFO - wrong query:insert into "HN1.dbo.vw_origin_ccvs" values (rowNum,CCV, NRO_SOLICI, DELETED)inserting data
2019-04-10 10:54:21,178 - root - ERROR - >>>>>>>>>>>>>>> issue with insert query ('The SQL contains 0 parameter markers, but 1998 parameters were supplied', 'HY000')
2019-04-10 10:54:21,186 - root - INFO - wrong query:insert into "HN1.dbo.vw_origin_ccvs" values (rowNum,CCV, NRO_SOLICI, DELETED)inserting data
2019-04-10 10:54:21,186 - root - ERROR - >>>>>>>>>>>>>>> issue with insert query ('The SQL contains 0 parameter markers, but 1998 parameters were supplied', 'HY000')
2019-04-10 10:54:21,195 - root - INFO - wrong query:insert into "HN1.dbo.vw_origin_ccvs" values (rowNum,CCV, NRO_SOLICI, DELETED)inserting data
2019-04-10 10:54:21,195 - root - ERROR - >>>>>>>>>>>>>>> issue with insert query ('The SQL contains 0 parameter markers, but 1998 parameters were supplied', 'HY000')
2019-04-10 10:54:21,208 - root - INFO - wrong query:insert into "HN1.dbo.vw_origin_ccvs" values (rowNum,CCV, NRO_SOLICI, DELETED)inserting data
2019-04-10 10:54:21,208 - root - ERROR - >>>>>>>>>>>>>>> issue with insert query ('The SQL contains 0 parameter markers, but 1998 parameters were supplied', 'HY000')
2019-04-10 10:54:21,217 - root - INFO - wrong query:insert into "HN1.dbo.vw_origin_ccvs" values (rowNum,CCV, NRO_SOLICI, DELETED)inserting data
2019-04-10 10:54:21,217 - root - ERROR - >>>>>>>>>>>>>>> issue with insert query ('The SQL contains 0 parameter markers, but 1998 parameters were supplied', 'HY000')
2019-04-10 10:54:21,225 - root - INFO - wrong query:insert into "HN1.dbo.vw_origin_ccvs" values (rowNum,CCV, NRO_SOLICI, DELETED)inserting data
2019-04-10 10:54:21,225 - root - ERROR - >>>>>>>>>>>>>>> issue with insert query ('The SQL contains 0 parameter markers, but 1998 parameters were supplied', 'HY000')
2019-04-10 10:54:21,234 - root - INFO - wrong query:insert into "HN1.dbo.vw_origin_ccvs" values (rowNum,CCV, NRO_SOLICI, DELETED)inserting data
2019-04-10 10:54:21,234 - root - ERROR - >>>>>>>>>>>>>>> issue with insert query ('The SQL contains 0 parameter markers, but 1998 parameters were supplied', 'HY000')
2019-04-10 10:54:21,243 - root - INFO - wrong query:insert into "HN1.dbo.vw_origin_ccvs" values (rowNum,CCV, NRO_SOLICI, DELETED)inserting data
2019-04-10 10:54:21,243 - root - ERROR - >>>>>>>>>>>>>>> issue with insert query ('The SQL contains 0 parameter markers, but 1998 parameters were supplied', 'HY000')
2019-04-10 10:54:21,252 - root - INFO - wrong query:insert into "HN1.dbo.vw_origin_ccvs" values (rowNum,CCV, NRO_SOLICI, DELETED)inserting data
2019-04-10 10:54:21,252 - root - ERROR - >>>>>>>>>>>>>>> issue with insert query ('The SQL contains 0 parameter markers, but 1998 parameters were supplied', 'HY000')
2019-04-10 10:54:21,261 - root - INFO - wrong query:insert into "HN1.dbo.vw_origin_ccvs" values (rowNum,CCV, NRO_SOLICI, DELETED)inserting data
2019-04-10 10:54:21,261 - root - ERROR - >>>>>>>>>>>>>>> issue with insert query ('The SQL contains 0 parameter markers, but 1998 parameters were supplied', 'HY000')
2019-04-10 10:54:21,270 - root - INFO - wrong query:insert into "HN1.dbo.vw_origin_ccvs" values (rowNum,CCV, NRO_SOLICI, DELETED)inserting data
2019-04-10 10:54:21,270 - root - ERROR - >>>>>>>>>>>>>>> issue with insert query ('The SQL contains 0 parameter markers, but 1998 parameters were supplied', 'HY000')
2019-04-10 10:54:21,278 - root - INFO - wrong query:insert into "HN1.dbo.vw_origin_ccvs" values (rowNum,CCV, NRO_SOLICI, DELETED)inserting data
2019-04-10 10:54:21,278 - root - ERROR - >>>>>>>>>>>>>>> issue with insert query ('The SQL contains 0 parameter markers, but 1998 parameters were supplied', 'HY000')
2019-04-10 10:54:21,287 - root - INFO - wrong query:insert into "HN1.dbo.vw_origin_ccvs" values (rowNum,CCV, NRO_SOLICI, DELETED)inserting data
2019-04-10 10:54:21,287 - root - ERROR - >>>>>>>>>>>>>>> issue with insert query ('The SQL contains 0 parameter markers, but 1998 parameters were supplied', 'HY000')
2019-04-10 10:54:21,296 - root - INFO - wrong query:insert into "HN1.dbo.vw_origin_ccvs" values (rowNum,CCV, NRO_SOLICI, DELETED)inserting data
2019-04-10 10:54:21,296 - root - ERROR - >>>>>>>>>>>>>>> issue with insert query ('The SQL contains 0 parameter markers, but 1998 parameters were supplied', 'HY000')
2019-04-10 10:54:21,305 - root - INFO - wrong query:insert into "HN1.dbo.vw_origin_ccvs" values (rowNum,CCV, NRO_SOLICI, DELETED)inserting data
2019-04-10 10:54:21,305 - root - ERROR - >>>>>>>>>>>>>>> issue with insert query ('The SQL contains 0 parameter markers, but 1998 parameters were supplied', 'HY000')
2019-04-10 10:54:21,313 - root - INFO - wrong query:insert into "HN1.dbo.vw_origin_ccvs" values (rowNum,CCV, NRO_SOLICI, DELETED)inserting data
2019-04-10 10:54:21,313 - root - ERROR - >>>>>>>>>>>>>>> issue with insert query ('The SQL contains 0 parameter markers, but 1998 parameters were supplied', 'HY000')
2019-04-10 10:54:21,322 - root - INFO - wrong query:insert into "HN1.dbo.vw_origin_ccvs" values (rowNum,CCV, NRO_SOLICI, DELETED)inserting data
2019-04-10 10:54:21,322 - root - ERROR - >>>>>>>>>>>>>>> issue with insert query ('The SQL contains 0 parameter markers, but 1998 parameters were supplied', 'HY000')
2019-04-10 10:54:21,330 - root - INFO - wrong query:insert into "HN1.dbo.vw_origin_ccvs" values (rowNum,CCV, NRO_SOLICI, DELETED)inserting data
2019-04-10 10:54:21,330 - root - ERROR - >>>>>>>>>>>>>>> issue with insert query ('The SQL contains 0 parameter markers, but 1998 parameters were supplied', 'HY000')
2019-04-10 10:54:21,338 - root - INFO - wrong query:insert into "HN1.dbo.vw_origin_ccvs" values (rowNum,CCV, NRO_SOLICI, DELETED)inserting data
2019-04-10 10:54:21,338 - root - ERROR - >>>>>>>>>>>>>>> issue with insert query ('The SQL contains 0 parameter markers, but 1998 parameters were supplied', 'HY000')
2019-04-10 10:54:21,347 - root - INFO - wrong query:insert into "HN1.dbo.vw_origin_ccvs" values (rowNum,CCV, NRO_SOLICI, DELETED)inserting data
2019-04-10 10:54:21,347 - root - ERROR - >>>>>>>>>>>>>>> issue with insert query ('The SQL contains 0 parameter markers, but 1998 parameters were supplied', 'HY000')
2019-04-10 10:54:21,361 - root - INFO - wrong query:insert into "HN1.dbo.vw_origin_ccvs" values (rowNum,CCV, NRO_SOLICI, DELETED)inserting data
2019-04-10 10:54:21,361 - root - ERROR - >>>>>>>>>>>>>>> issue with insert query ('The SQL contains 0 parameter markers, but 1998 parameters were supplied', 'HY000')
2019-04-10 10:54:21,374 - root - INFO - wrong query:insert into "HN1.dbo.vw_origin_ccvs" values (rowNum,CCV, NRO_SOLICI, DELETED)inserting data
2019-04-10 10:54:21,374 - root - ERROR - >>>>>>>>>>>>>>> issue with insert query ('The SQL contains 0 parameter markers, but 1998 parameters were supplied', 'HY000')
2019-04-10 10:54:21,383 - root - INFO - wrong query:insert into "HN1.dbo.vw_origin_ccvs" values (rowNum,CCV, NRO_SOLICI, DELETED)inserting data
2019-04-10 10:54:21,383 - root - ERROR - >>>>>>>>>>>>>>> issue with insert query ('The SQL contains 0 parameter markers, but 1998 parameters were supplied', 'HY000')
2019-04-10 10:54:21,399 - root - INFO - wrong query:insert into "HN1.dbo.vw_origin_ccvs" values (rowNum,CCV, NRO_SOLICI, DELETED)inserting data
2019-04-10 10:54:21,399 - root - ERROR - >>>>>>>>>>>>>>> issue with insert query ('The SQL contains 0 parameter markers, but 1998 parameters were supplied', 'HY000')
2019-04-10 10:54:21,408 - root - INFO - wrong query:insert into "HN1.dbo.vw_origin_ccvs" values (rowNum,CCV, NRO_SOLICI, DELETED)inserting data
2019-04-10 10:54:21,408 - root - ERROR - >>>>>>>>>>>>>>> issue with insert query ('The SQL contains 0 parameter markers, but 1998 parameters were supplied', 'HY000')
2019-04-10 10:54:21,416 - root - INFO - wrong query:insert into "HN1.dbo.vw_origin_ccvs" values (rowNum,CCV, NRO_SOLICI, DELETED)inserting data
2019-04-10 10:54:21,416 - root - ERROR - >>>>>>>>>>>>>>> issue with insert query ('The SQL contains 0 parameter markers, but 1998 parameters were supplied', 'HY000')
2019-04-10 10:54:21,425 - root - INFO - wrong query:insert into "HN1.dbo.vw_origin_ccvs" values (rowNum,CCV, NRO_SOLICI, DELETED)inserting data
2019-04-10 10:54:21,425 - root - ERROR - >>>>>>>>>>>>>>> issue with insert query ('The SQL contains 0 parameter markers, but 1998 parameters were supplied', 'HY000')
2019-04-10 10:54:21,433 - root - INFO - wrong query:insert into "HN1.dbo.vw_origin_ccvs" values (rowNum,CCV, NRO_SOLICI, DELETED)inserting data
2019-04-10 10:54:21,433 - root - ERROR - >>>>>>>>>>>>>>> issue with insert query ('The SQL contains 0 parameter markers, but 1998 parameters were supplied', 'HY000')
2019-04-10 10:54:21,441 - root - INFO - wrong query:insert into "HN1.dbo.vw_origin_ccvs" values (rowNum,CCV, NRO_SOLICI, DELETED)inserting data
2019-04-10 10:54:21,441 - root - ERROR - >>>>>>>>>>>>>>> issue with insert query ('The SQL contains 0 parameter markers, but 1998 parameters were supplied', 'HY000')
2019-04-10 10:54:21,450 - root - INFO - wrong query:insert into "HN1.dbo.vw_origin_ccvs" values (rowNum,CCV, NRO_SOLICI, DELETED)inserting data
2019-04-10 10:54:21,450 - root - ERROR - >>>>>>>>>>>>>>> issue with insert query ('The SQL contains 0 parameter markers, but 1998 parameters were supplied', 'HY000')
2019-04-10 10:54:21,459 - root - INFO - wrong query:insert into "HN1.dbo.vw_origin_ccvs" values (rowNum,CCV, NRO_SOLICI, DELETED)inserting data
2019-04-10 10:54:21,459 - root - ERROR - >>>>>>>>>>>>>>> issue with insert query ('The SQL contains 0 parameter markers, but 1998 parameters were supplied', 'HY000')
2019-04-10 10:54:21,467 - root - INFO - wrong query:insert into "HN1.dbo.vw_origin_ccvs" values (rowNum,CCV, NRO_SOLICI, DELETED)inserting data
2019-04-10 10:54:21,467 - root - ERROR - >>>>>>>>>>>>>>> issue with insert query ('The SQL contains 0 parameter markers, but 1998 parameters were supplied', 'HY000')
2019-04-10 10:54:21,481 - root - INFO - wrong query:insert into "HN1.dbo.vw_origin_ccvs" values (rowNum,CCV, NRO_SOLICI, DELETED)inserting data
2019-04-10 10:54:21,481 - root - ERROR - >>>>>>>>>>>>>>> issue with insert query ('The SQL contains 0 parameter markers, but 1998 parameters were supplied', 'HY000')
2019-04-10 10:54:21,489 - root - INFO - wrong query:insert into "HN1.dbo.vw_origin_ccvs" values (rowNum,CCV, NRO_SOLICI, DELETED)inserting data
2019-04-10 10:54:21,489 - root - ERROR - >>>>>>>>>>>>>>> issue with insert query ('The SQL contains 0 parameter markers, but 1998 parameters were supplied', 'HY000')
2019-04-10 10:54:21,498 - root - INFO - wrong query:insert into "HN1.dbo.vw_origin_ccvs" values (rowNum,CCV, NRO_SOLICI, DELETED)inserting data
2019-04-10 10:54:21,498 - root - ERROR - >>>>>>>>>>>>>>> issue with insert query ('The SQL contains 0 parameter markers, but 1998 parameters were supplied', 'HY000')
2019-04-10 10:54:21,507 - root - INFO - wrong query:insert into "HN1.dbo.vw_origin_ccvs" values (rowNum,CCV, NRO_SOLICI, DELETED)inserting data
2019-04-10 10:54:21,507 - root - ERROR - >>>>>>>>>>>>>>> issue with insert query ('The SQL contains 0 parameter markers, but 1998 parameters were supplied', 'HY000')
2019-04-10 10:54:21,516 - root - INFO - wrong query:insert into "HN1.dbo.vw_origin_ccvs" values (rowNum,CCV, NRO_SOLICI, DELETED)inserting data
2019-04-10 10:54:21,516 - root - ERROR - >>>>>>>>>>>>>>> issue with insert query ('The SQL contains 0 parameter markers, but 1998 parameters were supplied', 'HY000')
2019-04-10 10:54:21,524 - root - INFO - wrong query:insert into "HN1.dbo.vw_origin_ccvs" values (rowNum,CCV, NRO_SOLICI, DELETED)inserting data
2019-04-10 10:54:21,524 - root - ERROR - >>>>>>>>>>>>>>> issue with insert query ('The SQL contains 0 parameter markers, but 1998 parameters were supplied', 'HY000')
2019-04-10 10:54:21,533 - root - INFO - wrong query:insert into "HN1.dbo.vw_origin_ccvs" values (rowNum,CCV, NRO_SOLICI, DELETED)inserting data
2019-04-10 10:54:21,533 - root - ERROR - >>>>>>>>>>>>>>> issue with insert query ('The SQL contains 0 parameter markers, but 1998 parameters were supplied', 'HY000')
2019-04-10 10:54:21,541 - root - INFO - wrong query:insert into "HN1.dbo.vw_origin_ccvs" values (rowNum,CCV, NRO_SOLICI, DELETED)inserting data
2019-04-10 10:54:21,541 - root - ERROR - >>>>>>>>>>>>>>> issue with insert query ('The SQL contains 0 parameter markers, but 1998 parameters were supplied', 'HY000')
2019-04-10 10:54:21,550 - root - INFO - wrong query:insert into "HN1.dbo.vw_origin_ccvs" values (rowNum,CCV, NRO_SOLICI, DELETED)inserting data
2019-04-10 10:54:21,551 - root - ERROR - >>>>>>>>>>>>>>> issue with insert query ('The SQL contains 0 parameter markers, but 1998 parameters were supplied', 'HY000')
2019-04-10 10:54:21,560 - root - INFO - wrong query:insert into "HN1.dbo.vw_origin_ccvs" values (rowNum,CCV, NRO_SOLICI, DELETED)inserting data
2019-04-10 10:54:21,560 - root - ERROR - >>>>>>>>>>>>>>> issue with insert query ('The SQL contains 0 parameter markers, but 1998 parameters were supplied', 'HY000')
2019-04-10 10:54:21,569 - root - INFO - wrong query:insert into "HN1.dbo.vw_origin_ccvs" values (rowNum,CCV, NRO_SOLICI, DELETED)inserting data
2019-04-10 10:54:21,569 - root - ERROR - >>>>>>>>>>>>>>> issue with insert query ('The SQL contains 0 parameter markers, but 1998 parameters were supplied', 'HY000')
2019-04-10 10:54:21,582 - root - INFO - wrong query:insert into "HN1.dbo.vw_origin_ccvs" values (rowNum,CCV, NRO_SOLICI, DELETED)inserting data
2019-04-10 10:54:21,582 - root - ERROR - >>>>>>>>>>>>>>> issue with insert query ('The SQL contains 0 parameter markers, but 1998 parameters were supplied', 'HY000')
2019-04-10 10:54:21,596 - root - INFO - wrong query:insert into "HN1.dbo.vw_origin_ccvs" values (rowNum,CCV, NRO_SOLICI, DELETED)inserting data
2019-04-10 10:54:21,596 - root - ERROR - >>>>>>>>>>>>>>> issue with insert query ('The SQL contains 0 parameter markers, but 1998 parameters were supplied', 'HY000')
2019-04-10 10:54:21,609 - root - INFO - wrong query:insert into "HN1.dbo.vw_origin_ccvs" values (rowNum,CCV, NRO_SOLICI, DELETED)inserting data
2019-04-10 10:54:21,609 - root - ERROR - >>>>>>>>>>>>>>> issue with insert query ('The SQL contains 0 parameter markers, but 1998 parameters were supplied', 'HY000')
2019-04-10 10:54:21,623 - root - INFO - wrong query:insert into "HN1.dbo.vw_origin_ccvs" values (rowNum,CCV, NRO_SOLICI, DELETED)inserting data
2019-04-10 10:54:21,623 - root - ERROR - >>>>>>>>>>>>>>> issue with insert query ('The SQL contains 0 parameter markers, but 1998 parameters were supplied', 'HY000')
2019-04-10 10:54:21,628 - root - ERROR - >>>>>>>>>>>>>>> issue with table creation:can only concatenate str (not "tuple") to str
2019-04-10 10:54:21,628 - root - WARNING - insert finished
2019-04-10 10:54:21,628 - root - WARNING - connected to Sqlserver.
2019-04-10 10:54:21,628 - root - INFO - Processing: codigos.dbf
2019-04-10 10:54:21,629 - root - INFO - new table to create: "create table HN1.dbo.vw_origin_codigos (rowNum numeric (20), "ID_CODIGO" varchar(max), "CODIGO" varchar(max), "DESCRIPCOD" varchar(max), DELETED varchar (5))"
2019-04-10 10:54:21,632 - root - WARNING - Going to insert to table: codigos
2019-04-10 10:54:21,633 - root - ERROR - >>>>>>>>>>>>>>> issue with table creation:can only concatenate str (not "tuple") to str
2019-04-10 10:54:21,633 - root - WARNING - insert finished
2019-04-10 10:54:21,633 - root - WARNING - connected to Sqlserver.
2019-04-10 10:54:21,633 - root - INFO - Processing: eventab.dbf
2019-04-10 10:54:21,634 - root - INFO - new table to create: "create table HN1.dbo.vw_origin_eventab (rowNum numeric (20), "EVENTO" varchar(max), "DESCRIP" varchar(max), "TIPO_EVENT" varchar(max), "INFO_ADI" varchar(max), "ETI_COMENT" varchar(max), "ETI_NUMERO" varchar(max), DELETED varchar (5))"
2019-04-10 10:54:21,636 - root - WARNING - Going to insert to table: eventab
2019-04-10 10:54:21,638 - root - ERROR - >>>>>>>>>>>>>>> issue with table creation:can only concatenate str (not "tuple") to str
2019-04-10 10:54:21,638 - root - WARNING - insert finished
2019-04-10 10:54:21,638 - root - WARNING - connected to Sqlserver.
2019-04-10 10:54:21,638 - root - INFO - Processing: marca.DBF
2019-04-10 10:54:21,641 - root - INFO - new table to create: "create table HN1.dbo.vw_origin_marca (rowNum numeric (20), "NRO_SOLICI" varchar(max), "SOLICITADA" varchar(max), "TIPO_MARCA" varchar(max), "SIGNO" varchar(max), "NOM_MARCA" varchar(max), "REGISTRO" varchar(max), "REGISTRADA" varchar(max), "RENUEVA" varchar(max), "EXPIRA" varchar(max), "AGENTE" varchar(max), "STATUS" varchar(max), "STAT_DESDE" varchar(max), "PESO_RASGO" varchar(max), "LARFON" varchar(max), "PESO_R" varchar(max), "PUBLICADA" varchar(max), "DIARIO" varchar(max), "LIMITACION" varchar(max), "HORA" varchar(max), "RTOMO" varchar(max), "RFOLIO" varchar(max), "RESERVA" varchar(max), "NRO_PODER" varchar(max), "MODIFICA" varchar(max), "NRO_GACETA" varchar(max), "QUIEN" varchar(max), "CALIDAD" varchar(max), "CLASE" varchar(max), "MODIFICADO" varchar(max), "ANUALIDAD" varchar(max), "NRO_RESOL" varchar(max), "LEY" varchar(max), "CLASES_TXT" varchar(max), DELETED varchar (5))"
2019-04-10 10:54:21,643 - root - WARNING - Going to insert to table: marca
2019-04-10 10:54:22,068 - root - INFO - wrong query:insert into "HN1.dbo.vw_origin_marca" values (rowNum,NRO_SOLICI, SOLICITADA, TIPO_MARCA, SIGNO, NOM_MARCA, REGISTRO, REGISTRADA, RENUEVA, EXPIRA, AGENTE, STATUS, STAT_DESDE, PESO_RASGO, LARFON, PESO_R, PUBLICADA, DIARIO, LIMITACION, HORA, RTOMO, RFOLIO, RESERVA, NRO_PODER, MODIFICA, NRO_GACETA, QUIEN, CALIDAD, CLASE, MODIFICADO, ANUALIDAD, NRO_RESOL, LEY, CLASES_TXT, DELETED)inserting data
2019-04-10 10:54:22,068 - root - ERROR - >>>>>>>>>>>>>>> issue with insert query ('The SQL contains 0 parameter markers, but 33000 parameters were supplied', 'HY000')
2019-04-10 10:54:22,480 - root - INFO - wrong query:insert into "HN1.dbo.vw_origin_marca" values (rowNum,NRO_SOLICI, SOLICITADA, TIPO_MARCA, SIGNO, NOM_MARCA, REGISTRO, REGISTRADA, RENUEVA, EXPIRA, AGENTE, STATUS, STAT_DESDE, PESO_RASGO, LARFON, PESO_R, PUBLICADA, DIARIO, LIMITACION, HORA, RTOMO, RFOLIO, RESERVA, NRO_PODER, MODIFICA, NRO_GACETA, QUIEN, CALIDAD, CLASE, MODIFICADO, ANUALIDAD, NRO_RESOL, LEY, CLASES_TXT, DELETED)inserting data
2019-04-10 10:54:22,480 - root - ERROR - >>>>>>>>>>>>>>> issue with insert query ('The SQL contains 0 parameter markers, but 32967 parameters were supplied', 'HY000')
2019-04-10 10:54:22,895 - root - INFO - wrong query:insert into "HN1.dbo.vw_origin_marca" values (rowNum,NRO_SOLICI, SOLICITADA, TIPO_MARCA, SIGNO, NOM_MARCA, REGISTRO, REGISTRADA, RENUEVA, EXPIRA, AGENTE, STATUS, STAT_DESDE, PESO_RASGO, LARFON, PESO_R, PUBLICADA, DIARIO, LIMITACION, HORA, RTOMO, RFOLIO, RESERVA, NRO_PODER, MODIFICA, NRO_GACETA, QUIEN, CALIDAD, CLASE, MODIFICADO, ANUALIDAD, NRO_RESOL, LEY, CLASES_TXT, DELETED)inserting data
2019-04-10 10:54:22,895 - root - ERROR - >>>>>>>>>>>>>>> issue with insert query ('The SQL contains 0 parameter markers, but 32967 parameters were supplied', 'HY000')
2019-04-10 10:54:23,317 - root - INFO - wrong query:insert into "HN1.dbo.vw_origin_marca" values (rowNum,NRO_SOLICI, SOLICITADA, TIPO_MARCA, SIGNO, NOM_MARCA, REGISTRO, REGISTRADA, RENUEVA, EXPIRA, AGENTE, STATUS, STAT_DESDE, PESO_RASGO, LARFON, PESO_R, PUBLICADA, DIARIO, LIMITACION, HORA, RTOMO, RFOLIO, RESERVA, NRO_PODER, MODIFICA, NRO_GACETA, QUIEN, CALIDAD, CLASE, MODIFICADO, ANUALIDAD, NRO_RESOL, LEY, CLASES_TXT, DELETED)inserting data
2019-04-10 10:54:23,317 - root - ERROR - >>>>>>>>>>>>>>> issue with insert query ('The SQL contains 0 parameter markers, but 32967 parameters were supplied', 'HY000')
