2019-04-10 14:12:08,679 - root - WARNING - connected to Sqlserver.
2019-04-10 14:12:08,717 - root - INFO - Connections to database severed
2019-04-10 14:12:08,740 - root - INFO - database dropped
2019-04-10 14:12:08,961 - root - INFO - New Intermediate databas created
2019-04-10 14:12:08,978 - root - WARNING - connected to Sqlserver.
2019-04-10 14:12:08,978 - root - INFO - Processing: agentes.DBF
2019-04-10 14:12:08,980 - root - INFO - new table to create: "create table HN1.dbo.vw_origin_agentes (rowNum numeric (20), "AGENTE" varchar(max), "NOMBRE" varchar(max), "DIRECCION" varchar(max), "CONTACTO" varchar(max), "CALIDAD" varchar(max), DELETED varchar (5))"
2019-04-10 14:12:08,983 - root - WARNING - Going to insert to table: agentes
2019-04-10 14:12:08,983 - root - ERROR - >>>>>>>>>>>>>>> issue with table creation:can only concatenate str (not "NoneType") to str
2019-04-10 14:12:08,983 - root - WARNING - insert finished
2019-04-10 14:12:08,986 - root - WARNING - connected to Sqlserver.
2019-04-10 14:12:08,986 - root - INFO - Processing: ccvs.DBF
2019-04-10 14:12:08,987 - root - INFO - new table to create: "create table HN1.dbo.vw_origin_ccvs (rowNum numeric (20), "CCV" varchar(max), "NRO_SOLICI" varchar(max), DELETED varchar (5))"
2019-04-10 14:12:08,989 - root - WARNING - Going to insert to table: ccvs
2019-04-10 14:12:35,107 - root - WARNING - connected to Sqlserver.
2019-04-10 14:12:35,146 - root - INFO - Connections to database severed
2019-04-10 14:12:35,168 - root - INFO - database dropped
2019-04-10 14:12:35,427 - root - INFO - New Intermediate databas created
2019-04-10 14:12:35,556 - root - WARNING - connected to Sqlserver.
2019-04-10 14:12:35,556 - root - INFO - Processing: agentes.DBF
2019-04-10 14:12:35,559 - root - INFO - new table to create: "create table HN1.dbo.vw_origin_agentes (rowNum numeric (20), "AGENTE" varchar(max), "NOMBRE" varchar(max), "DIRECCION" varchar(max), "CONTACTO" varchar(max), "CALIDAD" varchar(max), DELETED varchar (5))"
2019-04-10 14:12:35,603 - root - WARNING - Going to insert to table: agentes
2019-04-10 14:12:38,683 - root - WARNING - insert finished
2019-04-10 14:12:38,685 - root - WARNING - connected to Sqlserver.
2019-04-10 14:12:38,685 - root - INFO - Processing: ccvs.DBF
2019-04-10 14:12:38,687 - root - INFO - new table to create: "create table HN1.dbo.vw_origin_ccvs (rowNum numeric (20), "CCV" varchar(max), "NRO_SOLICI" varchar(max), DELETED varchar (5))"
2019-04-10 14:12:38,688 - root - WARNING - Going to insert to table: ccvs
2019-04-10 14:12:48,895 - root - WARNING - insert finished
2019-04-10 14:12:48,896 - root - WARNING - connected to Sqlserver.
2019-04-10 14:12:48,896 - root - INFO - Processing: codigos.dbf
2019-04-10 14:12:48,897 - root - INFO - new table to create: "create table HN1.dbo.vw_origin_codigos (rowNum numeric (20), "ID_CODIGO" varchar(max), "CODIGO" varchar(max), "DESCRIPCOD" varchar(max), DELETED varchar (5))"
2019-04-10 14:12:48,898 - root - WARNING - Going to insert to table: codigos
2019-04-10 14:12:48,908 - root - WARNING - insert finished
2019-04-10 14:12:48,908 - root - WARNING - connected to Sqlserver.
2019-04-10 14:12:48,909 - root - INFO - Processing: eventab.dbf
2019-04-10 14:12:48,910 - root - INFO - new table to create: "create table HN1.dbo.vw_origin_eventab (rowNum numeric (20), "EVENTO" varchar(max), "DESCRIP" varchar(max), "TIPO_EVENT" varchar(max), "INFO_ADI" varchar(max), "ETI_COMENT" varchar(max), "ETI_NUMERO" varchar(max), DELETED varchar (5))"
2019-04-10 14:12:48,911 - root - WARNING - Going to insert to table: eventab
2019-04-10 14:12:48,939 - root - WARNING - insert finished
2019-04-10 14:12:48,939 - root - WARNING - connected to Sqlserver.
2019-04-10 14:12:48,939 - root - INFO - Processing: marca.DBF
2019-04-10 14:12:48,941 - root - INFO - new table to create: "create table HN1.dbo.vw_origin_marca (rowNum numeric (20), "NRO_SOLICI" varchar(max), "SOLICITADA" date, "TIPO_MARCA" varchar(max), "SIGNO" varchar(max), "NOM_MARCA" varchar(max), "REGISTRO" varchar(max), "REGISTRADA" date, "RENUEVA" date, "EXPIRA" date, "AGENTE" varchar(max), "STATUS" varchar(max), "STAT_DESDE" date, "PESO_RASGO" real, "LARFON" real, "PESO_R" real, "PUBLICADA" date, "DIARIO" varchar(max), "LIMITACION" varchar(max), "HORA" varchar(max), "RTOMO" real, "RFOLIO" real, "RESERVA" varchar(max), "NRO_PODER" varchar(max), "MODIFICA" varchar(max), "NRO_GACETA" real, "QUIEN" varchar(max), "CALIDAD" varchar(max), "CLASE" real, "MODIFICADO" varchar(max), "ANUALIDAD" real, "NRO_RESOL" varchar(max), "LEY" varchar(max), "CLASES_TXT" varchar(max), DELETED varchar (5))"
2019-04-10 14:12:48,944 - root - WARNING - Going to insert to table: marca
2019-04-10 14:13:10,335 - root - ERROR - records[79523]['STAT_DESDE'] == InvalidValue(b'00001228')
2019-04-10 14:13:11,170 - root - ERROR - records[82440]['REGISTRADA'] == InvalidValue(b'00001229')
2019-04-10 14:13:11,170 - root - ERROR - records[82440]['STAT_DESDE'] == InvalidValue(b'00001229')
