2019-04-10 15:00:06,394 - root - WARNING - connected to Sqlserver.
2019-04-10 15:00:09,434 - root - INFO - Connections to database severed
2019-04-10 15:00:09,500 - root - INFO - database dropped
2019-04-10 15:00:09,745 - root - INFO - New Intermediate databas created
2019-04-10 15:00:09,762 - root - WARNING - connected to Sqlserver.
2019-04-10 15:00:09,762 - root - INFO - Processing: agentes.DBF
2019-04-10 15:00:09,765 - root - INFO - new table to create: "create table HN1.dbo.vw_origin_agentes (rowNum numeric (20), "AGENTE" varchar(max), "NOMBRE" varchar(max), "DIRECCION" varchar(max), "CONTACTO" varchar(max), "CALIDAD" varchar(max), DELETED varchar (5))"
2019-04-10 15:00:09,767 - root - WARNING - Going to insert to table: agentes
2019-04-10 15:00:12,013 - root - WARNING - insert finished
2019-04-10 15:00:12,016 - root - WARNING - connected to Sqlserver.
2019-04-10 15:00:12,016 - root - INFO - Processing: ccvs.DBF
2019-04-10 15:00:12,017 - root - INFO - new table to create: "create table HN1.dbo.vw_origin_ccvs (rowNum numeric (20), "CCV" varchar(max), "NRO_SOLICI" varchar(max), DELETED varchar (5))"
2019-04-10 15:00:12,019 - root - WARNING - Going to insert to table: ccvs
2019-04-10 15:00:22,193 - root - WARNING - insert finished
2019-04-10 15:00:22,194 - root - WARNING - connected to Sqlserver.
2019-04-10 15:00:22,194 - root - INFO - Processing: codigos.dbf
2019-04-10 15:00:22,195 - root - INFO - new table to create: "create table HN1.dbo.vw_origin_codigos (rowNum numeric (20), "ID_CODIGO" varchar(max), "CODIGO" varchar(max), "DESCRIPCOD" varchar(max), DELETED varchar (5))"
2019-04-10 15:00:22,196 - root - WARNING - Going to insert to table: codigos
2019-04-10 15:00:22,205 - root - WARNING - insert finished
2019-04-10 15:00:22,205 - root - WARNING - connected to Sqlserver.
2019-04-10 15:00:22,205 - root - INFO - Processing: eventab.dbf
2019-04-10 15:00:22,206 - root - INFO - new table to create: "create table HN1.dbo.vw_origin_eventab (rowNum numeric (20), "EVENTO" varchar(max), "DESCRIP" varchar(max), "TIPO_EVENT" varchar(max), "INFO_ADI" varchar(max), "ETI_COMENT" varchar(max), "ETI_NUMERO" varchar(max), DELETED varchar (5))"
2019-04-10 15:00:22,207 - root - WARNING - Going to insert to table: eventab
2019-04-10 15:00:22,235 - root - WARNING - insert finished
2019-04-10 15:00:22,235 - root - WARNING - connected to Sqlserver.
2019-04-10 15:00:22,235 - root - INFO - Processing: marca.DBF
2019-04-10 15:00:22,237 - root - INFO - new table to create: "create table HN1.dbo.vw_origin_marca (rowNum numeric (20), "NRO_SOLICI" varchar(max), "SOLICITADA" date, "TIPO_MARCA" varchar(max), "SIGNO" varchar(max), "NOM_MARCA" varchar(max), "REGISTRO" varchar(max), "REGISTRADA" date, "RENUEVA" date, "EXPIRA" date, "AGENTE" varchar(max), "STATUS" varchar(max), "STAT_DESDE" date, "PESO_RASGO" real, "LARFON" real, "PESO_R" real, "PUBLICADA" date, "DIARIO" varchar(max), "LIMITACION" varchar(max), "HORA" varchar(max), "RTOMO" real, "RFOLIO" real, "RESERVA" varchar(max), "NRO_PODER" varchar(max), "MODIFICA" varchar(max), "NRO_GACETA" real, "QUIEN" varchar(max), "CALIDAD" varchar(max), "CLASE" real, "MODIFICADO" varchar(max), "ANUALIDAD" real, "NRO_RESOL" varchar(max), "LEY" varchar(max), "CLASES_TXT" varchar(max), DELETED varchar (5))"
2019-04-10 15:00:22,239 - root - WARNING - Going to insert to table: marca
2019-04-10 15:00:43,572 - root - INFO - records[79523]['STAT_DESDE'] == InvalidValue(b'00001228')
2019-04-10 15:00:44,340 - root - INFO - records[82440]['REGISTRADA'] == InvalidValue(b'00001229')
2019-04-10 15:00:44,341 - root - INFO - records[82440]['STAT_DESDE'] == InvalidValue(b'00001229')
2019-04-10 15:01:19,919 - root - WARNING - insert finished
2019-04-10 15:01:19,919 - root - WARNING - connected to Sqlserver.
2019-04-10 15:01:19,919 - root - INFO - Processing: migracio.dbf
2019-04-10 15:01:19,920 - root - INFO - new table to create: "create table HN1.dbo.vw_origin_migracio (rowNum numeric (20), "STATUS_INI" varchar(max), "EVENTO" varchar(max), "STATUS_FIN" varchar(max), "TRAMITE" varchar(max), DELETED varchar (5))"
2019-04-10 15:01:19,921 - root - WARNING - Going to insert to table: migracio
2019-04-10 15:01:19,946 - root - WARNING - insert finished
2019-04-10 15:01:19,947 - root - WARNING - connected to Sqlserver.
2019-04-10 15:01:19,947 - root - INFO - Processing: movimi.DBF
2019-04-10 15:01:19,949 - root - INFO - new table to create: "create table HN1.dbo.vw_origin_movimi (rowNum numeric (20), "NRO_SOLICI" varchar(max), "COMENTARIO" varchar(max), "F_EVENTO" date, "F_VENCIM" date, "F_TRANS" date, "NRO_MOV" varchar(max), "EVENTO" varchar(max), "STATUS" varchar(max), "HORA" varchar(max), "DOCUMENTO" varchar(max), "USUARIO" varchar(max), "N_ENTRADA" varchar(max), DELETED varchar (5))"
2019-04-10 15:01:19,950 - root - WARNING - Going to insert to table: movimi
2019-04-10 15:01:44,756 - root - INFO - records[121364]['F_EVENTO'] == InvalidValue(b'00001228')
2019-04-10 15:01:44,767 - root - INFO - records[121654]['F_EVENTO'] == InvalidValue(b'00001229')
2019-04-10 15:01:56,182 - root - INFO - records[178956]['F_EVENTO'] == InvalidValue(b'\x00\x00\x00\x00\x00\x00\x00\x00')
2019-04-10 15:01:56,182 - root - INFO - records[178956]['F_VENCIM'] == InvalidValue(b'\x00\x00\x00\x00\x00\x00\x00\x00')
2019-04-10 15:01:56,182 - root - INFO - records[178956]['F_TRANS'] == InvalidValue(b'\x00\x00\x00\x00\x00\x00\x00\x00')
2019-04-10 15:02:03,523 - root - INFO - records[215740]['F_EVENTO'] == InvalidValue(b'\x00\x00\x00\x00\x00\x00\x00\x00')
2019-04-10 15:02:03,523 - root - INFO - records[215740]['F_VENCIM'] == InvalidValue(b'\x00\x00\x00\x00\x00\x00\x00\x00')
2019-04-10 15:02:03,523 - root - INFO - records[215740]['F_TRANS'] == InvalidValue(b'\x00\x00\x00\x00\x00\x00\x00\x00')
2019-04-10 15:02:03,523 - root - INFO - records[215741]['F_EVENTO'] == InvalidValue(b'\x00\x00\x00\x00\x00\x00\x00\x00')
2019-04-10 15:02:03,523 - root - INFO - records[215741]['F_VENCIM'] == InvalidValue(b'\x00\x00\x00\x00\x00\x00\x00\x00')
2019-04-10 15:02:03,523 - root - INFO - records[215741]['F_TRANS'] == InvalidValue(b'\x00\x00\x00\x00\x00\x00\x00\x00')
2019-04-10 15:02:05,053 - root - INFO - records[222679]['F_EVENTO'] == InvalidValue(b'\x00\x00\x00\x00\x00\x00\x00\x00')
2019-04-10 15:02:05,053 - root - INFO - records[222679]['F_VENCIM'] == InvalidValue(b'\x00\x00\x00\x00\x00\x00\x00\x00')
2019-04-10 15:02:05,053 - root - INFO - records[222679]['F_TRANS'] == InvalidValue(b'\x00\x00\x00\x00\x00\x00\x00\x00')
2019-04-10 15:02:05,053 - root - INFO - records[222680]['F_EVENTO'] == InvalidValue(b'\x00\x00\x00\x00\x00\x00\x00\x00')
2019-04-10 15:02:05,053 - root - INFO - records[222680]['F_VENCIM'] == InvalidValue(b'\x00\x00\x00\x00\x00\x00\x00\x00')
2019-04-10 15:02:05,053 - root - INFO - records[222680]['F_TRANS'] == InvalidValue(b'\x00\x00\x00\x00\x00\x00\x00\x00')
2019-04-10 15:02:05,053 - root - INFO - records[222681]['F_EVENTO'] == InvalidValue(b'\x00\x00\x00\x00\x00\x00\x00\x00')
2019-04-10 15:02:05,053 - root - INFO - records[222681]['F_VENCIM'] == InvalidValue(b'\x00\x00\x00\x00\x00\x00\x00\x00')
2019-04-10 15:02:05,054 - root - INFO - records[222681]['F_TRANS'] == InvalidValue(b'\x00\x00\x00\x00\x00\x00\x00\x00')
