2019-04-10 09:35:00,094 - root - WARNING - connected to Sqlserver.
2019-04-10 09:35:03,099 - root - INFO - Connections to database severed
2019-04-10 09:35:03,460 - root - INFO - database dropped
2019-04-10 09:35:03,724 - root - INFO - New Intermediate databas created
2019-04-10 09:35:03,739 - root - WARNING - connected to Sqlserver.
2019-04-10 09:35:03,740 - root - INFO - Processing: agentes.DBF
2019-04-10 09:35:03,742 - root - INFO - new table to create: "create table HN1.dbo.vw_origin_agentes (rowNum numeric (20), "AGENTE" varchar(max), "NOMBRE" varchar(max), "DIRECCION" varchar(max), "CONTACTO" varchar(max), "CALIDAD" varchar(max), DELETED varchar (5))"
2019-04-10 09:35:03,744 - root - WARNING - Going to insert to table: agentes
2019-04-10 09:35:05,480 - root - WARNING - insert finished
2019-04-10 09:35:05,483 - root - WARNING - connected to Sqlserver.
2019-04-10 09:35:05,483 - root - INFO - Processing: ccvs.DBF
2019-04-10 09:35:05,484 - root - INFO - new table to create: "create table HN1.dbo.vw_origin_ccvs (rowNum numeric (20), "CCV" varchar(max), "NRO_SOLICI" varchar(max), DELETED varchar (5))"
2019-04-10 09:35:05,486 - root - WARNING - Going to insert to table: ccvs
2019-04-10 09:35:10,717 - root - WARNING - insert finished
2019-04-10 09:35:10,717 - root - WARNING - connected to Sqlserver.
2019-04-10 09:35:10,717 - root - INFO - Processing: codigos.dbf
2019-04-10 09:35:10,718 - root - INFO - new table to create: "create table HN1.dbo.vw_origin_codigos (rowNum numeric (20), "ID_CODIGO" varchar(max), "CODIGO" varchar(max), "DESCRIPCOD" varchar(max), DELETED varchar (5))"
2019-04-10 09:35:10,720 - root - WARNING - Going to insert to table: codigos
2019-04-10 09:35:10,725 - root - WARNING - insert finished
2019-04-10 09:35:10,725 - root - WARNING - connected to Sqlserver.
2019-04-10 09:35:10,725 - root - INFO - Processing: eventab.dbf
2019-04-10 09:35:10,726 - root - INFO - new table to create: "create table HN1.dbo.vw_origin_eventab (rowNum numeric (20), "EVENTO" varchar(max), "DESCRIP" varchar(max), "TIPO_EVENT" varchar(max), "INFO_ADI" varchar(max), "ETI_COMENT" varchar(max), "ETI_NUMERO" varchar(max), DELETED varchar (5))"
2019-04-10 09:35:10,727 - root - WARNING - Going to insert to table: eventab
2019-04-10 09:35:10,757 - root - WARNING - insert finished
2019-04-10 09:35:10,757 - root - WARNING - connected to Sqlserver.
2019-04-10 09:35:10,757 - root - INFO - Processing: marca.DBF
2019-04-10 09:35:10,759 - root - INFO - new table to create: "create table HN1.dbo.vw_origin_marca (rowNum numeric (20), "NRO_SOLICI" varchar(max), "SOLICITADA" varchar(max), "TIPO_MARCA" varchar(max), "SIGNO" varchar(max), "NOM_MARCA" varchar(max), "REGISTRO" varchar(max), "REGISTRADA" varchar(max), "RENUEVA" varchar(max), "EXPIRA" varchar(max), "AGENTE" varchar(max), "STATUS" varchar(max), "STAT_DESDE" varchar(max), "PESO_RASGO" varchar(max), "LARFON" varchar(max), "PESO_R" varchar(max), "PUBLICADA" varchar(max), "DIARIO" varchar(max), "LIMITACION" varchar(max), "HORA" varchar(max), "RTOMO" varchar(max), "RFOLIO" varchar(max), "RESERVA" varchar(max), "NRO_PODER" varchar(max), "MODIFICA" varchar(max), "NRO_GACETA" varchar(max), "QUIEN" varchar(max), "CALIDAD" varchar(max), "CLASE" varchar(max), "MODIFICADO" varchar(max), "ANUALIDAD" varchar(max), "NRO_RESOL" varchar(max), "LEY" varchar(max), "CLASES_TXT" varchar(max), DELETED varchar (5))"
2019-04-10 09:35:10,761 - root - WARNING - Going to insert to table: marca
