2019-04-09 14:55:24,653 - root - WARNING - connected to Sqlserver.
2019-04-09 14:55:27,699 - root - INFO - Connections to database severed
2019-04-09 14:55:28,470 - root - INFO - database dropped
2019-04-09 14:55:28,702 - root - INFO - New Intermediate databas created
2019-04-09 14:55:28,719 - root - WARNING - connected to Sqlserver.
2019-04-09 14:55:28,719 - root - INFO - Processing: agentes.DBF
2019-04-09 14:55:28,721 - root - INFO - new table to create: "create table HN1.dbo.vw_origin_agentes(rowNum numeric (20),AGENTE varchar(max),NOMBRE varchar(max),DIRECCION varchar(max),CONTACTO varchar(max),CALIDAD varchar(max),DELETED varchar (5));"
2019-04-09 14:55:28,723 - root - WARNING - Going to insert to table: agentes
2019-04-09 14:55:30,610 - root - WARNING - insert finished
2019-04-09 14:55:30,613 - root - WARNING - connected to Sqlserver.
2019-04-09 14:55:30,613 - root - INFO - Processing: ccvs.DBF
2019-04-09 14:55:30,614 - root - INFO - new table to create: "create table HN1.dbo.vw_origin_ccvs(rowNum numeric (20),CCV varchar(max),NRO_SOLICI varchar(max),DELETED varchar (5));"
2019-04-09 14:55:30,615 - root - WARNING - Going to insert to table: ccvs
2019-04-09 14:55:35,791 - root - WARNING - insert finished
2019-04-09 14:55:35,791 - root - WARNING - connected to Sqlserver.
2019-04-09 14:55:35,791 - root - INFO - Processing: codigos.dbf
2019-04-09 14:55:35,792 - root - INFO - new table to create: "create table HN1.dbo.vw_origin_codigos(rowNum numeric (20),ID_CODIGO varchar(max),CODIGO varchar(max),DESCRIPCOD varchar(max),DELETED varchar (5));"
2019-04-09 14:55:35,793 - root - WARNING - Going to insert to table: codigos
2019-04-09 14:55:35,799 - root - WARNING - insert finished
2019-04-09 14:55:35,799 - root - WARNING - connected to Sqlserver.
2019-04-09 14:55:35,799 - root - INFO - Processing: eventab.dbf
2019-04-09 14:55:35,800 - root - INFO - new table to create: "create table HN1.dbo.vw_origin_eventab(rowNum numeric (20),EVENTO varchar(max),DESCRIP varchar(max),TIPO_EVENT varchar(max),INFO_ADI varchar(max),ETI_COMENT varchar(max),ETI_NUMERO varchar(max),DELETED varchar (5));"
2019-04-09 14:55:35,801 - root - WARNING - Going to insert to table: eventab
2019-04-09 14:55:35,831 - root - WARNING - insert finished
2019-04-09 14:55:35,832 - root - WARNING - connected to Sqlserver.
2019-04-09 14:55:35,832 - root - INFO - Processing: marca.DBF
2019-04-09 14:55:35,834 - root - INFO - new table to create: "create table HN1.dbo.vw_origin_marca(rowNum numeric (20),NRO_SOLICI varchar(max),SOLICITADA varchar(max),TIPO_MARCA varchar(max),SIGNO varchar(max),NOM_MARCA varchar(max),REGISTRO varchar(max),REGISTRADA varchar(max),RENUEVA varchar(max),EXPIRA varchar(max),AGENTE varchar(max),STATUS varchar(max),STAT_DESDE varchar(max),PESO_RASGO varchar(max),LARFON varchar(max),PESO_R varchar(max),PUBLICADA varchar(max),DIARIO varchar(max),LIMITACION varchar(max),HORA varchar(max),RTOMO varchar(max),RFOLIO varchar(max),RESERVA varchar(max),NRO_PODER varchar(max),MODIFICA varchar(max),NRO_GACETA varchar(max),QUIEN varchar(max),CALIDAD varchar(max),CLASE varchar(max),MODIFICADO varchar(max),ANUALIDAD varchar(max),NRO_RESOL varchar(max),LEY varchar(max),CLASES_TXT varchar(max),DELETED varchar (5));"
2019-04-09 14:55:35,835 - root - WARNING - Going to insert to table: marca
2019-04-09 14:57:05,055 - root - ERROR - records[79523]['STAT_DESDE'] == InvalidValue(b'00001228')
2019-04-09 14:57:08,761 - root - ERROR - records[82440]['REGISTRADA'] == InvalidValue(b'00001229')
2019-04-09 14:57:08,761 - root - ERROR - records[82440]['STAT_DESDE'] == InvalidValue(b'00001229')
2019-04-09 14:59:41,022 - root - WARNING - insert finished
2019-04-09 14:59:41,025 - root - WARNING - connected to Sqlserver.
2019-04-09 14:59:41,025 - root - INFO - Processing: migracio.dbf
2019-04-09 14:59:41,026 - root - INFO - new table to create: "create table HN1.dbo.vw_origin_migracio(rowNum numeric (20),STATUS_INI varchar(max),EVENTO varchar(max),STATUS_FIN varchar(max),TRAMITE varchar(max),DELETED varchar (5));"
2019-04-09 14:59:41,028 - root - WARNING - Going to insert to table: migracio
2019-04-09 14:59:41,048 - root - WARNING - insert finished
2019-04-09 14:59:41,049 - root - WARNING - connected to Sqlserver.
2019-04-09 14:59:41,049 - root - INFO - Processing: movimi.DBF
2019-04-09 14:59:41,051 - root - INFO - new table to create: "create table HN1.dbo.vw_origin_movimi(rowNum numeric (20),NRO_SOLICI varchar(max),COMENTARIO varchar(max),F_EVENTO varchar(max),F_VENCIM varchar(max),F_TRANS varchar(max),NRO_MOV varchar(max),EVENTO varchar(max),STATUS varchar(max),HORA varchar(max),DOCUMENTO varchar(max),USUARIO varchar(max),N_ENTRADA varchar(max),DELETED varchar (5));"
2019-04-09 14:59:41,052 - root - WARNING - Going to insert to table: movimi
2019-04-09 15:00:23,264 - root - ERROR - records[121364]['F_EVENTO'] == InvalidValue(b'00001228')
2019-04-09 15:00:23,275 - root - ERROR - records[121654]['F_EVENTO'] == InvalidValue(b'00001229')
2019-04-09 15:00:43,344 - root - ERROR - records[178956]['F_EVENTO'] == InvalidValue(b'\x00\x00\x00\x00\x00\x00\x00\x00')
2019-04-09 15:00:43,344 - root - ERROR - records[178956]['F_VENCIM'] == InvalidValue(b'\x00\x00\x00\x00\x00\x00\x00\x00')
2019-04-09 15:00:43,344 - root - ERROR - records[178956]['F_TRANS'] == InvalidValue(b'\x00\x00\x00\x00\x00\x00\x00\x00')
2019-04-09 15:00:55,644 - root - ERROR - records[215740]['F_EVENTO'] == InvalidValue(b'\x00\x00\x00\x00\x00\x00\x00\x00')
2019-04-09 15:00:55,645 - root - ERROR - records[215740]['F_VENCIM'] == InvalidValue(b'\x00\x00\x00\x00\x00\x00\x00\x00')
2019-04-09 15:00:55,645 - root - ERROR - records[215740]['F_TRANS'] == InvalidValue(b'\x00\x00\x00\x00\x00\x00\x00\x00')
2019-04-09 15:00:55,645 - root - ERROR - records[215741]['F_EVENTO'] == InvalidValue(b'\x00\x00\x00\x00\x00\x00\x00\x00')
2019-04-09 15:00:55,645 - root - ERROR - records[215741]['F_VENCIM'] == InvalidValue(b'\x00\x00\x00\x00\x00\x00\x00\x00')
2019-04-09 15:00:55,645 - root - ERROR - records[215741]['F_TRANS'] == InvalidValue(b'\x00\x00\x00\x00\x00\x00\x00\x00')
2019-04-09 15:00:58,020 - root - ERROR - records[222679]['F_EVENTO'] == InvalidValue(b'\x00\x00\x00\x00\x00\x00\x00\x00')
2019-04-09 15:00:58,020 - root - ERROR - records[222679]['F_VENCIM'] == InvalidValue(b'\x00\x00\x00\x00\x00\x00\x00\x00')
2019-04-09 15:00:58,020 - root - ERROR - records[222679]['F_TRANS'] == InvalidValue(b'\x00\x00\x00\x00\x00\x00\x00\x00')
2019-04-09 15:00:58,020 - root - ERROR - records[222680]['F_EVENTO'] == InvalidValue(b'\x00\x00\x00\x00\x00\x00\x00\x00')
2019-04-09 15:00:58,020 - root - ERROR - records[222680]['F_VENCIM'] == InvalidValue(b'\x00\x00\x00\x00\x00\x00\x00\x00')
2019-04-09 15:00:58,021 - root - ERROR - records[222680]['F_TRANS'] == InvalidValue(b'\x00\x00\x00\x00\x00\x00\x00\x00')
2019-04-09 15:00:58,021 - root - ERROR - records[222681]['F_EVENTO'] == InvalidValue(b'\x00\x00\x00\x00\x00\x00\x00\x00')
2019-04-09 15:00:58,021 - root - ERROR - records[222681]['F_VENCIM'] == InvalidValue(b'\x00\x00\x00\x00\x00\x00\x00\x00')
2019-04-09 15:00:58,021 - root - ERROR - records[222681]['F_TRANS'] == InvalidValue(b'\x00\x00\x00\x00\x00\x00\x00\x00')
2019-04-09 15:15:33,210 - root - ERROR - records[98312]['F_EVENTO'] == InvalidValue(b'\x00\x00\x00\x00\x00\x00\x00\x00')
2019-04-09 15:15:33,210 - root - ERROR - records[98312]['F_VENCIM'] == InvalidValue(b'\x00\x00\x00\x00\x00\x00\x00\x00')
2019-04-09 15:15:33,210 - root - ERROR - records[98312]['F_TRANS'] == InvalidValue(b'\x00\x00\x00\x00\x00\x00\x00\x00')
2019-04-09 15:15:33,210 - root - ERROR - records[98313]['F_EVENTO'] == InvalidValue(b'\x00\x00\x00\x00\x00\x00\x00\x00')
2019-04-09 15:15:33,210 - root - ERROR - records[98313]['F_VENCIM'] == InvalidValue(b'\x00\x00\x00\x00\x00\x00\x00\x00')
2019-04-09 15:15:33,211 - root - ERROR - records[98313]['F_TRANS'] == InvalidValue(b'\x00\x00\x00\x00\x00\x00\x00\x00')
2019-04-09 15:15:42,501 - root - WARNING - insert finished
2019-04-09 15:15:42,504 - root - WARNING - connected to Sqlserver.
2019-04-09 15:15:42,504 - root - INFO - Processing: nuenoms.DBF
2019-04-09 15:15:42,505 - root - INFO - new table to create: "create table HN1.dbo.vw_origin_nuenoms(rowNum numeric (20),NUM_SERIE varchar(max),TITULAR varchar(max),DELETED varchar (5));"
2019-04-09 15:15:42,507 - root - WARNING - Going to insert to table: nuenoms
2019-04-09 15:15:47,515 - root - WARNING - insert finished
2019-04-09 15:15:47,515 - root - WARNING - connected to Sqlserver.
2019-04-09 15:15:47,516 - root - INFO - Processing: orinoms.DBF
2019-04-09 15:15:47,517 - root - INFO - new table to create: "create table HN1.dbo.vw_origin_orinoms(rowNum numeric (20),NUM_SERIE varchar(max),TITULAR varchar(max),DELETED varchar (5));"
2019-04-09 15:15:47,518 - root - WARNING - Going to insert to table: orinoms
2019-04-09 15:15:59,442 - root - WARNING - insert finished
2019-04-09 15:15:59,442 - root - WARNING - connected to Sqlserver.
2019-04-09 15:15:59,443 - root - INFO - Processing: peticion.DBF
2019-04-09 15:15:59,445 - root - INFO - new table to create: "create table HN1.dbo.vw_origin_peticion(rowNum numeric (20),NUM_SERIE varchar(max),SOLICITADA varchar(max),HORA varchar(max),TIPO_PETI varchar(max),STATUS_RES varchar(max),STAT_DESDE varchar(max),AGENTE varchar(max),CALIDAD varchar(max),QUIEN varchar(max),CUAL varchar(max),NRO_RESOL varchar(max),OBSERVACIO varchar(max),LEY varchar(max),CAMBREP varchar(max),DELETED varchar (5));"
2019-04-09 15:15:59,446 - root - WARNING - Going to insert to table: peticion
2019-04-09 15:17:30,929 - root - WARNING - insert finished
2019-04-09 15:17:30,932 - root - WARNING - connected to Sqlserver.
2019-04-09 15:17:30,932 - root - INFO - Processing: petireg.DBF
2019-04-09 15:17:30,933 - root - INFO - new table to create: "create table HN1.dbo.vw_origin_petireg(rowNum numeric (20),NRO_SOLICI varchar(max),NUM_SERIE varchar(max),DELETED varchar (5));"
2019-04-09 15:17:30,934 - root - WARNING - Going to insert to table: petireg
2019-04-09 15:17:47,239 - root - WARNING - insert finished
2019-04-09 15:17:47,240 - root - WARNING - connected to Sqlserver.
2019-04-09 15:17:47,240 - root - INFO - Processing: PODER.DBF
2019-04-09 15:17:47,241 - root - INFO - new table to create: "create table HN1.dbo.vw_origin_PODER(rowNum numeric (20),TITULAR1 varchar(max),TITULAR2 varchar(max),TITULAR3 varchar(max),APODERADO1 varchar(max),APODERADO2 varchar(max),APODERADO3 varchar(max),APODERADO4 varchar(max),APODERADO5 varchar(max),DOMICILIO1 varchar(max),DOMICILIO2 varchar(max),DOMICILIO3 varchar(max),TIPOPODER1 varchar(max),TIPOPODER2 varchar(max),TIPOPODER3 varchar(max),MARCA varchar(max),CLASES varchar(max),NRO_SOLIC1 varchar(max),NRO_SOLIC2 varchar(max),REGISTRO varchar(max),ASIENTO varchar(max),DELETED varchar (5));"
2019-04-09 15:17:47,243 - root - WARNING - Going to insert to table: PODER
2019-04-09 15:17:49,397 - root - WARNING - insert finished
2019-04-09 15:17:49,397 - root - WARNING - connected to Sqlserver.
2019-04-09 15:17:49,397 - root - INFO - Processing: poderes.dbf
2019-04-09 15:17:49,399 - root - INFO - new table to create: "create table HN1.dbo.vw_origin_poderes(rowNum numeric (20),NUM_PODER varchar(max),NOMBRE varchar(max),DOMICILIO varchar(max),APODERADOS varchar(max),TIPO_REF varchar(max),REFERENCIA varchar(max),DENOMINA varchar(max),TIPO_PODER varchar(max),DELETED varchar (5));"
2019-04-09 15:17:49,400 - root - WARNING - Going to insert to table: poderes
2019-04-09 15:17:49,403 - root - WARNING - insert finished
2019-04-09 15:17:49,403 - root - WARNING - connected to Sqlserver.
2019-04-09 15:17:49,403 - root - INFO - Processing: PRIORIDA.DBF
2019-04-09 15:17:49,404 - root - INFO - new table to create: "create table HN1.dbo.vw_origin_PRIORIDA(rowNum numeric (20),NRO_SOLICI varchar(max),FECHA varchar(max),NUMERO varchar(max),PAIS varchar(max),TIPO varchar(max),DELETED varchar (5));"
2019-04-09 15:17:49,405 - root - WARNING - Going to insert to table: PRIORIDA
2019-04-09 15:17:50,764 - root - WARNING - insert finished
2019-04-09 15:17:50,765 - root - WARNING - connected to Sqlserver.
2019-04-09 15:17:50,765 - root - INFO - Processing: producto.DBF
2019-04-09 15:17:50,767 - root - INFO - new table to create: "create table HN1.dbo.vw_origin_producto(rowNum numeric (20),NRO_SOLICI varchar(max),CLASE varchar(max),PROD_SERV varchar(max),CL_TYPE varchar(max),DELETED varchar (5));"
2019-04-09 15:17:50,768 - root - WARNING - Going to insert to table: producto
2019-04-09 15:18:28,502 - root - WARNING - insert finished
2019-04-09 15:18:28,502 - root - WARNING - connected to Sqlserver.
2019-04-09 15:18:28,502 - root - INFO - Processing: status.DBF
2019-04-09 15:18:28,504 - root - INFO - new table to create: "create table HN1.dbo.vw_origin_status(rowNum numeric (20),STATUS varchar(max),DESC_STAT varchar(max),PLAZO varchar(max),TIPO_PLAZO varchar(max),NOTIFIC varchar(max),TRAMITE varchar(max),DELETED varchar (5));"
2019-04-09 15:18:28,505 - root - WARNING - Going to insert to table: status
2019-04-09 15:18:28,515 - root - WARNING - insert finished
2019-04-09 15:18:28,515 - root - WARNING - connected to Sqlserver.
2019-04-09 15:18:28,515 - root - INFO - Processing: titular.DBF
2019-04-09 15:18:28,516 - root - INFO - new table to create: "create table HN1.dbo.vw_origin_titular(rowNum numeric (20),TITULAR varchar(max),NOMBRE varchar(max),DIRECCION varchar(max),PAIS varchar(max),LUGAR varchar(max),BANDERA varchar(max),DELETED varchar (5));"
2019-04-09 15:18:28,518 - root - WARNING - Going to insert to table: titular
2019-04-09 15:18:54,774 - root - WARNING - insert finished
2019-04-09 15:18:54,774 - root - WARNING - connected to Sqlserver.
2019-04-09 15:18:54,774 - root - INFO - Processing: titumar.DBF
2019-04-09 15:18:54,776 - root - INFO - new table to create: "create table HN1.dbo.vw_origin_titumar(rowNum numeric (20),NRO_SOLICI varchar(max),TITULAR varchar(max),DELETED varchar (5));"
2019-04-09 15:18:54,777 - root - WARNING - Going to insert to table: titumar
2019-04-09 15:19:15,469 - root - WARNING - insert finished
2019-04-09 15:19:15,469 - root - WARNING - connected to Sqlserver.
2019-04-09 15:19:15,469 - root - INFO - Processing: users.DBF
2019-04-09 15:19:15,471 - root - INFO - new table to create: "create table HN1.dbo.vw_origin_users(rowNum numeric (20),CODE_USER varchar(max),NAME varchar(max),CAPACITY varchar(max),PASSW varchar(max),POST varchar(max),DELETED varchar (5));"
2019-04-09 15:19:15,472 - root - WARNING - Going to insert to table: users
2019-04-09 15:19:15,503 - root - WARNING - insert finished
