2019-04-12 17:17:02,313 - root - WARNING - connected to Sqlserver.
2019-04-12 17:17:02,316 - root - INFO - Connections to database severed
2019-04-12 17:17:02,368 - root - INFO - database dropped
2019-04-12 17:17:02,369 - root - INFO - user ready
2019-04-12 17:17:02,370 - root - INFO - access granted
2019-04-12 17:17:02,371 - root - INFO - access granted
2019-04-12 17:17:02,372 - root - INFO - password changed
2019-04-12 17:17:03,097 - root - INFO - <_io.TextIOWrapper name='<stderr>' mode='w' encoding='UTF-8'>Child returned, 0
2019-04-12 17:17:03,111 - root - WARNING - connected to Sqlserver.
2019-04-12 17:17:03,141 - root - INFO - repository synced
2019-04-12 17:17:03,146 - root - INFO - repository synced
2019-04-12 17:17:03,150 - root - WARNING - connected to Sqlserver.
2019-04-12 17:17:03,263 - root - INFO - changing database to intermed
2019-04-12 17:17:03,268 - root - WARNING - connected to Sqlserver.
2019-04-12 17:17:04,183 - root - INFO - access granted
2019-04-12 17:17:04,184 - root - INFO - access granted
2019-04-12 17:17:06,494 - root - WARNING - Running initial updates to intermed.
2019-04-12 17:17:06,494 - root - INFO - changing database to intermed
2019-04-12 17:17:07,973 - root - INFO - changing database to ipas
2019-04-12 17:17:07,977 - root - WARNING - connected to Sqlserver.
2019-04-12 17:17:07,977 - root - WARNING - Creating store procedures and wrk tables.
2019-04-12 17:17:08,133 - root - INFO - cleanning manual validation tables
2019-04-12 17:17:08,133 - root - INFO - creating store procedure0-ImportSetPersonNbr
2019-04-12 17:17:08,212 - root - INFO - <_io.TextIOWrapper name='<stderr>' mode='w' encoding='UTF-8'>Child returned, 0
2019-04-12 17:17:08,212 - root - INFO - creating store procedure1-MarkDateValidationPROC
2019-04-12 17:17:08,281 - root - INFO - <_io.TextIOWrapper name='<stderr>' mode='w' encoding='UTF-8'>Child returned, 0
2019-04-12 17:17:08,281 - root - INFO - creating store procedure10-ImportAgentProcessAll
2019-04-12 17:17:08,349 - root - INFO - <_io.TextIOWrapper name='<stderr>' mode='w' encoding='UTF-8'>Child returned, 0
2019-04-12 17:17:08,349 - root - INFO - creating store procedure11-ImportMarkProcess
2019-04-12 17:17:08,439 - root - INFO - <_io.TextIOWrapper name='<stderr>' mode='w' encoding='UTF-8'>Child returned, 0
2019-04-12 17:17:08,440 - root - INFO - creating store procedure12-userdocImport-1
2019-04-12 17:17:08,525 - root - INFO - <_io.TextIOWrapper name='<stderr>' mode='w' encoding='UTF-8'>Child returned, 0
2019-04-12 17:17:08,525 - root - INFO - creating store procedure13-userdocImport-2
2019-04-12 17:17:08,609 - root - INFO - <_io.TextIOWrapper name='<stderr>' mode='w' encoding='UTF-8'>Child returned, 0
2019-04-12 17:17:08,609 - root - INFO - creating store procedure2-PatentDateValidationPROC
2019-04-12 17:17:08,681 - root - INFO - <_io.TextIOWrapper name='<stderr>' mode='w' encoding='UTF-8'>Child returned, 0
2019-04-12 17:17:08,682 - root - INFO - creating store procedure3-UserDocDateValidationPROC
2019-04-12 17:17:08,749 - root - INFO - <_io.TextIOWrapper name='<stderr>' mode='w' encoding='UTF-8'>Child returned, 0
2019-04-12 17:17:08,749 - root - INFO - creating store procedure4-CallToDateValidationPROC
2019-04-12 17:17:08,816 - root - INFO - <_io.TextIOWrapper name='<stderr>' mode='w' encoding='UTF-8'>Child returned, 0
2019-04-12 17:17:08,816 - root - INFO - creating store procedure5-ImportAgentValidate
2019-04-12 17:17:08,890 - root - INFO - <_io.TextIOWrapper name='<stderr>' mode='w' encoding='UTF-8'>Child returned, 0
2019-04-12 17:17:08,891 - root - INFO - creating store procedure6-ImportMarkValidate
2019-04-12 17:17:09,002 - root - INFO - <_io.TextIOWrapper name='<stderr>' mode='w' encoding='UTF-8'>Child returned, 0
2019-04-12 17:17:09,003 - root - INFO - creating store procedure8-ImportUserdocValidate
2019-04-12 17:17:09,103 - root - INFO - <_io.TextIOWrapper name='<stderr>' mode='w' encoding='UTF-8'>Child returned, 0
2019-04-12 17:17:09,104 - root - INFO - creating store procedure9-ImportWorkTablesCreate
2019-04-12 17:17:09,498 - root - INFO - <_io.TextIOWrapper name='<stderr>' mode='w' encoding='UTF-8'>Child returned, 0
2019-04-12 17:17:09,498 - root - WARNING - Running validation and migration.
2019-04-12 17:17:09,624 - root - WARNING - Migrating agents.
2019-04-12 17:17:14,813 - root - WARNING - Validation TM .
