2019-04-10 14:04:49,137 - root - WARNING - connected to Sqlserver.
2019-04-10 14:04:52,180 - root - INFO - Connections to database severed
2019-04-10 14:04:52,224 - root - INFO - database dropped
2019-04-10 14:04:52,485 - root - INFO - New Intermediate databas created
2019-04-10 14:04:52,501 - root - WARNING - connected to Sqlserver.
2019-04-10 14:04:52,501 - root - INFO - Processing: agentes.DBF
2019-04-10 14:04:52,503 - root - INFO - new table to create: "create table HN1.dbo.vw_origin_agentes (rowNum numeric (20), "AGENTE" varchar(max), "NOMBRE" varchar(max), "DIRECCION" varchar(max), "CONTACTO" varchar(max), "CALIDAD" varchar(max), DELETED varchar (5))"
2019-04-10 14:04:52,506 - root - WARNING - Going to insert to table: agentes
2019-04-10 14:04:54,543 - root - WARNING - insert finished
2019-04-10 14:04:54,545 - root - WARNING - connected to Sqlserver.
2019-04-10 14:04:54,545 - root - INFO - Processing: ccvs.DBF
2019-04-10 14:04:54,547 - root - INFO - new table to create: "create table HN1.dbo.vw_origin_ccvs (rowNum numeric (20), "CCV" varchar(max), "NRO_SOLICI" varchar(max), DELETED varchar (5))"
2019-04-10 14:04:54,548 - root - WARNING - Going to insert to table: ccvs
2019-04-10 14:05:04,793 - root - WARNING - insert finished
2019-04-10 14:05:04,794 - root - WARNING - connected to Sqlserver.
2019-04-10 14:05:04,794 - root - INFO - Processing: codigos.dbf
2019-04-10 14:05:04,795 - root - INFO - new table to create: "create table HN1.dbo.vw_origin_codigos (rowNum numeric (20), "ID_CODIGO" varchar(max), "CODIGO" varchar(max), "DESCRIPCOD" varchar(max), DELETED varchar (5))"
2019-04-10 14:05:04,796 - root - WARNING - Going to insert to table: codigos
2019-04-10 14:05:04,804 - root - WARNING - insert finished
2019-04-10 14:05:04,804 - root - WARNING - connected to Sqlserver.
2019-04-10 14:05:04,804 - root - INFO - Processing: eventab.dbf
2019-04-10 14:05:04,806 - root - INFO - new table to create: "create table HN1.dbo.vw_origin_eventab (rowNum numeric (20), "EVENTO" varchar(max), "DESCRIP" varchar(max), "TIPO_EVENT" varchar(max), "INFO_ADI" varchar(max), "ETI_COMENT" varchar(max), "ETI_NUMERO" varchar(max), DELETED varchar (5))"
2019-04-10 14:05:04,807 - root - WARNING - Going to insert to table: eventab
2019-04-10 14:05:04,834 - root - WARNING - insert finished
2019-04-10 14:05:04,834 - root - WARNING - connected to Sqlserver.
2019-04-10 14:05:04,834 - root - INFO - Processing: marca.DBF
2019-04-10 14:05:04,837 - root - INFO - new table to create: "create table HN1.dbo.vw_origin_marca (rowNum numeric (20), "NRO_SOLICI" varchar(max), "SOLICITADA" date, "TIPO_MARCA" varchar(max), "SIGNO" varchar(max), "NOM_MARCA" varchar(max), "REGISTRO" varchar(max), "REGISTRADA" date, "RENUEVA" date, "EXPIRA" date, "AGENTE" varchar(max), "STATUS" varchar(max), "STAT_DESDE" date, "PESO_RASGO" real, "LARFON" real, "PESO_R" real, "PUBLICADA" date, "DIARIO" varchar(max), "LIMITACION" varchar(max), "HORA" varchar(max), "RTOMO" real, "RFOLIO" real, "RESERVA" varchar(max), "NRO_PODER" varchar(max), "MODIFICA" varchar(max), "NRO_GACETA" real, "QUIEN" varchar(max), "CALIDAD" varchar(max), "CLASE" real, "MODIFICADO" varchar(max), "ANUALIDAD" real, "NRO_RESOL" varchar(max), "LEY" varchar(max), "CLASES_TXT" varchar(max), DELETED varchar (5))"
2019-04-10 14:05:04,838 - root - WARNING - Going to insert to table: marca
2019-04-10 14:05:25,451 - root - ERROR - records[79523]['STAT_DESDE'] == InvalidValue(b'00001228')
2019-04-10 14:05:26,199 - root - ERROR - records[82440]['REGISTRADA'] == InvalidValue(b'00001229')
2019-04-10 14:05:26,199 - root - ERROR - records[82440]['STAT_DESDE'] == InvalidValue(b'00001229')
2019-04-10 14:05:59,706 - root - WARNING - insert finished
2019-04-10 14:05:59,706 - root - WARNING - connected to Sqlserver.
2019-04-10 14:05:59,706 - root - INFO - Processing: migracio.dbf
2019-04-10 14:05:59,708 - root - INFO - new table to create: "create table HN1.dbo.vw_origin_migracio (rowNum numeric (20), "STATUS_INI" varchar(max), "EVENTO" varchar(max), "STATUS_FIN" varchar(max), "TRAMITE" varchar(max), DELETED varchar (5))"
2019-04-10 14:05:59,709 - root - WARNING - Going to insert to table: migracio
2019-04-10 14:05:59,734 - root - WARNING - insert finished
2019-04-10 14:05:59,735 - root - WARNING - connected to Sqlserver.
2019-04-10 14:05:59,735 - root - INFO - Processing: movimi.DBF
2019-04-10 14:05:59,737 - root - INFO - new table to create: "create table HN1.dbo.vw_origin_movimi (rowNum numeric (20), "NRO_SOLICI" varchar(max), "COMENTARIO" varchar(max), "F_EVENTO" date, "F_VENCIM" date, "F_TRANS" date, "NRO_MOV" varchar(max), "EVENTO" varchar(max), "STATUS" varchar(max), "HORA" varchar(max), "DOCUMENTO" varchar(max), "USUARIO" varchar(max), "N_ENTRADA" varchar(max), DELETED varchar (5))"
2019-04-10 14:05:59,738 - root - WARNING - Going to insert to table: movimi
