2019-04-10 14:13:47,206 - root - WARNING - connected to Sqlserver.
2019-04-10 14:13:50,245 - root - INFO - Connections to database severed
2019-04-10 14:13:50,266 - root - INFO - database dropped
2019-04-10 14:13:50,504 - root - INFO - New Intermediate databas created
2019-04-10 14:13:50,520 - root - WARNING - connected to Sqlserver.
2019-04-10 14:13:50,521 - root - INFO - Processing: agentes.DBF
2019-04-10 14:13:50,523 - root - INFO - new table to create: "create table HN1.dbo.vw_origin_agentes (rowNum numeric (20), "AGENTE" varchar(max), "NOMBRE" varchar(max), "DIRECCION" varchar(max), "CONTACTO" varchar(max), "CALIDAD" varchar(max), DELETED varchar (5))"
2019-04-10 14:13:50,525 - root - WARNING - Going to insert to table: agentes
2019-04-10 14:13:52,603 - root - WARNING - insert finished
2019-04-10 14:13:52,606 - root - WARNING - connected to Sqlserver.
2019-04-10 14:13:52,606 - root - INFO - Processing: ccvs.DBF
2019-04-10 14:13:52,607 - root - INFO - new table to create: "create table HN1.dbo.vw_origin_ccvs (rowNum numeric (20), "CCV" varchar(max), "NRO_SOLICI" varchar(max), DELETED varchar (5))"
2019-04-10 14:13:52,608 - root - WARNING - Going to insert to table: ccvs
2019-04-10 14:14:02,984 - root - WARNING - insert finished
2019-04-10 14:14:02,984 - root - WARNING - connected to Sqlserver.
2019-04-10 14:14:02,985 - root - INFO - Processing: codigos.dbf
2019-04-10 14:14:02,986 - root - INFO - new table to create: "create table HN1.dbo.vw_origin_codigos (rowNum numeric (20), "ID_CODIGO" varchar(max), "CODIGO" varchar(max), "DESCRIPCOD" varchar(max), DELETED varchar (5))"
2019-04-10 14:14:02,987 - root - WARNING - Going to insert to table: codigos
2019-04-10 14:14:02,996 - root - WARNING - insert finished
2019-04-10 14:14:02,996 - root - WARNING - connected to Sqlserver.
2019-04-10 14:14:02,996 - root - INFO - Processing: eventab.dbf
2019-04-10 14:14:02,997 - root - INFO - new table to create: "create table HN1.dbo.vw_origin_eventab (rowNum numeric (20), "EVENTO" varchar(max), "DESCRIP" varchar(max), "TIPO_EVENT" varchar(max), "INFO_ADI" varchar(max), "ETI_COMENT" varchar(max), "ETI_NUMERO" varchar(max), DELETED varchar (5))"
2019-04-10 14:14:02,998 - root - WARNING - Going to insert to table: eventab
2019-04-10 14:14:03,027 - root - WARNING - insert finished
2019-04-10 14:14:03,027 - root - WARNING - connected to Sqlserver.
2019-04-10 14:14:03,027 - root - INFO - Processing: marca.DBF
2019-04-10 14:14:03,029 - root - INFO - new table to create: "create table HN1.dbo.vw_origin_marca (rowNum numeric (20), "NRO_SOLICI" varchar(max), "SOLICITADA" date, "TIPO_MARCA" varchar(max), "SIGNO" varchar(max), "NOM_MARCA" varchar(max), "REGISTRO" varchar(max), "REGISTRADA" date, "RENUEVA" date, "EXPIRA" date, "AGENTE" varchar(max), "STATUS" varchar(max), "STAT_DESDE" date, "PESO_RASGO" real, "LARFON" real, "PESO_R" real, "PUBLICADA" date, "DIARIO" varchar(max), "LIMITACION" varchar(max), "HORA" varchar(max), "RTOMO" real, "RFOLIO" real, "RESERVA" varchar(max), "NRO_PODER" varchar(max), "MODIFICA" varchar(max), "NRO_GACETA" real, "QUIEN" varchar(max), "CALIDAD" varchar(max), "CLASE" real, "MODIFICADO" varchar(max), "ANUALIDAD" real, "NRO_RESOL" varchar(max), "LEY" varchar(max), "CLASES_TXT" varchar(max), DELETED varchar (5))"
2019-04-10 14:14:03,031 - root - WARNING - Going to insert to table: marca
2019-04-10 14:14:24,323 - root - ERROR - records[79523]['STAT_DESDE'] == InvalidValue(b'00001228')
2019-04-10 14:14:25,165 - root - ERROR - records[82440]['REGISTRADA'] == InvalidValue(b'00001229')
2019-04-10 14:14:25,165 - root - ERROR - records[82440]['STAT_DESDE'] == InvalidValue(b'00001229')
