2019-04-10 15:52:13,689 - root - WARNING - connected to Sqlserver.
2019-04-10 15:52:13,694 - root - INFO - Connections to database severed
2019-04-10 15:52:13,715 - root - INFO - database dropped
2019-04-10 15:52:13,960 - root - INFO - New Intermediate databas created
2019-04-10 15:52:13,976 - root - WARNING - connected to Sqlserver.
2019-04-10 15:52:13,977 - root - INFO - Processing: agentes.DBF
2019-04-10 15:52:13,979 - root - INFO - new table to create: "create table HN1.dbo.vw_origin_agentes (rowNum numeric (20), "AGENTE" varchar(max), "NOMBRE" varchar(max), "DIRECCION" varchar(max), "CONTACTO" varchar(max), "CALIDAD" varchar(max), DELETED varchar (5))"
2019-04-10 15:52:13,981 - root - WARNING - Going to insert to table: agentes
2019-04-10 15:52:16,042 - root - WARNING - insert finished
2019-04-10 15:52:16,045 - root - WARNING - connected to Sqlserver.
2019-04-10 15:52:16,045 - root - INFO - Processing: ccvs.DBF
2019-04-10 15:52:16,046 - root - INFO - new table to create: "create table HN1.dbo.vw_origin_ccvs (rowNum numeric (20), "CCV" varchar(max), "NRO_SOLICI" varchar(max), DELETED varchar (5))"
2019-04-10 15:52:16,047 - root - WARNING - Going to insert to table: ccvs
2019-04-10 15:52:26,270 - root - WARNING - insert finished
2019-04-10 15:52:26,270 - root - WARNING - connected to Sqlserver.
2019-04-10 15:52:26,270 - root - INFO - Processing: codigos.dbf
2019-04-10 15:52:26,271 - root - INFO - new table to create: "create table HN1.dbo.vw_origin_codigos (rowNum numeric (20), "ID_CODIGO" varchar(max), "CODIGO" varchar(max), "DESCRIPCOD" varchar(max), DELETED varchar (5))"
2019-04-10 15:52:26,273 - root - WARNING - Going to insert to table: codigos
2019-04-10 15:52:26,282 - root - WARNING - insert finished
2019-04-10 15:52:26,282 - root - WARNING - connected to Sqlserver.
2019-04-10 15:52:26,283 - root - INFO - Processing: eventab.dbf
2019-04-10 15:52:26,284 - root - INFO - new table to create: "create table HN1.dbo.vw_origin_eventab (rowNum numeric (20), "EVENTO" varchar(max), "DESCRIP" varchar(max), "TIPO_EVENT" varchar(max), "INFO_ADI" varchar(max), "ETI_COMENT" varchar(max), "ETI_NUMERO" varchar(max), DELETED varchar (5))"
2019-04-10 15:52:26,285 - root - WARNING - Going to insert to table: eventab
2019-04-10 15:52:26,312 - root - WARNING - insert finished
2019-04-10 15:52:26,312 - root - WARNING - connected to Sqlserver.
2019-04-10 15:52:26,312 - root - INFO - Processing: marca.DBF
2019-04-10 15:52:26,314 - root - INFO - new table to create: "create table HN1.dbo.vw_origin_marca (rowNum numeric (20), "NRO_SOLICI" varchar(max), "SOLICITADA" date, "TIPO_MARCA" varchar(max), "SIGNO" varchar(max), "NOM_MARCA" varchar(max), "REGISTRO" varchar(max), "REGISTRADA" date, "RENUEVA" date, "EXPIRA" date, "AGENTE" varchar(max), "STATUS" varchar(max), "STAT_DESDE" date, "PESO_RASGO" real, "LARFON" real, "PESO_R" real, "PUBLICADA" date, "DIARIO" varchar(max), "LIMITACION" varchar(max), "HORA" varchar(max), "RTOMO" real, "RFOLIO" real, "RESERVA" varchar(max), "NRO_PODER" varchar(max), "MODIFICA" varchar(max), "NRO_GACETA" real, "QUIEN" varchar(max), "CALIDAD" varchar(max), "CLASE" real, "MODIFICADO" varchar(max), "ANUALIDAD" real, "NRO_RESOL" varchar(max), "LEY" varchar(max), "CLASES_TXT" varchar(max), DELETED varchar (5))"
2019-04-10 15:52:26,316 - root - WARNING - Going to insert to table: marca
2019-04-10 15:52:26,326 - root - ERROR - >>>>>>>>>>>>>>> issue with table creation:descriptor 'date' requires a 'datetime.datetime' object but received a 'int'
2019-04-10 15:52:26,326 - root - WARNING - insert finished
2019-04-10 15:52:26,326 - root - WARNING - connected to Sqlserver.
2019-04-10 15:52:26,326 - root - INFO - Processing: migracio.dbf
2019-04-10 15:52:26,327 - root - INFO - new table to create: "create table HN1.dbo.vw_origin_migracio (rowNum numeric (20), "STATUS_INI" varchar(max), "EVENTO" varchar(max), "STATUS_FIN" varchar(max), "TRAMITE" varchar(max), DELETED varchar (5))"
2019-04-10 15:52:26,329 - root - WARNING - Going to insert to table: migracio
2019-04-10 15:52:26,355 - root - WARNING - insert finished
2019-04-10 15:52:26,355 - root - WARNING - connected to Sqlserver.
2019-04-10 15:52:26,355 - root - INFO - Processing: movimi.DBF
2019-04-10 15:52:26,357 - root - INFO - new table to create: "create table HN1.dbo.vw_origin_movimi (rowNum numeric (20), "NRO_SOLICI" varchar(max), "COMENTARIO" varchar(max), "F_EVENTO" date, "F_VENCIM" date, "F_TRANS" date, "NRO_MOV" varchar(max), "EVENTO" varchar(max), "STATUS" varchar(max), "HORA" varchar(max), "DOCUMENTO" varchar(max), "USUARIO" varchar(max), "N_ENTRADA" varchar(max), DELETED varchar (5))"
2019-04-10 15:52:26,359 - root - WARNING - Going to insert to table: movimi
2019-04-10 15:52:28,753 - root - ERROR - >>>>>>>>>>>>>>> issue with table creation:descriptor 'date' requires a 'datetime.datetime' object but received a 'int'
2019-04-10 15:52:28,753 - root - WARNING - insert finished
2019-04-10 15:52:28,754 - root - WARNING - connected to Sqlserver.
2019-04-10 15:52:28,754 - root - INFO - Processing: nuenoms.DBF
2019-04-10 15:52:28,755 - root - INFO - new table to create: "create table HN1.dbo.vw_origin_nuenoms (rowNum numeric (20), "NUM_SERIE" varchar(max), "TITULAR" varchar(max), DELETED varchar (5))"
2019-04-10 15:52:28,757 - root - WARNING - Going to insert to table: nuenoms
